[0.252s] DEBUG:colcon:Command line arguments: ['/usr/bin/colcon', 'build', '--symlink-install']
[0.253s] DEBUG:colcon:Parsed command line arguments: Namespace(allow_overriding=[], ament_cmake_args=None, base_paths=['.'], build_base='build', catkin_cmake_args=None, catkin_skip_building_tests=False, cmake_args=None, cmake_clean_cache=False, cmake_clean_first=False, cmake_force_configure=False, cmake_target=None, cmake_target_skip_unavailable=False, continue_on_error=False, event_handlers=None, executor='parallel', ignore_user_meta=False, install_base='install', log_base=None, log_level=None, main=<bound method BuildVerb.main of <colcon_core.verb.build.BuildVerb object at 0x7f8b91109760>>, merge_install=False, metas=['./colcon.meta'], packages_above=None, packages_above_and_dependencies=None, packages_above_depth=None, packages_end=None, packages_ignore=None, packages_ignore_regex=None, packages_select=None, packages_select_build_failed=False, packages_select_by_dep=None, packages_select_regex=None, packages_select_test_failures=False, packages_skip=None, packages_skip_build_finished=False, packages_skip_by_dep=None, packages_skip_regex=None, packages_skip_test_passed=False, packages_skip_up_to=None, packages_start=None, packages_up_to=None, packages_up_to_regex=None, parallel_workers=8, paths=None, symlink_install=True, test_result_base=None, verb_extension=<colcon_core.verb.build.BuildVerb object at 0x7f8b91109760>, verb_name='build', verb_parser=<colcon_defaults.argument_parser.defaults.DefaultArgumentsDecorator object at 0x7f8b91109cd0>)
[0.274s] Level 1:colcon.colcon_core.package_discovery:discover_packages(colcon_meta) check parameters
[0.274s] Level 1:colcon.colcon_core.package_discovery:discover_packages(recursive) check parameters
[0.275s] Level 1:colcon.colcon_core.package_discovery:discover_packages(ignore) check parameters
[0.275s] Level 1:colcon.colcon_core.package_discovery:discover_packages(path) check parameters
[0.275s] Level 1:colcon.colcon_core.package_discovery:discover_packages(colcon_meta) discover
[0.275s] Level 1:colcon.colcon_core.package_discovery:discover_packages(recursive) discover
[0.275s] INFO:colcon.colcon_core.package_discovery:Crawling recursively for packages in '/home/phufoxy/ydlidar_x3'
[0.275s] Level 1:colcon.colcon_core.package_identification:_identify(.) by extensions ['ignore', 'ignore_ament_install']
[0.275s] Level 1:colcon.colcon_core.package_identification:_identify(.) by extension 'ignore'
[0.275s] Level 1:colcon.colcon_core.package_identification:_identify(.) by extension 'ignore_ament_install'
[0.275s] Level 1:colcon.colcon_core.package_identification:_identify(.) by extensions ['colcon_pkg']
[0.275s] Level 1:colcon.colcon_core.package_identification:_identify(.) by extension 'colcon_pkg'
[0.275s] Level 1:colcon.colcon_core.package_identification:_identify(.) by extensions ['colcon_meta']
[0.275s] Level 1:colcon.colcon_core.package_identification:_identify(.) by extension 'colcon_meta'
[0.275s] Level 1:colcon.colcon_core.package_identification:_identify(.) by extensions ['ros']
[0.275s] Level 1:colcon.colcon_core.package_identification:_identify(.) by extension 'ros'
[0.290s] Level 1:colcon.colcon_core.package_identification:_identify(.) by extensions ['cmake', 'python']
[0.290s] Level 1:colcon.colcon_core.package_identification:_identify(.) by extension 'cmake'
[0.290s] Level 1:colcon.colcon_core.package_identification:_identify(.) by extension 'python'
[0.291s] Level 1:colcon.colcon_core.package_identification:_identify(.) by extensions ['python_setup_py']
[0.291s] Level 1:colcon.colcon_core.package_identification:_identify(.) by extension 'python_setup_py'
[0.291s] Level 1:colcon.colcon_core.package_identification:_identify(YDLidar-SDK-master) by extensions ['ignore', 'ignore_ament_install']
[0.291s] Level 1:colcon.colcon_core.package_identification:_identify(YDLidar-SDK-master) by extension 'ignore'
[0.291s] Level 1:colcon.colcon_core.package_identification:_identify(YDLidar-SDK-master) by extension 'ignore_ament_install'
[0.291s] Level 1:colcon.colcon_core.package_identification:_identify(YDLidar-SDK-master) by extensions ['colcon_pkg']
[0.291s] Level 1:colcon.colcon_core.package_identification:_identify(YDLidar-SDK-master) by extension 'colcon_pkg'
[0.291s] Level 1:colcon.colcon_core.package_identification:_identify(YDLidar-SDK-master) by extensions ['colcon_meta']
[0.291s] Level 1:colcon.colcon_core.package_identification:_identify(YDLidar-SDK-master) by extension 'colcon_meta'
[0.291s] Level 1:colcon.colcon_core.package_identification:_identify(YDLidar-SDK-master) by extensions ['ros']
[0.291s] Level 1:colcon.colcon_core.package_identification:_identify(YDLidar-SDK-master) by extension 'ros'
[0.291s] Level 1:colcon.colcon_core.package_identification:_identify(YDLidar-SDK-master) by extensions ['cmake', 'python']
[0.291s] Level 1:colcon.colcon_core.package_identification:_identify(YDLidar-SDK-master) by extension 'cmake'
[0.305s] Level 1:colcon.colcon_core.package_identification:_identify(YDLidar-SDK-master) by extension 'python'
[0.305s] DEBUG:colcon.colcon_core.package_identification:Package 'YDLidar-SDK-master' with type 'cmake' and name 'ydlidar_sdk'
[0.306s] Level 1:colcon.colcon_core.package_identification:_identify(build) by extensions ['ignore', 'ignore_ament_install']
[0.306s] Level 1:colcon.colcon_core.package_identification:_identify(build) by extension 'ignore'
[0.306s] Level 1:colcon.colcon_core.package_identification:_identify(build) ignored
[0.306s] Level 1:colcon.colcon_core.package_identification:_identify(install) by extensions ['ignore', 'ignore_ament_install']
[0.306s] Level 1:colcon.colcon_core.package_identification:_identify(install) by extension 'ignore'
[0.306s] Level 1:colcon.colcon_core.package_identification:_identify(install) ignored
[0.306s] Level 1:colcon.colcon_core.package_identification:_identify(log) by extensions ['ignore', 'ignore_ament_install']
[0.306s] Level 1:colcon.colcon_core.package_identification:_identify(log) by extension 'ignore'
[0.306s] Level 1:colcon.colcon_core.package_identification:_identify(log) ignored
[0.306s] Level 1:colcon.colcon_core.package_identification:_identify(src) by extensions ['ignore', 'ignore_ament_install']
[0.306s] Level 1:colcon.colcon_core.package_identification:_identify(src) by extension 'ignore'
[0.306s] Level 1:colcon.colcon_core.package_identification:_identify(src) by extension 'ignore_ament_install'
[0.306s] Level 1:colcon.colcon_core.package_identification:_identify(src) by extensions ['colcon_pkg']
[0.306s] Level 1:colcon.colcon_core.package_identification:_identify(src) by extension 'colcon_pkg'
[0.306s] Level 1:colcon.colcon_core.package_identification:_identify(src) by extensions ['colcon_meta']
[0.306s] Level 1:colcon.colcon_core.package_identification:_identify(src) by extension 'colcon_meta'
[0.306s] Level 1:colcon.colcon_core.package_identification:_identify(src) by extensions ['ros']
[0.306s] Level 1:colcon.colcon_core.package_identification:_identify(src) by extension 'ros'
[0.307s] Level 1:colcon.colcon_core.package_identification:_identify(src) by extensions ['cmake', 'python']
[0.307s] Level 1:colcon.colcon_core.package_identification:_identify(src) by extension 'cmake'
[0.307s] Level 1:colcon.colcon_core.package_identification:_identify(src) by extension 'python'
[0.307s] Level 1:colcon.colcon_core.package_identification:_identify(src) by extensions ['python_setup_py']
[0.307s] Level 1:colcon.colcon_core.package_identification:_identify(src) by extension 'python_setup_py'
[0.307s] Level 1:colcon.colcon_core.package_identification:_identify(src/openslam_gmapping) by extensions ['ignore', 'ignore_ament_install']
[0.307s] Level 1:colcon.colcon_core.package_identification:_identify(src/openslam_gmapping) by extension 'ignore'
[0.307s] Level 1:colcon.colcon_core.package_identification:_identify(src/openslam_gmapping) by extension 'ignore_ament_install'
[0.307s] Level 1:colcon.colcon_core.package_identification:_identify(src/openslam_gmapping) by extensions ['colcon_pkg']
[0.307s] Level 1:colcon.colcon_core.package_identification:_identify(src/openslam_gmapping) by extension 'colcon_pkg'
[0.307s] Level 1:colcon.colcon_core.package_identification:_identify(src/openslam_gmapping) by extensions ['colcon_meta']
[0.307s] Level 1:colcon.colcon_core.package_identification:_identify(src/openslam_gmapping) by extension 'colcon_meta'
[0.307s] Level 1:colcon.colcon_core.package_identification:_identify(src/openslam_gmapping) by extensions ['ros']
[0.307s] Level 1:colcon.colcon_core.package_identification:_identify(src/openslam_gmapping) by extension 'ros'
[0.309s] DEBUG:colcon.colcon_core.package_identification:Package 'src/openslam_gmapping' with type 'ros.ament_cmake' and name 'openslam_gmapping'
[0.309s] Level 1:colcon.colcon_core.package_identification:_identify(src/slam_gmapping) by extensions ['ignore', 'ignore_ament_install']
[0.309s] Level 1:colcon.colcon_core.package_identification:_identify(src/slam_gmapping) by extension 'ignore'
[0.309s] Level 1:colcon.colcon_core.package_identification:_identify(src/slam_gmapping) by extension 'ignore_ament_install'
[0.309s] Level 1:colcon.colcon_core.package_identification:_identify(src/slam_gmapping) by extensions ['colcon_pkg']
[0.309s] Level 1:colcon.colcon_core.package_identification:_identify(src/slam_gmapping) by extension 'colcon_pkg'
[0.309s] Level 1:colcon.colcon_core.package_identification:_identify(src/slam_gmapping) by extensions ['colcon_meta']
[0.309s] Level 1:colcon.colcon_core.package_identification:_identify(src/slam_gmapping) by extension 'colcon_meta'
[0.309s] Level 1:colcon.colcon_core.package_identification:_identify(src/slam_gmapping) by extensions ['ros']
[0.309s] Level 1:colcon.colcon_core.package_identification:_identify(src/slam_gmapping) by extension 'ros'
[0.310s] DEBUG:colcon.colcon_core.package_identification:Package 'src/slam_gmapping' with type 'ros.ament_cmake' and name 'slam_gmapping'
[0.311s] Level 1:colcon.colcon_core.package_identification:_identify(src/sllidar_ros2) by extensions ['ignore', 'ignore_ament_install']
[0.311s] Level 1:colcon.colcon_core.package_identification:_identify(src/sllidar_ros2) by extension 'ignore'
[0.311s] Level 1:colcon.colcon_core.package_identification:_identify(src/sllidar_ros2) by extension 'ignore_ament_install'
[0.311s] Level 1:colcon.colcon_core.package_identification:_identify(src/sllidar_ros2) by extensions ['colcon_pkg']
[0.311s] Level 1:colcon.colcon_core.package_identification:_identify(src/sllidar_ros2) by extension 'colcon_pkg'
[0.311s] Level 1:colcon.colcon_core.package_identification:_identify(src/sllidar_ros2) by extensions ['colcon_meta']
[0.311s] Level 1:colcon.colcon_core.package_identification:_identify(src/sllidar_ros2) by extension 'colcon_meta'
[0.311s] Level 1:colcon.colcon_core.package_identification:_identify(src/sllidar_ros2) by extensions ['ros']
[0.311s] Level 1:colcon.colcon_core.package_identification:_identify(src/sllidar_ros2) by extension 'ros'
[0.311s] Level 1:colcon.colcon_core.package_identification:_identify(src/sllidar_ros2) by extensions ['cmake', 'python']
[0.311s] Level 1:colcon.colcon_core.package_identification:_identify(src/sllidar_ros2) by extension 'cmake'
[0.311s] Level 1:colcon.colcon_core.package_identification:_identify(src/sllidar_ros2) by extension 'python'
[0.311s] Level 1:colcon.colcon_core.package_identification:_identify(src/sllidar_ros2) by extensions ['python_setup_py']
[0.311s] Level 1:colcon.colcon_core.package_identification:_identify(src/sllidar_ros2) by extension 'python_setup_py'
[0.311s] Level 1:colcon.colcon_core.package_identification:_identify(src/sllidar_ros2/launch) by extensions ['ignore', 'ignore_ament_install']
[0.311s] Level 1:colcon.colcon_core.package_identification:_identify(src/sllidar_ros2/launch) by extension 'ignore'
[0.311s] Level 1:colcon.colcon_core.package_identification:_identify(src/sllidar_ros2/launch) by extension 'ignore_ament_install'
[0.311s] Level 1:colcon.colcon_core.package_identification:_identify(src/sllidar_ros2/launch) by extensions ['colcon_pkg']
[0.311s] Level 1:colcon.colcon_core.package_identification:_identify(src/sllidar_ros2/launch) by extension 'colcon_pkg'
[0.311s] Level 1:colcon.colcon_core.package_identification:_identify(src/sllidar_ros2/launch) by extensions ['colcon_meta']
[0.311s] Level 1:colcon.colcon_core.package_identification:_identify(src/sllidar_ros2/launch) by extension 'colcon_meta'
[0.312s] Level 1:colcon.colcon_core.package_identification:_identify(src/sllidar_ros2/launch) by extensions ['ros']
[0.312s] Level 1:colcon.colcon_core.package_identification:_identify(src/sllidar_ros2/launch) by extension 'ros'
[0.312s] Level 1:colcon.colcon_core.package_identification:_identify(src/sllidar_ros2/launch) by extensions ['cmake', 'python']
[0.312s] Level 1:colcon.colcon_core.package_identification:_identify(src/sllidar_ros2/launch) by extension 'cmake'
[0.312s] Level 1:colcon.colcon_core.package_identification:_identify(src/sllidar_ros2/launch) by extension 'python'
[0.312s] Level 1:colcon.colcon_core.package_identification:_identify(src/sllidar_ros2/launch) by extensions ['python_setup_py']
[0.312s] Level 1:colcon.colcon_core.package_identification:_identify(src/sllidar_ros2/launch) by extension 'python_setup_py'
[0.312s] Level 1:colcon.colcon_core.package_identification:_identify(src/sllidar_ros2/launch/__pycache__) by extensions ['ignore', 'ignore_ament_install']
[0.312s] Level 1:colcon.colcon_core.package_identification:_identify(src/sllidar_ros2/launch/__pycache__) by extension 'ignore'
[0.312s] Level 1:colcon.colcon_core.package_identification:_identify(src/sllidar_ros2/launch/__pycache__) by extension 'ignore_ament_install'
[0.312s] Level 1:colcon.colcon_core.package_identification:_identify(src/sllidar_ros2/launch/__pycache__) by extensions ['colcon_pkg']
[0.312s] Level 1:colcon.colcon_core.package_identification:_identify(src/sllidar_ros2/launch/__pycache__) by extension 'colcon_pkg'
[0.312s] Level 1:colcon.colcon_core.package_identification:_identify(src/sllidar_ros2/launch/__pycache__) by extensions ['colcon_meta']
[0.312s] Level 1:colcon.colcon_core.package_identification:_identify(src/sllidar_ros2/launch/__pycache__) by extension 'colcon_meta'
[0.312s] Level 1:colcon.colcon_core.package_identification:_identify(src/sllidar_ros2/launch/__pycache__) by extensions ['ros']
[0.312s] Level 1:colcon.colcon_core.package_identification:_identify(src/sllidar_ros2/launch/__pycache__) by extension 'ros'
[0.312s] Level 1:colcon.colcon_core.package_identification:_identify(src/sllidar_ros2/launch/__pycache__) by extensions ['cmake', 'python']
[0.312s] Level 1:colcon.colcon_core.package_identification:_identify(src/sllidar_ros2/launch/__pycache__) by extension 'cmake'
[0.312s] Level 1:colcon.colcon_core.package_identification:_identify(src/sllidar_ros2/launch/__pycache__) by extension 'python'
[0.312s] Level 1:colcon.colcon_core.package_identification:_identify(src/sllidar_ros2/launch/__pycache__) by extensions ['python_setup_py']
[0.312s] Level 1:colcon.colcon_core.package_identification:_identify(src/sllidar_ros2/launch/__pycache__) by extension 'python_setup_py'
[0.312s] Level 1:colcon.colcon_core.package_identification:_identify(src/ydlidar_ros2_driver-master) by extensions ['ignore', 'ignore_ament_install']
[0.313s] Level 1:colcon.colcon_core.package_identification:_identify(src/ydlidar_ros2_driver-master) by extension 'ignore'
[0.313s] Level 1:colcon.colcon_core.package_identification:_identify(src/ydlidar_ros2_driver-master) by extension 'ignore_ament_install'
[0.313s] Level 1:colcon.colcon_core.package_identification:_identify(src/ydlidar_ros2_driver-master) by extensions ['colcon_pkg']
[0.313s] Level 1:colcon.colcon_core.package_identification:_identify(src/ydlidar_ros2_driver-master) by extension 'colcon_pkg'
[0.313s] Level 1:colcon.colcon_core.package_identification:_identify(src/ydlidar_ros2_driver-master) by extensions ['colcon_meta']
[0.313s] Level 1:colcon.colcon_core.package_identification:_identify(src/ydlidar_ros2_driver-master) by extension 'colcon_meta'
[0.313s] Level 1:colcon.colcon_core.package_identification:_identify(src/ydlidar_ros2_driver-master) by extensions ['ros']
[0.313s] Level 1:colcon.colcon_core.package_identification:_identify(src/ydlidar_ros2_driver-master) by extension 'ros'
[0.313s] DEBUG:colcon.colcon_core.package_identification:Package 'src/ydlidar_ros2_driver-master' with type 'ros.ament_cmake' and name 'ydlidar_ros2_driver'
[0.313s] Level 1:colcon.colcon_core.package_discovery:discover_packages(recursive) using defaults
[0.313s] Level 1:colcon.colcon_core.package_discovery:discover_packages(ignore) discover
[0.313s] Level 1:colcon.colcon_core.package_discovery:discover_packages(ignore) using defaults
[0.313s] Level 1:colcon.colcon_core.package_discovery:discover_packages(path) discover
[0.313s] Level 1:colcon.colcon_core.package_discovery:discover_packages(path) using defaults
[0.330s] Level 1:colcon.colcon_core.package_discovery:discover_packages(prefix_path) check parameters
[0.330s] Level 1:colcon.colcon_core.package_discovery:discover_packages(prefix_path) discover
[0.332s] DEBUG:colcon.colcon_installed_package_information.package_discovery:Found 4 installed packages in /home/phufoxy/ydlidar_x3/install
[0.334s] DEBUG:colcon.colcon_installed_package_information.package_discovery:Found 256 installed packages in /opt/ros/foxy
[0.335s] Level 1:colcon.colcon_core.package_discovery:discover_packages(prefix_path) using defaults
[0.392s] Level 5:colcon.colcon_core.verb:set package 'openslam_gmapping' build argument 'cmake_args' from command line to 'None'
[0.392s] Level 5:colcon.colcon_core.verb:set package 'openslam_gmapping' build argument 'cmake_target' from command line to 'None'
[0.392s] Level 5:colcon.colcon_core.verb:set package 'openslam_gmapping' build argument 'cmake_target_skip_unavailable' from command line to 'False'
[0.392s] Level 5:colcon.colcon_core.verb:set package 'openslam_gmapping' build argument 'cmake_clean_cache' from command line to 'False'
[0.392s] Level 5:colcon.colcon_core.verb:set package 'openslam_gmapping' build argument 'cmake_clean_first' from command line to 'False'
[0.392s] Level 5:colcon.colcon_core.verb:set package 'openslam_gmapping' build argument 'cmake_force_configure' from command line to 'False'
[0.392s] Level 5:colcon.colcon_core.verb:set package 'openslam_gmapping' build argument 'ament_cmake_args' from command line to 'None'
[0.392s] Level 5:colcon.colcon_core.verb:set package 'openslam_gmapping' build argument 'catkin_cmake_args' from command line to 'None'
[0.392s] Level 5:colcon.colcon_core.verb:set package 'openslam_gmapping' build argument 'catkin_skip_building_tests' from command line to 'False'
[0.392s] DEBUG:colcon.colcon_core.verb:Building package 'openslam_gmapping' with the following arguments: {'ament_cmake_args': None, 'build_base': '/home/phufoxy/ydlidar_x3/build/openslam_gmapping', 'catkin_cmake_args': None, 'catkin_skip_building_tests': False, 'cmake_args': None, 'cmake_clean_cache': False, 'cmake_clean_first': False, 'cmake_force_configure': False, 'cmake_target': None, 'cmake_target_skip_unavailable': False, 'install_base': '/home/phufoxy/ydlidar_x3/install/openslam_gmapping', 'merge_install': False, 'path': '/home/phufoxy/ydlidar_x3/src/openslam_gmapping', 'symlink_install': True, 'test_result_base': None}
[0.393s] Level 5:colcon.colcon_core.verb:set package 'ydlidar_ros2_driver' build argument 'cmake_args' from command line to 'None'
[0.393s] Level 5:colcon.colcon_core.verb:set package 'ydlidar_ros2_driver' build argument 'cmake_target' from command line to 'None'
[0.393s] Level 5:colcon.colcon_core.verb:set package 'ydlidar_ros2_driver' build argument 'cmake_target_skip_unavailable' from command line to 'False'
[0.393s] Level 5:colcon.colcon_core.verb:set package 'ydlidar_ros2_driver' build argument 'cmake_clean_cache' from command line to 'False'
[0.393s] Level 5:colcon.colcon_core.verb:set package 'ydlidar_ros2_driver' build argument 'cmake_clean_first' from command line to 'False'
[0.393s] Level 5:colcon.colcon_core.verb:set package 'ydlidar_ros2_driver' build argument 'cmake_force_configure' from command line to 'False'
[0.393s] Level 5:colcon.colcon_core.verb:set package 'ydlidar_ros2_driver' build argument 'ament_cmake_args' from command line to 'None'
[0.393s] Level 5:colcon.colcon_core.verb:set package 'ydlidar_ros2_driver' build argument 'catkin_cmake_args' from command line to 'None'
[0.393s] Level 5:colcon.colcon_core.verb:set package 'ydlidar_ros2_driver' build argument 'catkin_skip_building_tests' from command line to 'False'
[0.393s] DEBUG:colcon.colcon_core.verb:Building package 'ydlidar_ros2_driver' with the following arguments: {'ament_cmake_args': None, 'build_base': '/home/phufoxy/ydlidar_x3/build/ydlidar_ros2_driver', 'catkin_cmake_args': None, 'catkin_skip_building_tests': False, 'cmake_args': None, 'cmake_clean_cache': False, 'cmake_clean_first': False, 'cmake_force_configure': False, 'cmake_target': None, 'cmake_target_skip_unavailable': False, 'install_base': '/home/phufoxy/ydlidar_x3/install/ydlidar_ros2_driver', 'merge_install': False, 'path': '/home/phufoxy/ydlidar_x3/src/ydlidar_ros2_driver-master', 'symlink_install': True, 'test_result_base': None}
[0.394s] Level 5:colcon.colcon_core.verb:set package 'ydlidar_sdk' build argument 'cmake_args' from command line to 'None'
[0.394s] Level 5:colcon.colcon_core.verb:set package 'ydlidar_sdk' build argument 'cmake_target' from command line to 'None'
[0.394s] Level 5:colcon.colcon_core.verb:set package 'ydlidar_sdk' build argument 'cmake_target_skip_unavailable' from command line to 'False'
[0.394s] Level 5:colcon.colcon_core.verb:set package 'ydlidar_sdk' build argument 'cmake_clean_cache' from command line to 'False'
[0.394s] Level 5:colcon.colcon_core.verb:set package 'ydlidar_sdk' build argument 'cmake_clean_first' from command line to 'False'
[0.394s] Level 5:colcon.colcon_core.verb:set package 'ydlidar_sdk' build argument 'cmake_force_configure' from command line to 'False'
[0.394s] Level 5:colcon.colcon_core.verb:set package 'ydlidar_sdk' build argument 'ament_cmake_args' from command line to 'None'
[0.394s] Level 5:colcon.colcon_core.verb:set package 'ydlidar_sdk' build argument 'catkin_cmake_args' from command line to 'None'
[0.394s] Level 5:colcon.colcon_core.verb:set package 'ydlidar_sdk' build argument 'catkin_skip_building_tests' from command line to 'False'
[0.394s] DEBUG:colcon.colcon_core.verb:Building package 'ydlidar_sdk' with the following arguments: {'ament_cmake_args': None, 'build_base': '/home/phufoxy/ydlidar_x3/build/ydlidar_sdk', 'catkin_cmake_args': None, 'catkin_skip_building_tests': False, 'cmake_args': None, 'cmake_clean_cache': False, 'cmake_clean_first': False, 'cmake_force_configure': False, 'cmake_target': None, 'cmake_target_skip_unavailable': False, 'install_base': '/home/phufoxy/ydlidar_x3/install/ydlidar_sdk', 'merge_install': False, 'path': '/home/phufoxy/ydlidar_x3/YDLidar-SDK-master', 'symlink_install': True, 'test_result_base': None}
[0.395s] Level 5:colcon.colcon_core.verb:set package 'slam_gmapping' build argument 'cmake_args' from command line to 'None'
[0.395s] Level 5:colcon.colcon_core.verb:set package 'slam_gmapping' build argument 'cmake_target' from command line to 'None'
[0.395s] Level 5:colcon.colcon_core.verb:set package 'slam_gmapping' build argument 'cmake_target_skip_unavailable' from command line to 'False'
[0.395s] Level 5:colcon.colcon_core.verb:set package 'slam_gmapping' build argument 'cmake_clean_cache' from command line to 'False'
[0.395s] Level 5:colcon.colcon_core.verb:set package 'slam_gmapping' build argument 'cmake_clean_first' from command line to 'False'
[0.395s] Level 5:colcon.colcon_core.verb:set package 'slam_gmapping' build argument 'cmake_force_configure' from command line to 'False'
[0.395s] Level 5:colcon.colcon_core.verb:set package 'slam_gmapping' build argument 'ament_cmake_args' from command line to 'None'
[0.395s] Level 5:colcon.colcon_core.verb:set package 'slam_gmapping' build argument 'catkin_cmake_args' from command line to 'None'
[0.395s] Level 5:colcon.colcon_core.verb:set package 'slam_gmapping' build argument 'catkin_skip_building_tests' from command line to 'False'
[0.395s] DEBUG:colcon.colcon_core.verb:Building package 'slam_gmapping' with the following arguments: {'ament_cmake_args': None, 'build_base': '/home/phufoxy/ydlidar_x3/build/slam_gmapping', 'catkin_cmake_args': None, 'catkin_skip_building_tests': False, 'cmake_args': None, 'cmake_clean_cache': False, 'cmake_clean_first': False, 'cmake_force_configure': False, 'cmake_target': None, 'cmake_target_skip_unavailable': False, 'install_base': '/home/phufoxy/ydlidar_x3/install/slam_gmapping', 'merge_install': False, 'path': '/home/phufoxy/ydlidar_x3/src/slam_gmapping', 'symlink_install': True, 'test_result_base': None}
[0.395s] INFO:colcon.colcon_core.executor:Executing jobs using 'parallel' executor
[0.398s] DEBUG:colcon.colcon_parallel_executor.executor.parallel:run_until_complete
[0.398s] INFO:colcon.colcon_ros.task.ament_cmake.build:Building ROS package in '/home/phufoxy/ydlidar_x3/src/openslam_gmapping' with build type 'ament_cmake'
[0.398s] INFO:colcon.colcon_cmake.task.cmake.build:Building CMake package in '/home/phufoxy/ydlidar_x3/src/openslam_gmapping'
[0.402s] INFO:colcon.colcon_core.plugin_system:Skipping extension 'colcon_core.shell.bat': Not used on non-Windows systems
[0.402s] INFO:colcon.colcon_core.shell:Skip shell extension 'powershell' for command environment: Not usable outside of PowerShell
[0.402s] DEBUG:colcon.colcon_core.shell:Skip shell extension 'dsv' for command environment
[0.407s] INFO:colcon.colcon_ros.task.ament_cmake.build:Building ROS package in '/home/phufoxy/ydlidar_x3/src/ydlidar_ros2_driver-master' with build type 'ament_cmake'
[0.408s] INFO:colcon.colcon_cmake.task.cmake.build:Building CMake package in '/home/phufoxy/ydlidar_x3/src/ydlidar_ros2_driver-master'
[0.409s] INFO:colcon.colcon_core.shell:Skip shell extension 'powershell' for command environment: Not usable outside of PowerShell
[0.409s] DEBUG:colcon.colcon_core.shell:Skip shell extension 'dsv' for command environment
[0.415s] INFO:colcon.colcon_cmake.task.cmake.build:Building CMake package in '/home/phufoxy/ydlidar_x3/YDLidar-SDK-master'
[0.417s] INFO:colcon.colcon_core.shell:Skip shell extension 'powershell' for command environment: Not usable outside of PowerShell
[0.417s] DEBUG:colcon.colcon_core.shell:Skip shell extension 'dsv' for command environment
[0.430s] DEBUG:colcon.colcon_core.event_handler.log_command:Invoking command in '/home/phufoxy/ydlidar_x3/build/openslam_gmapping': CMAKE_PREFIX_PATH=${CMAKE_PREFIX_PATH}:/opt/ros/foxy /usr/bin/cmake --build /home/phufoxy/ydlidar_x3/build/openslam_gmapping -- -j8 -l8
[0.434s] DEBUG:colcon.colcon_core.event_handler.log_command:Invoking command in '/home/phufoxy/ydlidar_x3/build/ydlidar_ros2_driver': CMAKE_PREFIX_PATH=${CMAKE_PREFIX_PATH}:/opt/ros/foxy /usr/bin/cmake --build /home/phufoxy/ydlidar_x3/build/ydlidar_ros2_driver -- -j8 -l8
[0.442s] DEBUG:colcon.colcon_core.event_handler.log_command:Invoking command in '/home/phufoxy/ydlidar_x3/build/ydlidar_sdk': /usr/bin/cmake --build /home/phufoxy/ydlidar_x3/build/ydlidar_sdk -- -j8 -l8
[0.518s] DEBUG:colcon.colcon_core.event_handler.log_command:Invoked command in '/home/phufoxy/ydlidar_x3/build/ydlidar_ros2_driver' returned '0': CMAKE_PREFIX_PATH=${CMAKE_PREFIX_PATH}:/opt/ros/foxy /usr/bin/cmake --build /home/phufoxy/ydlidar_x3/build/ydlidar_ros2_driver -- -j8 -l8
[0.529s] DEBUG:colcon.colcon_core.event_handler.log_command:Invoked command in '/home/phufoxy/ydlidar_x3/build/ydlidar_sdk' returned '0': /usr/bin/cmake --build /home/phufoxy/ydlidar_x3/build/ydlidar_sdk -- -j8 -l8
[0.557s] DEBUG:colcon.colcon_core.event_handler.log_command:Invoking command in '/home/phufoxy/ydlidar_x3/build/ydlidar_ros2_driver': CMAKE_PREFIX_PATH=${CMAKE_PREFIX_PATH}:/opt/ros/foxy /usr/bin/cmake --install /home/phufoxy/ydlidar_x3/build/ydlidar_ros2_driver
[0.559s] DEBUG:colcon.colcon_core.event_handler.log_command:Invoked command in '/home/phufoxy/ydlidar_x3/build/openslam_gmapping' returned '0': CMAKE_PREFIX_PATH=${CMAKE_PREFIX_PATH}:/opt/ros/foxy /usr/bin/cmake --build /home/phufoxy/ydlidar_x3/build/openslam_gmapping -- -j8 -l8
[0.578s] DEBUG:colcon.colcon_core.event_handler.log_command:Invoking command in '/home/phufoxy/ydlidar_x3/build/ydlidar_sdk': /usr/bin/cmake --install /home/phufoxy/ydlidar_x3/build/ydlidar_sdk
[0.587s] Level 1:colcon.colcon_core.environment:create_environment_scripts_only(ydlidar_ros2_driver)
[0.589s] DEBUG:colcon.colcon_core.event_handler.log_command:Invoking command in '/home/phufoxy/ydlidar_x3/build/openslam_gmapping': CMAKE_PREFIX_PATH=${CMAKE_PREFIX_PATH}:/opt/ros/foxy /usr/bin/cmake --install /home/phufoxy/ydlidar_x3/build/openslam_gmapping
[0.594s] DEBUG:colcon.colcon_core.event_handler.log_command:Invoked command in '/home/phufoxy/ydlidar_x3/build/ydlidar_ros2_driver' returned '0': CMAKE_PREFIX_PATH=${CMAKE_PREFIX_PATH}:/opt/ros/foxy /usr/bin/cmake --install /home/phufoxy/ydlidar_x3/build/ydlidar_ros2_driver
[0.607s] Level 1:colcon.colcon_core.environment:checking '/home/phufoxy/ydlidar_x3/install/ydlidar_ros2_driver' for CMake module files
[0.609s] Level 1:colcon.colcon_core.environment:checking '/home/phufoxy/ydlidar_x3/install/ydlidar_ros2_driver' for CMake config files
[0.610s] Level 1:colcon.colcon_core.shell:create_environment_hook('ydlidar_ros2_driver', 'cmake_prefix_path')
[0.612s] INFO:colcon.colcon_core.shell:Creating environment hook '/home/phufoxy/ydlidar_x3/install/ydlidar_ros2_driver/share/ydlidar_ros2_driver/hook/cmake_prefix_path.ps1'
[0.613s] INFO:colcon.colcon_core.shell:Creating environment descriptor '/home/phufoxy/ydlidar_x3/install/ydlidar_ros2_driver/share/ydlidar_ros2_driver/hook/cmake_prefix_path.dsv'
[0.614s] INFO:colcon.colcon_core.shell:Creating environment hook '/home/phufoxy/ydlidar_x3/install/ydlidar_ros2_driver/share/ydlidar_ros2_driver/hook/cmake_prefix_path.sh'
[0.615s] Level 1:colcon.colcon_core.environment:checking '/home/phufoxy/ydlidar_x3/install/ydlidar_ros2_driver/lib'
[0.615s] Level 1:colcon.colcon_core.environment:checking '/home/phufoxy/ydlidar_x3/install/ydlidar_ros2_driver/bin'
[0.615s] Level 1:colcon.colcon_core.environment:checking '/home/phufoxy/ydlidar_x3/install/ydlidar_ros2_driver/lib/pkgconfig/ydlidar_ros2_driver.pc'
[0.616s] Level 1:colcon.colcon_core.environment:checking '/home/phufoxy/ydlidar_x3/install/ydlidar_ros2_driver/lib/python3.8/site-packages'
[0.616s] Level 1:colcon.colcon_core.environment:checking '/home/phufoxy/ydlidar_x3/install/ydlidar_ros2_driver/bin'
[0.617s] INFO:colcon.colcon_core.shell:Creating package script '/home/phufoxy/ydlidar_x3/install/ydlidar_ros2_driver/share/ydlidar_ros2_driver/package.ps1'
[0.618s] INFO:colcon.colcon_core.shell:Creating package descriptor '/home/phufoxy/ydlidar_x3/install/ydlidar_ros2_driver/share/ydlidar_ros2_driver/package.dsv'
[0.619s] INFO:colcon.colcon_core.shell:Creating package script '/home/phufoxy/ydlidar_x3/install/ydlidar_ros2_driver/share/ydlidar_ros2_driver/package.sh'
[0.620s] INFO:colcon.colcon_core.shell:Creating package script '/home/phufoxy/ydlidar_x3/install/ydlidar_ros2_driver/share/ydlidar_ros2_driver/package.bash'
[0.621s] INFO:colcon.colcon_core.shell:Creating package script '/home/phufoxy/ydlidar_x3/install/ydlidar_ros2_driver/share/ydlidar_ros2_driver/package.zsh'
[0.623s] Level 1:colcon.colcon_core.environment:create_file_with_runtime_dependencies(/home/phufoxy/ydlidar_x3/install/ydlidar_ros2_driver/share/colcon-core/packages/ydlidar_ros2_driver)
[0.627s] Level 1:colcon.colcon_core.environment:create_environment_scripts_only(ydlidar_sdk)
[0.631s] Level 1:colcon.colcon_core.environment:checking '/home/phufoxy/ydlidar_x3/install/ydlidar_sdk' for CMake module files
[0.633s] Level 1:colcon.colcon_core.environment:checking '/home/phufoxy/ydlidar_x3/install/ydlidar_sdk' for CMake config files
[0.633s] DEBUG:colcon.colcon_core.event_handler.log_command:Invoked command in '/home/phufoxy/ydlidar_x3/build/ydlidar_sdk' returned '0': /usr/bin/cmake --install /home/phufoxy/ydlidar_x3/build/ydlidar_sdk
[0.634s] Level 1:colcon.colcon_core.shell:create_environment_hook('ydlidar_sdk', 'cmake_prefix_path')
[0.636s] INFO:colcon.colcon_core.shell:Creating environment hook '/home/phufoxy/ydlidar_x3/install/ydlidar_sdk/share/ydlidar_sdk/hook/cmake_prefix_path.ps1'
[0.636s] INFO:colcon.colcon_core.shell:Creating environment descriptor '/home/phufoxy/ydlidar_x3/install/ydlidar_sdk/share/ydlidar_sdk/hook/cmake_prefix_path.dsv'
[0.637s] INFO:colcon.colcon_core.shell:Creating environment hook '/home/phufoxy/ydlidar_x3/install/ydlidar_sdk/share/ydlidar_sdk/hook/cmake_prefix_path.sh'
[0.637s] Level 1:colcon.colcon_core.environment:checking '/home/phufoxy/ydlidar_x3/install/ydlidar_sdk/lib'
[0.637s] Level 1:colcon.colcon_core.environment:checking '/home/phufoxy/ydlidar_x3/install/ydlidar_sdk/bin'
[0.637s] Level 1:colcon.colcon_core.shell:create_environment_hook('ydlidar_sdk', 'path')
[0.639s] INFO:colcon.colcon_core.shell:Creating environment hook '/home/phufoxy/ydlidar_x3/install/ydlidar_sdk/share/ydlidar_sdk/hook/path.ps1'
[0.640s] INFO:colcon.colcon_core.shell:Creating environment descriptor '/home/phufoxy/ydlidar_x3/install/ydlidar_sdk/share/ydlidar_sdk/hook/path.dsv'
[0.640s] INFO:colcon.colcon_core.shell:Creating environment hook '/home/phufoxy/ydlidar_x3/install/ydlidar_sdk/share/ydlidar_sdk/hook/path.sh'
[0.640s] Level 1:colcon.colcon_core.environment:checking '/home/phufoxy/ydlidar_x3/install/ydlidar_sdk/lib/pkgconfig/ydlidar_sdk.pc'
[0.641s] Level 1:colcon.colcon_core.environment:checking '/home/phufoxy/ydlidar_x3/install/ydlidar_sdk/lib/python3.8/site-packages'
[0.641s] Level 1:colcon.colcon_core.environment:checking '/home/phufoxy/ydlidar_x3/install/ydlidar_sdk/bin'
[0.641s] Level 1:colcon.colcon_core.shell:create_environment_hook('ydlidar_sdk', 'pythonscriptspath')
[0.642s] INFO:colcon.colcon_core.shell:Creating environment hook '/home/phufoxy/ydlidar_x3/install/ydlidar_sdk/share/ydlidar_sdk/hook/pythonscriptspath.ps1'
[0.642s] INFO:colcon.colcon_core.shell:Creating environment descriptor '/home/phufoxy/ydlidar_x3/install/ydlidar_sdk/share/ydlidar_sdk/hook/pythonscriptspath.dsv'
[0.642s] INFO:colcon.colcon_core.shell:Creating environment hook '/home/phufoxy/ydlidar_x3/install/ydlidar_sdk/share/ydlidar_sdk/hook/pythonscriptspath.sh'
[0.645s] INFO:colcon.colcon_core.shell:Creating package script '/home/phufoxy/ydlidar_x3/install/ydlidar_sdk/share/ydlidar_sdk/package.ps1'
[0.645s] INFO:colcon.colcon_core.shell:Creating package descriptor '/home/phufoxy/ydlidar_x3/install/ydlidar_sdk/share/ydlidar_sdk/package.dsv'
[0.645s] INFO:colcon.colcon_core.shell:Creating package script '/home/phufoxy/ydlidar_x3/install/ydlidar_sdk/share/ydlidar_sdk/package.sh'
[0.646s] INFO:colcon.colcon_core.shell:Creating package script '/home/phufoxy/ydlidar_x3/install/ydlidar_sdk/share/ydlidar_sdk/package.bash'
[0.646s] INFO:colcon.colcon_core.shell:Creating package script '/home/phufoxy/ydlidar_x3/install/ydlidar_sdk/share/ydlidar_sdk/package.zsh'
[0.646s] Level 1:colcon.colcon_core.environment:create_file_with_runtime_dependencies(/home/phufoxy/ydlidar_x3/install/ydlidar_sdk/share/colcon-core/packages/ydlidar_sdk)
[0.647s] Level 1:colcon.colcon_core.environment:create_environment_scripts_only(openslam_gmapping)
[0.650s] Level 1:colcon.colcon_core.environment:checking '/home/phufoxy/ydlidar_x3/install/openslam_gmapping' for CMake module files
[0.651s] DEBUG:colcon.colcon_core.event_handler.log_command:Invoked command in '/home/phufoxy/ydlidar_x3/build/openslam_gmapping' returned '0': CMAKE_PREFIX_PATH=${CMAKE_PREFIX_PATH}:/opt/ros/foxy /usr/bin/cmake --install /home/phufoxy/ydlidar_x3/build/openslam_gmapping
[0.652s] Level 1:colcon.colcon_core.environment:checking '/home/phufoxy/ydlidar_x3/install/openslam_gmapping' for CMake config files
[0.652s] Level 1:colcon.colcon_core.shell:create_environment_hook('openslam_gmapping', 'cmake_prefix_path')
[0.653s] INFO:colcon.colcon_core.shell:Creating environment hook '/home/phufoxy/ydlidar_x3/install/openslam_gmapping/share/openslam_gmapping/hook/cmake_prefix_path.ps1'
[0.653s] INFO:colcon.colcon_core.shell:Creating environment descriptor '/home/phufoxy/ydlidar_x3/install/openslam_gmapping/share/openslam_gmapping/hook/cmake_prefix_path.dsv'
[0.653s] INFO:colcon.colcon_core.shell:Creating environment hook '/home/phufoxy/ydlidar_x3/install/openslam_gmapping/share/openslam_gmapping/hook/cmake_prefix_path.sh'
[0.654s] Level 1:colcon.colcon_core.environment:checking '/home/phufoxy/ydlidar_x3/install/openslam_gmapping/lib'
[0.654s] Level 1:colcon.colcon_core.environment:checking '/home/phufoxy/ydlidar_x3/install/openslam_gmapping/bin'
[0.654s] Level 1:colcon.colcon_core.environment:checking '/home/phufoxy/ydlidar_x3/install/openslam_gmapping/lib/pkgconfig/openslam_gmapping.pc'
[0.654s] Level 1:colcon.colcon_core.environment:checking '/home/phufoxy/ydlidar_x3/install/openslam_gmapping/lib/python3.8/site-packages'
[0.655s] Level 1:colcon.colcon_core.environment:checking '/home/phufoxy/ydlidar_x3/install/openslam_gmapping/bin'
[0.656s] INFO:colcon.colcon_core.shell:Creating package script '/home/phufoxy/ydlidar_x3/install/openslam_gmapping/share/openslam_gmapping/package.ps1'
[0.657s] INFO:colcon.colcon_core.shell:Creating package descriptor '/home/phufoxy/ydlidar_x3/install/openslam_gmapping/share/openslam_gmapping/package.dsv'
[0.657s] INFO:colcon.colcon_core.shell:Creating package script '/home/phufoxy/ydlidar_x3/install/openslam_gmapping/share/openslam_gmapping/package.sh'
[0.658s] INFO:colcon.colcon_core.shell:Creating package script '/home/phufoxy/ydlidar_x3/install/openslam_gmapping/share/openslam_gmapping/package.bash'
[0.658s] INFO:colcon.colcon_core.shell:Creating package script '/home/phufoxy/ydlidar_x3/install/openslam_gmapping/share/openslam_gmapping/package.zsh'
[0.658s] Level 1:colcon.colcon_core.environment:create_file_with_runtime_dependencies(/home/phufoxy/ydlidar_x3/install/openslam_gmapping/share/colcon-core/packages/openslam_gmapping)
[0.663s] Level 1:colcon.colcon_core.environment:create_environment_scripts_only(ydlidar_ros2_driver)
[0.665s] Level 1:colcon.colcon_core.environment:checking '/home/phufoxy/ydlidar_x3/install/ydlidar_ros2_driver' for CMake module files
[0.665s] Level 1:colcon.colcon_core.environment:checking '/home/phufoxy/ydlidar_x3/install/ydlidar_ros2_driver' for CMake config files
[0.665s] Level 1:colcon.colcon_core.shell:create_environment_hook('ydlidar_ros2_driver', 'cmake_prefix_path')
[0.667s] INFO:colcon.colcon_core.shell:Creating environment hook '/home/phufoxy/ydlidar_x3/install/ydlidar_ros2_driver/share/ydlidar_ros2_driver/hook/cmake_prefix_path.ps1'
[0.667s] INFO:colcon.colcon_core.shell:Creating environment descriptor '/home/phufoxy/ydlidar_x3/install/ydlidar_ros2_driver/share/ydlidar_ros2_driver/hook/cmake_prefix_path.dsv'
[0.668s] INFO:colcon.colcon_core.shell:Creating environment hook '/home/phufoxy/ydlidar_x3/install/ydlidar_ros2_driver/share/ydlidar_ros2_driver/hook/cmake_prefix_path.sh'
[0.668s] Level 1:colcon.colcon_core.environment:checking '/home/phufoxy/ydlidar_x3/install/ydlidar_ros2_driver/lib'
[0.668s] Level 1:colcon.colcon_core.environment:checking '/home/phufoxy/ydlidar_x3/install/ydlidar_ros2_driver/bin'
[0.668s] Level 1:colcon.colcon_core.environment:checking '/home/phufoxy/ydlidar_x3/install/ydlidar_ros2_driver/lib/pkgconfig/ydlidar_ros2_driver.pc'
[0.669s] Level 1:colcon.colcon_core.environment:checking '/home/phufoxy/ydlidar_x3/install/ydlidar_ros2_driver/lib/python3.8/site-packages'
[0.669s] Level 1:colcon.colcon_core.environment:checking '/home/phufoxy/ydlidar_x3/install/ydlidar_ros2_driver/bin'
[0.670s] INFO:colcon.colcon_core.shell:Creating package script '/home/phufoxy/ydlidar_x3/install/ydlidar_ros2_driver/share/ydlidar_ros2_driver/package.ps1'
[0.670s] INFO:colcon.colcon_core.shell:Creating package descriptor '/home/phufoxy/ydlidar_x3/install/ydlidar_ros2_driver/share/ydlidar_ros2_driver/package.dsv'
[0.671s] INFO:colcon.colcon_core.shell:Creating package script '/home/phufoxy/ydlidar_x3/install/ydlidar_ros2_driver/share/ydlidar_ros2_driver/package.sh'
[0.671s] INFO:colcon.colcon_core.shell:Creating package script '/home/phufoxy/ydlidar_x3/install/ydlidar_ros2_driver/share/ydlidar_ros2_driver/package.bash'
[0.671s] INFO:colcon.colcon_core.shell:Creating package script '/home/phufoxy/ydlidar_x3/install/ydlidar_ros2_driver/share/ydlidar_ros2_driver/package.zsh'
[0.672s] Level 1:colcon.colcon_core.environment:create_file_with_runtime_dependencies(/home/phufoxy/ydlidar_x3/install/ydlidar_ros2_driver/share/colcon-core/packages/ydlidar_ros2_driver)
[0.681s] Level 1:colcon.colcon_core.environment:create_environment_scripts_only(openslam_gmapping)
[0.683s] Level 1:colcon.colcon_core.environment:checking '/home/phufoxy/ydlidar_x3/install/openslam_gmapping' for CMake module files
[0.683s] Level 1:colcon.colcon_core.environment:checking '/home/phufoxy/ydlidar_x3/install/openslam_gmapping' for CMake config files
[0.683s] Level 1:colcon.colcon_core.shell:create_environment_hook('openslam_gmapping', 'cmake_prefix_path')
[0.685s] INFO:colcon.colcon_core.shell:Creating environment hook '/home/phufoxy/ydlidar_x3/install/openslam_gmapping/share/openslam_gmapping/hook/cmake_prefix_path.ps1'
[0.685s] INFO:colcon.colcon_core.shell:Creating environment descriptor '/home/phufoxy/ydlidar_x3/install/openslam_gmapping/share/openslam_gmapping/hook/cmake_prefix_path.dsv'
[0.685s] INFO:colcon.colcon_core.shell:Creating environment hook '/home/phufoxy/ydlidar_x3/install/openslam_gmapping/share/openslam_gmapping/hook/cmake_prefix_path.sh'
[0.686s] Level 1:colcon.colcon_core.environment:checking '/home/phufoxy/ydlidar_x3/install/openslam_gmapping/lib'
[0.686s] Level 1:colcon.colcon_core.environment:checking '/home/phufoxy/ydlidar_x3/install/openslam_gmapping/bin'
[0.686s] Level 1:colcon.colcon_core.environment:checking '/home/phufoxy/ydlidar_x3/install/openslam_gmapping/lib/pkgconfig/openslam_gmapping.pc'
[0.686s] Level 1:colcon.colcon_core.environment:checking '/home/phufoxy/ydlidar_x3/install/openslam_gmapping/lib/python3.8/site-packages'
[0.686s] Level 1:colcon.colcon_core.environment:checking '/home/phufoxy/ydlidar_x3/install/openslam_gmapping/bin'
[0.687s] INFO:colcon.colcon_core.shell:Creating package script '/home/phufoxy/ydlidar_x3/install/openslam_gmapping/share/openslam_gmapping/package.ps1'
[0.688s] INFO:colcon.colcon_core.shell:Creating package descriptor '/home/phufoxy/ydlidar_x3/install/openslam_gmapping/share/openslam_gmapping/package.dsv'
[0.688s] INFO:colcon.colcon_core.shell:Creating package script '/home/phufoxy/ydlidar_x3/install/openslam_gmapping/share/openslam_gmapping/package.sh'
[0.689s] INFO:colcon.colcon_core.shell:Creating package script '/home/phufoxy/ydlidar_x3/install/openslam_gmapping/share/openslam_gmapping/package.bash'
[0.689s] INFO:colcon.colcon_core.shell:Creating package script '/home/phufoxy/ydlidar_x3/install/openslam_gmapping/share/openslam_gmapping/package.zsh'
[0.690s] Level 1:colcon.colcon_core.environment:create_file_with_runtime_dependencies(/home/phufoxy/ydlidar_x3/install/openslam_gmapping/share/colcon-core/packages/openslam_gmapping)
[0.690s] INFO:colcon.colcon_ros.task.ament_cmake.build:Building ROS package in '/home/phufoxy/ydlidar_x3/src/slam_gmapping' with build type 'ament_cmake'
[0.690s] INFO:colcon.colcon_cmake.task.cmake.build:Building CMake package in '/home/phufoxy/ydlidar_x3/src/slam_gmapping'
[0.692s] INFO:colcon.colcon_core.shell:Skip shell extension 'powershell' for command environment: Not usable outside of PowerShell
[0.692s] DEBUG:colcon.colcon_core.shell:Skip shell extension 'dsv' for command environment
[0.705s] DEBUG:colcon.colcon_core.event_handler.log_command:Invoking command in '/home/phufoxy/ydlidar_x3/build/slam_gmapping': CMAKE_PREFIX_PATH=/home/phufoxy/ydlidar_x3/install/openslam_gmapping:/home/phufoxy/ydlidar_x3/install/ydlidar_sdk:/home/phufoxy/ydlidar_x3/install/ydlidar_ros2_driver:/home/phufoxy/ydlidar_x3/install/slam_gmapping:/opt/ros/foxy /usr/bin/cmake --build /home/phufoxy/ydlidar_x3/build/slam_gmapping -- -j8 -l8
[0.771s] DEBUG:colcon.colcon_core.event_handler.log_command:Invoked command in '/home/phufoxy/ydlidar_x3/build/slam_gmapping' returned '0': CMAKE_PREFIX_PATH=/home/phufoxy/ydlidar_x3/install/openslam_gmapping:/home/phufoxy/ydlidar_x3/install/ydlidar_sdk:/home/phufoxy/ydlidar_x3/install/ydlidar_ros2_driver:/home/phufoxy/ydlidar_x3/install/slam_gmapping:/opt/ros/foxy /usr/bin/cmake --build /home/phufoxy/ydlidar_x3/build/slam_gmapping -- -j8 -l8
[0.796s] DEBUG:colcon.colcon_core.event_handler.log_command:Invoking command in '/home/phufoxy/ydlidar_x3/build/slam_gmapping': CMAKE_PREFIX_PATH=/home/phufoxy/ydlidar_x3/install/openslam_gmapping:/home/phufoxy/ydlidar_x3/install/ydlidar_sdk:/home/phufoxy/ydlidar_x3/install/ydlidar_ros2_driver:/home/phufoxy/ydlidar_x3/install/slam_gmapping:/opt/ros/foxy /usr/bin/cmake --install /home/phufoxy/ydlidar_x3/build/slam_gmapping
[0.817s] Level 1:colcon.colcon_core.environment:create_environment_scripts_only(slam_gmapping)
[0.819s] Level 1:colcon.colcon_core.environment:checking '/home/phufoxy/ydlidar_x3/install/slam_gmapping' for CMake module files
[0.820s] DEBUG:colcon.colcon_core.event_handler.log_command:Invoked command in '/home/phufoxy/ydlidar_x3/build/slam_gmapping' returned '0': CMAKE_PREFIX_PATH=/home/phufoxy/ydlidar_x3/install/openslam_gmapping:/home/phufoxy/ydlidar_x3/install/ydlidar_sdk:/home/phufoxy/ydlidar_x3/install/ydlidar_ros2_driver:/home/phufoxy/ydlidar_x3/install/slam_gmapping:/opt/ros/foxy /usr/bin/cmake --install /home/phufoxy/ydlidar_x3/build/slam_gmapping
[0.820s] Level 1:colcon.colcon_core.environment:checking '/home/phufoxy/ydlidar_x3/install/slam_gmapping' for CMake config files
[0.821s] Level 1:colcon.colcon_core.shell:create_environment_hook('slam_gmapping', 'cmake_prefix_path')
[0.822s] INFO:colcon.colcon_core.shell:Creating environment hook '/home/phufoxy/ydlidar_x3/install/slam_gmapping/share/slam_gmapping/hook/cmake_prefix_path.ps1'
[0.822s] INFO:colcon.colcon_core.shell:Creating environment descriptor '/home/phufoxy/ydlidar_x3/install/slam_gmapping/share/slam_gmapping/hook/cmake_prefix_path.dsv'
[0.822s] INFO:colcon.colcon_core.shell:Creating environment hook '/home/phufoxy/ydlidar_x3/install/slam_gmapping/share/slam_gmapping/hook/cmake_prefix_path.sh'
[0.823s] Level 1:colcon.colcon_core.environment:checking '/home/phufoxy/ydlidar_x3/install/slam_gmapping/lib'
[0.823s] Level 1:colcon.colcon_core.environment:checking '/home/phufoxy/ydlidar_x3/install/slam_gmapping/bin'
[0.823s] Level 1:colcon.colcon_core.environment:checking '/home/phufoxy/ydlidar_x3/install/slam_gmapping/lib/pkgconfig/slam_gmapping.pc'
[0.823s] Level 1:colcon.colcon_core.environment:checking '/home/phufoxy/ydlidar_x3/install/slam_gmapping/lib/python3.8/site-packages'
[0.823s] Level 1:colcon.colcon_core.environment:checking '/home/phufoxy/ydlidar_x3/install/slam_gmapping/bin'
[0.824s] INFO:colcon.colcon_core.shell:Creating package script '/home/phufoxy/ydlidar_x3/install/slam_gmapping/share/slam_gmapping/package.ps1'
[0.825s] INFO:colcon.colcon_core.shell:Creating package descriptor '/home/phufoxy/ydlidar_x3/install/slam_gmapping/share/slam_gmapping/package.dsv'
[0.825s] INFO:colcon.colcon_core.shell:Creating package script '/home/phufoxy/ydlidar_x3/install/slam_gmapping/share/slam_gmapping/package.sh'
[0.825s] INFO:colcon.colcon_core.shell:Creating package script '/home/phufoxy/ydlidar_x3/install/slam_gmapping/share/slam_gmapping/package.bash'
[0.826s] INFO:colcon.colcon_core.shell:Creating package script '/home/phufoxy/ydlidar_x3/install/slam_gmapping/share/slam_gmapping/package.zsh'
[0.826s] Level 1:colcon.colcon_core.environment:create_file_with_runtime_dependencies(/home/phufoxy/ydlidar_x3/install/slam_gmapping/share/colcon-core/packages/slam_gmapping)
[0.850s] Level 1:colcon.colcon_core.environment:create_environment_scripts_only(slam_gmapping)
[0.852s] Level 1:colcon.colcon_core.environment:checking '/home/phufoxy/ydlidar_x3/install/slam_gmapping' for CMake module files
[0.852s] Level 1:colcon.colcon_core.environment:checking '/home/phufoxy/ydlidar_x3/install/slam_gmapping' for CMake config files
[0.852s] Level 1:colcon.colcon_core.shell:create_environment_hook('slam_gmapping', 'cmake_prefix_path')
[0.853s] INFO:colcon.colcon_core.shell:Creating environment hook '/home/phufoxy/ydlidar_x3/install/slam_gmapping/share/slam_gmapping/hook/cmake_prefix_path.ps1'
[0.854s] INFO:colcon.colcon_core.shell:Creating environment descriptor '/home/phufoxy/ydlidar_x3/install/slam_gmapping/share/slam_gmapping/hook/cmake_prefix_path.dsv'
[0.854s] INFO:colcon.colcon_core.shell:Creating environment hook '/home/phufoxy/ydlidar_x3/install/slam_gmapping/share/slam_gmapping/hook/cmake_prefix_path.sh'
[0.855s] Level 1:colcon.colcon_core.environment:checking '/home/phufoxy/ydlidar_x3/install/slam_gmapping/lib'
[0.855s] Level 1:colcon.colcon_core.environment:checking '/home/phufoxy/ydlidar_x3/install/slam_gmapping/bin'
[0.855s] Level 1:colcon.colcon_core.environment:checking '/home/phufoxy/ydlidar_x3/install/slam_gmapping/lib/pkgconfig/slam_gmapping.pc'
[0.855s] Level 1:colcon.colcon_core.environment:checking '/home/phufoxy/ydlidar_x3/install/slam_gmapping/lib/python3.8/site-packages'
[0.855s] Level 1:colcon.colcon_core.environment:checking '/home/phufoxy/ydlidar_x3/install/slam_gmapping/bin'
[0.856s] INFO:colcon.colcon_core.shell:Creating package script '/home/phufoxy/ydlidar_x3/install/slam_gmapping/share/slam_gmapping/package.ps1'
[0.857s] INFO:colcon.colcon_core.shell:Creating package descriptor '/home/phufoxy/ydlidar_x3/install/slam_gmapping/share/slam_gmapping/package.dsv'
[0.857s] INFO:colcon.colcon_core.shell:Creating package script '/home/phufoxy/ydlidar_x3/install/slam_gmapping/share/slam_gmapping/package.sh'
[0.857s] INFO:colcon.colcon_core.shell:Creating package script '/home/phufoxy/ydlidar_x3/install/slam_gmapping/share/slam_gmapping/package.bash'
[0.858s] INFO:colcon.colcon_core.shell:Creating package script '/home/phufoxy/ydlidar_x3/install/slam_gmapping/share/slam_gmapping/package.zsh'
[0.858s] Level 1:colcon.colcon_core.environment:create_file_with_runtime_dependencies(/home/phufoxy/ydlidar_x3/install/slam_gmapping/share/colcon-core/packages/slam_gmapping)
[0.859s] DEBUG:colcon.colcon_parallel_executor.executor.parallel:closing loop
[0.859s] DEBUG:colcon.colcon_parallel_executor.executor.parallel:loop closed
[0.859s] DEBUG:colcon.colcon_parallel_executor.executor.parallel:run_until_complete finished with '0'
[0.859s] DEBUG:colcon.colcon_core.event_reactor:joining thread
[0.864s] INFO:colcon.colcon_core.plugin_system:Skipping extension 'colcon_notification.desktop_notification.terminal_notifier': Not used on non-Darwin systems
[0.864s] INFO:colcon.colcon_core.plugin_system:Skipping extension 'colcon_notification.desktop_notification.win32': Not used on non-Windows systems
[0.864s] INFO:colcon.colcon_notification.desktop_notification:Sending desktop notification using 'notify2'
[0.871s] DEBUG:colcon.colcon_core.event_reactor:joined thread
[0.872s] INFO:colcon.colcon_core.shell:Creating prefix script '/home/phufoxy/ydlidar_x3/install/local_setup.ps1'
[0.873s] INFO:colcon.colcon_core.shell:Creating prefix util module '/home/phufoxy/ydlidar_x3/install/_local_setup_util_ps1.py'
[0.874s] INFO:colcon.colcon_core.shell:Creating prefix chain script '/home/phufoxy/ydlidar_x3/install/setup.ps1'
[0.876s] INFO:colcon.colcon_core.shell:Creating prefix script '/home/phufoxy/ydlidar_x3/install/local_setup.sh'
[0.877s] INFO:colcon.colcon_core.shell:Creating prefix util module '/home/phufoxy/ydlidar_x3/install/_local_setup_util_sh.py'
[0.877s] INFO:colcon.colcon_core.shell:Creating prefix chain script '/home/phufoxy/ydlidar_x3/install/setup.sh'
[0.878s] INFO:colcon.colcon_core.shell:Creating prefix script '/home/phufoxy/ydlidar_x3/install/local_setup.bash'
[0.879s] INFO:colcon.colcon_core.shell:Creating prefix chain script '/home/phufoxy/ydlidar_x3/install/setup.bash'
[0.880s] INFO:colcon.colcon_core.shell:Creating prefix script '/home/phufoxy/ydlidar_x3/install/local_setup.zsh'
[0.881s] INFO:colcon.colcon_core.shell:Creating prefix chain script '/home/phufoxy/ydlidar_x3/install/setup.zsh'
