[0.010s] Invoking command in '/home/phufoxy/ydlidar_x3/build/slam_gmapping': AMENT_PREFIX_PATH=/home/phufoxy/ydlidar_x3/install/openslam_gmapping:${AMENT_PREFIX_PATH} CMAKE_PREFIX_PATH=/home/phufoxy/ydlidar_x3/install/openslam_gmapping:/opt/ros/foxy LD_LIBRARY_PATH=/home/phufoxy/ydlidar_x3/install/openslam_gmapping/lib:${LD_LIBRARY_PATH} /usr/bin/cmake --build /home/phufoxy/ydlidar_x3/build/slam_gmapping -- -j8 -l8
[0.067s] [100%] Built target transform
[0.067s] [100%] Built target slam_gmapping
[0.078s] Invoked command in '/home/phufoxy/ydlidar_x3/build/slam_gmapping' returned '0': AMENT_PREFIX_PATH=/home/phufoxy/ydlidar_x3/install/openslam_gmapping:${AMENT_PREFIX_PATH} CMAKE_PREFIX_PATH=/home/phufoxy/ydlidar_x3/install/openslam_gmapping:/opt/ros/foxy LD_LIBRARY_PATH=/home/phufoxy/ydlidar_x3/install/openslam_gmapping/lib:${LD_LIBRARY_PATH} /usr/bin/cmake --build /home/phufoxy/ydlidar_x3/build/slam_gmapping -- -j8 -l8
[0.100s] Invoking command in '/home/phufoxy/ydlidar_x3/build/slam_gmapping': AMENT_PREFIX_PATH=/home/phufoxy/ydlidar_x3/install/openslam_gmapping:${AMENT_PREFIX_PATH} CMAKE_PREFIX_PATH=/home/phufoxy/ydlidar_x3/install/openslam_gmapping:/opt/ros/foxy LD_LIBRARY_PATH=/home/phufoxy/ydlidar_x3/install/openslam_gmapping/lib:${LD_LIBRARY_PATH} /usr/bin/cmake --install /home/phufoxy/ydlidar_x3/build/slam_gmapping
[0.108s] -- Install configuration: ""
[0.108s] -- Execute custom install script
[0.108s] -- Up-to-date symlink: /home/phufoxy/ydlidar_x3/install/slam_gmapping/lib/slam_gmapping/slam_gmapping
[0.109s] -- Up-to-date symlink: /home/phufoxy/ydlidar_x3/install/slam_gmapping/lib/slam_gmapping/transform
[0.109s] -- Up-to-date symlink: /home/phufoxy/ydlidar_x3/install/slam_gmapping/share/slam_gmapping/launch/slam_gmapping.launch.py
[0.110s] -- Up-to-date symlink: /home/phufoxy/ydlidar_x3/install/slam_gmapping/share/ament_index/resource_index/package_run_dependencies/slam_gmapping
[0.110s] -- Up-to-date symlink: /home/phufoxy/ydlidar_x3/install/slam_gmapping/share/ament_index/resource_index/parent_prefix_path/slam_gmapping
[0.110s] -- Up-to-date symlink: /home/phufoxy/ydlidar_x3/install/slam_gmapping/share/slam_gmapping/environment/ament_prefix_path.sh
[0.111s] -- Up-to-date symlink: /home/phufoxy/ydlidar_x3/install/slam_gmapping/share/slam_gmapping/environment/ament_prefix_path.dsv
[0.111s] -- Up-to-date symlink: /home/phufoxy/ydlidar_x3/install/slam_gmapping/share/slam_gmapping/environment/path.sh
[0.111s] -- Up-to-date symlink: /home/phufoxy/ydlidar_x3/install/slam_gmapping/share/slam_gmapping/environment/path.dsv
[0.111s] -- Up-to-date symlink: /home/phufoxy/ydlidar_x3/install/slam_gmapping/share/slam_gmapping/local_setup.bash
[0.112s] -- Up-to-date symlink: /home/phufoxy/ydlidar_x3/install/slam_gmapping/share/slam_gmapping/local_setup.sh
[0.112s] -- Up-to-date symlink: /home/phufoxy/ydlidar_x3/install/slam_gmapping/share/slam_gmapping/local_setup.zsh
[0.112s] -- Up-to-date symlink: /home/phufoxy/ydlidar_x3/install/slam_gmapping/share/slam_gmapping/local_setup.dsv
[0.112s] -- Symlinking: /home/phufoxy/ydlidar_x3/install/slam_gmapping/share/slam_gmapping/package.dsv
[0.121s] -- Up-to-date symlink: /home/phufoxy/ydlidar_x3/install/slam_gmapping/share/ament_index/resource_index/packages/slam_gmapping
[0.121s] -- Up-to-date symlink: /home/phufoxy/ydlidar_x3/install/slam_gmapping/share/slam_gmapping/cmake/slam_gmappingConfig.cmake
[0.121s] -- Up-to-date symlink: /home/phufoxy/ydlidar_x3/install/slam_gmapping/share/slam_gmapping/cmake/slam_gmappingConfig-version.cmake
[0.121s] -- Up-to-date symlink: /home/phufoxy/ydlidar_x3/install/slam_gmapping/share/slam_gmapping/package.xml
[0.125s] Invoked command in '/home/phufoxy/ydlidar_x3/build/slam_gmapping' returned '0': AMENT_PREFIX_PATH=/home/phufoxy/ydlidar_x3/install/openslam_gmapping:${AMENT_PREFIX_PATH} CMAKE_PREFIX_PATH=/home/phufoxy/ydlidar_x3/install/openslam_gmapping:/opt/ros/foxy LD_LIBRARY_PATH=/home/phufoxy/ydlidar_x3/install/openslam_gmapping/lib:${LD_LIBRARY_PATH} /usr/bin/cmake --install /home/phufoxy/ydlidar_x3/build/slam_gmapping
