[0.024s] Invoking command in '/home/phufoxy/ydlidar_x3/build/ydlidar_sdk': /usr/bin/cmake --build /home/phufoxy/ydlidar_x3/build/ydlidar_sdk -- -j8 -l8
[0.072s] [ 60%] Built target ydlidar_sdk
[0.096s] [ 68%] Built target etlidar_test
[0.097s] [ 76%] Built target ydlidar_test
[0.098s] [ 84%] Built target lidar_c_api_test
[0.099s] [ 92%] Built target tof_test
[0.107s] [100%] Built target lidar_test
[0.119s] Invoked command in '/home/phufoxy/ydlidar_x3/build/ydlidar_sdk' returned '0': /usr/bin/cmake --build /home/phufoxy/ydlidar_x3/build/ydlidar_sdk -- -j8 -l8
[0.188s] Invoking command in '/home/phufoxy/ydlidar_x3/build/ydlidar_sdk': /usr/bin/cmake --install /home/phufoxy/ydlidar_x3/build/ydlidar_sdk
[0.195s] -- Install configuration: ""
[0.196s] -- Up-to-date: /home/phufoxy/ydlidar_x3/install/ydlidar_sdk/include/core/base/datatype.h
[0.196s] -- Up-to-date: /home/phufoxy/ydlidar_x3/install/ydlidar_sdk/include/core/base/locker.h
[0.196s] -- Up-to-date: /home/phufoxy/ydlidar_x3/install/ydlidar_sdk/include/core/base/thread.h
[0.196s] -- Up-to-date: /home/phufoxy/ydlidar_x3/install/ydlidar_sdk/include/core/base/timer.h
[0.197s] -- Up-to-date: /home/phufoxy/ydlidar_x3/install/ydlidar_sdk/include/core/base/typedef.h
[0.197s] -- Up-to-date: /home/phufoxy/ydlidar_x3/install/ydlidar_sdk/include/core/base/utils.h
[0.197s] -- Up-to-date: /home/phufoxy/ydlidar_x3/install/ydlidar_sdk/include/core/base/v8stdint.h
[0.197s] -- Up-to-date: /home/phufoxy/ydlidar_x3/install/ydlidar_sdk/include/core/base/ydlidar.h
[0.197s] -- Up-to-date: /home/phufoxy/ydlidar_x3/install/ydlidar_sdk/include/core/common/ChannelDevice.h
[0.198s] -- Up-to-date: /home/phufoxy/ydlidar_x3/install/ydlidar_sdk/include/core/common/DriverInterface.h
[0.198s] -- Up-to-date: /home/phufoxy/ydlidar_x3/install/ydlidar_sdk/include/core/common/ydlidar_datatype.h
[0.198s] -- Up-to-date: /home/phufoxy/ydlidar_x3/install/ydlidar_sdk/include/core/common/ydlidar_def.h
[0.199s] -- Up-to-date: /home/phufoxy/ydlidar_x3/install/ydlidar_sdk/include/core/common/ydlidar_help.h
[0.199s] -- Up-to-date: /home/phufoxy/ydlidar_x3/install/ydlidar_sdk/include/core/common/ydlidar_protocol.h
[0.200s] -- Up-to-date: /home/phufoxy/ydlidar_x3/install/ydlidar_sdk/include/core/math/angles.h
[0.200s] -- Up-to-date: /home/phufoxy/ydlidar_x3/install/ydlidar_sdk/include/core/network/ActiveSocket.h
[0.200s] -- Up-to-date: /home/phufoxy/ydlidar_x3/install/ydlidar_sdk/include/core/network/PassiveSocket.h
[0.200s] -- Up-to-date: /home/phufoxy/ydlidar_x3/install/ydlidar_sdk/include/core/network/SimpleSocket.h
[0.200s] -- Up-to-date: /home/phufoxy/ydlidar_x3/install/ydlidar_sdk/include/core/network/StatTimer.h
[0.200s] -- Up-to-date: /home/phufoxy/ydlidar_x3/install/ydlidar_sdk/include/core/serial/common.h
[0.201s] -- Up-to-date: /home/phufoxy/ydlidar_x3/install/ydlidar_sdk/include/core/serial/serial.h
[0.201s] -- Up-to-date: /home/phufoxy/ydlidar_x3/install/ydlidar_sdk/include/core/serial/impl/unix/lock.h
[0.201s] -- Up-to-date: /home/phufoxy/ydlidar_x3/install/ydlidar_sdk/include/core/serial/impl/unix/unix.h
[0.201s] -- Up-to-date: /home/phufoxy/ydlidar_x3/install/ydlidar_sdk/include/core/serial/impl/unix/unix_serial.h
[0.201s] -- Up-to-date: /home/phufoxy/ydlidar_x3/install/ydlidar_sdk/include/src/CYdLidar.h
[0.201s] -- Up-to-date: /home/phufoxy/ydlidar_x3/install/ydlidar_sdk/include/src/ETLidarDriver.h
[0.202s] -- Up-to-date: /home/phufoxy/ydlidar_x3/install/ydlidar_sdk/include/src/ydlidar_driver.h
[0.202s] -- Up-to-date: /home/phufoxy/ydlidar_x3/install/ydlidar_sdk/include/src/ydlidar_sdk.h
[0.202s] -- Up-to-date: /home/phufoxy/ydlidar_x3/install/ydlidar_sdk/include/src/filters/FilterInterface.h
[0.202s] -- Up-to-date: /home/phufoxy/ydlidar_x3/install/ydlidar_sdk/include/src/filters/NoiseFilter.h
[0.203s] -- Up-to-date: /home/phufoxy/ydlidar_x3/install/ydlidar_sdk/include/ydlidar_config.h
[0.208s] -- Up-to-date: /home/phufoxy/ydlidar_x3/install/ydlidar_sdk/lib/libydlidar_sdk.a
[0.209s] -- Up-to-date: /home/phufoxy/ydlidar_x3/install/ydlidar_sdk/lib/pkgconfig/YDLIDAR_SDK.pc
[0.209s] -- Up-to-date: /home/phufoxy/ydlidar_x3/install/ydlidar_sdk/lib/cmake/ydlidar_sdk/ydlidar_sdkConfig.cmake
[0.209s] -- Up-to-date: /home/phufoxy/ydlidar_x3/install/ydlidar_sdk/lib/cmake/ydlidar_sdk/ydlidar_sdkTargets.cmake
[0.209s] -- Up-to-date: /home/phufoxy/ydlidar_x3/install/ydlidar_sdk/lib/cmake/ydlidar_sdk/ydlidar_sdkConfigVersion.cmake
[0.210s] -- Up-to-date: /home/phufoxy/ydlidar_x3/install/ydlidar_sdk/share/YDLIDAR_SDK/FindYDLIDAR_SDK.cmake
[0.210s] -- Up-to-date: /home/phufoxy/ydlidar_x3/install/ydlidar_sdk/share/YDLIDAR_SDK
[0.210s] -- Up-to-date: /home/phufoxy/ydlidar_x3/install/ydlidar_sdk/share/YDLIDAR_SDK/cmake_uninstall.cmake.in
[0.210s] -- Up-to-date: /home/phufoxy/ydlidar_x3/install/ydlidar_sdk/share/YDLIDAR_SDK/script_show_final_summary.cmake
[0.210s] -- Up-to-date: /home/phufoxy/ydlidar_x3/install/ydlidar_sdk/share/YDLIDAR_SDK/FindPackage.cmake.in
[0.210s] -- Up-to-date: /home/phufoxy/ydlidar_x3/install/ydlidar_sdk/share/YDLIDAR_SDK/PackageConfig.cmake.in
[0.210s] -- Up-to-date: /home/phufoxy/ydlidar_x3/install/ydlidar_sdk/share/YDLIDAR_SDK/common
[0.212s] -- Up-to-date: /home/phufoxy/ydlidar_x3/install/ydlidar_sdk/share/YDLIDAR_SDK/common/ydlidar_parse.cmake
[0.212s] -- Up-to-date: /home/phufoxy/ydlidar_x3/install/ydlidar_sdk/share/YDLIDAR_SDK/common/ydlidar_base.cmake
[0.212s] -- Up-to-date: /home/phufoxy/ydlidar_x3/install/ydlidar_sdk/share/YDLIDAR_SDK/PkgConfig.pc.in
[0.213s] -- Up-to-date: /home/phufoxy/ydlidar_x3/install/ydlidar_sdk/share/YDLIDAR_SDK/PackageConfigVersion.cmake.in
[0.213s] -- Up-to-date: /home/phufoxy/ydlidar_x3/install/ydlidar_sdk/share/YDLIDAR_SDK/install_package.cmake
[0.213s] -- Up-to-date: /home/phufoxy/ydlidar_x3/install/ydlidar_sdk/share/YDLIDAR_SDK/LICENSE.txt
[0.213s] -- Up-to-date: /home/phufoxy/ydlidar_x3/install/ydlidar_sdk/share/YDLIDAR_SDK/README.md
[0.213s] -- Up-to-date: /home/phufoxy/ydlidar_x3/install/ydlidar_sdk/share/YDLIDAR_SDK/doc
[0.214s] -- Up-to-date: /home/phufoxy/ydlidar_x3/install/ydlidar_sdk/share/YDLIDAR_SDK/doc/howto
[0.214s] -- Up-to-date: /home/phufoxy/ydlidar_x3/install/ydlidar_sdk/share/YDLIDAR_SDK/doc/howto/README.md
[0.214s] -- Up-to-date: /home/phufoxy/ydlidar_x3/install/ydlidar_sdk/share/YDLIDAR_SDK/doc/howto/how_to_solve_slow_pull_from_cn.md
[0.216s] -- Up-to-date: /home/phufoxy/ydlidar_x3/install/ydlidar_sdk/share/YDLIDAR_SDK/doc/howto/how_to_build_and_debug_using_vscode.md
[0.217s] -- Up-to-date: /home/phufoxy/ydlidar_x3/install/ydlidar_sdk/share/YDLIDAR_SDK/doc/howto/how_to_create_a_udev_rules.md
[0.217s] -- Up-to-date: /home/phufoxy/ydlidar_x3/install/ydlidar_sdk/share/YDLIDAR_SDK/doc/howto/how_to_build_and_install.md
[0.217s] -- Up-to-date: /home/phufoxy/ydlidar_x3/install/ydlidar_sdk/share/YDLIDAR_SDK/doc/howto/how_to_create_a_pull.md
[0.218s] -- Up-to-date: /home/phufoxy/ydlidar_x3/install/ydlidar_sdk/share/YDLIDAR_SDK/doc/howto/how_to_create_a_csharp_project.md
[0.218s] -- Up-to-date: /home/phufoxy/ydlidar_x3/install/ydlidar_sdk/share/YDLIDAR_SDK/doc/howto/how_to_gerenrate_vs_project_by_cmake.md
[0.218s] -- Up-to-date: /home/phufoxy/ydlidar_x3/install/ydlidar_sdk/share/YDLIDAR_SDK/doc/howto/images
[0.219s] -- Up-to-date: /home/phufoxy/ydlidar_x3/install/ydlidar_sdk/share/YDLIDAR_SDK/doc/howto/images/csharp_build.png
[0.219s] -- Up-to-date: /home/phufoxy/ydlidar_x3/install/ydlidar_sdk/share/YDLIDAR_SDK/doc/howto/images/sdk_scanning.png
[0.219s] -- Up-to-date: /home/phufoxy/ydlidar_x3/install/ydlidar_sdk/share/YDLIDAR_SDK/doc/howto/images/ydlidar_lidar_monitor.png
[0.219s] -- Up-to-date: /home/phufoxy/ydlidar_x3/install/ydlidar_sdk/share/YDLIDAR_SDK/doc/howto/images/csharp_library.png
[0.220s] -- Up-to-date: /home/phufoxy/ydlidar_x3/install/ydlidar_sdk/share/YDLIDAR_SDK/doc/howto/images/ttyUSB1.png
[0.220s] -- Up-to-date: /home/phufoxy/ydlidar_x3/install/ydlidar_sdk/share/YDLIDAR_SDK/doc/howto/images/csharp_project.png
[0.220s] -- Up-to-date: /home/phufoxy/ydlidar_x3/install/ydlidar_sdk/share/YDLIDAR_SDK/doc/howto/images/cpack.png
[0.221s] -- Up-to-date: /home/phufoxy/ydlidar_x3/install/ydlidar_sdk/share/YDLIDAR_SDK/doc/howto/images/sequence.png
[0.223s] -- Up-to-date: /home/phufoxy/ydlidar_x3/install/ydlidar_sdk/share/YDLIDAR_SDK/doc/howto/images/sdk_init.png
[0.223s] -- Up-to-date: /home/phufoxy/ydlidar_x3/install/ydlidar_sdk/share/YDLIDAR_SDK/doc/howto/images/ttyUSB0.png
[0.223s] -- Up-to-date: /home/phufoxy/ydlidar_x3/install/ydlidar_sdk/share/YDLIDAR_SDK/doc/howto/images/vscode
[0.223s] -- Up-to-date: /home/phufoxy/ydlidar_x3/install/ydlidar_sdk/share/YDLIDAR_SDK/doc/howto/images/vscode/run_tasks.jpg
[0.223s] -- Up-to-date: /home/phufoxy/ydlidar_x3/install/ydlidar_sdk/share/YDLIDAR_SDK/doc/howto/images/vscode/tasks.png
[0.224s] -- Up-to-date: /home/phufoxy/ydlidar_x3/install/ydlidar_sdk/share/YDLIDAR_SDK/doc/howto/images/csharp_exception.png
[0.224s] -- Up-to-date: /home/phufoxy/ydlidar_x3/install/ydlidar_sdk/share/YDLIDAR_SDK/doc/howto/images/csharp_running.png
[0.224s] -- Up-to-date: /home/phufoxy/ydlidar_x3/install/ydlidar_sdk/share/YDLIDAR_SDK/doc/README.md
[0.224s] -- Up-to-date: /home/phufoxy/ydlidar_x3/install/ydlidar_sdk/share/YDLIDAR_SDK/doc/tutorials
[0.224s] -- Up-to-date: /home/phufoxy/ydlidar_x3/install/ydlidar_sdk/share/YDLIDAR_SDK/doc/tutorials/writing_lidar_tutorial_python.md
[0.224s] -- Up-to-date: /home/phufoxy/ydlidar_x3/install/ydlidar_sdk/share/YDLIDAR_SDK/doc/tutorials/writing_lidar_tutorial_c++.md
[0.224s] -- Up-to-date: /home/phufoxy/ydlidar_x3/install/ydlidar_sdk/share/YDLIDAR_SDK/doc/tutorials/examine_the_simple_lidar_tutorial.md
[0.224s] -- Up-to-date: /home/phufoxy/ydlidar_x3/install/ydlidar_sdk/share/YDLIDAR_SDK/doc/tutorials/writing_lidar_tutorial_c.md
[0.224s] -- Up-to-date: /home/phufoxy/ydlidar_x3/install/ydlidar_sdk/share/YDLIDAR_SDK/doc/tutorials/writing_lidar_network_adapter_tutorial_c++.md
[0.224s] -- Up-to-date: /home/phufoxy/ydlidar_x3/install/ydlidar_sdk/share/YDLIDAR_SDK/doc/SDK.pdf
[0.225s] -- Up-to-date: /home/phufoxy/ydlidar_x3/install/ydlidar_sdk/share/YDLIDAR_SDK/doc/Tutorials.md
[0.225s] -- Up-to-date: /home/phufoxy/ydlidar_x3/install/ydlidar_sdk/share/YDLIDAR_SDK/doc/quickstart
[0.225s] -- Up-to-date: /home/phufoxy/ydlidar_x3/install/ydlidar_sdk/share/YDLIDAR_SDK/doc/quickstart/README.md
[0.225s] -- Up-to-date: /home/phufoxy/ydlidar_x3/install/ydlidar_sdk/share/YDLIDAR_SDK/doc/quickstart/ydlidar_sdk_software_installation_guide.md
[0.225s] -- Up-to-date: /home/phufoxy/ydlidar_x3/install/ydlidar_sdk/share/YDLIDAR_SDK/doc/Dataset.md
[0.225s] -- Up-to-date: /home/phufoxy/ydlidar_x3/install/ydlidar_sdk/share/YDLIDAR_SDK/doc/YDLidar-SDK-Communication-Protocol.md
[0.225s] -- Up-to-date: /home/phufoxy/ydlidar_x3/install/ydlidar_sdk/share/YDLIDAR_SDK/doc/YDLIDAR_SDK_API_for_Developers.md
[0.226s] -- Up-to-date: /home/phufoxy/ydlidar_x3/install/ydlidar_sdk/share/YDLIDAR_SDK/doc/YDLidar-SDK-Communication-Protocol.html
[0.227s] -- Up-to-date: /home/phufoxy/ydlidar_x3/install/ydlidar_sdk/share/YDLIDAR_SDK/doc/FAQs
[0.227s] -- Up-to-date: /home/phufoxy/ydlidar_x3/install/ydlidar_sdk/share/YDLIDAR_SDK/doc/FAQs/General_FAQs.md
[0.227s] -- Up-to-date: /home/phufoxy/ydlidar_x3/install/ydlidar_sdk/share/YDLIDAR_SDK/doc/FAQs/README.md
[0.227s] -- Up-to-date: /home/phufoxy/ydlidar_x3/install/ydlidar_sdk/share/YDLIDAR_SDK/doc/FAQs/Software_FAQs.md
[0.227s] -- Up-to-date: /home/phufoxy/ydlidar_x3/install/ydlidar_sdk/share/YDLIDAR_SDK/doc/FAQs/Software_FAQs_cn.md
[0.228s] -- Up-to-date: /home/phufoxy/ydlidar_x3/install/ydlidar_sdk/share/YDLIDAR_SDK/doc/FAQs/Hardware_FAQs_cn.md
[0.228s] -- Up-to-date: /home/phufoxy/ydlidar_x3/install/ydlidar_sdk/share/YDLIDAR_SDK/doc/FAQs/Hardware_FAQs.md
[0.228s] -- Up-to-date: /home/phufoxy/ydlidar_x3/install/ydlidar_sdk/share/YDLIDAR_SDK/doc/FAQs/General_FAQs_cn.md
[0.229s] -- Up-to-date: /home/phufoxy/ydlidar_x3/install/ydlidar_sdk/share/YDLIDAR_SDK/doc/Diagram.md
[0.230s] -- Up-to-date: /home/phufoxy/ydlidar_x3/install/ydlidar_sdk/share/YDLIDAR_SDK/doc/YDLidar_SDK_Communication_Protocol.pdf
[0.230s] -- Up-to-date: /home/phufoxy/ydlidar_x3/install/ydlidar_sdk/share/YDLIDAR_SDK/doc/images
[0.230s] -- Up-to-date: /home/phufoxy/ydlidar_x3/install/ydlidar_sdk/share/YDLIDAR_SDK/doc/images/communication_mechanism.png
[0.230s] -- Up-to-date: /home/phufoxy/ydlidar_x3/install/ydlidar_sdk/share/YDLIDAR_SDK/doc/images/sdk_scanning.png
[0.230s] -- Up-to-date: /home/phufoxy/ydlidar_x3/install/ydlidar_sdk/share/YDLIDAR_SDK/doc/images/frame.png
[0.230s] -- Up-to-date: /home/phufoxy/ydlidar_x3/install/ydlidar_sdk/share/YDLIDAR_SDK/doc/images/system_workflow.png
[0.230s] -- Up-to-date: /home/phufoxy/ydlidar_x3/install/ydlidar_sdk/share/YDLIDAR_SDK/doc/images/FlowChart.png
[0.231s] -- Up-to-date: /home/phufoxy/ydlidar_x3/install/ydlidar_sdk/share/YDLIDAR_SDK/doc/images/angle_q2.png
[0.231s] -- Up-to-date: /home/phufoxy/ydlidar_x3/install/ydlidar_sdk/share/YDLIDAR_SDK/doc/images/sdk_architecture.png
[0.231s] -- Up-to-date: /home/phufoxy/ydlidar_x3/install/ydlidar_sdk/share/YDLIDAR_SDK/doc/images/frame_intensity.png
[0.231s] -- Up-to-date: /home/phufoxy/ydlidar_x3/install/ydlidar_sdk/share/YDLIDAR_SDK/doc/images/EAI.png
[0.233s] -- Up-to-date: /home/phufoxy/ydlidar_x3/install/ydlidar_sdk/share/YDLIDAR_SDK/doc/images/YDLidar.png
[0.233s] -- Up-to-date: /home/phufoxy/ydlidar_x3/install/ydlidar_sdk/share/YDLIDAR_SDK/doc/images/sequence.png
[0.233s] -- Up-to-date: /home/phufoxy/ydlidar_x3/install/ydlidar_sdk/share/YDLIDAR_SDK/doc/images/sdk_init.png
[0.233s] -- Up-to-date: /home/phufoxy/ydlidar_x3/install/ydlidar_sdk/share/YDLIDAR_SDK/doc/images/YDLidar.jpg
[0.233s] -- Up-to-date: /home/phufoxy/ydlidar_x3/install/ydlidar_sdk/share/YDLIDAR_SDK/doc/YDLidar-SDK-Communication-Protocol.pdf
[0.233s] -- Up-to-date: /home/phufoxy/ydlidar_x3/install/ydlidar_sdk/startup/initenv.sh
[0.236s] -- Up-to-date: /home/phufoxy/ydlidar_x3/install/ydlidar_sdk/bin/etlidar_test
[0.237s] -- Up-to-date: /home/phufoxy/ydlidar_x3/install/ydlidar_sdk/bin/tof_test
[0.237s] -- Up-to-date: /home/phufoxy/ydlidar_x3/install/ydlidar_sdk/bin/ydlidar_test
[0.238s] -- Up-to-date: /home/phufoxy/ydlidar_x3/install/ydlidar_sdk/bin/lidar_c_api_test
[0.248s] Invoked command in '/home/phufoxy/ydlidar_x3/build/ydlidar_sdk' returned '0': /usr/bin/cmake --install /home/phufoxy/ydlidar_x3/build/ydlidar_sdk
