[0.010s] Invoking command in '/home/phufoxy/ydlidar_x3/build/slam_gmapping': CMAKE_PREFIX_PATH=/home/phufoxy/ydlidar_x3/install/openslam_gmapping:/home/phufoxy/ydlidar_x3/install/ydlidar_sdk:/home/phufoxy/ydlidar_x3/install/ydlidar_ros2_driver:/home/phufoxy/ydlidar_x3/install/slam_gmapping:/opt/ros/foxy /usr/bin/cmake /home/phufoxy/ydlidar_x3/src/slam_gmapping -DAMENT_CMAKE_SYMLINK_INSTALL=1 -DCMAKE_INSTALL_PREFIX=/home/phufoxy/ydlidar_x3/install/slam_gmapping
[0.066s] -- The C compiler identification is GNU 9.4.0
[0.121s] -- The CXX compiler identification is GNU 9.4.0
[0.127s] -- Check for working C compiler: /usr/bin/cc
[0.192s] -- Check for working C compiler: /usr/bin/cc -- works
[0.193s] -- Detecting C compiler ABI info
[0.260s] -- Detecting C compiler ABI info - done
[0.270s] -- Detecting C compile features
[0.271s] -- Detecting C compile features - done
[0.273s] -- Check for working CXX compiler: /usr/bin/c++
[0.347s] -- Check for working CXX compiler: /usr/bin/c++ -- works
[0.348s] -- Detecting CXX compiler ABI info
[0.422s] -- Detecting CXX compiler ABI info - done
[0.432s] -- Detecting CXX compile features
[0.433s] -- Detecting CXX compile features - done
[0.433s]  -fuse-ld=lld -Wl,--disable-new-dtags
[0.435s] -- Found ament_cmake: 0.9.12 (/opt/ros/foxy/share/ament_cmake/cmake)
[0.455s] -- Found PythonInterp: /usr/bin/python3 (found suitable version "3.8.10", minimum required is "3") 
[0.455s] -- Using PYTHON_EXECUTABLE: /usr/bin/python3
[0.606s] -- Override CMake install command with custom implementation using symlinks instead of copying resources
[0.626s] -- Found std_msgs: 2.0.5 (/opt/ros/foxy/share/std_msgs/cmake)
[0.651s] -- Using all available rosidl_typesupport_c: rosidl_typesupport_fastrtps_c;rosidl_typesupport_introspection_c
[0.656s] -- Found rosidl_adapter: 1.3.1 (/opt/ros/foxy/share/rosidl_adapter/cmake)
[0.725s] -- Found OpenSSL: /usr/lib/x86_64-linux-gnu/libcrypto.so (found version "1.1.1f")  
[0.750s] -- Found FastRTPS: /opt/ros/foxy/include  
[0.819s] -- Using all available rosidl_typesupport_cpp: rosidl_typesupport_fastrtps_cpp;rosidl_typesupport_introspection_cpp
[0.861s] -- Found nav_msgs: 2.0.5 (/opt/ros/foxy/share/nav_msgs/cmake)
[0.968s] -- Found tf2: 0.13.14 (/opt/ros/foxy/share/tf2/cmake)
[0.978s] -- Found tf2_ros: 0.13.14 (/opt/ros/foxy/share/tf2_ros/cmake)
[1.033s] -- Found rmw_implementation_cmake: 1.0.4 (/opt/ros/foxy/share/rmw_implementation_cmake/cmake)
[1.034s] -- Using RMW implementation 'rmw_fastrtps_cpp' as default
[1.035s] -- Looking for pthread.h
[1.099s] -- Looking for pthread.h - found
[1.099s] -- Performing Test CMAKE_HAVE_LIBC_PTHREAD
[1.208s] -- Performing Test CMAKE_HAVE_LIBC_PTHREAD - Failed
[1.208s] -- Looking for pthread_create in pthreads
[1.263s] -- Looking for pthread_create in pthreads - not found
[1.263s] -- Looking for pthread_create in pthread
[1.327s] -- Looking for pthread_create in pthread - found
[1.328s] -- Found Threads: TRUE  
[1.755s] -- Found tf2_geometry_msgs: 0.13.14 (/opt/ros/foxy/share/tf2_geometry_msgs/cmake)
[1.762s] -- Found eigen3_cmake_module: 0.1.1 (/opt/ros/foxy/share/eigen3_cmake_module/cmake)
[1.765s] -- Found Eigen3: TRUE (found version "3.3.7") 
[1.789s] -- Found sensor_msgs: 2.0.5 (/opt/ros/foxy/share/sensor_msgs/cmake)
[1.858s] -- Found visualization_msgs: 2.0.5 (/opt/ros/foxy/share/visualization_msgs/cmake)
[1.925s] -- Found openslam_gmapping: 0.1.2 (/home/phufoxy/ydlidar_x3/install/openslam_gmapping/share/openslam_gmapping/cmake)
[1.928s] -- Found ament_lint_auto: 0.9.8 (/opt/ros/foxy/share/ament_lint_auto/cmake)
[1.995s] -- Added test 'cppcheck' to perform static code analysis on C / C++ code
[1.995s] -- Configured cppcheck include dirs: /home/phufoxy/ydlidar_x3/src/slam_gmapping/include
[1.995s] -- Configured cppcheck exclude dirs and/or files: 
[1.996s] -- Added test 'flake8' to check Python code syntax and style conventions
[1.996s] -- Added test 'lint_cmake' to check CMake code style
[1.997s] -- Added test 'pep257' to check Python code against some of the style conventions in PEP 257
[1.998s] -- Added test 'uncrustify' to check C / C++ code style
[1.998s] -- Configured uncrustify additional arguments: 
[1.998s] -- Added test 'xmllint' to check XML markup files
[2.002s] -- Configuring done
[2.018s] -- Generating done
[2.020s] -- Build files have been written to: /home/phufoxy/ydlidar_x3/build/slam_gmapping
[2.027s] Invoked command in '/home/phufoxy/ydlidar_x3/build/slam_gmapping' returned '0': CMAKE_PREFIX_PATH=/home/phufoxy/ydlidar_x3/install/openslam_gmapping:/home/phufoxy/ydlidar_x3/install/ydlidar_sdk:/home/phufoxy/ydlidar_x3/install/ydlidar_ros2_driver:/home/phufoxy/ydlidar_x3/install/slam_gmapping:/opt/ros/foxy /usr/bin/cmake /home/phufoxy/ydlidar_x3/src/slam_gmapping -DAMENT_CMAKE_SYMLINK_INSTALL=1 -DCMAKE_INSTALL_PREFIX=/home/phufoxy/ydlidar_x3/install/slam_gmapping
[2.029s] Invoking command in '/home/phufoxy/ydlidar_x3/build/slam_gmapping': CMAKE_PREFIX_PATH=/home/phufoxy/ydlidar_x3/install/openslam_gmapping:/home/phufoxy/ydlidar_x3/install/ydlidar_sdk:/home/phufoxy/ydlidar_x3/install/ydlidar_ros2_driver:/home/phufoxy/ydlidar_x3/install/slam_gmapping:/opt/ros/foxy /usr/bin/cmake --build /home/phufoxy/ydlidar_x3/build/slam_gmapping -- -j8 -l8
[2.065s] [35m[1mScanning dependencies of target transform[0m
[2.065s] [35m[1mScanning dependencies of target slam_gmapping[0m
[2.111s] [ 50%] [32mBuilding CXX object CMakeFiles/transform.dir/src/transform.cpp.o[0m
[2.111s] [ 50%] [32mBuilding CXX object CMakeFiles/slam_gmapping.dir/src/slam_gmapping.cpp.o[0m
[3.368s] In file included from [01m[K/home/phufoxy/ydlidar_x3/install/openslam_gmapping/include/gmapping/gridfastslam/gridslamprocessor.h:9[m[K,
[3.368s]                  from [01m[K/home/phufoxy/ydlidar_x3/src/slam_gmapping/include/slam_gmapping/slam_gmapping.h:45[m[K,
[3.368s]                  from [01m[K/home/phufoxy/ydlidar_x3/src/slam_gmapping/src/slam_gmapping.cpp:24[m[K:
[3.368s] [01m[K/home/phufoxy/ydlidar_x3/install/openslam_gmapping/include/gmapping/particlefilter/particlefilter.h:[m[K In function ‘[01m[Kvoid rle(OutputIterator&, const Iterator&, const Iterator&)[m[K’:
[3.368s] [01m[K/home/phufoxy/ydlidar_x3/install/openslam_gmapping/include/gmapping/particlefilter/particlefilter.h:140:2:[m[K [01;35m[Kwarning: [m[Kthis ‘[01m[Kif[m[K’ clause does not guard... [[01;35m[K-Wmisleading-indentation[m[K]
[3.368s]   140 |  [01;35m[Kif[m[K (count>0)
[3.369s]       |  [01;35m[K^~[m[K
[3.369s] [01m[K/home/phufoxy/ydlidar_x3/install/openslam_gmapping/include/gmapping/particlefilter/particlefilter.h:142:3:[m[K [01;36m[Knote: [m[K...this statement, but the latter is misleadingly indented as if it were guarded by the ‘[01m[Kif[m[K’
[3.369s]   142 |   [01;36m[Kout[m[K++;
[3.369s]       |   [01;36m[K^~~[m[K
[3.373s] In file included from [01m[K/home/phufoxy/ydlidar_x3/install/openslam_gmapping/include/gmapping/gridfastslam/gridslamprocessor.h:10[m[K,
[3.373s]                  from [01m[K/home/phufoxy/ydlidar_x3/src/slam_gmapping/include/slam_gmapping/slam_gmapping.h:45[m[K,
[3.373s]                  from [01m[K/home/phufoxy/ydlidar_x3/src/slam_gmapping/src/slam_gmapping.cpp:24[m[K:
[3.373s] [01m[K/home/phufoxy/ydlidar_x3/install/openslam_gmapping/include/gmapping/utils/point.h:[m[K At global scope:
[3.373s] [01m[K/home/phufoxy/ydlidar_x3/install/openslam_gmapping/include/gmapping/utils/point.h:205:2:[m[K [01;35m[Kwarning: [m[Kextra ‘[01m[K;[m[K’ [[01;35m[K-Wpedantic[m[K]
[3.374s]   205 | }[01;35m[K;[m[K //end namespace
[3.374s]       |  [01;35m[K^[m[K
[3.374s] In file included from [01m[K/home/phufoxy/ydlidar_x3/install/openslam_gmapping/include/gmapping/sensor/sensor_base/sensorreading.h:4[m[K,
[3.374s]                  from [01m[K/home/phufoxy/ydlidar_x3/install/openslam_gmapping/include/gmapping/log/sensorlog.h:6[m[K,
[3.374s]                  from [01m[K/home/phufoxy/ydlidar_x3/install/openslam_gmapping/include/gmapping/gridfastslam/gridslamprocessor.h:12[m[K,
[3.374s]                  from [01m[K/home/phufoxy/ydlidar_x3/src/slam_gmapping/include/slam_gmapping/slam_gmapping.h:45[m[K,
[3.374s]                  from [01m[K/home/phufoxy/ydlidar_x3/src/slam_gmapping/src/slam_gmapping.cpp:24[m[K:
[3.374s] [01m[K/home/phufoxy/ydlidar_x3/install/openslam_gmapping/include/gmapping/sensor/sensor_base/sensor.h:21:2:[m[K [01;35m[Kwarning: [m[Kextra ‘[01m[K;[m[K’ [[01;35m[K-Wpedantic[m[K]
[3.374s]    21 | }[01;35m[K;[m[K //end namespace
[3.374s]       |  [01;35m[K^[m[K
[3.375s] In file included from [01m[K/home/phufoxy/ydlidar_x3/install/openslam_gmapping/include/gmapping/log/sensorlog.h:6[m[K,
[3.375s]                  from [01m[K/home/phufoxy/ydlidar_x3/install/openslam_gmapping/include/gmapping/gridfastslam/gridslamprocessor.h:12[m[K,
[3.375s]                  from [01m[K/home/phufoxy/ydlidar_x3/src/slam_gmapping/include/slam_gmapping/slam_gmapping.h:45[m[K,
[3.375s]                  from [01m[K/home/phufoxy/ydlidar_x3/src/slam_gmapping/src/slam_gmapping.cpp:24[m[K:
[3.375s] [01m[K/home/phufoxy/ydlidar_x3/install/openslam_gmapping/include/gmapping/sensor/sensor_base/sensorreading.h:23:2:[m[K [01;35m[Kwarning: [m[Kextra ‘[01m[K;[m[K’ [[01;35m[K-Wpedantic[m[K]
[3.375s]    23 | }[01;35m[K;[m[K //end namespace
[3.375s]       |  [01;35m[K^[m[K
[3.375s] In file included from [01m[K/home/phufoxy/ydlidar_x3/install/openslam_gmapping/include/gmapping/log/sensorlog.h:7[m[K,
[3.375s]                  from [01m[K/home/phufoxy/ydlidar_x3/install/openslam_gmapping/include/gmapping/gridfastslam/gridslamprocessor.h:12[m[K,
[3.376s]                  from [01m[K/home/phufoxy/ydlidar_x3/src/slam_gmapping/include/slam_gmapping/slam_gmapping.h:45[m[K,
[3.376s]                  from [01m[K/home/phufoxy/ydlidar_x3/src/slam_gmapping/src/slam_gmapping.cpp:24[m[K:
[3.376s] [01m[K/home/phufoxy/ydlidar_x3/install/openslam_gmapping/include/gmapping/sensor/sensor_odometry/odometrysensor.h:17:2:[m[K [01;35m[Kwarning: [m[Kextra ‘[01m[K;[m[K’ [[01;35m[K-Wpedantic[m[K]
[3.376s]    17 | }[01;35m[K;[m[K
[3.376s]       |  [01;35m[K^[m[K
[3.377s] In file included from [01m[K/home/phufoxy/ydlidar_x3/install/openslam_gmapping/include/gmapping/log/sensorlog.h:8[m[K,
[3.377s]                  from [01m[K/home/phufoxy/ydlidar_x3/install/openslam_gmapping/include/gmapping/gridfastslam/gridslamprocessor.h:12[m[K,
[3.377s]                  from [01m[K/home/phufoxy/ydlidar_x3/src/slam_gmapping/include/slam_gmapping/slam_gmapping.h:45[m[K,
[3.377s]                  from [01m[K/home/phufoxy/ydlidar_x3/src/slam_gmapping/src/slam_gmapping.cpp:24[m[K:
[3.377s] [01m[K/home/phufoxy/ydlidar_x3/install/openslam_gmapping/include/gmapping/sensor/sensor_range/rangesensor.h:33:2:[m[K [01;35m[Kwarning: [m[Kextra ‘[01m[K;[m[K’ [[01;35m[K-Wpedantic[m[K]
[3.377s]    33 | }[01;35m[K;[m[K
[3.378s]       |  [01;35m[K^[m[K
[3.378s] In file included from [01m[K/home/phufoxy/ydlidar_x3/install/openslam_gmapping/include/gmapping/log/sensorlog.h:9[m[K,
[3.378s]                  from [01m[K/home/phufoxy/ydlidar_x3/install/openslam_gmapping/include/gmapping/gridfastslam/gridslamprocessor.h:12[m[K,
[3.378s]                  from [01m[K/home/phufoxy/ydlidar_x3/src/slam_gmapping/include/slam_gmapping/slam_gmapping.h:45[m[K,
[3.378s]                  from [01m[K/home/phufoxy/ydlidar_x3/src/slam_gmapping/src/slam_gmapping.cpp:24[m[K:
[3.378s] [01m[K/home/phufoxy/ydlidar_x3/install/openslam_gmapping/include/gmapping/sensor/sensor_odometry/odometryreading.h:27:2:[m[K [01;35m[Kwarning: [m[Kextra ‘[01m[K;[m[K’ [[01;35m[K-Wpedantic[m[K]
[3.378s]    27 | }[01;35m[K;[m[K
[3.378s]       |  [01;35m[K^[m[K
[3.378s] In file included from [01m[K/home/phufoxy/ydlidar_x3/install/openslam_gmapping/include/gmapping/log/sensorlog.h:10[m[K,
[3.378s]                  from [01m[K/home/phufoxy/ydlidar_x3/install/openslam_gmapping/include/gmapping/gridfastslam/gridslamprocessor.h:12[m[K,
[3.379s]                  from [01m[K/home/phufoxy/ydlidar_x3/src/slam_gmapping/include/slam_gmapping/slam_gmapping.h:45[m[K,
[3.379s]                  from [01m[K/home/phufoxy/ydlidar_x3/src/slam_gmapping/src/slam_gmapping.cpp:24[m[K:
[3.379s] [01m[K/home/phufoxy/ydlidar_x3/install/openslam_gmapping/include/gmapping/sensor/sensor_range/rangereading.h:24:2:[m[K [01;35m[Kwarning: [m[Kextra ‘[01m[K;[m[K’ [[01;35m[K-Wpedantic[m[K]
[3.379s]    24 | }[01;35m[K;[m[K
[3.379s]       |  [01;35m[K^[m[K
[3.379s] In file included from [01m[K/home/phufoxy/ydlidar_x3/install/openslam_gmapping/include/gmapping/log/sensorlog.h:11[m[K,
[3.379s]                  from [01m[K/home/phufoxy/ydlidar_x3/install/openslam_gmapping/include/gmapping/gridfastslam/gridslamprocessor.h:12[m[K,
[3.379s]                  from [01m[K/home/phufoxy/ydlidar_x3/src/slam_gmapping/include/slam_gmapping/slam_gmapping.h:45[m[K,
[3.379s]                  from [01m[K/home/phufoxy/ydlidar_x3/src/slam_gmapping/src/slam_gmapping.cpp:24[m[K:
[3.379s] [01m[K/home/phufoxy/ydlidar_x3/install/openslam_gmapping/include/gmapping/log/configuration.h:15:2:[m[K [01;35m[Kwarning: [m[Kextra ‘[01m[K;[m[K’ [[01;35m[K-Wpedantic[m[K]
[3.379s]    15 | }[01;35m[K;[m[K
[3.379s]       |  [01;35m[K^[m[K
[3.381s] In file included from [01m[K/home/phufoxy/ydlidar_x3/install/openslam_gmapping/include/gmapping/gridfastslam/gridslamprocessor.h:12[m[K,
[3.381s]                  from [01m[K/home/phufoxy/ydlidar_x3/src/slam_gmapping/include/slam_gmapping/slam_gmapping.h:45[m[K,
[3.381s]                  from [01m[K/home/phufoxy/ydlidar_x3/src/slam_gmapping/src/slam_gmapping.cpp:24[m[K:
[3.381s] [01m[K/home/phufoxy/ydlidar_x3/install/openslam_gmapping/include/gmapping/log/sensorlog.h:27:2:[m[K [01;35m[Kwarning: [m[Kextra ‘[01m[K;[m[K’ [[01;35m[K-Wpedantic[m[K]
[3.381s]    27 | }[01;35m[K;[m[K
[3.381s]       |  [01;35m[K^[m[K
[3.383s] In file included from [01m[K/home/phufoxy/ydlidar_x3/install/openslam_gmapping/include/gmapping/grid/map.h:5[m[K,
[3.383s]                  from [01m[K/home/phufoxy/ydlidar_x3/install/openslam_gmapping/include/gmapping/scanmatcher/smmap.h:3[m[K,
[3.383s]                  from [01m[K/home/phufoxy/ydlidar_x3/install/openslam_gmapping/include/gmapping/scanmatcher/scanmatcher.h:5[m[K,
[3.383s]                  from [01m[K/home/phufoxy/ydlidar_x3/install/openslam_gmapping/include/gmapping/gridfastslam/gridslamprocessor.h:15[m[K,
[3.383s]                  from [01m[K/home/phufoxy/ydlidar_x3/src/slam_gmapping/include/slam_gmapping/slam_gmapping.h:45[m[K,
[3.383s]                  from [01m[K/home/phufoxy/ydlidar_x3/src/slam_gmapping/src/slam_gmapping.cpp:24[m[K:
[3.383s] [01m[K/home/phufoxy/ydlidar_x3/install/openslam_gmapping/include/gmapping/grid/accessstate.h:6:2:[m[K [01;35m[Kwarning: [m[Kextra ‘[01m[K;[m[K’ [[01;35m[K-Wpedantic[m[K]
[3.383s]     6 | }[01;35m[K;[m[K
[3.383s]       |  [01;35m[K^[m[K
[3.386s] In file included from [01m[K/home/phufoxy/ydlidar_x3/install/openslam_gmapping/include/gmapping/grid/map.h:6[m[K,
[3.386s]                  from [01m[K/home/phufoxy/ydlidar_x3/install/openslam_gmapping/include/gmapping/scanmatcher/smmap.h:3[m[K,
[3.386s]                  from [01m[K/home/phufoxy/ydlidar_x3/install/openslam_gmapping/include/gmapping/scanmatcher/scanmatcher.h:5[m[K,
[3.386s]                  from [01m[K/home/phufoxy/ydlidar_x3/install/openslam_gmapping/include/gmapping/gridfastslam/gridslamprocessor.h:15[m[K,
[3.386s]                  from [01m[K/home/phufoxy/ydlidar_x3/src/slam_gmapping/include/slam_gmapping/slam_gmapping.h:45[m[K,
[3.386s]                  from [01m[K/home/phufoxy/ydlidar_x3/src/slam_gmapping/src/slam_gmapping.cpp:24[m[K:
[3.386s] [01m[K/home/phufoxy/ydlidar_x3/install/openslam_gmapping/include/gmapping/grid/array2d.h:185:2:[m[K [01;35m[Kwarning: [m[Kextra ‘[01m[K;[m[K’ [[01;35m[K-Wpedantic[m[K]
[3.386s]   185 | }[01;35m[K;[m[K
[3.386s]       |  [01;35m[K^[m[K
[3.388s] In file included from [01m[K/home/phufoxy/ydlidar_x3/install/openslam_gmapping/include/gmapping/scanmatcher/smmap.h:3[m[K,
[3.388s]                  from [01m[K/home/phufoxy/ydlidar_x3/install/openslam_gmapping/include/gmapping/scanmatcher/scanmatcher.h:5[m[K,
[3.388s]                  from [01m[K/home/phufoxy/ydlidar_x3/install/openslam_gmapping/include/gmapping/gridfastslam/gridslamprocessor.h:15[m[K,
[3.388s]                  from [01m[K/home/phufoxy/ydlidar_x3/src/slam_gmapping/include/slam_gmapping/slam_gmapping.h:45[m[K,
[3.388s]                  from [01m[K/home/phufoxy/ydlidar_x3/src/slam_gmapping/src/slam_gmapping.cpp:24[m[K:
[3.388s] [01m[K/home/phufoxy/ydlidar_x3/install/openslam_gmapping/include/gmapping/grid/map.h:262:2:[m[K [01;35m[Kwarning: [m[Kextra ‘[01m[K;[m[K’ [[01;35m[K-Wpedantic[m[K]
[3.389s]   262 | }[01;35m[K;[m[K
[3.389s]       |  [01;35m[K^[m[K
[3.389s] In file included from [01m[K/home/phufoxy/ydlidar_x3/install/openslam_gmapping/include/gmapping/gridfastslam/gridslamprocessor.h:9[m[K,
[3.389s]                  from [01m[K/home/phufoxy/ydlidar_x3/src/slam_gmapping/include/slam_gmapping/transform.h:25[m[K,
[3.389s]                  from [01m[K/home/phufoxy/ydlidar_x3/src/slam_gmapping/src/transform.cpp:3[m[K:
[3.389s] [01m[K/home/phufoxy/ydlidar_x3/install/openslam_gmapping/include/gmapping/particlefilter/particlefilter.h:[m[K In function ‘[01m[Kvoid rle(OutputIterator&, const Iterator&, const Iterator&)[m[K’:
[3.389s] [01m[K/home/phufoxy/ydlidar_x3/install/openslam_gmapping/include/gmapping/particlefilter/particlefilter.h:140:2:[m[K [01;35m[Kwarning: [m[Kthis ‘[01m[Kif[m[K’ clause does not guard... [[01;35m[K-Wmisleading-indentation[m[K]
[3.389s]   140 |  [01;35m[Kif[m[K (count>0)
[3.389s]       |  [01;35m[K^~[m[K
[3.389s] [01m[K/home/phufoxy/ydlidar_x3/install/openslam_gmapping/include/gmapping/particlefilter/particlefilter.h:142:3:[m[K [01;36m[Knote: [m[K...this statement, but the latter is misleadingly indented as if it were guarded by the ‘[01m[Kif[m[K’
[3.389s]   142 |   [01;36m[Kout[m[K++;
[3.389s]       |   [01;36m[K^~~[m[K
[3.389s] In file included from [01m[K/home/phufoxy/ydlidar_x3/install/openslam_gmapping/include/gmapping/grid/harray2d.h:5[m[K,
[3.389s]                  from [01m[K/home/phufoxy/ydlidar_x3/install/openslam_gmapping/include/gmapping/scanmatcher/smmap.h:4[m[K,
[3.389s]                  from [01m[K/home/phufoxy/ydlidar_x3/install/openslam_gmapping/include/gmapping/scanmatcher/scanmatcher.h:5[m[K,
[3.390s]                  from [01m[K/home/phufoxy/ydlidar_x3/install/openslam_gmapping/include/gmapping/gridfastslam/gridslamprocessor.h:15[m[K,
[3.390s]                  from [01m[K/home/phufoxy/ydlidar_x3/src/slam_gmapping/include/slam_gmapping/slam_gmapping.h:45[m[K,
[3.390s]                  from [01m[K/home/phufoxy/ydlidar_x3/src/slam_gmapping/src/slam_gmapping.cpp:24[m[K:
[3.390s] [01m[K/home/phufoxy/ydlidar_x3/install/openslam_gmapping/include/gmapping/utils/autoptr.h:96:2:[m[K [01;35m[Kwarning: [m[Kextra ‘[01m[K;[m[K’ [[01;35m[K-Wpedantic[m[K]
[3.390s]    96 | }[01;35m[K;[m[K
[3.390s]       |  [01;35m[K^[m[K
[3.393s] In file included from [01m[K/home/phufoxy/ydlidar_x3/install/openslam_gmapping/include/gmapping/gridfastslam/gridslamprocessor.h:10[m[K,
[3.393s]                  from [01m[K/home/phufoxy/ydlidar_x3/src/slam_gmapping/include/slam_gmapping/transform.h:25[m[K,
[3.393s]                  from [01m[K/home/phufoxy/ydlidar_x3/src/slam_gmapping/src/transform.cpp:3[m[K:
[3.393s] [01m[K/home/phufoxy/ydlidar_x3/install/openslam_gmapping/include/gmapping/utils/point.h:[m[K At global scope:
[3.394s] [01m[K/home/phufoxy/ydlidar_x3/install/openslam_gmapping/include/gmapping/utils/point.h:205:2:[m[K [01;35m[Kwarning: [m[Kextra ‘[01m[K;[m[K’ [[01;35m[K-Wpedantic[m[K]
[3.394s]   205 | }[01;35m[K;[m[K //end namespace
[3.394s]       |  [01;35m[K^[m[K
[3.394s] In file included from [01m[K/home/phufoxy/ydlidar_x3/install/openslam_gmapping/include/gmapping/sensor/sensor_base/sensorreading.h:4[m[K,
[3.394s]                  from [01m[K/home/phufoxy/ydlidar_x3/install/openslam_gmapping/include/gmapping/log/sensorlog.h:6[m[K,
[3.394s]                  from [01m[K/home/phufoxy/ydlidar_x3/install/openslam_gmapping/include/gmapping/gridfastslam/gridslamprocessor.h:12[m[K,
[3.394s]                  from [01m[K/home/phufoxy/ydlidar_x3/src/slam_gmapping/include/slam_gmapping/transform.h:25[m[K,
[3.394s]                  from [01m[K/home/phufoxy/ydlidar_x3/src/slam_gmapping/src/transform.cpp:3[m[K:
[3.394s] [01m[K/home/phufoxy/ydlidar_x3/install/openslam_gmapping/include/gmapping/sensor/sensor_base/sensor.h:21:2:[m[K [01;35m[Kwarning: [m[Kextra ‘[01m[K;[m[K’ [[01;35m[K-Wpedantic[m[K]
[3.394s]    21 | }[01;35m[K;[m[K //end namespace
[3.394s]       |  [01;35m[K^[m[K
[3.394s] In file included from [01m[K/home/phufoxy/ydlidar_x3/install/openslam_gmapping/include/gmapping/log/sensorlog.h:6[m[K,
[3.394s]                  from [01m[K/home/phufoxy/ydlidar_x3/install/openslam_gmapping/include/gmapping/gridfastslam/gridslamprocessor.h:12[m[K,
[3.394s]                  from [01m[K/home/phufoxy/ydlidar_x3/src/slam_gmapping/include/slam_gmapping/transform.h:25[m[K,
[3.395s]                  from [01m[K/home/phufoxy/ydlidar_x3/src/slam_gmapping/src/transform.cpp:3[m[K:
[3.395s] [01m[K/home/phufoxy/ydlidar_x3/install/openslam_gmapping/include/gmapping/sensor/sensor_base/sensorreading.h:23:2:[m[K [01;35m[Kwarning: [m[Kextra ‘[01m[K;[m[K’ [[01;35m[K-Wpedantic[m[K]
[3.395s]    23 | }[01;35m[K;[m[K //end namespace
[3.395s]       |  [01;35m[K^[m[K
[3.395s] In file included from [01m[K/home/phufoxy/ydlidar_x3/install/openslam_gmapping/include/gmapping/log/sensorlog.h:7[m[K,
[3.395s]                  from [01m[K/home/phufoxy/ydlidar_x3/install/openslam_gmapping/include/gmapping/gridfastslam/gridslamprocessor.h:12[m[K,
[3.395s]                  from [01m[K/home/phufoxy/ydlidar_x3/src/slam_gmapping/include/slam_gmapping/transform.h:25[m[K,
[3.395s]                  from [01m[K/home/phufoxy/ydlidar_x3/src/slam_gmapping/src/transform.cpp:3[m[K:
[3.395s] [01m[K/home/phufoxy/ydlidar_x3/install/openslam_gmapping/include/gmapping/sensor/sensor_odometry/odometrysensor.h:17:2:[m[K [01;35m[Kwarning: [m[Kextra ‘[01m[K;[m[K’ [[01;35m[K-Wpedantic[m[K]
[3.395s]    17 | }[01;35m[K;[m[K
[3.395s]       |  [01;35m[K^[m[K
[3.396s] In file included from [01m[K/home/phufoxy/ydlidar_x3/install/openslam_gmapping/include/gmapping/log/sensorlog.h:8[m[K,
[3.396s]                  from [01m[K/home/phufoxy/ydlidar_x3/install/openslam_gmapping/include/gmapping/gridfastslam/gridslamprocessor.h:12[m[K,
[3.396s]                  from [01m[K/home/phufoxy/ydlidar_x3/src/slam_gmapping/include/slam_gmapping/transform.h:25[m[K,
[3.396s]                  from [01m[K/home/phufoxy/ydlidar_x3/src/slam_gmapping/src/transform.cpp:3[m[K:
[3.396s] [01m[K/home/phufoxy/ydlidar_x3/install/openslam_gmapping/include/gmapping/sensor/sensor_range/rangesensor.h:33:2:[m[K [01;35m[Kwarning: [m[Kextra ‘[01m[K;[m[K’ [[01;35m[K-Wpedantic[m[K]
[3.397s]    33 | }[01;35m[K;[m[K
[3.397s]       |  [01;35m[K^[m[K
[3.397s] In file included from [01m[K/home/phufoxy/ydlidar_x3/install/openslam_gmapping/include/gmapping/log/sensorlog.h:9[m[K,
[3.397s]                  from [01m[K/home/phufoxy/ydlidar_x3/install/openslam_gmapping/include/gmapping/gridfastslam/gridslamprocessor.h:12[m[K,
[3.397s]                  from [01m[K/home/phufoxy/ydlidar_x3/src/slam_gmapping/include/slam_gmapping/transform.h:25[m[K,
[3.397s]                  from [01m[K/home/phufoxy/ydlidar_x3/src/slam_gmapping/src/transform.cpp:3[m[K:
[3.397s] [01m[K/home/phufoxy/ydlidar_x3/install/openslam_gmapping/include/gmapping/sensor/sensor_odometry/odometryreading.h:27:2:[m[K [01;35m[Kwarning: [m[Kextra ‘[01m[K;[m[K’ [[01;35m[K-Wpedantic[m[K]
[3.397s]    27 | }[01;35m[K;[m[K
[3.397s]       |  [01;35m[K^[m[K
[3.397s] In file included from [01m[K/home/phufoxy/ydlidar_x3/install/openslam_gmapping/include/gmapping/scanmatcher/smmap.h:4[m[K,
[3.397s]                  from [01m[K/home/phufoxy/ydlidar_x3/install/openslam_gmapping/include/gmapping/scanmatcher/scanmatcher.h:5[m[K,
[3.397s]                  from [01m[K/home/phufoxy/ydlidar_x3/install/openslam_gmapping/include/gmapping/gridfastslam/gridslamprocessor.h:15[m[K,
[3.397s]                  from [01m[K/home/phufoxy/ydlidar_x3/src/slam_gmapping/include/slam_gmapping/slam_gmapping.h:45[m[K,
[3.397s]                  from [01m[K/home/phufoxy/ydlidar_x3/src/slam_gmapping/src/slam_gmapping.cpp:24[m[K:
[3.397s] [01m[K/home/phufoxy/ydlidar_x3/install/openslam_gmapping/include/gmapping/grid/harray2d.h:197:2:[m[K [01;35m[Kwarning: [m[Kextra ‘[01m[K;[m[K’ [[01;35m[K-Wpedantic[m[K]
[3.397s]   197 | }[01;35m[K;[m[K
[3.398s]       |  [01;35m[K^[m[K
[3.398s] In file included from [01m[K/home/phufoxy/ydlidar_x3/install/openslam_gmapping/include/gmapping/log/sensorlog.h:10[m[K,
[3.398s]                  from [01m[K/home/phufoxy/ydlidar_x3/install/openslam_gmapping/include/gmapping/gridfastslam/gridslamprocessor.h:12[m[K,
[3.398s]                  from [01m[K/home/phufoxy/ydlidar_x3/src/slam_gmapping/include/slam_gmapping/transform.h:25[m[K,
[3.398s]                  from [01m[K/home/phufoxy/ydlidar_x3/src/slam_gmapping/src/transform.cpp:3[m[K:
[3.398s] [01m[K/home/phufoxy/ydlidar_x3/install/openslam_gmapping/include/gmapping/sensor/sensor_range/rangereading.h:24:2:[m[K [01;35m[Kwarning: [m[Kextra ‘[01m[K;[m[K’ [[01;35m[K-Wpedantic[m[K]
[3.398s]    24 | }[01;35m[K;[m[K
[3.398s]       |  [01;35m[K^[m[K
[3.398s] In file included from [01m[K/home/phufoxy/ydlidar_x3/install/openslam_gmapping/include/gmapping/log/sensorlog.h:11[m[K,
[3.398s]                  from [01m[K/home/phufoxy/ydlidar_x3/install/openslam_gmapping/include/gmapping/gridfastslam/gridslamprocessor.h:12[m[K,
[3.398s]                  from [01m[K/home/phufoxy/ydlidar_x3/src/slam_gmapping/include/slam_gmapping/transform.h:25[m[K,
[3.398s]                  from [01m[K/home/phufoxy/ydlidar_x3/src/slam_gmapping/src/transform.cpp:3[m[K:
[3.398s] [01m[K/home/phufoxy/ydlidar_x3/install/openslam_gmapping/include/gmapping/log/configuration.h:15:2:[m[K [01;35m[Kwarning: [m[Kextra ‘[01m[K;[m[K’ [[01;35m[K-Wpedantic[m[K]
[3.398s]    15 | }[01;35m[K;[m[K
[3.398s]       |  [01;35m[K^[m[K
[3.398s] In file included from [01m[K/home/phufoxy/ydlidar_x3/install/openslam_gmapping/include/gmapping/scanmatcher/scanmatcher.h:5[m[K,
[3.398s]                  from [01m[K/home/phufoxy/ydlidar_x3/install/openslam_gmapping/include/gmapping/gridfastslam/gridslamprocessor.h:15[m[K,
[3.399s]                  from [01m[K/home/phufoxy/ydlidar_x3/src/slam_gmapping/include/slam_gmapping/slam_gmapping.h:45[m[K,
[3.399s]                  from [01m[K/home/phufoxy/ydlidar_x3/src/slam_gmapping/src/slam_gmapping.cpp:24[m[K:
[3.399s] [01m[K/home/phufoxy/ydlidar_x3/install/openslam_gmapping/include/gmapping/scanmatcher/smmap.h:52:2:[m[K [01;35m[Kwarning: [m[Kextra ‘[01m[K;[m[K’ [[01;35m[K-Wpedantic[m[K]
[3.399s]    52 | }[01;35m[K;[m[K
[3.399s]       |  [01;35m[K^[m[K
[3.399s] In file included from [01m[K/home/phufoxy/ydlidar_x3/install/openslam_gmapping/include/gmapping/gridfastslam/gridslamprocessor.h:12[m[K,
[3.399s]                  from [01m[K/home/phufoxy/ydlidar_x3/src/slam_gmapping/include/slam_gmapping/transform.h:25[m[K,
[3.399s]                  from [01m[K/home/phufoxy/ydlidar_x3/src/slam_gmapping/src/transform.cpp:3[m[K:
[3.399s] [01m[K/home/phufoxy/ydlidar_x3/install/openslam_gmapping/include/gmapping/log/sensorlog.h:27:2:[m[K [01;35m[Kwarning: [m[Kextra ‘[01m[K;[m[K’ [[01;35m[K-Wpedantic[m[K]
[3.399s]    27 | }[01;35m[K;[m[K
[3.399s]       |  [01;35m[K^[m[K
[3.399s] In file included from [01m[K/home/phufoxy/ydlidar_x3/install/openslam_gmapping/include/gmapping/scanmatcher/scanmatcher.h:7[m[K,
[3.400s]                  from [01m[K/home/phufoxy/ydlidar_x3/install/openslam_gmapping/include/gmapping/gridfastslam/gridslamprocessor.h:15[m[K,
[3.400s]                  from [01m[K/home/phufoxy/ydlidar_x3/src/slam_gmapping/include/slam_gmapping/slam_gmapping.h:45[m[K,
[3.400s]                  from [01m[K/home/phufoxy/ydlidar_x3/src/slam_gmapping/src/slam_gmapping.cpp:24[m[K:
[3.400s] [01m[K/home/phufoxy/ydlidar_x3/install/openslam_gmapping/include/gmapping/utils/stat.h:145:2:[m[K [01;35m[Kwarning: [m[Kextra ‘[01m[K;[m[K’ [[01;35m[K-Wpedantic[m[K]
[3.400s]   145 | }[01;35m[K;[m[K //end namespace
[3.400s]       |  [01;35m[K^[m[K
[3.401s] In file included from [01m[K/home/phufoxy/ydlidar_x3/install/openslam_gmapping/include/gmapping/grid/map.h:5[m[K,
[3.401s]                  from [01m[K/home/phufoxy/ydlidar_x3/install/openslam_gmapping/include/gmapping/scanmatcher/smmap.h:3[m[K,
[3.401s]                  from [01m[K/home/phufoxy/ydlidar_x3/install/openslam_gmapping/include/gmapping/scanmatcher/scanmatcher.h:5[m[K,
[3.401s]                  from [01m[K/home/phufoxy/ydlidar_x3/install/openslam_gmapping/include/gmapping/gridfastslam/gridslamprocessor.h:15[m[K,
[3.401s]                  from [01m[K/home/phufoxy/ydlidar_x3/src/slam_gmapping/include/slam_gmapping/transform.h:25[m[K,
[3.401s]                  from [01m[K/home/phufoxy/ydlidar_x3/src/slam_gmapping/src/transform.cpp:3[m[K:
[3.402s] [01m[K/home/phufoxy/ydlidar_x3/install/openslam_gmapping/include/gmapping/grid/accessstate.h:6:2:[m[K [01;35m[Kwarning: [m[Kextra ‘[01m[K;[m[K’ [[01;35m[K-Wpedantic[m[K]
[3.402s]     6 | }[01;35m[K;[m[K
[3.402s]       |  [01;35m[K^[m[K
[3.404s] In file included from [01m[K/home/phufoxy/ydlidar_x3/install/openslam_gmapping/include/gmapping/grid/map.h:6[m[K,
[3.404s]                  from [01m[K/home/phufoxy/ydlidar_x3/install/openslam_gmapping/include/gmapping/scanmatcher/smmap.h:3[m[K,
[3.404s]                  from [01m[K/home/phufoxy/ydlidar_x3/install/openslam_gmapping/include/gmapping/scanmatcher/scanmatcher.h:5[m[K,
[3.404s]                  from [01m[K/home/phufoxy/ydlidar_x3/install/openslam_gmapping/include/gmapping/gridfastslam/gridslamprocessor.h:15[m[K,
[3.404s]                  from [01m[K/home/phufoxy/ydlidar_x3/src/slam_gmapping/include/slam_gmapping/transform.h:25[m[K,
[3.404s]                  from [01m[K/home/phufoxy/ydlidar_x3/src/slam_gmapping/src/transform.cpp:3[m[K:
[3.404s] [01m[K/home/phufoxy/ydlidar_x3/install/openslam_gmapping/include/gmapping/grid/array2d.h:185:2:[m[K [01;35m[Kwarning: [m[Kextra ‘[01m[K;[m[K’ [[01;35m[K-Wpedantic[m[K]
[3.405s]   185 | }[01;35m[K;[m[K
[3.405s]       |  [01;35m[K^[m[K
[3.406s] In file included from [01m[K/home/phufoxy/ydlidar_x3/install/openslam_gmapping/include/gmapping/scanmatcher/smmap.h:3[m[K,
[3.406s]                  from [01m[K/home/phufoxy/ydlidar_x3/install/openslam_gmapping/include/gmapping/scanmatcher/scanmatcher.h:5[m[K,
[3.407s]                  from [01m[K/home/phufoxy/ydlidar_x3/install/openslam_gmapping/include/gmapping/gridfastslam/gridslamprocessor.h:15[m[K,
[3.407s]                  from [01m[K/home/phufoxy/ydlidar_x3/src/slam_gmapping/include/slam_gmapping/transform.h:25[m[K,
[3.407s]                  from [01m[K/home/phufoxy/ydlidar_x3/src/slam_gmapping/src/transform.cpp:3[m[K:
[3.407s] [01m[K/home/phufoxy/ydlidar_x3/install/openslam_gmapping/include/gmapping/grid/map.h:262:2:[m[K [01;35m[Kwarning: [m[Kextra ‘[01m[K;[m[K’ [[01;35m[K-Wpedantic[m[K]
[3.407s]   262 | }[01;35m[K;[m[K
[3.407s]       |  [01;35m[K^[m[K
[3.407s] In file included from [01m[K/home/phufoxy/ydlidar_x3/install/openslam_gmapping/include/gmapping/grid/harray2d.h:5[m[K,
[3.407s]                  from [01m[K/home/phufoxy/ydlidar_x3/install/openslam_gmapping/include/gmapping/scanmatcher/smmap.h:4[m[K,
[3.407s]                  from [01m[K/home/phufoxy/ydlidar_x3/install/openslam_gmapping/include/gmapping/scanmatcher/scanmatcher.h:5[m[K,
[3.407s]                  from [01m[K/home/phufoxy/ydlidar_x3/install/openslam_gmapping/include/gmapping/gridfastslam/gridslamprocessor.h:15[m[K,
[3.407s]                  from [01m[K/home/phufoxy/ydlidar_x3/src/slam_gmapping/include/slam_gmapping/transform.h:25[m[K,
[3.407s]                  from [01m[K/home/phufoxy/ydlidar_x3/src/slam_gmapping/src/transform.cpp:3[m[K:
[3.407s] [01m[K/home/phufoxy/ydlidar_x3/install/openslam_gmapping/include/gmapping/utils/autoptr.h:96:2:[m[K [01;35m[Kwarning: [m[Kextra ‘[01m[K;[m[K’ [[01;35m[K-Wpedantic[m[K]
[3.407s]    96 | }[01;35m[K;[m[K
[3.407s]       |  [01;35m[K^[m[K
[3.409s] In file included from [01m[K/home/phufoxy/ydlidar_x3/install/openslam_gmapping/include/gmapping/gridfastslam/gridslamprocessor.h:15[m[K,
[3.409s]                  from [01m[K/home/phufoxy/ydlidar_x3/src/slam_gmapping/include/slam_gmapping/slam_gmapping.h:45[m[K,
[3.409s]                  from [01m[K/home/phufoxy/ydlidar_x3/src/slam_gmapping/src/slam_gmapping.cpp:24[m[K:
[3.409s] [01m[K/home/phufoxy/ydlidar_x3/install/openslam_gmapping/include/gmapping/scanmatcher/scanmatcher.h:250:2:[m[K [01;35m[Kwarning: [m[Kextra ‘[01m[K;[m[K’ [[01;35m[K-Wpedantic[m[K]
[3.409s]   250 | }[01;35m[K;[m[K
[3.409s]       |  [01;35m[K^[m[K
[3.409s] In file included from [01m[K/home/phufoxy/ydlidar_x3/install/openslam_gmapping/include/gmapping/gridfastslam/gridslamprocessor.h:16[m[K,
[3.409s]                  from [01m[K/home/phufoxy/ydlidar_x3/src/slam_gmapping/include/slam_gmapping/slam_gmapping.h:45[m[K,
[3.409s]                  from [01m[K/home/phufoxy/ydlidar_x3/src/slam_gmapping/src/slam_gmapping.cpp:24[m[K:
[3.409s] [01m[K/home/phufoxy/ydlidar_x3/install/openslam_gmapping/include/gmapping/gridfastslam/motionmodel.h:17:2:[m[K [01;35m[Kwarning: [m[Kextra ‘[01m[K;[m[K’ [[01;35m[K-Wpedantic[m[K]
[3.409s]    17 | }[01;35m[K;[m[K
[3.409s]       |  [01;35m[K^[m[K
[3.412s] In file included from [01m[K/home/phufoxy/ydlidar_x3/install/openslam_gmapping/include/gmapping/scanmatcher/smmap.h:4[m[K,
[3.412s]                  from [01m[K/home/phufoxy/ydlidar_x3/install/openslam_gmapping/include/gmapping/scanmatcher/scanmatcher.h:5[m[K,
[3.412s]                  from [01m[K/home/phufoxy/ydlidar_x3/install/openslam_gmapping/include/gmapping/gridfastslam/gridslamprocessor.h:15[m[K,
[3.412s]                  from [01m[K/home/phufoxy/ydlidar_x3/src/slam_gmapping/include/slam_gmapping/transform.h:25[m[K,
[3.413s]                  from [01m[K/home/phufoxy/ydlidar_x3/src/slam_gmapping/src/transform.cpp:3[m[K:
[3.413s] [01m[K/home/phufoxy/ydlidar_x3/install/openslam_gmapping/include/gmapping/grid/harray2d.h:197:2:[m[K [01;35m[Kwarning: [m[Kextra ‘[01m[K;[m[K’ [[01;35m[K-Wpedantic[m[K]
[3.413s]   197 | }[01;35m[K;[m[K
[3.413s]       |  [01;35m[K^[m[K
[3.413s] In file included from [01m[K/home/phufoxy/ydlidar_x3/install/openslam_gmapping/include/gmapping/scanmatcher/scanmatcher.h:5[m[K,
[3.413s]                  from [01m[K/home/phufoxy/ydlidar_x3/install/openslam_gmapping/include/gmapping/gridfastslam/gridslamprocessor.h:15[m[K,
[3.413s]                  from [01m[K/home/phufoxy/ydlidar_x3/src/slam_gmapping/include/slam_gmapping/transform.h:25[m[K,
[3.413s]                  from [01m[K/home/phufoxy/ydlidar_x3/src/slam_gmapping/src/transform.cpp:3[m[K:
[3.413s] [01m[K/home/phufoxy/ydlidar_x3/install/openslam_gmapping/include/gmapping/scanmatcher/smmap.h:52:2:[m[K [01;35m[Kwarning: [m[Kextra ‘[01m[K;[m[K’ [[01;35m[K-Wpedantic[m[K]
[3.414s]    52 | }[01;35m[K;[m[K
[3.414s]       |  [01;35m[K^[m[K
[3.414s] In file included from [01m[K/home/phufoxy/ydlidar_x3/install/openslam_gmapping/include/gmapping/scanmatcher/scanmatcher.h:7[m[K,
[3.414s]                  from [01m[K/home/phufoxy/ydlidar_x3/install/openslam_gmapping/include/gmapping/gridfastslam/gridslamprocessor.h:15[m[K,
[3.414s]                  from [01m[K/home/phufoxy/ydlidar_x3/src/slam_gmapping/include/slam_gmapping/transform.h:25[m[K,
[3.414s]                  from [01m[K/home/phufoxy/ydlidar_x3/src/slam_gmapping/src/transform.cpp:3[m[K:
[3.414s] [01m[K/home/phufoxy/ydlidar_x3/install/openslam_gmapping/include/gmapping/utils/stat.h:145:2:[m[K [01;35m[Kwarning: [m[Kextra ‘[01m[K;[m[K’ [[01;35m[K-Wpedantic[m[K]
[3.414s]   145 | }[01;35m[K;[m[K //end namespace
[3.415s]       |  [01;35m[K^[m[K
[3.423s] In file included from [01m[K/home/phufoxy/ydlidar_x3/install/openslam_gmapping/include/gmapping/gridfastslam/gridslamprocessor.h:15[m[K,
[3.423s]                  from [01m[K/home/phufoxy/ydlidar_x3/src/slam_gmapping/include/slam_gmapping/transform.h:25[m[K,
[3.423s]                  from [01m[K/home/phufoxy/ydlidar_x3/src/slam_gmapping/src/transform.cpp:3[m[K:
[3.423s] [01m[K/home/phufoxy/ydlidar_x3/install/openslam_gmapping/include/gmapping/scanmatcher/scanmatcher.h:250:2:[m[K [01;35m[Kwarning: [m[Kextra ‘[01m[K;[m[K’ [[01;35m[K-Wpedantic[m[K]
[3.423s]   250 | }[01;35m[K;[m[K
[3.423s]       |  [01;35m[K^[m[K
[3.423s] In file included from [01m[K/home/phufoxy/ydlidar_x3/install/openslam_gmapping/include/gmapping/gridfastslam/gridslamprocessor.h:16[m[K,
[3.424s]                  from [01m[K/home/phufoxy/ydlidar_x3/src/slam_gmapping/include/slam_gmapping/transform.h:25[m[K,
[3.424s]                  from [01m[K/home/phufoxy/ydlidar_x3/src/slam_gmapping/src/transform.cpp:3[m[K:
[3.424s] [01m[K/home/phufoxy/ydlidar_x3/install/openslam_gmapping/include/gmapping/gridfastslam/motionmodel.h:17:2:[m[K [01;35m[Kwarning: [m[Kextra ‘[01m[K;[m[K’ [[01;35m[K-Wpedantic[m[K]
[3.424s]    17 | }[01;35m[K;[m[K
[3.424s]       |  [01;35m[K^[m[K
[3.424s] In file included from [01m[K/home/phufoxy/ydlidar_x3/src/slam_gmapping/include/slam_gmapping/slam_gmapping.h:45[m[K,
[3.424s]                  from [01m[K/home/phufoxy/ydlidar_x3/src/slam_gmapping/src/slam_gmapping.cpp:24[m[K:
[3.424s] [01m[K/home/phufoxy/ydlidar_x3/install/openslam_gmapping/include/gmapping/gridfastslam/gridslamprocessor.h:335:2:[m[K [01;35m[Kwarning: [m[Kextra ‘[01m[K;[m[K’ [[01;35m[K-Wpedantic[m[K]
[3.424s]   335 | }[01;35m[K;[m[K
[3.424s]       |  [01;35m[K^[m[K
[3.437s] In file included from [01m[K/home/phufoxy/ydlidar_x3/src/slam_gmapping/include/slam_gmapping/transform.h:25[m[K,
[3.437s]                  from [01m[K/home/phufoxy/ydlidar_x3/src/slam_gmapping/src/transform.cpp:3[m[K:
[3.437s] [01m[K/home/phufoxy/ydlidar_x3/install/openslam_gmapping/include/gmapping/gridfastslam/gridslamprocessor.h:335:2:[m[K [01;35m[Kwarning: [m[Kextra ‘[01m[K;[m[K’ [[01;35m[K-Wpedantic[m[K]
[3.437s]   335 | }[01;35m[K;[m[K
[3.437s]       |  [01;35m[K^[m[K
[5.174s] [ 75%] [32m[1mLinking CXX executable transform[0m
[5.364s] [ 75%] Built target transform
[8.968s] [100%] [32m[1mLinking CXX executable slam_gmapping[0m
[9.325s] [100%] Built target slam_gmapping
[9.335s] Invoked command in '/home/phufoxy/ydlidar_x3/build/slam_gmapping' returned '0': CMAKE_PREFIX_PATH=/home/phufoxy/ydlidar_x3/install/openslam_gmapping:/home/phufoxy/ydlidar_x3/install/ydlidar_sdk:/home/phufoxy/ydlidar_x3/install/ydlidar_ros2_driver:/home/phufoxy/ydlidar_x3/install/slam_gmapping:/opt/ros/foxy /usr/bin/cmake --build /home/phufoxy/ydlidar_x3/build/slam_gmapping -- -j8 -l8
[9.359s] Invoking command in '/home/phufoxy/ydlidar_x3/build/slam_gmapping': CMAKE_PREFIX_PATH=/home/phufoxy/ydlidar_x3/install/openslam_gmapping:/home/phufoxy/ydlidar_x3/install/ydlidar_sdk:/home/phufoxy/ydlidar_x3/install/ydlidar_ros2_driver:/home/phufoxy/ydlidar_x3/install/slam_gmapping:/opt/ros/foxy /usr/bin/cmake --install /home/phufoxy/ydlidar_x3/build/slam_gmapping
[9.366s] -- Install configuration: ""
[9.367s] -- Execute custom install script
[9.367s] -- Symlinking: /home/phufoxy/ydlidar_x3/install/slam_gmapping/lib/slam_gmapping/slam_gmapping
[9.375s] -- Symlinking: /home/phufoxy/ydlidar_x3/install/slam_gmapping/lib/slam_gmapping/transform
[9.384s] -- Symlinking: /home/phufoxy/ydlidar_x3/install/slam_gmapping/share/slam_gmapping/launch/slam_gmapping.launch.py
[9.392s] -- Symlinking: /home/phufoxy/ydlidar_x3/install/slam_gmapping/share/ament_index/resource_index/package_run_dependencies/slam_gmapping
[9.400s] -- Symlinking: /home/phufoxy/ydlidar_x3/install/slam_gmapping/share/ament_index/resource_index/parent_prefix_path/slam_gmapping
[9.408s] -- Symlinking: /home/phufoxy/ydlidar_x3/install/slam_gmapping/share/slam_gmapping/environment/ament_prefix_path.sh
[9.415s] -- Symlinking: /home/phufoxy/ydlidar_x3/install/slam_gmapping/share/slam_gmapping/environment/ament_prefix_path.dsv
[9.423s] -- Symlinking: /home/phufoxy/ydlidar_x3/install/slam_gmapping/share/slam_gmapping/environment/path.sh
[9.431s] -- Symlinking: /home/phufoxy/ydlidar_x3/install/slam_gmapping/share/slam_gmapping/environment/path.dsv
[9.439s] -- Symlinking: /home/phufoxy/ydlidar_x3/install/slam_gmapping/share/slam_gmapping/local_setup.bash
[9.446s] -- Symlinking: /home/phufoxy/ydlidar_x3/install/slam_gmapping/share/slam_gmapping/local_setup.sh
[9.454s] -- Symlinking: /home/phufoxy/ydlidar_x3/install/slam_gmapping/share/slam_gmapping/local_setup.zsh
[9.462s] -- Symlinking: /home/phufoxy/ydlidar_x3/install/slam_gmapping/share/slam_gmapping/local_setup.dsv
[9.470s] -- Symlinking: /home/phufoxy/ydlidar_x3/install/slam_gmapping/share/slam_gmapping/package.dsv
[9.477s] -- Symlinking: /home/phufoxy/ydlidar_x3/install/slam_gmapping/share/ament_index/resource_index/packages/slam_gmapping
[9.485s] -- Symlinking: /home/phufoxy/ydlidar_x3/install/slam_gmapping/share/slam_gmapping/cmake/slam_gmappingConfig.cmake
[9.493s] -- Symlinking: /home/phufoxy/ydlidar_x3/install/slam_gmapping/share/slam_gmapping/cmake/slam_gmappingConfig-version.cmake
[9.501s] -- Symlinking: /home/phufoxy/ydlidar_x3/install/slam_gmapping/share/slam_gmapping/package.xml
[9.512s] Invoked command in '/home/phufoxy/ydlidar_x3/build/slam_gmapping' returned '0': CMAKE_PREFIX_PATH=/home/phufoxy/ydlidar_x3/install/openslam_gmapping:/home/phufoxy/ydlidar_x3/install/ydlidar_sdk:/home/phufoxy/ydlidar_x3/install/ydlidar_ros2_driver:/home/phufoxy/ydlidar_x3/install/slam_gmapping:/opt/ros/foxy /usr/bin/cmake --install /home/phufoxy/ydlidar_x3/build/slam_gmapping
