-- The C compiler identification is GNU 9.4.0
-- The CXX compiler identification is GNU 9.4.0
-- Check for working C compiler: /usr/bin/cc
-- Check for working C compiler: /usr/bin/cc -- works
-- Detecting C compiler ABI info
-- Detecting C compiler ABI info - done
-- Detecting C compile features
-- Detecting C compile features - done
-- Check for working CXX compiler: /usr/bin/c++
-- Check for working CXX compiler: /usr/bin/c++ -- works
-- Detecting CXX compiler ABI info
-- Detecting CXX compiler ABI info - done
-- Detecting CXX compile features
-- Detecting CXX compile features - done
CMake Deprecation Warning at CMakeLists.txt:44 (cmake_policy):
  The OLD behavior for policy CMP0053 will be removed from a future version
  of CMake.

  The cmake-policies(7) manual explains that the OLD behaviors of all
  policies are deprecated and that a policy should be set to OLD only under
  specific short-term circumstances.  Projects should be ported to the NEW
  behavior and not rely on setting a policy to OLD.


CMake Deprecation Warning at CMakeLists.txt:47 (cmake_policy):
  The OLD behavior for policy CMP0037 will be removed from a future version
  of CMake.

  The cmake-policies(7) manual explains that the OLD behaviors of all
  policies are deprecated and that a policy should be set to OLD only under
  specific short-term circumstances.  Projects should be ported to the NEW
  behavior and not rely on setting a policy to OLD.


CMake Deprecation Warning at CMakeLists.txt:50 (cmake_policy):
  The OLD behavior for policy CMP0043 will be removed from a future version
  of CMake.

  The cmake-policies(7) manual explains that the OLD behaviors of all
  policies are deprecated and that a policy should be set to OLD only under
  specific short-term circumstances.  Projects should be ported to the NEW
  behavior and not rely on setting a policy to OLD.


-- Could NOT find SWIG (missing: SWIG_EXECUTABLE SWIG_DIR) 
-- Found PythonInterp: /usr/bin/python3.8 (found version "3.8.10") 
-- Found PythonLibs: /usr/lib/x86_64-linux-gnu/libpython3.8.so (found version "3.8.10") 
-- Found GTest: /usr/lib/x86_64-linux-gnu/libgtest.a  
-- build test is ON.....
CMake Deprecation Warning at cmake/install_package.cmake:101 (cmake_policy):
  The OLD behavior for policy CMP0026 will be removed from a future version
  of CMake.

  The cmake-policies(7) manual explains that the OLD behaviors of all
  policies are deprecated and that a policy should be set to OLD only under
  specific short-term circumstances.  Projects should be ported to the NEW
  behavior and not rely on setting a policy to OLD.
Call Stack (most recent call first):
  CMakeLists.txt:161 (install_package)


CMake Warning (dev) at cmake/install_package.cmake:191 (install):
  Policy CMP0062 is not set: Disallow install() of export() result.  Run
  "cmake --help-policy CMP0062" for policy details.  Use the cmake_policy
  command to set the policy and suppress this warning.

  The file

    /home/phufoxy/ydlidar_x3/build/ydlidar_sdk/ydlidar_sdkTargets.cmake

  was generated by the export() command.  It should not be installed with the
  install() command.  Use the install(EXPORT) mechanism instead.  See the
  cmake-packages(7) manual for more.

Call Stack (most recent call first):
  CMakeLists.txt:161 (install_package)
This warning is for project developers.  Use -Wno-dev to suppress it.

-- 
-- +===========================================================================+
-- |         Resulting configuration for                             |
-- +===========================================================================+
--  _________________________ PLATFORM _____________________________
--  Host                        : Linux5.15.0-76-genericx86_64
--  Is the system big endian?   :  No 
--  Word size (32/64 bit)       : 64
--  CMake version               : 3.16.3
--  CMake generator             : Unix Makefiles
--  CMake build tool            : /usr/bin/make
--  Compiler                    : GNU
--  Configuration               : 
-- 
--  __________________________ OPTIONS _____________________________
--  Build YDLidar-SDK as a shared library?　　 :  No 
--  Build Examples?　　　　　　　　　　　　　　 : Yes 
--  Build C Sharp API?　　　　　　　　　　　　 :  No 
--  Build TEST?  			　　　 : Yes 
-- 
--  _________________________ INSTALL _____________________
--  Install prefix                    : /home/phufoxy/ydlidar_x3/install/ydlidar_sdk
-- 
--  _______________________ WRAPPERS/BINDINGS ______________________
--  Python bindings (pyydlidar)   :  No 
--   - dep: Swig found?       :  No [Version: ]
--   - dep: PythonLibs found?  : Yes [Version: 3.8.10]
-- 
-- Configuring done
-- Generating done
-- Build files have been written to: /home/phufoxy/ydlidar_x3/build/ydlidar_sdk
[35m[1mScanning dependencies of target ydlidar_sdk[0m
[  4%] [32mBuilding CXX object CMakeFiles/ydlidar_sdk.dir/core/base/timer.cpp.o[0m
[  8%] [32mBuilding CXX object CMakeFiles/ydlidar_sdk.dir/core/network/SimpleSocket.cpp.o[0m
[ 12%] [32mBuilding CXX object CMakeFiles/ydlidar_sdk.dir/core/network/ActiveSocket.cpp.o[0m
[ 16%] [32mBuilding CXX object CMakeFiles/ydlidar_sdk.dir/core/network/PassiveSocket.cpp.o[0m
[ 20%] [32mBuilding CXX object CMakeFiles/ydlidar_sdk.dir/core/common/ydlidar_def.cpp.o[0m
[ 24%] [32mBuilding CXX object CMakeFiles/ydlidar_sdk.dir/core/serial/serial.cpp.o[0m
[ 28%] [32mBuilding CXX object CMakeFiles/ydlidar_sdk.dir/core/serial/impl/unix/list_ports_linux.cpp.o[0m
[ 32%] [32mBuilding C object CMakeFiles/ydlidar_sdk.dir/core/serial/impl/unix/lock.c.o[0m
[ 36%] [32mBuilding CXX object CMakeFiles/ydlidar_sdk.dir/core/serial/impl/unix/unix_serial.cpp.o[0m
[ 40%] [32mBuilding CXX object CMakeFiles/ydlidar_sdk.dir/src/CYdLidar.cpp.o[0m
[ 44%] [32mBuilding CXX object CMakeFiles/ydlidar_sdk.dir/src/ETLidarDriver.cpp.o[0m
[ 48%] [32mBuilding CXX object CMakeFiles/ydlidar_sdk.dir/src/ydlidar_driver.cpp.o[0m
[ 52%] [32mBuilding CXX object CMakeFiles/ydlidar_sdk.dir/src/ydlidar_sdk.cpp.o[0m
[ 56%] [32mBuilding CXX object CMakeFiles/ydlidar_sdk.dir/src/filters/NoiseFilter.cpp.o[0m
[01m[K/home/phufoxy/ydlidar_x3/YDLidar-SDK-master/src/filters/NoiseFilter.cpp:[m[K In member function ‘[01m[Kvoid NoiseFilter::filter_tail2(const LaserScan&, int, int, LaserScan&)[m[K’:
[01m[K/home/phufoxy/ydlidar_x3/YDLidar-SDK-master/src/filters/NoiseFilter.cpp:579:26:[m[K [01;35m[Kwarning: [m[Kformat ‘[01m[K%u[m[K’ expects argument of type ‘[01m[Kunsigned int[m[K’, but argument 2 has type ‘[01m[Ksize_t[m[K’ {aka ‘[01m[Klong unsigned int[m[K’} [[01;35m[K-Wformat=[m[K]
  579 |     printf("Noise count [01;35m[K%u[m[K\n", [32m[KnoiseCount[m[K);
      |                         [01;35m[K~^[m[K     [32m[K~~~~~~~~~~[m[K
      |                          [01;35m[K|[m[K     [32m[K|[m[K
      |                          [01;35m[K|[m[K     [32m[Ksize_t {aka long unsigned int}[m[K
      |                          [01;35m[Kunsigned int[m[K
      |                         [32m[K%lu[m[K
[ 60%] [32m[1mLinking CXX static library libydlidar_sdk.a[0m
[ 60%] Built target ydlidar_sdk
[35m[1mScanning dependencies of target tof_test[0m
[35m[1mScanning dependencies of target ydlidar_test[0m
[35m[1mScanning dependencies of target etlidar_test[0m
[35m[1mScanning dependencies of target lidar_c_api_test[0m
[ 64%] [32mBuilding CXX object samples/CMakeFiles/ydlidar_test.dir/ydlidar_test.cpp.o[0m
[ 68%] [32mBuilding CXX object samples/CMakeFiles/tof_test.dir/tof_test.cpp.o[0m
[ 72%] [32mBuilding CXX object samples/CMakeFiles/etlidar_test.dir/etlidar_test.cpp.o[0m
[35m[1mScanning dependencies of target lidar_test[0m
[ 76%] [32mBuilding C object samples/CMakeFiles/lidar_c_api_test.dir/lidar_c_api_test.c.o[0m
[01m[Kcc1:[m[K [01;35m[Kwarning: [m[Kcommand line option ‘[01m[K-std=c++11[m[K’ is valid for C++/ObjC++ but not for C
[01m[K/home/phufoxy/ydlidar_x3/YDLidar-SDK-master/samples/lidar_c_api_test.c:[m[K In function ‘[01m[Kmain[m[K’:
[01m[K/home/phufoxy/ydlidar_x3/YDLidar-SDK-master/samples/lidar_c_api_test.c:102:47:[m[K [01;35m[Kwarning: [m[Kformat ‘[01m[K%llu[m[K’ expects argument of type ‘[01m[Klong long unsigned int[m[K’, but argument 3 has type ‘[01m[Kuint64_t[m[K’ {aka ‘[01m[Klong unsigned int[m[K’} [[01;35m[K-Wformat=[m[K]
  102 |             fprintf(stdout, "Scan received[[01;35m[K%llu[m[K]: %u ranges is [%f]Hz\n",
      |                                            [01;35m[K~~~^[m[K
      |                                               [01;35m[K|[m[K
      |                                               [01;35m[Klong long unsigned int[m[K
      |                                            [32m[K%lu[m[K
  103 |                     [32m[Kscan.stamp[m[K,
      |                     [32m[K~~~~~~~~~~[m[K                 
      |                         [32m[K|[m[K
      |                         [32m[Kuint64_t {aka long unsigned int}[m[K
[ 80%] [32mBuilding CXX object test/CMakeFiles/lidar_test.dir/lidar_test.cpp.o[0m
[ 84%] [32m[1mLinking CXX executable ../lidar_c_api_test[0m
[ 84%] Built target lidar_c_api_test
[01m[K/home/phufoxy/ydlidar_x3/YDLidar-SDK-master/samples/tof_test.cpp:[m[K In function ‘[01m[Kint main(int, char**)[m[K’:
[01m[K/home/phufoxy/ydlidar_x3/YDLidar-SDK-master/samples/tof_test.cpp:269:49:[m[K [01;35m[Kwarning: [m[Kformat ‘[01m[K%llu[m[K’ expects argument of type ‘[01m[Klong long unsigned int[m[K’, but argument 3 has type ‘[01m[Kuint64_t[m[K’ {aka ‘[01m[Klong unsigned int[m[K’} [[01;35m[K-Wformat=[m[K]
  269 |           fprintf(stdout, "Scan received at [[01;35m[K%llu[m[K] %u points is [%f]s\n",
      |                                              [01;35m[K~~~^[m[K
      |                                                 [01;35m[K|[m[K
      |                                                 [01;35m[Klong long unsigned int[m[K
      |                                              [32m[K%lu[m[K
  270 |                   [32m[Kscan.stamp / 100000[m[K,
      |                   [32m[K~~~~~~~~~~~~~~~~~~~[m[K            
      |                              [32m[K|[m[K
      |                              [32m[Kuint64_t {aka long unsigned int}[m[K
[01m[K/home/phufoxy/ydlidar_x3/YDLidar-SDK-master/samples/ydlidar_test.cpp:[m[K In function ‘[01m[Kint main(int, char**)[m[K’:
[01m[K/home/phufoxy/ydlidar_x3/YDLidar-SDK-master/samples/ydlidar_test.cpp:268:40:[m[K [01;35m[Kwarning: [m[Kformat ‘[01m[K%llu[m[K’ expects argument of type ‘[01m[Klong long unsigned int[m[K’, but argument 2 has type ‘[01m[Kuint64_t[m[K’ {aka ‘[01m[Klong unsigned int[m[K’} [[01;35m[K-Wformat=[m[K]
  268 |           printf("Scan received at [[01;35m[K%llu[m[K] %u points is [%f]Hz\n",
      |                                     [01;35m[K~~~^[m[K
      |                                        [01;35m[K|[m[K
      |                                        [01;35m[Klong long unsigned int[m[K
      |                                     [32m[K%lu[m[K
  269 |                  [32m[Kscan.stamp / 1000000[m[K,
      |                  [32m[K~~~~~~~~~~~~~~~~~~~~[m[K   
      |                             [32m[K|[m[K
      |                             [32m[Kuint64_t {aka long unsigned int}[m[K
[01m[K/home/phufoxy/ydlidar_x3/YDLidar-SDK-master/samples/etlidar_test.cpp:[m[K In function ‘[01m[Kint main(int, char**)[m[K’:
[01m[K/home/phufoxy/ydlidar_x3/YDLidar-SDK-master/samples/etlidar_test.cpp:178:41:[m[K [01;35m[Kwarning: [m[Kformat ‘[01m[K%llu[m[K’ expects argument of type ‘[01m[Klong long unsigned int[m[K’, but argument 3 has type ‘[01m[Kuint64_t[m[K’ {aka ‘[01m[Klong unsigned int[m[K’} [[01;35m[K-Wformat=[m[K]
  178 |       fprintf(stdout, "Scan received[[01;35m[K%llu[m[K]: %u ranges is [%f]Hz\n",
      |                                      [01;35m[K~~~^[m[K
      |                                         [01;35m[K|[m[K
      |                                         [01;35m[Klong long unsigned int[m[K
      |                                      [32m[K%lu[m[K
  179 |               [32m[Kscan.stamp[m[K,
      |               [32m[K~~~~~~~~~~[m[K                 
      |                    [32m[K|[m[K
      |                    [32m[Kuint64_t {aka long unsigned int}[m[K
[ 88%] [32m[1mLinking CXX executable ../etlidar_test[0m
[ 92%] [32m[1mLinking CXX executable ../tof_test[0m
[ 96%] [32m[1mLinking CXX executable ../ydlidar_test[0m
[ 96%] Built target etlidar_test
[ 96%] Built target tof_test
[ 96%] Built target ydlidar_test
[100%] [32m[1mLinking CXX executable lidar_test[0m
[100%] Built target lidar_test
-- Install configuration: ""
-- Installing: /home/phufoxy/ydlidar_x3/install/ydlidar_sdk/include/core/base/datatype.h
-- Installing: /home/phufoxy/ydlidar_x3/install/ydlidar_sdk/include/core/base/locker.h
-- Installing: /home/phufoxy/ydlidar_x3/install/ydlidar_sdk/include/core/base/thread.h
-- Installing: /home/phufoxy/ydlidar_x3/install/ydlidar_sdk/include/core/base/timer.h
-- Installing: /home/phufoxy/ydlidar_x3/install/ydlidar_sdk/include/core/base/typedef.h
-- Installing: /home/phufoxy/ydlidar_x3/install/ydlidar_sdk/include/core/base/utils.h
-- Installing: /home/phufoxy/ydlidar_x3/install/ydlidar_sdk/include/core/base/v8stdint.h
-- Installing: /home/phufoxy/ydlidar_x3/install/ydlidar_sdk/include/core/base/ydlidar.h
-- Installing: /home/phufoxy/ydlidar_x3/install/ydlidar_sdk/include/core/common/ChannelDevice.h
-- Installing: /home/phufoxy/ydlidar_x3/install/ydlidar_sdk/include/core/common/DriverInterface.h
-- Installing: /home/phufoxy/ydlidar_x3/install/ydlidar_sdk/include/core/common/ydlidar_datatype.h
-- Installing: /home/phufoxy/ydlidar_x3/install/ydlidar_sdk/include/core/common/ydlidar_def.h
-- Installing: /home/phufoxy/ydlidar_x3/install/ydlidar_sdk/include/core/common/ydlidar_help.h
-- Installing: /home/phufoxy/ydlidar_x3/install/ydlidar_sdk/include/core/common/ydlidar_protocol.h
-- Installing: /home/phufoxy/ydlidar_x3/install/ydlidar_sdk/include/core/math/angles.h
-- Installing: /home/phufoxy/ydlidar_x3/install/ydlidar_sdk/include/core/network/ActiveSocket.h
-- Installing: /home/phufoxy/ydlidar_x3/install/ydlidar_sdk/include/core/network/PassiveSocket.h
-- Installing: /home/phufoxy/ydlidar_x3/install/ydlidar_sdk/include/core/network/SimpleSocket.h
-- Installing: /home/phufoxy/ydlidar_x3/install/ydlidar_sdk/include/core/network/StatTimer.h
-- Installing: /home/phufoxy/ydlidar_x3/install/ydlidar_sdk/include/core/serial/common.h
-- Installing: /home/phufoxy/ydlidar_x3/install/ydlidar_sdk/include/core/serial/serial.h
-- Installing: /home/phufoxy/ydlidar_x3/install/ydlidar_sdk/include/core/serial/impl/unix/lock.h
-- Installing: /home/phufoxy/ydlidar_x3/install/ydlidar_sdk/include/core/serial/impl/unix/unix.h
-- Installing: /home/phufoxy/ydlidar_x3/install/ydlidar_sdk/include/core/serial/impl/unix/unix_serial.h
-- Installing: /home/phufoxy/ydlidar_x3/install/ydlidar_sdk/include/src/CYdLidar.h
-- Installing: /home/phufoxy/ydlidar_x3/install/ydlidar_sdk/include/src/ETLidarDriver.h
-- Installing: /home/phufoxy/ydlidar_x3/install/ydlidar_sdk/include/src/ydlidar_driver.h
-- Installing: /home/phufoxy/ydlidar_x3/install/ydlidar_sdk/include/src/ydlidar_sdk.h
-- Installing: /home/phufoxy/ydlidar_x3/install/ydlidar_sdk/include/src/filters/FilterInterface.h
-- Installing: /home/phufoxy/ydlidar_x3/install/ydlidar_sdk/include/src/filters/NoiseFilter.h
-- Installing: /home/phufoxy/ydlidar_x3/install/ydlidar_sdk/include/ydlidar_config.h
-- Installing: /home/phufoxy/ydlidar_x3/install/ydlidar_sdk/lib/libydlidar_sdk.a
-- Installing: /home/phufoxy/ydlidar_x3/install/ydlidar_sdk/lib/pkgconfig/YDLIDAR_SDK.pc
-- Installing: /home/phufoxy/ydlidar_x3/install/ydlidar_sdk/lib/cmake/ydlidar_sdk/ydlidar_sdkConfig.cmake
-- Installing: /home/phufoxy/ydlidar_x3/install/ydlidar_sdk/lib/cmake/ydlidar_sdk/ydlidar_sdkTargets.cmake
-- Installing: /home/phufoxy/ydlidar_x3/install/ydlidar_sdk/lib/cmake/ydlidar_sdk/ydlidar_sdkConfigVersion.cmake
-- Installing: /home/phufoxy/ydlidar_x3/install/ydlidar_sdk/share/YDLIDAR_SDK/FindYDLIDAR_SDK.cmake
-- Up-to-date: /home/phufoxy/ydlidar_x3/install/ydlidar_sdk/share/YDLIDAR_SDK
-- Installing: /home/phufoxy/ydlidar_x3/install/ydlidar_sdk/share/YDLIDAR_SDK/cmake_uninstall.cmake.in
-- Installing: /home/phufoxy/ydlidar_x3/install/ydlidar_sdk/share/YDLIDAR_SDK/script_show_final_summary.cmake
-- Installing: /home/phufoxy/ydlidar_x3/install/ydlidar_sdk/share/YDLIDAR_SDK/FindPackage.cmake.in
-- Installing: /home/phufoxy/ydlidar_x3/install/ydlidar_sdk/share/YDLIDAR_SDK/PackageConfig.cmake.in
-- Installing: /home/phufoxy/ydlidar_x3/install/ydlidar_sdk/share/YDLIDAR_SDK/common
-- Installing: /home/phufoxy/ydlidar_x3/install/ydlidar_sdk/share/YDLIDAR_SDK/common/ydlidar_parse.cmake
-- Installing: /home/phufoxy/ydlidar_x3/install/ydlidar_sdk/share/YDLIDAR_SDK/common/ydlidar_base.cmake
-- Installing: /home/phufoxy/ydlidar_x3/install/ydlidar_sdk/share/YDLIDAR_SDK/PkgConfig.pc.in
-- Installing: /home/phufoxy/ydlidar_x3/install/ydlidar_sdk/share/YDLIDAR_SDK/PackageConfigVersion.cmake.in
-- Installing: /home/phufoxy/ydlidar_x3/install/ydlidar_sdk/share/YDLIDAR_SDK/install_package.cmake
-- Installing: /home/phufoxy/ydlidar_x3/install/ydlidar_sdk/share/YDLIDAR_SDK/LICENSE.txt
-- Installing: /home/phufoxy/ydlidar_x3/install/ydlidar_sdk/share/YDLIDAR_SDK/README.md
-- Installing: /home/phufoxy/ydlidar_x3/install/ydlidar_sdk/share/YDLIDAR_SDK/doc
-- Installing: /home/phufoxy/ydlidar_x3/install/ydlidar_sdk/share/YDLIDAR_SDK/doc/howto
-- Installing: /home/phufoxy/ydlidar_x3/install/ydlidar_sdk/share/YDLIDAR_SDK/doc/howto/README.md
-- Installing: /home/phufoxy/ydlidar_x3/install/ydlidar_sdk/share/YDLIDAR_SDK/doc/howto/how_to_solve_slow_pull_from_cn.md
-- Installing: /home/phufoxy/ydlidar_x3/install/ydlidar_sdk/share/YDLIDAR_SDK/doc/howto/how_to_build_and_debug_using_vscode.md
-- Installing: /home/phufoxy/ydlidar_x3/install/ydlidar_sdk/share/YDLIDAR_SDK/doc/howto/how_to_create_a_udev_rules.md
-- Installing: /home/phufoxy/ydlidar_x3/install/ydlidar_sdk/share/YDLIDAR_SDK/doc/howto/how_to_build_and_install.md
-- Installing: /home/phufoxy/ydlidar_x3/install/ydlidar_sdk/share/YDLIDAR_SDK/doc/howto/how_to_create_a_pull.md
-- Installing: /home/phufoxy/ydlidar_x3/install/ydlidar_sdk/share/YDLIDAR_SDK/doc/howto/how_to_create_a_csharp_project.md
-- Installing: /home/phufoxy/ydlidar_x3/install/ydlidar_sdk/share/YDLIDAR_SDK/doc/howto/how_to_gerenrate_vs_project_by_cmake.md
-- Installing: /home/phufoxy/ydlidar_x3/install/ydlidar_sdk/share/YDLIDAR_SDK/doc/howto/images
-- Installing: /home/phufoxy/ydlidar_x3/install/ydlidar_sdk/share/YDLIDAR_SDK/doc/howto/images/csharp_build.png
-- Installing: /home/phufoxy/ydlidar_x3/install/ydlidar_sdk/share/YDLIDAR_SDK/doc/howto/images/sdk_scanning.png
-- Installing: /home/phufoxy/ydlidar_x3/install/ydlidar_sdk/share/YDLIDAR_SDK/doc/howto/images/ydlidar_lidar_monitor.png
-- Installing: /home/phufoxy/ydlidar_x3/install/ydlidar_sdk/share/YDLIDAR_SDK/doc/howto/images/csharp_library.png
-- Installing: /home/phufoxy/ydlidar_x3/install/ydlidar_sdk/share/YDLIDAR_SDK/doc/howto/images/ttyUSB1.png
-- Installing: /home/phufoxy/ydlidar_x3/install/ydlidar_sdk/share/YDLIDAR_SDK/doc/howto/images/csharp_project.png
-- Installing: /home/phufoxy/ydlidar_x3/install/ydlidar_sdk/share/YDLIDAR_SDK/doc/howto/images/cpack.png
-- Installing: /home/phufoxy/ydlidar_x3/install/ydlidar_sdk/share/YDLIDAR_SDK/doc/howto/images/sequence.png
-- Installing: /home/phufoxy/ydlidar_x3/install/ydlidar_sdk/share/YDLIDAR_SDK/doc/howto/images/sdk_init.png
-- Installing: /home/phufoxy/ydlidar_x3/install/ydlidar_sdk/share/YDLIDAR_SDK/doc/howto/images/ttyUSB0.png
-- Installing: /home/phufoxy/ydlidar_x3/install/ydlidar_sdk/share/YDLIDAR_SDK/doc/howto/images/vscode
-- Installing: /home/phufoxy/ydlidar_x3/install/ydlidar_sdk/share/YDLIDAR_SDK/doc/howto/images/vscode/run_tasks.jpg
-- Installing: /home/phufoxy/ydlidar_x3/install/ydlidar_sdk/share/YDLIDAR_SDK/doc/howto/images/vscode/tasks.png
-- Installing: /home/phufoxy/ydlidar_x3/install/ydlidar_sdk/share/YDLIDAR_SDK/doc/howto/images/csharp_exception.png
-- Installing: /home/phufoxy/ydlidar_x3/install/ydlidar_sdk/share/YDLIDAR_SDK/doc/howto/images/csharp_running.png
-- Installing: /home/phufoxy/ydlidar_x3/install/ydlidar_sdk/share/YDLIDAR_SDK/doc/README.md
-- Installing: /home/phufoxy/ydlidar_x3/install/ydlidar_sdk/share/YDLIDAR_SDK/doc/tutorials
-- Installing: /home/phufoxy/ydlidar_x3/install/ydlidar_sdk/share/YDLIDAR_SDK/doc/tutorials/writing_lidar_tutorial_python.md
-- Installing: /home/phufoxy/ydlidar_x3/install/ydlidar_sdk/share/YDLIDAR_SDK/doc/tutorials/writing_lidar_tutorial_c++.md
-- Installing: /home/phufoxy/ydlidar_x3/install/ydlidar_sdk/share/YDLIDAR_SDK/doc/tutorials/examine_the_simple_lidar_tutorial.md
-- Installing: /home/phufoxy/ydlidar_x3/install/ydlidar_sdk/share/YDLIDAR_SDK/doc/tutorials/writing_lidar_tutorial_c.md
-- Installing: /home/phufoxy/ydlidar_x3/install/ydlidar_sdk/share/YDLIDAR_SDK/doc/tutorials/writing_lidar_network_adapter_tutorial_c++.md
-- Installing: /home/phufoxy/ydlidar_x3/install/ydlidar_sdk/share/YDLIDAR_SDK/doc/SDK.pdf
-- Installing: /home/phufoxy/ydlidar_x3/install/ydlidar_sdk/share/YDLIDAR_SDK/doc/Tutorials.md
-- Installing: /home/phufoxy/ydlidar_x3/install/ydlidar_sdk/share/YDLIDAR_SDK/doc/quickstart
-- Installing: /home/phufoxy/ydlidar_x3/install/ydlidar_sdk/share/YDLIDAR_SDK/doc/quickstart/README.md
-- Installing: /home/phufoxy/ydlidar_x3/install/ydlidar_sdk/share/YDLIDAR_SDK/doc/quickstart/ydlidar_sdk_software_installation_guide.md
-- Installing: /home/phufoxy/ydlidar_x3/install/ydlidar_sdk/share/YDLIDAR_SDK/doc/Dataset.md
-- Installing: /home/phufoxy/ydlidar_x3/install/ydlidar_sdk/share/YDLIDAR_SDK/doc/YDLidar-SDK-Communication-Protocol.md
-- Installing: /home/phufoxy/ydlidar_x3/install/ydlidar_sdk/share/YDLIDAR_SDK/doc/YDLIDAR_SDK_API_for_Developers.md
-- Installing: /home/phufoxy/ydlidar_x3/install/ydlidar_sdk/share/YDLIDAR_SDK/doc/YDLidar-SDK-Communication-Protocol.html
-- Installing: /home/phufoxy/ydlidar_x3/install/ydlidar_sdk/share/YDLIDAR_SDK/doc/FAQs
-- Installing: /home/phufoxy/ydlidar_x3/install/ydlidar_sdk/share/YDLIDAR_SDK/doc/FAQs/General_FAQs.md
-- Installing: /home/phufoxy/ydlidar_x3/install/ydlidar_sdk/share/YDLIDAR_SDK/doc/FAQs/README.md
-- Installing: /home/phufoxy/ydlidar_x3/install/ydlidar_sdk/share/YDLIDAR_SDK/doc/FAQs/Software_FAQs.md
-- Installing: /home/phufoxy/ydlidar_x3/install/ydlidar_sdk/share/YDLIDAR_SDK/doc/FAQs/Software_FAQs_cn.md
-- Installing: /home/phufoxy/ydlidar_x3/install/ydlidar_sdk/share/YDLIDAR_SDK/doc/FAQs/Hardware_FAQs_cn.md
-- Installing: /home/phufoxy/ydlidar_x3/install/ydlidar_sdk/share/YDLIDAR_SDK/doc/FAQs/Hardware_FAQs.md
-- Installing: /home/phufoxy/ydlidar_x3/install/ydlidar_sdk/share/YDLIDAR_SDK/doc/FAQs/General_FAQs_cn.md
-- Installing: /home/phufoxy/ydlidar_x3/install/ydlidar_sdk/share/YDLIDAR_SDK/doc/Diagram.md
-- Installing: /home/phufoxy/ydlidar_x3/install/ydlidar_sdk/share/YDLIDAR_SDK/doc/YDLidar_SDK_Communication_Protocol.pdf
-- Installing: /home/phufoxy/ydlidar_x3/install/ydlidar_sdk/share/YDLIDAR_SDK/doc/images
-- Installing: /home/phufoxy/ydlidar_x3/install/ydlidar_sdk/share/YDLIDAR_SDK/doc/images/communication_mechanism.png
-- Installing: /home/phufoxy/ydlidar_x3/install/ydlidar_sdk/share/YDLIDAR_SDK/doc/images/sdk_scanning.png
-- Installing: /home/phufoxy/ydlidar_x3/install/ydlidar_sdk/share/YDLIDAR_SDK/doc/images/frame.png
-- Installing: /home/phufoxy/ydlidar_x3/install/ydlidar_sdk/share/YDLIDAR_SDK/doc/images/system_workflow.png
-- Installing: /home/phufoxy/ydlidar_x3/install/ydlidar_sdk/share/YDLIDAR_SDK/doc/images/FlowChart.png
-- Installing: /home/phufoxy/ydlidar_x3/install/ydlidar_sdk/share/YDLIDAR_SDK/doc/images/angle_q2.png
-- Installing: /home/phufoxy/ydlidar_x3/install/ydlidar_sdk/share/YDLIDAR_SDK/doc/images/sdk_architecture.png
-- Installing: /home/phufoxy/ydlidar_x3/install/ydlidar_sdk/share/YDLIDAR_SDK/doc/images/frame_intensity.png
-- Installing: /home/phufoxy/ydlidar_x3/install/ydlidar_sdk/share/YDLIDAR_SDK/doc/images/EAI.png
-- Installing: /home/phufoxy/ydlidar_x3/install/ydlidar_sdk/share/YDLIDAR_SDK/doc/images/YDLidar.png
-- Installing: /home/phufoxy/ydlidar_x3/install/ydlidar_sdk/share/YDLIDAR_SDK/doc/images/sequence.png
-- Installing: /home/phufoxy/ydlidar_x3/install/ydlidar_sdk/share/YDLIDAR_SDK/doc/images/sdk_init.png
-- Installing: /home/phufoxy/ydlidar_x3/install/ydlidar_sdk/share/YDLIDAR_SDK/doc/images/YDLidar.jpg
-- Installing: /home/phufoxy/ydlidar_x3/install/ydlidar_sdk/share/YDLIDAR_SDK/doc/YDLidar-SDK-Communication-Protocol.pdf
-- Installing: /home/phufoxy/ydlidar_x3/install/ydlidar_sdk/startup/initenv.sh
-- Installing: /home/phufoxy/ydlidar_x3/install/ydlidar_sdk/bin/etlidar_test
-- Installing: /home/phufoxy/ydlidar_x3/install/ydlidar_sdk/bin/tof_test
-- Installing: /home/phufoxy/ydlidar_x3/install/ydlidar_sdk/bin/ydlidar_test
-- Installing: /home/phufoxy/ydlidar_x3/install/ydlidar_sdk/bin/lidar_c_api_test
