[0.021s] Invoking command in '/home/phufoxy/ydlidar_x3/build/ydlidar_sdk': /usr/bin/cmake /home/phufoxy/ydlidar_x3/YDLidar-SDK-master -DCMAKE_INSTALL_PREFIX=/home/phufoxy/ydlidar_x3/install/ydlidar_sdk
[0.084s] -- The C compiler identification is GNU 9.4.0
[0.145s] -- The CXX compiler identification is GNU 9.4.0
[0.152s] -- Check for working C compiler: /usr/bin/cc
[0.212s] -- Check for working C compiler: /usr/bin/cc -- works
[0.213s] -- Detecting C compiler ABI info
[0.273s] -- Detecting C compiler ABI info - done
[0.286s] -- Detecting C compile features
[0.287s] -- Detecting C compile features - done
[0.290s] -- Check for working CXX compiler: /usr/bin/c++
[0.361s] -- Check for working CXX compiler: /usr/bin/c++ -- works
[0.362s] -- Detecting CXX compiler ABI info
[0.433s] -- Detecting CXX compiler ABI info - done
[0.447s] -- Detecting CXX compile features
[0.447s] -- Detecting CXX compile features - done
[0.449s] CMake Deprecation Warning at CMakeLists.txt:44 (cmake_policy):
[0.449s]   The OLD behavior for policy CMP0053 will be removed from a future version
[0.449s]   of CMake.
[0.450s] 
[0.450s]   The cmake-policies(7) manual explains that the OLD behaviors of all
[0.450s]   policies are deprecated and that a policy should be set to OLD only under
[0.450s]   specific short-term circumstances.  Projects should be ported to the NEW
[0.450s]   behavior and not rely on setting a policy to OLD.
[0.450s] 
[0.450s] 
[0.450s] CMake Deprecation Warning at CMakeLists.txt:47 (cmake_policy):
[0.451s]   The OLD behavior for policy CMP0037 will be removed from a future version
[0.451s]   of CMake.
[0.451s] 
[0.451s]   The cmake-policies(7) manual explains that the OLD behaviors of all
[0.451s]   policies are deprecated and that a policy should be set to OLD only under
[0.451s]   specific short-term circumstances.  Projects should be ported to the NEW
[0.451s]   behavior and not rely on setting a policy to OLD.
[0.451s] 
[0.451s] 
[0.452s] CMake Deprecation Warning at CMakeLists.txt:50 (cmake_policy):
[0.452s]   The OLD behavior for policy CMP0043 will be removed from a future version
[0.452s]   of CMake.
[0.452s] 
[0.452s]   The cmake-policies(7) manual explains that the OLD behaviors of all
[0.452s]   policies are deprecated and that a policy should be set to OLD only under
[0.452s]   specific short-term circumstances.  Projects should be ported to the NEW
[0.452s]   behavior and not rely on setting a policy to OLD.
[0.452s] 
[0.452s] 
[0.453s] -- Could NOT find SWIG (missing: SWIG_EXECUTABLE SWIG_DIR) 
[0.470s] -- Found PythonInterp: /usr/bin/python3.8 (found version "3.8.10") 
[0.484s] -- Found PythonLibs: /usr/lib/x86_64-linux-gnu/libpython3.8.so (found version "3.8.10") 
[0.510s] -- Found GTest: /usr/lib/x86_64-linux-gnu/libgtest.a  
[0.771s] -- build test is ON.....
[0.773s] CMake Deprecation Warning at cmake/install_package.cmake:101 (cmake_policy):
[0.773s]   The OLD behavior for policy CMP0026 will be removed from a future version
[0.773s]   of CMake.
[0.773s] 
[0.773s]   The cmake-policies(7) manual explains that the OLD behaviors of all
[0.774s]   policies are deprecated and that a policy should be set to OLD only under
[0.774s]   specific short-term circumstances.  Projects should be ported to the NEW
[0.774s]   behavior and not rely on setting a policy to OLD.
[0.774s] Call Stack (most recent call first):
[0.774s]   CMakeLists.txt:161 (install_package)
[0.774s] 
[0.774s] 
[0.777s] CMake Warning (dev) at cmake/install_package.cmake:191 (install):
[0.777s]   Policy CMP0062 is not set: Disallow install() of export() result.  Run
[0.777s]   "cmake --help-policy CMP0062" for policy details.  Use the cmake_policy
[0.777s]   command to set the policy and suppress this warning.
[0.778s] 
[0.778s]   The file
[0.778s] 
[0.778s]     /home/phufoxy/ydlidar_x3/build/ydlidar_sdk/ydlidar_sdkTargets.cmake
[0.778s] 
[0.778s]   was generated by the export() command.  It should not be installed with the
[0.778s]   install() command.  Use the install(EXPORT) mechanism instead.  See the
[0.778s]   cmake-packages(7) manual for more.
[0.778s] 
[0.778s] Call Stack (most recent call first):
[0.779s]   CMakeLists.txt:161 (install_package)
[0.779s] This warning is for project developers.  Use -Wno-dev to suppress it.
[0.779s] 
[0.797s] -- 
[0.797s] -- +===========================================================================+
[0.798s] -- |         Resulting configuration for                             |
[0.798s] -- +===========================================================================+
[0.798s] --  _________________________ PLATFORM _____________________________
[0.798s] --  Host                        : Linux5.15.0-76-genericx86_64
[0.798s] --  Is the system big endian?   :  No 
[0.798s] --  Word size (32/64 bit)       : 64
[0.798s] --  CMake version               : 3.16.3
[0.798s] --  CMake generator             : Unix Makefiles
[0.798s] --  CMake build tool            : /usr/bin/make
[0.798s] --  Compiler                    : GNU
[0.799s] --  Configuration               : 
[0.799s] -- 
[0.799s] --  __________________________ OPTIONS _____________________________
[0.799s] --  Build YDLidar-SDK as a shared library?　　 :  No 
[0.799s] --  Build Examples?　　　　　　　　　　　　　　 : Yes 
[0.799s] --  Build C Sharp API?　　　　　　　　　　　　 :  No 
[0.799s] --  Build TEST?  			　　　 : Yes 
[0.799s] -- 
[0.799s] --  _________________________ INSTALL _____________________
[0.800s] --  Install prefix                    : /home/phufoxy/ydlidar_x3/install/ydlidar_sdk
[0.800s] -- 
[0.800s] --  _______________________ WRAPPERS/BINDINGS ______________________
[0.800s] --  Python bindings (pyydlidar)   :  No 
[0.800s] --   - dep: Swig found?       :  No [Version: ]
[0.800s] --   - dep: PythonLibs found?  : Yes [Version: 3.8.10]
[0.800s] -- 
[0.805s] -- Configuring done
[0.832s] -- Generating done
[0.834s] -- Build files have been written to: /home/phufoxy/ydlidar_x3/build/ydlidar_sdk
[0.842s] Invoked command in '/home/phufoxy/ydlidar_x3/build/ydlidar_sdk' returned '0': /usr/bin/cmake /home/phufoxy/ydlidar_x3/YDLidar-SDK-master -DCMAKE_INSTALL_PREFIX=/home/phufoxy/ydlidar_x3/install/ydlidar_sdk
[0.845s] Invoking command in '/home/phufoxy/ydlidar_x3/build/ydlidar_sdk': /usr/bin/cmake --build /home/phufoxy/ydlidar_x3/build/ydlidar_sdk -- -j8 -l8
[0.895s] [35m[1mScanning dependencies of target ydlidar_sdk[0m
[0.931s] [  4%] [32mBuilding CXX object CMakeFiles/ydlidar_sdk.dir/core/base/timer.cpp.o[0m
[0.935s] [  8%] [32mBuilding CXX object CMakeFiles/ydlidar_sdk.dir/core/network/SimpleSocket.cpp.o[0m
[0.940s] [ 12%] [32mBuilding CXX object CMakeFiles/ydlidar_sdk.dir/core/network/ActiveSocket.cpp.o[0m
[0.941s] [ 16%] [32mBuilding CXX object CMakeFiles/ydlidar_sdk.dir/core/network/PassiveSocket.cpp.o[0m
[0.959s] [ 20%] [32mBuilding CXX object CMakeFiles/ydlidar_sdk.dir/core/common/ydlidar_def.cpp.o[0m
[0.959s] [ 24%] [32mBuilding CXX object CMakeFiles/ydlidar_sdk.dir/core/serial/serial.cpp.o[0m
[0.959s] [ 28%] [32mBuilding CXX object CMakeFiles/ydlidar_sdk.dir/core/serial/impl/unix/list_ports_linux.cpp.o[0m
[0.959s] [ 32%] [32mBuilding C object CMakeFiles/ydlidar_sdk.dir/core/serial/impl/unix/lock.c.o[0m
[1.078s] [ 36%] [32mBuilding CXX object CMakeFiles/ydlidar_sdk.dir/core/serial/impl/unix/unix_serial.cpp.o[0m
[1.175s] [ 40%] [32mBuilding CXX object CMakeFiles/ydlidar_sdk.dir/src/CYdLidar.cpp.o[0m
[1.413s] [ 44%] [32mBuilding CXX object CMakeFiles/ydlidar_sdk.dir/src/ETLidarDriver.cpp.o[0m
[1.416s] [ 48%] [32mBuilding CXX object CMakeFiles/ydlidar_sdk.dir/src/ydlidar_driver.cpp.o[0m
[1.480s] [ 52%] [32mBuilding CXX object CMakeFiles/ydlidar_sdk.dir/src/ydlidar_sdk.cpp.o[0m
[1.660s] [ 56%] [32mBuilding CXX object CMakeFiles/ydlidar_sdk.dir/src/filters/NoiseFilter.cpp.o[0m
[2.181s] [01m[K/home/phufoxy/ydlidar_x3/YDLidar-SDK-master/src/filters/NoiseFilter.cpp:[m[K In member function ‘[01m[Kvoid NoiseFilter::filter_tail2(const LaserScan&, int, int, LaserScan&)[m[K’:
[2.181s] [01m[K/home/phufoxy/ydlidar_x3/YDLidar-SDK-master/src/filters/NoiseFilter.cpp:579:26:[m[K [01;35m[Kwarning: [m[Kformat ‘[01m[K%u[m[K’ expects argument of type ‘[01m[Kunsigned int[m[K’, but argument 2 has type ‘[01m[Ksize_t[m[K’ {aka ‘[01m[Klong unsigned int[m[K’} [[01;35m[K-Wformat=[m[K]
[2.181s]   579 |     printf("Noise count [01;35m[K%u[m[K\n", [32m[KnoiseCount[m[K);
[2.181s]       |                         [01;35m[K~^[m[K     [32m[K~~~~~~~~~~[m[K
[2.181s]       |                          [01;35m[K|[m[K     [32m[K|[m[K
[2.181s]       |                          [01;35m[K|[m[K     [32m[Ksize_t {aka long unsigned int}[m[K
[2.182s]       |                          [01;35m[Kunsigned int[m[K
[2.182s]       |                         [32m[K%lu[m[K
[2.506s] [ 60%] [32m[1mLinking CXX static library libydlidar_sdk.a[0m
[2.556s] [ 60%] Built target ydlidar_sdk
[2.567s] [35m[1mScanning dependencies of target tof_test[0m
[2.569s] [35m[1mScanning dependencies of target ydlidar_test[0m
[2.577s] [35m[1mScanning dependencies of target etlidar_test[0m
[2.584s] [35m[1mScanning dependencies of target lidar_c_api_test[0m
[2.589s] [ 64%] [32mBuilding CXX object samples/CMakeFiles/ydlidar_test.dir/ydlidar_test.cpp.o[0m
[2.596s] [ 68%] [32mBuilding CXX object samples/CMakeFiles/tof_test.dir/tof_test.cpp.o[0m
[2.600s] [ 72%] [32mBuilding CXX object samples/CMakeFiles/etlidar_test.dir/etlidar_test.cpp.o[0m
[2.612s] [35m[1mScanning dependencies of target lidar_test[0m
[2.612s] [ 76%] [32mBuilding C object samples/CMakeFiles/lidar_c_api_test.dir/lidar_c_api_test.c.o[0m
[2.627s] [01m[Kcc1:[m[K [01;35m[Kwarning: [m[Kcommand line option ‘[01m[K-std=c++11[m[K’ is valid for C++/ObjC++ but not for C
[2.646s] [01m[K/home/phufoxy/ydlidar_x3/YDLidar-SDK-master/samples/lidar_c_api_test.c:[m[K In function ‘[01m[Kmain[m[K’:
[2.646s] [01m[K/home/phufoxy/ydlidar_x3/YDLidar-SDK-master/samples/lidar_c_api_test.c:102:47:[m[K [01;35m[Kwarning: [m[Kformat ‘[01m[K%llu[m[K’ expects argument of type ‘[01m[Klong long unsigned int[m[K’, but argument 3 has type ‘[01m[Kuint64_t[m[K’ {aka ‘[01m[Klong unsigned int[m[K’} [[01;35m[K-Wformat=[m[K]
[2.646s]   102 |             fprintf(stdout, "Scan received[[01;35m[K%llu[m[K]: %u ranges is [%f]Hz\n",
[2.647s]       |                                            [01;35m[K~~~^[m[K
[2.647s]       |                                               [01;35m[K|[m[K
[2.647s]       |                                               [01;35m[Klong long unsigned int[m[K
[2.647s]       |                                            [32m[K%lu[m[K
[2.647s]   103 |                     [32m[Kscan.stamp[m[K,
[2.647s]       |                     [32m[K~~~~~~~~~~[m[K                 
[2.647s]       |                         [32m[K|[m[K
[2.647s]       |                         [32m[Kuint64_t {aka long unsigned int}[m[K
[2.656s] [ 80%] [32mBuilding CXX object test/CMakeFiles/lidar_test.dir/lidar_test.cpp.o[0m
[2.712s] [ 84%] [32m[1mLinking CXX executable ../lidar_c_api_test[0m
[2.944s] [ 84%] Built target lidar_c_api_test
[3.063s] [01m[K/home/phufoxy/ydlidar_x3/YDLidar-SDK-master/samples/tof_test.cpp:[m[K In function ‘[01m[Kint main(int, char**)[m[K’:
[3.063s] [01m[K/home/phufoxy/ydlidar_x3/YDLidar-SDK-master/samples/tof_test.cpp:269:49:[m[K [01;35m[Kwarning: [m[Kformat ‘[01m[K%llu[m[K’ expects argument of type ‘[01m[Klong long unsigned int[m[K’, but argument 3 has type ‘[01m[Kuint64_t[m[K’ {aka ‘[01m[Klong unsigned int[m[K’} [[01;35m[K-Wformat=[m[K]
[3.063s]   269 |           fprintf(stdout, "Scan received at [[01;35m[K%llu[m[K] %u points is [%f]s\n",
[3.063s]       |                                              [01;35m[K~~~^[m[K
[3.063s]       |                                                 [01;35m[K|[m[K
[3.063s]       |                                                 [01;35m[Klong long unsigned int[m[K
[3.063s]       |                                              [32m[K%lu[m[K
[3.063s]   270 |                   [32m[Kscan.stamp / 100000[m[K,
[3.063s]       |                   [32m[K~~~~~~~~~~~~~~~~~~~[m[K            
[3.063s]       |                              [32m[K|[m[K
[3.064s]       |                              [32m[Kuint64_t {aka long unsigned int}[m[K
[3.085s] [01m[K/home/phufoxy/ydlidar_x3/YDLidar-SDK-master/samples/ydlidar_test.cpp:[m[K In function ‘[01m[Kint main(int, char**)[m[K’:
[3.086s] [01m[K/home/phufoxy/ydlidar_x3/YDLidar-SDK-master/samples/ydlidar_test.cpp:268:40:[m[K [01;35m[Kwarning: [m[Kformat ‘[01m[K%llu[m[K’ expects argument of type ‘[01m[Klong long unsigned int[m[K’, but argument 2 has type ‘[01m[Kuint64_t[m[K’ {aka ‘[01m[Klong unsigned int[m[K’} [[01;35m[K-Wformat=[m[K]
[3.086s]   268 |           printf("Scan received at [[01;35m[K%llu[m[K] %u points is [%f]Hz\n",
[3.086s]       |                                     [01;35m[K~~~^[m[K
[3.086s]       |                                        [01;35m[K|[m[K
[3.086s]       |                                        [01;35m[Klong long unsigned int[m[K
[3.086s]       |                                     [32m[K%lu[m[K
[3.086s]   269 |                  [32m[Kscan.stamp / 1000000[m[K,
[3.086s]       |                  [32m[K~~~~~~~~~~~~~~~~~~~~[m[K   
[3.087s]       |                             [32m[K|[m[K
[3.087s]       |                             [32m[Kuint64_t {aka long unsigned int}[m[K
[3.112s] [01m[K/home/phufoxy/ydlidar_x3/YDLidar-SDK-master/samples/etlidar_test.cpp:[m[K In function ‘[01m[Kint main(int, char**)[m[K’:
[3.113s] [01m[K/home/phufoxy/ydlidar_x3/YDLidar-SDK-master/samples/etlidar_test.cpp:178:41:[m[K [01;35m[Kwarning: [m[Kformat ‘[01m[K%llu[m[K’ expects argument of type ‘[01m[Klong long unsigned int[m[K’, but argument 3 has type ‘[01m[Kuint64_t[m[K’ {aka ‘[01m[Klong unsigned int[m[K’} [[01;35m[K-Wformat=[m[K]
[3.113s]   178 |       fprintf(stdout, "Scan received[[01;35m[K%llu[m[K]: %u ranges is [%f]Hz\n",
[3.113s]       |                                      [01;35m[K~~~^[m[K
[3.113s]       |                                         [01;35m[K|[m[K
[3.113s]       |                                         [01;35m[Klong long unsigned int[m[K
[3.113s]       |                                      [32m[K%lu[m[K
[3.113s]   179 |               [32m[Kscan.stamp[m[K,
[3.113s]       |               [32m[K~~~~~~~~~~[m[K                 
[3.113s]       |                    [32m[K|[m[K
[3.114s]       |                    [32m[Kuint64_t {aka long unsigned int}[m[K
[3.193s] [ 88%] [32m[1mLinking CXX executable ../etlidar_test[0m
[3.284s] [ 92%] [32m[1mLinking CXX executable ../tof_test[0m
[3.336s] [ 96%] [32m[1mLinking CXX executable ../ydlidar_test[0m
[3.359s] [ 96%] Built target etlidar_test
[3.468s] [ 96%] Built target tof_test
[3.495s] [ 96%] Built target ydlidar_test
[3.763s] [100%] [32m[1mLinking CXX executable lidar_test[0m
[4.008s] [100%] Built target lidar_test
[4.019s] Invoked command in '/home/phufoxy/ydlidar_x3/build/ydlidar_sdk' returned '0': /usr/bin/cmake --build /home/phufoxy/ydlidar_x3/build/ydlidar_sdk -- -j8 -l8
[4.076s] Invoking command in '/home/phufoxy/ydlidar_x3/build/ydlidar_sdk': /usr/bin/cmake --install /home/phufoxy/ydlidar_x3/build/ydlidar_sdk
[4.084s] -- Install configuration: ""
[4.084s] -- Installing: /home/phufoxy/ydlidar_x3/install/ydlidar_sdk/include/core/base/datatype.h
[4.084s] -- Installing: /home/phufoxy/ydlidar_x3/install/ydlidar_sdk/include/core/base/locker.h
[4.085s] -- Installing: /home/phufoxy/ydlidar_x3/install/ydlidar_sdk/include/core/base/thread.h
[4.085s] -- Installing: /home/phufoxy/ydlidar_x3/install/ydlidar_sdk/include/core/base/timer.h
[4.085s] -- Installing: /home/phufoxy/ydlidar_x3/install/ydlidar_sdk/include/core/base/typedef.h
[4.085s] -- Installing: /home/phufoxy/ydlidar_x3/install/ydlidar_sdk/include/core/base/utils.h
[4.085s] -- Installing: /home/phufoxy/ydlidar_x3/install/ydlidar_sdk/include/core/base/v8stdint.h
[4.085s] -- Installing: /home/phufoxy/ydlidar_x3/install/ydlidar_sdk/include/core/base/ydlidar.h
[4.086s] -- Installing: /home/phufoxy/ydlidar_x3/install/ydlidar_sdk/include/core/common/ChannelDevice.h
[4.086s] -- Installing: /home/phufoxy/ydlidar_x3/install/ydlidar_sdk/include/core/common/DriverInterface.h
[4.087s] -- Installing: /home/phufoxy/ydlidar_x3/install/ydlidar_sdk/include/core/common/ydlidar_datatype.h
[4.087s] -- Installing: /home/phufoxy/ydlidar_x3/install/ydlidar_sdk/include/core/common/ydlidar_def.h
[4.087s] -- Installing: /home/phufoxy/ydlidar_x3/install/ydlidar_sdk/include/core/common/ydlidar_help.h
[4.087s] -- Installing: /home/phufoxy/ydlidar_x3/install/ydlidar_sdk/include/core/common/ydlidar_protocol.h
[4.087s] -- Installing: /home/phufoxy/ydlidar_x3/install/ydlidar_sdk/include/core/math/angles.h
[4.088s] -- Installing: /home/phufoxy/ydlidar_x3/install/ydlidar_sdk/include/core/network/ActiveSocket.h
[4.088s] -- Installing: /home/phufoxy/ydlidar_x3/install/ydlidar_sdk/include/core/network/PassiveSocket.h
[4.088s] -- Installing: /home/phufoxy/ydlidar_x3/install/ydlidar_sdk/include/core/network/SimpleSocket.h
[4.088s] -- Installing: /home/phufoxy/ydlidar_x3/install/ydlidar_sdk/include/core/network/StatTimer.h
[4.088s] -- Installing: /home/phufoxy/ydlidar_x3/install/ydlidar_sdk/include/core/serial/common.h
[4.088s] -- Installing: /home/phufoxy/ydlidar_x3/install/ydlidar_sdk/include/core/serial/serial.h
[4.088s] -- Installing: /home/phufoxy/ydlidar_x3/install/ydlidar_sdk/include/core/serial/impl/unix/lock.h
[4.089s] -- Installing: /home/phufoxy/ydlidar_x3/install/ydlidar_sdk/include/core/serial/impl/unix/unix.h
[4.089s] -- Installing: /home/phufoxy/ydlidar_x3/install/ydlidar_sdk/include/core/serial/impl/unix/unix_serial.h
[4.089s] -- Installing: /home/phufoxy/ydlidar_x3/install/ydlidar_sdk/include/src/CYdLidar.h
[4.089s] -- Installing: /home/phufoxy/ydlidar_x3/install/ydlidar_sdk/include/src/ETLidarDriver.h
[4.089s] -- Installing: /home/phufoxy/ydlidar_x3/install/ydlidar_sdk/include/src/ydlidar_driver.h
[4.090s] -- Installing: /home/phufoxy/ydlidar_x3/install/ydlidar_sdk/include/src/ydlidar_sdk.h
[4.090s] -- Installing: /home/phufoxy/ydlidar_x3/install/ydlidar_sdk/include/src/filters/FilterInterface.h
[4.090s] -- Installing: /home/phufoxy/ydlidar_x3/install/ydlidar_sdk/include/src/filters/NoiseFilter.h
[4.090s] -- Installing: /home/phufoxy/ydlidar_x3/install/ydlidar_sdk/include/ydlidar_config.h
[4.090s] -- Installing: /home/phufoxy/ydlidar_x3/install/ydlidar_sdk/lib/libydlidar_sdk.a
[4.092s] -- Installing: /home/phufoxy/ydlidar_x3/install/ydlidar_sdk/lib/pkgconfig/YDLIDAR_SDK.pc
[4.092s] -- Installing: /home/phufoxy/ydlidar_x3/install/ydlidar_sdk/lib/cmake/ydlidar_sdk/ydlidar_sdkConfig.cmake
[4.092s] -- Installing: /home/phufoxy/ydlidar_x3/install/ydlidar_sdk/lib/cmake/ydlidar_sdk/ydlidar_sdkTargets.cmake
[4.092s] -- Installing: /home/phufoxy/ydlidar_x3/install/ydlidar_sdk/lib/cmake/ydlidar_sdk/ydlidar_sdkConfigVersion.cmake
[4.093s] -- Installing: /home/phufoxy/ydlidar_x3/install/ydlidar_sdk/share/YDLIDAR_SDK/FindYDLIDAR_SDK.cmake
[4.093s] -- Up-to-date: /home/phufoxy/ydlidar_x3/install/ydlidar_sdk/share/YDLIDAR_SDK
[4.093s] -- Installing: /home/phufoxy/ydlidar_x3/install/ydlidar_sdk/share/YDLIDAR_SDK/cmake_uninstall.cmake.in
[4.093s] -- Installing: /home/phufoxy/ydlidar_x3/install/ydlidar_sdk/share/YDLIDAR_SDK/script_show_final_summary.cmake
[4.093s] -- Installing: /home/phufoxy/ydlidar_x3/install/ydlidar_sdk/share/YDLIDAR_SDK/FindPackage.cmake.in
[4.093s] -- Installing: /home/phufoxy/ydlidar_x3/install/ydlidar_sdk/share/YDLIDAR_SDK/PackageConfig.cmake.in
[4.094s] -- Installing: /home/phufoxy/ydlidar_x3/install/ydlidar_sdk/share/YDLIDAR_SDK/common
[4.094s] -- Installing: /home/phufoxy/ydlidar_x3/install/ydlidar_sdk/share/YDLIDAR_SDK/common/ydlidar_parse.cmake
[4.094s] -- Installing: /home/phufoxy/ydlidar_x3/install/ydlidar_sdk/share/YDLIDAR_SDK/common/ydlidar_base.cmake
[4.094s] -- Installing: /home/phufoxy/ydlidar_x3/install/ydlidar_sdk/share/YDLIDAR_SDK/PkgConfig.pc.in
[4.094s] -- Installing: /home/phufoxy/ydlidar_x3/install/ydlidar_sdk/share/YDLIDAR_SDK/PackageConfigVersion.cmake.in
[4.094s] -- Installing: /home/phufoxy/ydlidar_x3/install/ydlidar_sdk/share/YDLIDAR_SDK/install_package.cmake
[4.095s] -- Installing: /home/phufoxy/ydlidar_x3/install/ydlidar_sdk/share/YDLIDAR_SDK/LICENSE.txt
[4.095s] -- Installing: /home/phufoxy/ydlidar_x3/install/ydlidar_sdk/share/YDLIDAR_SDK/README.md
[4.095s] -- Installing: /home/phufoxy/ydlidar_x3/install/ydlidar_sdk/share/YDLIDAR_SDK/doc
[4.095s] -- Installing: /home/phufoxy/ydlidar_x3/install/ydlidar_sdk/share/YDLIDAR_SDK/doc/howto
[4.095s] -- Installing: /home/phufoxy/ydlidar_x3/install/ydlidar_sdk/share/YDLIDAR_SDK/doc/howto/README.md
[4.095s] -- Installing: /home/phufoxy/ydlidar_x3/install/ydlidar_sdk/share/YDLIDAR_SDK/doc/howto/how_to_solve_slow_pull_from_cn.md
[4.095s] -- Installing: /home/phufoxy/ydlidar_x3/install/ydlidar_sdk/share/YDLIDAR_SDK/doc/howto/how_to_build_and_debug_using_vscode.md
[4.096s] -- Installing: /home/phufoxy/ydlidar_x3/install/ydlidar_sdk/share/YDLIDAR_SDK/doc/howto/how_to_create_a_udev_rules.md
[4.096s] -- Installing: /home/phufoxy/ydlidar_x3/install/ydlidar_sdk/share/YDLIDAR_SDK/doc/howto/how_to_build_and_install.md
[4.096s] -- Installing: /home/phufoxy/ydlidar_x3/install/ydlidar_sdk/share/YDLIDAR_SDK/doc/howto/how_to_create_a_pull.md
[4.096s] -- Installing: /home/phufoxy/ydlidar_x3/install/ydlidar_sdk/share/YDLIDAR_SDK/doc/howto/how_to_create_a_csharp_project.md
[4.096s] -- Installing: /home/phufoxy/ydlidar_x3/install/ydlidar_sdk/share/YDLIDAR_SDK/doc/howto/how_to_gerenrate_vs_project_by_cmake.md
[4.096s] -- Installing: /home/phufoxy/ydlidar_x3/install/ydlidar_sdk/share/YDLIDAR_SDK/doc/howto/images
[4.097s] -- Installing: /home/phufoxy/ydlidar_x3/install/ydlidar_sdk/share/YDLIDAR_SDK/doc/howto/images/csharp_build.png
[4.097s] -- Installing: /home/phufoxy/ydlidar_x3/install/ydlidar_sdk/share/YDLIDAR_SDK/doc/howto/images/sdk_scanning.png
[4.100s] -- Installing: /home/phufoxy/ydlidar_x3/install/ydlidar_sdk/share/YDLIDAR_SDK/doc/howto/images/ydlidar_lidar_monitor.png
[4.107s] -- Installing: /home/phufoxy/ydlidar_x3/install/ydlidar_sdk/share/YDLIDAR_SDK/doc/howto/images/csharp_library.png
[4.107s] -- Installing: /home/phufoxy/ydlidar_x3/install/ydlidar_sdk/share/YDLIDAR_SDK/doc/howto/images/ttyUSB1.png
[4.110s] -- Installing: /home/phufoxy/ydlidar_x3/install/ydlidar_sdk/share/YDLIDAR_SDK/doc/howto/images/csharp_project.png
[4.111s] -- Installing: /home/phufoxy/ydlidar_x3/install/ydlidar_sdk/share/YDLIDAR_SDK/doc/howto/images/cpack.png
[4.114s] -- Installing: /home/phufoxy/ydlidar_x3/install/ydlidar_sdk/share/YDLIDAR_SDK/doc/howto/images/sequence.png
[4.115s] -- Installing: /home/phufoxy/ydlidar_x3/install/ydlidar_sdk/share/YDLIDAR_SDK/doc/howto/images/sdk_init.png
[4.115s] -- Installing: /home/phufoxy/ydlidar_x3/install/ydlidar_sdk/share/YDLIDAR_SDK/doc/howto/images/ttyUSB0.png
[4.115s] -- Installing: /home/phufoxy/ydlidar_x3/install/ydlidar_sdk/share/YDLIDAR_SDK/doc/howto/images/vscode
[4.115s] -- Installing: /home/phufoxy/ydlidar_x3/install/ydlidar_sdk/share/YDLIDAR_SDK/doc/howto/images/vscode/run_tasks.jpg
[4.123s] -- Installing: /home/phufoxy/ydlidar_x3/install/ydlidar_sdk/share/YDLIDAR_SDK/doc/howto/images/vscode/tasks.png
[4.126s] -- Installing: /home/phufoxy/ydlidar_x3/install/ydlidar_sdk/share/YDLIDAR_SDK/doc/howto/images/csharp_exception.png
[4.129s] -- Installing: /home/phufoxy/ydlidar_x3/install/ydlidar_sdk/share/YDLIDAR_SDK/doc/howto/images/csharp_running.png
[4.130s] -- Installing: /home/phufoxy/ydlidar_x3/install/ydlidar_sdk/share/YDLIDAR_SDK/doc/README.md
[4.130s] -- Installing: /home/phufoxy/ydlidar_x3/install/ydlidar_sdk/share/YDLIDAR_SDK/doc/tutorials
[4.131s] -- Installing: /home/phufoxy/ydlidar_x3/install/ydlidar_sdk/share/YDLIDAR_SDK/doc/tutorials/writing_lidar_tutorial_python.md
[4.132s] -- Installing: /home/phufoxy/ydlidar_x3/install/ydlidar_sdk/share/YDLIDAR_SDK/doc/tutorials/writing_lidar_tutorial_c++.md
[4.133s] -- Installing: /home/phufoxy/ydlidar_x3/install/ydlidar_sdk/share/YDLIDAR_SDK/doc/tutorials/examine_the_simple_lidar_tutorial.md
[4.134s] -- Installing: /home/phufoxy/ydlidar_x3/install/ydlidar_sdk/share/YDLIDAR_SDK/doc/tutorials/writing_lidar_tutorial_c.md
[4.134s] -- Installing: /home/phufoxy/ydlidar_x3/install/ydlidar_sdk/share/YDLIDAR_SDK/doc/tutorials/writing_lidar_network_adapter_tutorial_c++.md
[4.135s] -- Installing: /home/phufoxy/ydlidar_x3/install/ydlidar_sdk/share/YDLIDAR_SDK/doc/SDK.pdf
[4.141s] -- Installing: /home/phufoxy/ydlidar_x3/install/ydlidar_sdk/share/YDLIDAR_SDK/doc/Tutorials.md
[4.142s] -- Installing: /home/phufoxy/ydlidar_x3/install/ydlidar_sdk/share/YDLIDAR_SDK/doc/quickstart
[4.142s] -- Installing: /home/phufoxy/ydlidar_x3/install/ydlidar_sdk/share/YDLIDAR_SDK/doc/quickstart/README.md
[4.142s] -- Installing: /home/phufoxy/ydlidar_x3/install/ydlidar_sdk/share/YDLIDAR_SDK/doc/quickstart/ydlidar_sdk_software_installation_guide.md
[4.143s] -- Installing: /home/phufoxy/ydlidar_x3/install/ydlidar_sdk/share/YDLIDAR_SDK/doc/Dataset.md
[4.144s] -- Installing: /home/phufoxy/ydlidar_x3/install/ydlidar_sdk/share/YDLIDAR_SDK/doc/YDLidar-SDK-Communication-Protocol.md
[4.144s] -- Installing: /home/phufoxy/ydlidar_x3/install/ydlidar_sdk/share/YDLIDAR_SDK/doc/YDLIDAR_SDK_API_for_Developers.md
[4.144s] -- Installing: /home/phufoxy/ydlidar_x3/install/ydlidar_sdk/share/YDLIDAR_SDK/doc/YDLidar-SDK-Communication-Protocol.html
[4.150s] -- Installing: /home/phufoxy/ydlidar_x3/install/ydlidar_sdk/share/YDLIDAR_SDK/doc/FAQs
[4.150s] -- Installing: /home/phufoxy/ydlidar_x3/install/ydlidar_sdk/share/YDLIDAR_SDK/doc/FAQs/General_FAQs.md
[4.151s] -- Installing: /home/phufoxy/ydlidar_x3/install/ydlidar_sdk/share/YDLIDAR_SDK/doc/FAQs/README.md
[4.151s] -- Installing: /home/phufoxy/ydlidar_x3/install/ydlidar_sdk/share/YDLIDAR_SDK/doc/FAQs/Software_FAQs.md
[4.151s] -- Installing: /home/phufoxy/ydlidar_x3/install/ydlidar_sdk/share/YDLIDAR_SDK/doc/FAQs/Software_FAQs_cn.md
[4.152s] -- Installing: /home/phufoxy/ydlidar_x3/install/ydlidar_sdk/share/YDLIDAR_SDK/doc/FAQs/Hardware_FAQs_cn.md
[4.152s] -- Installing: /home/phufoxy/ydlidar_x3/install/ydlidar_sdk/share/YDLIDAR_SDK/doc/FAQs/Hardware_FAQs.md
[4.152s] -- Installing: /home/phufoxy/ydlidar_x3/install/ydlidar_sdk/share/YDLIDAR_SDK/doc/FAQs/General_FAQs_cn.md
[4.153s] -- Installing: /home/phufoxy/ydlidar_x3/install/ydlidar_sdk/share/YDLIDAR_SDK/doc/Diagram.md
[4.153s] -- Installing: /home/phufoxy/ydlidar_x3/install/ydlidar_sdk/share/YDLIDAR_SDK/doc/YDLidar_SDK_Communication_Protocol.pdf
[4.158s] -- Installing: /home/phufoxy/ydlidar_x3/install/ydlidar_sdk/share/YDLIDAR_SDK/doc/images
[4.158s] -- Installing: /home/phufoxy/ydlidar_x3/install/ydlidar_sdk/share/YDLIDAR_SDK/doc/images/communication_mechanism.png
[4.163s] -- Installing: /home/phufoxy/ydlidar_x3/install/ydlidar_sdk/share/YDLIDAR_SDK/doc/images/sdk_scanning.png
[4.164s] -- Installing: /home/phufoxy/ydlidar_x3/install/ydlidar_sdk/share/YDLIDAR_SDK/doc/images/frame.png
[4.165s] -- Installing: /home/phufoxy/ydlidar_x3/install/ydlidar_sdk/share/YDLIDAR_SDK/doc/images/system_workflow.png
[4.172s] -- Installing: /home/phufoxy/ydlidar_x3/install/ydlidar_sdk/share/YDLIDAR_SDK/doc/images/FlowChart.png
[4.173s] -- Installing: /home/phufoxy/ydlidar_x3/install/ydlidar_sdk/share/YDLIDAR_SDK/doc/images/angle_q2.png
[4.173s] -- Installing: /home/phufoxy/ydlidar_x3/install/ydlidar_sdk/share/YDLIDAR_SDK/doc/images/sdk_architecture.png
[4.174s] -- Installing: /home/phufoxy/ydlidar_x3/install/ydlidar_sdk/share/YDLIDAR_SDK/doc/images/frame_intensity.png
[4.176s] -- Installing: /home/phufoxy/ydlidar_x3/install/ydlidar_sdk/share/YDLIDAR_SDK/doc/images/EAI.png
[4.180s] -- Installing: /home/phufoxy/ydlidar_x3/install/ydlidar_sdk/share/YDLIDAR_SDK/doc/images/YDLidar.png
[4.180s] -- Installing: /home/phufoxy/ydlidar_x3/install/ydlidar_sdk/share/YDLIDAR_SDK/doc/images/sequence.png
[4.180s] -- Installing: /home/phufoxy/ydlidar_x3/install/ydlidar_sdk/share/YDLIDAR_SDK/doc/images/sdk_init.png
[4.181s] -- Installing: /home/phufoxy/ydlidar_x3/install/ydlidar_sdk/share/YDLIDAR_SDK/doc/images/YDLidar.jpg
[4.181s] -- Installing: /home/phufoxy/ydlidar_x3/install/ydlidar_sdk/share/YDLIDAR_SDK/doc/YDLidar-SDK-Communication-Protocol.pdf
[4.183s] -- Installing: /home/phufoxy/ydlidar_x3/install/ydlidar_sdk/startup/initenv.sh
[4.185s] -- Installing: /home/phufoxy/ydlidar_x3/install/ydlidar_sdk/bin/etlidar_test
[4.186s] -- Installing: /home/phufoxy/ydlidar_x3/install/ydlidar_sdk/bin/tof_test
[4.188s] -- Installing: /home/phufoxy/ydlidar_x3/install/ydlidar_sdk/bin/ydlidar_test
[4.189s] -- Installing: /home/phufoxy/ydlidar_x3/install/ydlidar_sdk/bin/lidar_c_api_test
[4.193s] Invoked command in '/home/phufoxy/ydlidar_x3/build/ydlidar_sdk' returned '0': /usr/bin/cmake --install /home/phufoxy/ydlidar_x3/build/ydlidar_sdk
