[0.025s] Invoking command in '/home/phufoxy/ydlidar_x3/build/slam_gmapping': AMENT_PREFIX_PATH=/home/phufoxy/ydlidar_x3/install/openslam_gmapping:${AMENT_PREFIX_PATH} CMAKE_PREFIX_PATH=/home/phufoxy/ydlidar_x3/install/openslam_gmapping:/home/phufoxy/ros2_FxDeliver/install/articubot_one:/opt/ros/foxy LD_LIBRARY_PATH=/home/phufoxy/ydlidar_x3/install/openslam_gmapping/lib:${LD_LIBRARY_PATH} /usr/bin/cmake --build /home/phufoxy/ydlidar_x3/build/slam_gmapping -- -j8 -l8
[0.168s] [ 50%] Built target slam_gmapping
[0.168s] [100%] Built target transform
[0.186s] Invoked command in '/home/phufoxy/ydlidar_x3/build/slam_gmapping' returned '0': AMENT_PREFIX_PATH=/home/phufoxy/ydlidar_x3/install/openslam_gmapping:${AMENT_PREFIX_PATH} CMAKE_PREFIX_PATH=/home/phufoxy/ydlidar_x3/install/openslam_gmapping:/home/phufoxy/ros2_FxDeliver/install/articubot_one:/opt/ros/foxy LD_LIBRARY_PATH=/home/phufoxy/ydlidar_x3/install/openslam_gmapping/lib:${LD_LIBRARY_PATH} /usr/bin/cmake --build /home/phufoxy/ydlidar_x3/build/slam_gmapping -- -j8 -l8
[0.227s] Invoking command in '/home/phufoxy/ydlidar_x3/build/slam_gmapping': AMENT_PREFIX_PATH=/home/phufoxy/ydlidar_x3/install/openslam_gmapping:${AMENT_PREFIX_PATH} CMAKE_PREFIX_PATH=/home/phufoxy/ydlidar_x3/install/openslam_gmapping:/home/phufoxy/ros2_FxDeliver/install/articubot_one:/opt/ros/foxy LD_LIBRARY_PATH=/home/phufoxy/ydlidar_x3/install/openslam_gmapping/lib:${LD_LIBRARY_PATH} /usr/bin/cmake --install /home/phufoxy/ydlidar_x3/build/slam_gmapping
[0.238s] -- Install configuration: ""
[0.243s] -- Execute custom install script
[0.244s] -- Up-to-date symlink: /home/phufoxy/ydlidar_x3/install/slam_gmapping/lib/slam_gmapping/slam_gmapping
[0.245s] -- Up-to-date symlink: /home/phufoxy/ydlidar_x3/install/slam_gmapping/lib/slam_gmapping/transform
[0.246s] -- Up-to-date symlink: /home/phufoxy/ydlidar_x3/install/slam_gmapping/share/slam_gmapping/launch/gmapping_launch.py
[0.246s] -- Up-to-date symlink: /home/phufoxy/ydlidar_x3/install/slam_gmapping/share/slam_gmapping/launch/slam_gmapping.launch.py
[0.247s] -- Up-to-date symlink: /home/phufoxy/ydlidar_x3/install/slam_gmapping/share/ament_index/resource_index/package_run_dependencies/slam_gmapping
[0.247s] -- Up-to-date symlink: /home/phufoxy/ydlidar_x3/install/slam_gmapping/share/ament_index/resource_index/parent_prefix_path/slam_gmapping
[0.248s] -- Up-to-date symlink: /home/phufoxy/ydlidar_x3/install/slam_gmapping/share/slam_gmapping/environment/ament_prefix_path.sh
[0.248s] -- Up-to-date symlink: /home/phufoxy/ydlidar_x3/install/slam_gmapping/share/slam_gmapping/environment/ament_prefix_path.dsv
[0.249s] -- Up-to-date symlink: /home/phufoxy/ydlidar_x3/install/slam_gmapping/share/slam_gmapping/environment/path.sh
[0.249s] -- Up-to-date symlink: /home/phufoxy/ydlidar_x3/install/slam_gmapping/share/slam_gmapping/environment/path.dsv
[0.250s] -- Up-to-date symlink: /home/phufoxy/ydlidar_x3/install/slam_gmapping/share/slam_gmapping/local_setup.bash
[0.250s] -- Up-to-date symlink: /home/phufoxy/ydlidar_x3/install/slam_gmapping/share/slam_gmapping/local_setup.sh
[0.251s] -- Up-to-date symlink: /home/phufoxy/ydlidar_x3/install/slam_gmapping/share/slam_gmapping/local_setup.zsh
[0.251s] -- Up-to-date symlink: /home/phufoxy/ydlidar_x3/install/slam_gmapping/share/slam_gmapping/local_setup.dsv
[0.251s] -- Symlinking: /home/phufoxy/ydlidar_x3/install/slam_gmapping/share/slam_gmapping/package.dsv
[0.265s] -- Up-to-date symlink: /home/phufoxy/ydlidar_x3/install/slam_gmapping/share/ament_index/resource_index/packages/slam_gmapping
[0.266s] -- Up-to-date symlink: /home/phufoxy/ydlidar_x3/install/slam_gmapping/share/slam_gmapping/cmake/slam_gmappingConfig.cmake
[0.266s] -- Up-to-date symlink: /home/phufoxy/ydlidar_x3/install/slam_gmapping/share/slam_gmapping/cmake/slam_gmappingConfig-version.cmake
[0.266s] -- Up-to-date symlink: /home/phufoxy/ydlidar_x3/install/slam_gmapping/share/slam_gmapping/package.xml
[0.273s] Invoked command in '/home/phufoxy/ydlidar_x3/build/slam_gmapping' returned '0': AMENT_PREFIX_PATH=/home/phufoxy/ydlidar_x3/install/openslam_gmapping:${AMENT_PREFIX_PATH} CMAKE_PREFIX_PATH=/home/phufoxy/ydlidar_x3/install/openslam_gmapping:/home/phufoxy/ros2_FxDeliver/install/articubot_one:/opt/ros/foxy LD_LIBRARY_PATH=/home/phufoxy/ydlidar_x3/install/openslam_gmapping/lib:${LD_LIBRARY_PATH} /usr/bin/cmake --install /home/phufoxy/ydlidar_x3/build/slam_gmapping
