[1.745s] DEBUG:colcon:Command line arguments: ['/usr/bin/colcon', 'build', '--symlink-install']
[1.745s] DEBUG:colcon:Parsed command line arguments: Namespace(allow_overriding=[], ament_cmake_args=None, base_paths=['.'], build_base='build', catkin_cmake_args=None, catkin_skip_building_tests=False, cmake_args=None, cmake_clean_cache=False, cmake_clean_first=False, cmake_force_configure=False, cmake_target=None, cmake_target_skip_unavailable=False, continue_on_error=False, event_handlers=None, executor='parallel', ignore_user_meta=False, install_base='install', log_base=None, log_level=None, main=<bound method BuildVerb.main of <colcon_core.verb.build.BuildVerb object at 0x7f03ec6b2250>>, merge_install=False, metas=['./colcon.meta'], packages_above=None, packages_above_and_dependencies=None, packages_above_depth=None, packages_end=None, packages_ignore=None, packages_ignore_regex=None, packages_select=None, packages_select_build_failed=False, packages_select_by_dep=None, packages_select_regex=None, packages_select_test_failures=False, packages_skip=None, packages_skip_build_finished=False, packages_skip_by_dep=None, packages_skip_regex=None, packages_skip_test_passed=False, packages_skip_up_to=None, packages_start=None, packages_up_to=None, packages_up_to_regex=None, parallel_workers=8, paths=None, symlink_install=True, test_result_base=None, verb_extension=<colcon_core.verb.build.BuildVerb object at 0x7f03ec6b2250>, verb_name='build', verb_parser=<colcon_defaults.argument_parser.defaults.DefaultArgumentsDecorator object at 0x7f03ec6b2790>)
[1.822s] Level 1:colcon.colcon_core.package_discovery:discover_packages(colcon_meta) check parameters
[1.822s] Level 1:colcon.colcon_core.package_discovery:discover_packages(recursive) check parameters
[1.822s] Level 1:colcon.colcon_core.package_discovery:discover_packages(ignore) check parameters
[1.822s] Level 1:colcon.colcon_core.package_discovery:discover_packages(path) check parameters
[1.822s] Level 1:colcon.colcon_core.package_discovery:discover_packages(colcon_meta) discover
[1.823s] Level 1:colcon.colcon_core.package_discovery:discover_packages(recursive) discover
[1.823s] INFO:colcon.colcon_core.package_discovery:Crawling recursively for packages in '/home/phufoxy/ydlidar_x3'
[1.823s] Level 1:colcon.colcon_core.package_identification:_identify(.) by extensions ['ignore', 'ignore_ament_install']
[1.823s] Level 1:colcon.colcon_core.package_identification:_identify(.) by extension 'ignore'
[1.823s] Level 1:colcon.colcon_core.package_identification:_identify(.) by extension 'ignore_ament_install'
[1.824s] Level 1:colcon.colcon_core.package_identification:_identify(.) by extensions ['colcon_pkg']
[1.824s] Level 1:colcon.colcon_core.package_identification:_identify(.) by extension 'colcon_pkg'
[1.824s] Level 1:colcon.colcon_core.package_identification:_identify(.) by extensions ['colcon_meta']
[1.824s] Level 1:colcon.colcon_core.package_identification:_identify(.) by extension 'colcon_meta'
[1.824s] Level 1:colcon.colcon_core.package_identification:_identify(.) by extensions ['ros']
[1.824s] Level 1:colcon.colcon_core.package_identification:_identify(.) by extension 'ros'
[1.870s] Level 1:colcon.colcon_core.package_identification:_identify(.) by extensions ['cmake', 'python']
[1.870s] Level 1:colcon.colcon_core.package_identification:_identify(.) by extension 'cmake'
[1.870s] Level 1:colcon.colcon_core.package_identification:_identify(.) by extension 'python'
[1.870s] Level 1:colcon.colcon_core.package_identification:_identify(.) by extensions ['python_setup_py']
[1.870s] Level 1:colcon.colcon_core.package_identification:_identify(.) by extension 'python_setup_py'
[1.870s] Level 1:colcon.colcon_core.package_identification:_identify(YDLidar-SDK-master) by extensions ['ignore', 'ignore_ament_install']
[1.870s] Level 1:colcon.colcon_core.package_identification:_identify(YDLidar-SDK-master) by extension 'ignore'
[1.870s] Level 1:colcon.colcon_core.package_identification:_identify(YDLidar-SDK-master) by extension 'ignore_ament_install'
[1.870s] Level 1:colcon.colcon_core.package_identification:_identify(YDLidar-SDK-master) by extensions ['colcon_pkg']
[1.871s] Level 1:colcon.colcon_core.package_identification:_identify(YDLidar-SDK-master) by extension 'colcon_pkg'
[1.871s] Level 1:colcon.colcon_core.package_identification:_identify(YDLidar-SDK-master) by extensions ['colcon_meta']
[1.871s] Level 1:colcon.colcon_core.package_identification:_identify(YDLidar-SDK-master) by extension 'colcon_meta'
[1.871s] Level 1:colcon.colcon_core.package_identification:_identify(YDLidar-SDK-master) by extensions ['ros']
[1.871s] Level 1:colcon.colcon_core.package_identification:_identify(YDLidar-SDK-master) by extension 'ros'
[1.871s] Level 1:colcon.colcon_core.package_identification:_identify(YDLidar-SDK-master) by extensions ['cmake', 'python']
[1.871s] Level 1:colcon.colcon_core.package_identification:_identify(YDLidar-SDK-master) by extension 'cmake'
[1.922s] Level 1:colcon.colcon_core.package_identification:_identify(YDLidar-SDK-master) by extension 'python'
[1.922s] DEBUG:colcon.colcon_core.package_identification:Package 'YDLidar-SDK-master' with type 'cmake' and name 'ydlidar_sdk'
[1.922s] Level 1:colcon.colcon_core.package_identification:_identify(build) by extensions ['ignore', 'ignore_ament_install']
[1.922s] Level 1:colcon.colcon_core.package_identification:_identify(build) by extension 'ignore'
[1.922s] Level 1:colcon.colcon_core.package_identification:_identify(build) ignored
[1.922s] Level 1:colcon.colcon_core.package_identification:_identify(install) by extensions ['ignore', 'ignore_ament_install']
[1.922s] Level 1:colcon.colcon_core.package_identification:_identify(install) by extension 'ignore'
[1.922s] Level 1:colcon.colcon_core.package_identification:_identify(install) ignored
[1.922s] Level 1:colcon.colcon_core.package_identification:_identify(log) by extensions ['ignore', 'ignore_ament_install']
[1.922s] Level 1:colcon.colcon_core.package_identification:_identify(log) by extension 'ignore'
[1.922s] Level 1:colcon.colcon_core.package_identification:_identify(log) ignored
[1.924s] Level 1:colcon.colcon_core.package_identification:_identify(src) by extensions ['ignore', 'ignore_ament_install']
[1.924s] Level 1:colcon.colcon_core.package_identification:_identify(src) by extension 'ignore'
[1.924s] Level 1:colcon.colcon_core.package_identification:_identify(src) by extension 'ignore_ament_install'
[1.924s] Level 1:colcon.colcon_core.package_identification:_identify(src) by extensions ['colcon_pkg']
[1.924s] Level 1:colcon.colcon_core.package_identification:_identify(src) by extension 'colcon_pkg'
[1.924s] Level 1:colcon.colcon_core.package_identification:_identify(src) by extensions ['colcon_meta']
[1.924s] Level 1:colcon.colcon_core.package_identification:_identify(src) by extension 'colcon_meta'
[1.924s] Level 1:colcon.colcon_core.package_identification:_identify(src) by extensions ['ros']
[1.924s] Level 1:colcon.colcon_core.package_identification:_identify(src) by extension 'ros'
[1.924s] Level 1:colcon.colcon_core.package_identification:_identify(src) by extensions ['cmake', 'python']
[1.924s] Level 1:colcon.colcon_core.package_identification:_identify(src) by extension 'cmake'
[1.924s] Level 1:colcon.colcon_core.package_identification:_identify(src) by extension 'python'
[1.924s] Level 1:colcon.colcon_core.package_identification:_identify(src) by extensions ['python_setup_py']
[1.924s] Level 1:colcon.colcon_core.package_identification:_identify(src) by extension 'python_setup_py'
[1.925s] Level 1:colcon.colcon_core.package_identification:_identify(src/openslam_gmapping) by extensions ['ignore', 'ignore_ament_install']
[1.925s] Level 1:colcon.colcon_core.package_identification:_identify(src/openslam_gmapping) by extension 'ignore'
[1.925s] Level 1:colcon.colcon_core.package_identification:_identify(src/openslam_gmapping) by extension 'ignore_ament_install'
[1.925s] Level 1:colcon.colcon_core.package_identification:_identify(src/openslam_gmapping) by extensions ['colcon_pkg']
[1.925s] Level 1:colcon.colcon_core.package_identification:_identify(src/openslam_gmapping) by extension 'colcon_pkg'
[1.925s] Level 1:colcon.colcon_core.package_identification:_identify(src/openslam_gmapping) by extensions ['colcon_meta']
[1.925s] Level 1:colcon.colcon_core.package_identification:_identify(src/openslam_gmapping) by extension 'colcon_meta'
[1.925s] Level 1:colcon.colcon_core.package_identification:_identify(src/openslam_gmapping) by extensions ['ros']
[1.926s] Level 1:colcon.colcon_core.package_identification:_identify(src/openslam_gmapping) by extension 'ros'
[1.928s] DEBUG:colcon.colcon_core.package_identification:Package 'src/openslam_gmapping' with type 'ros.ament_cmake' and name 'openslam_gmapping'
[1.929s] Level 1:colcon.colcon_core.package_identification:_identify(src/slam_gmapping) by extensions ['ignore', 'ignore_ament_install']
[1.929s] Level 1:colcon.colcon_core.package_identification:_identify(src/slam_gmapping) by extension 'ignore'
[1.929s] Level 1:colcon.colcon_core.package_identification:_identify(src/slam_gmapping) by extension 'ignore_ament_install'
[1.929s] Level 1:colcon.colcon_core.package_identification:_identify(src/slam_gmapping) by extensions ['colcon_pkg']
[1.929s] Level 1:colcon.colcon_core.package_identification:_identify(src/slam_gmapping) by extension 'colcon_pkg'
[1.929s] Level 1:colcon.colcon_core.package_identification:_identify(src/slam_gmapping) by extensions ['colcon_meta']
[1.929s] Level 1:colcon.colcon_core.package_identification:_identify(src/slam_gmapping) by extension 'colcon_meta'
[1.929s] Level 1:colcon.colcon_core.package_identification:_identify(src/slam_gmapping) by extensions ['ros']
[1.929s] Level 1:colcon.colcon_core.package_identification:_identify(src/slam_gmapping) by extension 'ros'
[1.930s] DEBUG:colcon.colcon_core.package_identification:Package 'src/slam_gmapping' with type 'ros.ament_cmake' and name 'slam_gmapping'
[1.931s] Level 1:colcon.colcon_core.package_identification:_identify(src/sllidar_ros2) by extensions ['ignore', 'ignore_ament_install']
[1.931s] Level 1:colcon.colcon_core.package_identification:_identify(src/sllidar_ros2) by extension 'ignore'
[1.931s] Level 1:colcon.colcon_core.package_identification:_identify(src/sllidar_ros2) by extension 'ignore_ament_install'
[1.931s] Level 1:colcon.colcon_core.package_identification:_identify(src/sllidar_ros2) by extensions ['colcon_pkg']
[1.931s] Level 1:colcon.colcon_core.package_identification:_identify(src/sllidar_ros2) by extension 'colcon_pkg'
[1.931s] Level 1:colcon.colcon_core.package_identification:_identify(src/sllidar_ros2) by extensions ['colcon_meta']
[1.931s] Level 1:colcon.colcon_core.package_identification:_identify(src/sllidar_ros2) by extension 'colcon_meta'
[1.931s] Level 1:colcon.colcon_core.package_identification:_identify(src/sllidar_ros2) by extensions ['ros']
[1.931s] Level 1:colcon.colcon_core.package_identification:_identify(src/sllidar_ros2) by extension 'ros'
[1.931s] Level 1:colcon.colcon_core.package_identification:_identify(src/sllidar_ros2) by extensions ['cmake', 'python']
[1.931s] Level 1:colcon.colcon_core.package_identification:_identify(src/sllidar_ros2) by extension 'cmake'
[1.931s] Level 1:colcon.colcon_core.package_identification:_identify(src/sllidar_ros2) by extension 'python'
[1.931s] Level 1:colcon.colcon_core.package_identification:_identify(src/sllidar_ros2) by extensions ['python_setup_py']
[1.931s] Level 1:colcon.colcon_core.package_identification:_identify(src/sllidar_ros2) by extension 'python_setup_py'
[1.932s] Level 1:colcon.colcon_core.package_identification:_identify(src/sllidar_ros2/launch) by extensions ['ignore', 'ignore_ament_install']
[1.932s] Level 1:colcon.colcon_core.package_identification:_identify(src/sllidar_ros2/launch) by extension 'ignore'
[1.932s] Level 1:colcon.colcon_core.package_identification:_identify(src/sllidar_ros2/launch) by extension 'ignore_ament_install'
[1.932s] Level 1:colcon.colcon_core.package_identification:_identify(src/sllidar_ros2/launch) by extensions ['colcon_pkg']
[1.932s] Level 1:colcon.colcon_core.package_identification:_identify(src/sllidar_ros2/launch) by extension 'colcon_pkg'
[1.932s] Level 1:colcon.colcon_core.package_identification:_identify(src/sllidar_ros2/launch) by extensions ['colcon_meta']
[1.932s] Level 1:colcon.colcon_core.package_identification:_identify(src/sllidar_ros2/launch) by extension 'colcon_meta'
[1.932s] Level 1:colcon.colcon_core.package_identification:_identify(src/sllidar_ros2/launch) by extensions ['ros']
[1.932s] Level 1:colcon.colcon_core.package_identification:_identify(src/sllidar_ros2/launch) by extension 'ros'
[1.932s] Level 1:colcon.colcon_core.package_identification:_identify(src/sllidar_ros2/launch) by extensions ['cmake', 'python']
[1.932s] Level 1:colcon.colcon_core.package_identification:_identify(src/sllidar_ros2/launch) by extension 'cmake'
[1.932s] Level 1:colcon.colcon_core.package_identification:_identify(src/sllidar_ros2/launch) by extension 'python'
[1.932s] Level 1:colcon.colcon_core.package_identification:_identify(src/sllidar_ros2/launch) by extensions ['python_setup_py']
[1.932s] Level 1:colcon.colcon_core.package_identification:_identify(src/sllidar_ros2/launch) by extension 'python_setup_py'
[1.933s] Level 1:colcon.colcon_core.package_identification:_identify(src/sllidar_ros2/launch/__pycache__) by extensions ['ignore', 'ignore_ament_install']
[1.933s] Level 1:colcon.colcon_core.package_identification:_identify(src/sllidar_ros2/launch/__pycache__) by extension 'ignore'
[1.933s] Level 1:colcon.colcon_core.package_identification:_identify(src/sllidar_ros2/launch/__pycache__) by extension 'ignore_ament_install'
[1.933s] Level 1:colcon.colcon_core.package_identification:_identify(src/sllidar_ros2/launch/__pycache__) by extensions ['colcon_pkg']
[1.933s] Level 1:colcon.colcon_core.package_identification:_identify(src/sllidar_ros2/launch/__pycache__) by extension 'colcon_pkg'
[1.933s] Level 1:colcon.colcon_core.package_identification:_identify(src/sllidar_ros2/launch/__pycache__) by extensions ['colcon_meta']
[1.933s] Level 1:colcon.colcon_core.package_identification:_identify(src/sllidar_ros2/launch/__pycache__) by extension 'colcon_meta'
[1.933s] Level 1:colcon.colcon_core.package_identification:_identify(src/sllidar_ros2/launch/__pycache__) by extensions ['ros']
[1.933s] Level 1:colcon.colcon_core.package_identification:_identify(src/sllidar_ros2/launch/__pycache__) by extension 'ros'
[1.933s] Level 1:colcon.colcon_core.package_identification:_identify(src/sllidar_ros2/launch/__pycache__) by extensions ['cmake', 'python']
[1.933s] Level 1:colcon.colcon_core.package_identification:_identify(src/sllidar_ros2/launch/__pycache__) by extension 'cmake'
[1.933s] Level 1:colcon.colcon_core.package_identification:_identify(src/sllidar_ros2/launch/__pycache__) by extension 'python'
[1.933s] Level 1:colcon.colcon_core.package_identification:_identify(src/sllidar_ros2/launch/__pycache__) by extensions ['python_setup_py']
[1.934s] Level 1:colcon.colcon_core.package_identification:_identify(src/sllidar_ros2/launch/__pycache__) by extension 'python_setup_py'
[1.934s] Level 1:colcon.colcon_core.package_identification:_identify(src/ydlidar_ros2_driver-master) by extensions ['ignore', 'ignore_ament_install']
[1.934s] Level 1:colcon.colcon_core.package_identification:_identify(src/ydlidar_ros2_driver-master) by extension 'ignore'
[1.934s] Level 1:colcon.colcon_core.package_identification:_identify(src/ydlidar_ros2_driver-master) by extension 'ignore_ament_install'
[1.934s] Level 1:colcon.colcon_core.package_identification:_identify(src/ydlidar_ros2_driver-master) by extensions ['colcon_pkg']
[1.934s] Level 1:colcon.colcon_core.package_identification:_identify(src/ydlidar_ros2_driver-master) by extension 'colcon_pkg'
[1.934s] Level 1:colcon.colcon_core.package_identification:_identify(src/ydlidar_ros2_driver-master) by extensions ['colcon_meta']
[1.934s] Level 1:colcon.colcon_core.package_identification:_identify(src/ydlidar_ros2_driver-master) by extension 'colcon_meta'
[1.934s] Level 1:colcon.colcon_core.package_identification:_identify(src/ydlidar_ros2_driver-master) by extensions ['ros']
[1.934s] Level 1:colcon.colcon_core.package_identification:_identify(src/ydlidar_ros2_driver-master) by extension 'ros'
[1.935s] DEBUG:colcon.colcon_core.package_identification:Package 'src/ydlidar_ros2_driver-master' with type 'ros.ament_cmake' and name 'ydlidar_ros2_driver'
[1.935s] Level 1:colcon.colcon_core.package_discovery:discover_packages(recursive) using defaults
[1.935s] Level 1:colcon.colcon_core.package_discovery:discover_packages(ignore) discover
[1.935s] Level 1:colcon.colcon_core.package_discovery:discover_packages(ignore) using defaults
[1.935s] Level 1:colcon.colcon_core.package_discovery:discover_packages(path) discover
[1.935s] Level 1:colcon.colcon_core.package_discovery:discover_packages(path) using defaults
[1.974s] Level 1:colcon.colcon_core.package_discovery:discover_packages(prefix_path) check parameters
[1.974s] Level 1:colcon.colcon_core.package_discovery:discover_packages(prefix_path) discover
[1.978s] DEBUG:colcon.colcon_installed_package_information.package_discovery:Found 287 installed packages in /opt/ros/foxy
[1.979s] Level 1:colcon.colcon_core.package_discovery:discover_packages(prefix_path) using defaults
[2.096s] Level 5:colcon.colcon_core.verb:set package 'openslam_gmapping' build argument 'cmake_args' from command line to 'None'
[2.097s] Level 5:colcon.colcon_core.verb:set package 'openslam_gmapping' build argument 'cmake_target' from command line to 'None'
[2.097s] Level 5:colcon.colcon_core.verb:set package 'openslam_gmapping' build argument 'cmake_target_skip_unavailable' from command line to 'False'
[2.097s] Level 5:colcon.colcon_core.verb:set package 'openslam_gmapping' build argument 'cmake_clean_cache' from command line to 'False'
[2.097s] Level 5:colcon.colcon_core.verb:set package 'openslam_gmapping' build argument 'cmake_clean_first' from command line to 'False'
[2.097s] Level 5:colcon.colcon_core.verb:set package 'openslam_gmapping' build argument 'cmake_force_configure' from command line to 'False'
[2.097s] Level 5:colcon.colcon_core.verb:set package 'openslam_gmapping' build argument 'ament_cmake_args' from command line to 'None'
[2.097s] Level 5:colcon.colcon_core.verb:set package 'openslam_gmapping' build argument 'catkin_cmake_args' from command line to 'None'
[2.097s] Level 5:colcon.colcon_core.verb:set package 'openslam_gmapping' build argument 'catkin_skip_building_tests' from command line to 'False'
[2.097s] DEBUG:colcon.colcon_core.verb:Building package 'openslam_gmapping' with the following arguments: {'ament_cmake_args': None, 'build_base': '/home/phufoxy/ydlidar_x3/build/openslam_gmapping', 'catkin_cmake_args': None, 'catkin_skip_building_tests': False, 'cmake_args': None, 'cmake_clean_cache': False, 'cmake_clean_first': False, 'cmake_force_configure': False, 'cmake_target': None, 'cmake_target_skip_unavailable': False, 'install_base': '/home/phufoxy/ydlidar_x3/install/openslam_gmapping', 'merge_install': False, 'path': '/home/phufoxy/ydlidar_x3/src/openslam_gmapping', 'symlink_install': True, 'test_result_base': None}
[2.098s] Level 5:colcon.colcon_core.verb:set package 'ydlidar_ros2_driver' build argument 'cmake_args' from command line to 'None'
[2.098s] Level 5:colcon.colcon_core.verb:set package 'ydlidar_ros2_driver' build argument 'cmake_target' from command line to 'None'
[2.098s] Level 5:colcon.colcon_core.verb:set package 'ydlidar_ros2_driver' build argument 'cmake_target_skip_unavailable' from command line to 'False'
[2.098s] Level 5:colcon.colcon_core.verb:set package 'ydlidar_ros2_driver' build argument 'cmake_clean_cache' from command line to 'False'
[2.098s] Level 5:colcon.colcon_core.verb:set package 'ydlidar_ros2_driver' build argument 'cmake_clean_first' from command line to 'False'
[2.098s] Level 5:colcon.colcon_core.verb:set package 'ydlidar_ros2_driver' build argument 'cmake_force_configure' from command line to 'False'
[2.098s] Level 5:colcon.colcon_core.verb:set package 'ydlidar_ros2_driver' build argument 'ament_cmake_args' from command line to 'None'
[2.098s] Level 5:colcon.colcon_core.verb:set package 'ydlidar_ros2_driver' build argument 'catkin_cmake_args' from command line to 'None'
[2.098s] Level 5:colcon.colcon_core.verb:set package 'ydlidar_ros2_driver' build argument 'catkin_skip_building_tests' from command line to 'False'
[2.098s] DEBUG:colcon.colcon_core.verb:Building package 'ydlidar_ros2_driver' with the following arguments: {'ament_cmake_args': None, 'build_base': '/home/phufoxy/ydlidar_x3/build/ydlidar_ros2_driver', 'catkin_cmake_args': None, 'catkin_skip_building_tests': False, 'cmake_args': None, 'cmake_clean_cache': False, 'cmake_clean_first': False, 'cmake_force_configure': False, 'cmake_target': None, 'cmake_target_skip_unavailable': False, 'install_base': '/home/phufoxy/ydlidar_x3/install/ydlidar_ros2_driver', 'merge_install': False, 'path': '/home/phufoxy/ydlidar_x3/src/ydlidar_ros2_driver-master', 'symlink_install': True, 'test_result_base': None}
[2.099s] Level 5:colcon.colcon_core.verb:set package 'ydlidar_sdk' build argument 'cmake_args' from command line to 'None'
[2.099s] Level 5:colcon.colcon_core.verb:set package 'ydlidar_sdk' build argument 'cmake_target' from command line to 'None'
[2.099s] Level 5:colcon.colcon_core.verb:set package 'ydlidar_sdk' build argument 'cmake_target_skip_unavailable' from command line to 'False'
[2.099s] Level 5:colcon.colcon_core.verb:set package 'ydlidar_sdk' build argument 'cmake_clean_cache' from command line to 'False'
[2.099s] Level 5:colcon.colcon_core.verb:set package 'ydlidar_sdk' build argument 'cmake_clean_first' from command line to 'False'
[2.099s] Level 5:colcon.colcon_core.verb:set package 'ydlidar_sdk' build argument 'cmake_force_configure' from command line to 'False'
[2.099s] Level 5:colcon.colcon_core.verb:set package 'ydlidar_sdk' build argument 'ament_cmake_args' from command line to 'None'
[2.099s] Level 5:colcon.colcon_core.verb:set package 'ydlidar_sdk' build argument 'catkin_cmake_args' from command line to 'None'
[2.099s] Level 5:colcon.colcon_core.verb:set package 'ydlidar_sdk' build argument 'catkin_skip_building_tests' from command line to 'False'
[2.099s] DEBUG:colcon.colcon_core.verb:Building package 'ydlidar_sdk' with the following arguments: {'ament_cmake_args': None, 'build_base': '/home/phufoxy/ydlidar_x3/build/ydlidar_sdk', 'catkin_cmake_args': None, 'catkin_skip_building_tests': False, 'cmake_args': None, 'cmake_clean_cache': False, 'cmake_clean_first': False, 'cmake_force_configure': False, 'cmake_target': None, 'cmake_target_skip_unavailable': False, 'install_base': '/home/phufoxy/ydlidar_x3/install/ydlidar_sdk', 'merge_install': False, 'path': '/home/phufoxy/ydlidar_x3/YDLidar-SDK-master', 'symlink_install': True, 'test_result_base': None}
[2.100s] Level 5:colcon.colcon_core.verb:set package 'slam_gmapping' build argument 'cmake_args' from command line to 'None'
[2.100s] Level 5:colcon.colcon_core.verb:set package 'slam_gmapping' build argument 'cmake_target' from command line to 'None'
[2.100s] Level 5:colcon.colcon_core.verb:set package 'slam_gmapping' build argument 'cmake_target_skip_unavailable' from command line to 'False'
[2.100s] Level 5:colcon.colcon_core.verb:set package 'slam_gmapping' build argument 'cmake_clean_cache' from command line to 'False'
[2.100s] Level 5:colcon.colcon_core.verb:set package 'slam_gmapping' build argument 'cmake_clean_first' from command line to 'False'
[2.100s] Level 5:colcon.colcon_core.verb:set package 'slam_gmapping' build argument 'cmake_force_configure' from command line to 'False'
[2.100s] Level 5:colcon.colcon_core.verb:set package 'slam_gmapping' build argument 'ament_cmake_args' from command line to 'None'
[2.100s] Level 5:colcon.colcon_core.verb:set package 'slam_gmapping' build argument 'catkin_cmake_args' from command line to 'None'
[2.100s] Level 5:colcon.colcon_core.verb:set package 'slam_gmapping' build argument 'catkin_skip_building_tests' from command line to 'False'
[2.100s] DEBUG:colcon.colcon_core.verb:Building package 'slam_gmapping' with the following arguments: {'ament_cmake_args': None, 'build_base': '/home/phufoxy/ydlidar_x3/build/slam_gmapping', 'catkin_cmake_args': None, 'catkin_skip_building_tests': False, 'cmake_args': None, 'cmake_clean_cache': False, 'cmake_clean_first': False, 'cmake_force_configure': False, 'cmake_target': None, 'cmake_target_skip_unavailable': False, 'install_base': '/home/phufoxy/ydlidar_x3/install/slam_gmapping', 'merge_install': False, 'path': '/home/phufoxy/ydlidar_x3/src/slam_gmapping', 'symlink_install': True, 'test_result_base': None}
[2.101s] INFO:colcon.colcon_core.executor:Executing jobs using 'parallel' executor
[2.104s] DEBUG:colcon.colcon_parallel_executor.executor.parallel:run_until_complete
[2.104s] INFO:colcon.colcon_ros.task.ament_cmake.build:Building ROS package in '/home/phufoxy/ydlidar_x3/src/openslam_gmapping' with build type 'ament_cmake'
[2.104s] INFO:colcon.colcon_cmake.task.cmake.build:Building CMake package in '/home/phufoxy/ydlidar_x3/src/openslam_gmapping'
[2.132s] INFO:colcon.colcon_core.plugin_system:Skipping extension 'colcon_core.shell.bat': Not used on non-Windows systems
[2.132s] INFO:colcon.colcon_core.shell:Skip shell extension 'powershell' for command environment: Not usable outside of PowerShell
[2.133s] DEBUG:colcon.colcon_core.shell:Skip shell extension 'dsv' for command environment
[2.151s] INFO:colcon.colcon_ros.task.ament_cmake.build:Building ROS package in '/home/phufoxy/ydlidar_x3/src/ydlidar_ros2_driver-master' with build type 'ament_cmake'
[2.153s] INFO:colcon.colcon_cmake.task.cmake.build:Building CMake package in '/home/phufoxy/ydlidar_x3/src/ydlidar_ros2_driver-master'
[2.159s] INFO:colcon.colcon_core.shell:Skip shell extension 'powershell' for command environment: Not usable outside of PowerShell
[2.160s] DEBUG:colcon.colcon_core.shell:Skip shell extension 'dsv' for command environment
[2.169s] INFO:colcon.colcon_cmake.task.cmake.build:Building CMake package in '/home/phufoxy/ydlidar_x3/YDLidar-SDK-master'
[2.173s] INFO:colcon.colcon_core.shell:Skip shell extension 'powershell' for command environment: Not usable outside of PowerShell
[2.173s] DEBUG:colcon.colcon_core.shell:Skip shell extension 'dsv' for command environment
[2.194s] DEBUG:colcon.colcon_core.event_handler.log_command:Invoking command in '/home/phufoxy/ydlidar_x3/build/openslam_gmapping': CMAKE_PREFIX_PATH=/opt/ros/foxy /usr/bin/cmake --build /home/phufoxy/ydlidar_x3/build/openslam_gmapping -- -j8 -l8
[2.227s] DEBUG:colcon.colcon_core.event_handler.log_command:Invoking command in '/home/phufoxy/ydlidar_x3/build/ydlidar_ros2_driver': CMAKE_PREFIX_PATH=/opt/ros/foxy /usr/bin/cmake --build /home/phufoxy/ydlidar_x3/build/ydlidar_ros2_driver -- -j8 -l8
[2.244s] DEBUG:colcon.colcon_core.event_handler.log_command:Invoking command in '/home/phufoxy/ydlidar_x3/build/ydlidar_sdk': /usr/bin/cmake --build /home/phufoxy/ydlidar_x3/build/ydlidar_sdk -- -j8 -l8
[2.628s] DEBUG:colcon.colcon_core.event_handler.log_command:Invoked command in '/home/phufoxy/ydlidar_x3/build/ydlidar_sdk' returned '0': /usr/bin/cmake --build /home/phufoxy/ydlidar_x3/build/ydlidar_sdk -- -j8 -l8
[2.682s] DEBUG:colcon.colcon_core.event_handler.log_command:Invoking command in '/home/phufoxy/ydlidar_x3/build/ydlidar_sdk': /usr/bin/cmake --install /home/phufoxy/ydlidar_x3/build/ydlidar_sdk
[2.692s] DEBUG:colcon.colcon_core.event_handler.log_command:Invoked command in '/home/phufoxy/ydlidar_x3/build/openslam_gmapping' returned '0': CMAKE_PREFIX_PATH=/opt/ros/foxy /usr/bin/cmake --build /home/phufoxy/ydlidar_x3/build/openslam_gmapping -- -j8 -l8
[2.713s] DEBUG:colcon.colcon_core.event_handler.log_command:Invoked command in '/home/phufoxy/ydlidar_x3/build/ydlidar_ros2_driver' returned '0': CMAKE_PREFIX_PATH=/opt/ros/foxy /usr/bin/cmake --build /home/phufoxy/ydlidar_x3/build/ydlidar_ros2_driver -- -j8 -l8
[2.718s] DEBUG:colcon.colcon_core.event_handler.log_command:Invoking command in '/home/phufoxy/ydlidar_x3/build/openslam_gmapping': CMAKE_PREFIX_PATH=/opt/ros/foxy /usr/bin/cmake --install /home/phufoxy/ydlidar_x3/build/openslam_gmapping
[2.732s] DEBUG:colcon.colcon_core.event_handler.log_command:Invoking command in '/home/phufoxy/ydlidar_x3/build/ydlidar_ros2_driver': CMAKE_PREFIX_PATH=/opt/ros/foxy /usr/bin/cmake --install /home/phufoxy/ydlidar_x3/build/ydlidar_ros2_driver
[2.751s] Level 1:colcon.colcon_core.environment:create_environment_scripts_only(ydlidar_sdk)
[2.752s] DEBUG:colcon.colcon_core.event_handler.log_command:Invoked command in '/home/phufoxy/ydlidar_x3/build/ydlidar_sdk' returned '0': /usr/bin/cmake --install /home/phufoxy/ydlidar_x3/build/ydlidar_sdk
[2.773s] Level 1:colcon.colcon_core.environment:checking '/home/phufoxy/ydlidar_x3/install/ydlidar_sdk' for CMake module files
[2.774s] Level 1:colcon.colcon_core.environment:checking '/home/phufoxy/ydlidar_x3/install/ydlidar_sdk' for CMake config files
[2.778s] Level 1:colcon.colcon_core.shell:create_environment_hook('ydlidar_sdk', 'cmake_prefix_path')
[2.780s] INFO:colcon.colcon_core.shell:Creating environment hook '/home/phufoxy/ydlidar_x3/install/ydlidar_sdk/share/ydlidar_sdk/hook/cmake_prefix_path.ps1'
[2.783s] INFO:colcon.colcon_core.shell:Creating environment descriptor '/home/phufoxy/ydlidar_x3/install/ydlidar_sdk/share/ydlidar_sdk/hook/cmake_prefix_path.dsv'
[2.787s] INFO:colcon.colcon_core.shell:Creating environment hook '/home/phufoxy/ydlidar_x3/install/ydlidar_sdk/share/ydlidar_sdk/hook/cmake_prefix_path.sh'
[2.792s] Level 1:colcon.colcon_core.environment:checking '/home/phufoxy/ydlidar_x3/install/ydlidar_sdk/lib'
[2.792s] Level 1:colcon.colcon_core.environment:checking '/home/phufoxy/ydlidar_x3/install/ydlidar_sdk/bin'
[2.792s] Level 1:colcon.colcon_core.shell:create_environment_hook('ydlidar_sdk', 'path')
[2.794s] INFO:colcon.colcon_core.shell:Creating environment hook '/home/phufoxy/ydlidar_x3/install/ydlidar_sdk/share/ydlidar_sdk/hook/path.ps1'
[2.795s] INFO:colcon.colcon_core.shell:Creating environment descriptor '/home/phufoxy/ydlidar_x3/install/ydlidar_sdk/share/ydlidar_sdk/hook/path.dsv'
[2.795s] INFO:colcon.colcon_core.shell:Creating environment hook '/home/phufoxy/ydlidar_x3/install/ydlidar_sdk/share/ydlidar_sdk/hook/path.sh'
[2.796s] Level 1:colcon.colcon_core.environment:checking '/home/phufoxy/ydlidar_x3/install/ydlidar_sdk/lib/pkgconfig/ydlidar_sdk.pc'
[2.796s] Level 1:colcon.colcon_core.environment:checking '/home/phufoxy/ydlidar_x3/install/ydlidar_sdk/lib/python3.8/site-packages'
[2.797s] Level 1:colcon.colcon_core.environment:checking '/home/phufoxy/ydlidar_x3/install/ydlidar_sdk/bin'
[2.797s] Level 1:colcon.colcon_core.shell:create_environment_hook('ydlidar_sdk', 'pythonscriptspath')
[2.798s] INFO:colcon.colcon_core.shell:Creating environment hook '/home/phufoxy/ydlidar_x3/install/ydlidar_sdk/share/ydlidar_sdk/hook/pythonscriptspath.ps1'
[2.798s] INFO:colcon.colcon_core.shell:Creating environment descriptor '/home/phufoxy/ydlidar_x3/install/ydlidar_sdk/share/ydlidar_sdk/hook/pythonscriptspath.dsv'
[2.799s] INFO:colcon.colcon_core.shell:Creating environment hook '/home/phufoxy/ydlidar_x3/install/ydlidar_sdk/share/ydlidar_sdk/hook/pythonscriptspath.sh'
[2.801s] INFO:colcon.colcon_core.shell:Creating package script '/home/phufoxy/ydlidar_x3/install/ydlidar_sdk/share/ydlidar_sdk/package.ps1'
[2.806s] INFO:colcon.colcon_core.shell:Creating package descriptor '/home/phufoxy/ydlidar_x3/install/ydlidar_sdk/share/ydlidar_sdk/package.dsv'
[2.809s] INFO:colcon.colcon_core.shell:Creating package script '/home/phufoxy/ydlidar_x3/install/ydlidar_sdk/share/ydlidar_sdk/package.sh'
[2.811s] INFO:colcon.colcon_core.shell:Creating package script '/home/phufoxy/ydlidar_x3/install/ydlidar_sdk/share/ydlidar_sdk/package.bash'
[2.818s] INFO:colcon.colcon_core.shell:Creating package script '/home/phufoxy/ydlidar_x3/install/ydlidar_sdk/share/ydlidar_sdk/package.zsh'
[2.823s] Level 1:colcon.colcon_core.environment:create_file_with_runtime_dependencies(/home/phufoxy/ydlidar_x3/install/ydlidar_sdk/share/colcon-core/packages/ydlidar_sdk)
[2.827s] Level 1:colcon.colcon_core.environment:create_environment_scripts_only(ydlidar_ros2_driver)
[2.837s] Level 1:colcon.colcon_core.environment:checking '/home/phufoxy/ydlidar_x3/install/ydlidar_ros2_driver' for CMake module files
[2.839s] DEBUG:colcon.colcon_core.event_handler.log_command:Invoked command in '/home/phufoxy/ydlidar_x3/build/ydlidar_ros2_driver' returned '0': CMAKE_PREFIX_PATH=/opt/ros/foxy /usr/bin/cmake --install /home/phufoxy/ydlidar_x3/build/ydlidar_ros2_driver
[2.841s] Level 1:colcon.colcon_core.environment:checking '/home/phufoxy/ydlidar_x3/install/ydlidar_ros2_driver' for CMake config files
[2.842s] Level 1:colcon.colcon_core.shell:create_environment_hook('ydlidar_ros2_driver', 'cmake_prefix_path')
[2.847s] INFO:colcon.colcon_core.shell:Creating environment hook '/home/phufoxy/ydlidar_x3/install/ydlidar_ros2_driver/share/ydlidar_ros2_driver/hook/cmake_prefix_path.ps1'
[2.848s] INFO:colcon.colcon_core.shell:Creating environment descriptor '/home/phufoxy/ydlidar_x3/install/ydlidar_ros2_driver/share/ydlidar_ros2_driver/hook/cmake_prefix_path.dsv'
[2.850s] INFO:colcon.colcon_core.shell:Creating environment hook '/home/phufoxy/ydlidar_x3/install/ydlidar_ros2_driver/share/ydlidar_ros2_driver/hook/cmake_prefix_path.sh'
[2.851s] Level 1:colcon.colcon_core.environment:checking '/home/phufoxy/ydlidar_x3/install/ydlidar_ros2_driver/lib'
[2.852s] Level 1:colcon.colcon_core.environment:checking '/home/phufoxy/ydlidar_x3/install/ydlidar_ros2_driver/bin'
[2.852s] Level 1:colcon.colcon_core.environment:checking '/home/phufoxy/ydlidar_x3/install/ydlidar_ros2_driver/lib/pkgconfig/ydlidar_ros2_driver.pc'
[2.852s] Level 1:colcon.colcon_core.environment:checking '/home/phufoxy/ydlidar_x3/install/ydlidar_ros2_driver/lib/python3.8/site-packages'
[2.853s] Level 1:colcon.colcon_core.environment:checking '/home/phufoxy/ydlidar_x3/install/ydlidar_ros2_driver/bin'
[2.858s] INFO:colcon.colcon_core.shell:Creating package script '/home/phufoxy/ydlidar_x3/install/ydlidar_ros2_driver/share/ydlidar_ros2_driver/package.ps1'
[2.859s] INFO:colcon.colcon_core.shell:Creating package descriptor '/home/phufoxy/ydlidar_x3/install/ydlidar_ros2_driver/share/ydlidar_ros2_driver/package.dsv'
[2.861s] INFO:colcon.colcon_core.shell:Creating package script '/home/phufoxy/ydlidar_x3/install/ydlidar_ros2_driver/share/ydlidar_ros2_driver/package.sh'
[2.862s] INFO:colcon.colcon_core.shell:Creating package script '/home/phufoxy/ydlidar_x3/install/ydlidar_ros2_driver/share/ydlidar_ros2_driver/package.bash'
[2.863s] INFO:colcon.colcon_core.shell:Creating package script '/home/phufoxy/ydlidar_x3/install/ydlidar_ros2_driver/share/ydlidar_ros2_driver/package.zsh'
[2.864s] Level 1:colcon.colcon_core.environment:create_file_with_runtime_dependencies(/home/phufoxy/ydlidar_x3/install/ydlidar_ros2_driver/share/colcon-core/packages/ydlidar_ros2_driver)
[2.873s] Level 1:colcon.colcon_core.environment:create_environment_scripts_only(openslam_gmapping)
[2.874s] DEBUG:colcon.colcon_core.event_handler.log_command:Invoked command in '/home/phufoxy/ydlidar_x3/build/openslam_gmapping' returned '0': CMAKE_PREFIX_PATH=/opt/ros/foxy /usr/bin/cmake --install /home/phufoxy/ydlidar_x3/build/openslam_gmapping
[2.877s] Level 1:colcon.colcon_core.environment:checking '/home/phufoxy/ydlidar_x3/install/openslam_gmapping' for CMake module files
[2.878s] Level 1:colcon.colcon_core.environment:checking '/home/phufoxy/ydlidar_x3/install/openslam_gmapping' for CMake config files
[2.879s] Level 1:colcon.colcon_core.shell:create_environment_hook('openslam_gmapping', 'cmake_prefix_path')
[2.881s] INFO:colcon.colcon_core.shell:Creating environment hook '/home/phufoxy/ydlidar_x3/install/openslam_gmapping/share/openslam_gmapping/hook/cmake_prefix_path.ps1'
[2.882s] INFO:colcon.colcon_core.shell:Creating environment descriptor '/home/phufoxy/ydlidar_x3/install/openslam_gmapping/share/openslam_gmapping/hook/cmake_prefix_path.dsv'
[2.882s] INFO:colcon.colcon_core.shell:Creating environment hook '/home/phufoxy/ydlidar_x3/install/openslam_gmapping/share/openslam_gmapping/hook/cmake_prefix_path.sh'
[2.883s] Level 1:colcon.colcon_core.environment:checking '/home/phufoxy/ydlidar_x3/install/openslam_gmapping/lib'
[2.883s] Level 1:colcon.colcon_core.environment:checking '/home/phufoxy/ydlidar_x3/install/openslam_gmapping/bin'
[2.883s] Level 1:colcon.colcon_core.environment:checking '/home/phufoxy/ydlidar_x3/install/openslam_gmapping/lib/pkgconfig/openslam_gmapping.pc'
[2.883s] Level 1:colcon.colcon_core.environment:checking '/home/phufoxy/ydlidar_x3/install/openslam_gmapping/lib/python3.8/site-packages'
[2.883s] Level 1:colcon.colcon_core.environment:checking '/home/phufoxy/ydlidar_x3/install/openslam_gmapping/bin'
[2.885s] INFO:colcon.colcon_core.shell:Creating package script '/home/phufoxy/ydlidar_x3/install/openslam_gmapping/share/openslam_gmapping/package.ps1'
[2.886s] INFO:colcon.colcon_core.shell:Creating package descriptor '/home/phufoxy/ydlidar_x3/install/openslam_gmapping/share/openslam_gmapping/package.dsv'
[2.886s] INFO:colcon.colcon_core.shell:Creating package script '/home/phufoxy/ydlidar_x3/install/openslam_gmapping/share/openslam_gmapping/package.sh'
[2.886s] INFO:colcon.colcon_core.shell:Creating package script '/home/phufoxy/ydlidar_x3/install/openslam_gmapping/share/openslam_gmapping/package.bash'
[2.887s] INFO:colcon.colcon_core.shell:Creating package script '/home/phufoxy/ydlidar_x3/install/openslam_gmapping/share/openslam_gmapping/package.zsh'
[2.887s] Level 1:colcon.colcon_core.environment:create_file_with_runtime_dependencies(/home/phufoxy/ydlidar_x3/install/openslam_gmapping/share/colcon-core/packages/openslam_gmapping)
[2.901s] Level 1:colcon.colcon_core.environment:create_environment_scripts_only(ydlidar_ros2_driver)
[2.904s] Level 1:colcon.colcon_core.environment:checking '/home/phufoxy/ydlidar_x3/install/ydlidar_ros2_driver' for CMake module files
[2.904s] Level 1:colcon.colcon_core.environment:checking '/home/phufoxy/ydlidar_x3/install/ydlidar_ros2_driver' for CMake config files
[2.905s] Level 1:colcon.colcon_core.shell:create_environment_hook('ydlidar_ros2_driver', 'cmake_prefix_path')
[2.907s] INFO:colcon.colcon_core.shell:Creating environment hook '/home/phufoxy/ydlidar_x3/install/ydlidar_ros2_driver/share/ydlidar_ros2_driver/hook/cmake_prefix_path.ps1'
[2.908s] INFO:colcon.colcon_core.shell:Creating environment descriptor '/home/phufoxy/ydlidar_x3/install/ydlidar_ros2_driver/share/ydlidar_ros2_driver/hook/cmake_prefix_path.dsv'
[2.908s] INFO:colcon.colcon_core.shell:Creating environment hook '/home/phufoxy/ydlidar_x3/install/ydlidar_ros2_driver/share/ydlidar_ros2_driver/hook/cmake_prefix_path.sh'
[2.908s] Level 1:colcon.colcon_core.environment:checking '/home/phufoxy/ydlidar_x3/install/ydlidar_ros2_driver/lib'
[2.908s] Level 1:colcon.colcon_core.environment:checking '/home/phufoxy/ydlidar_x3/install/ydlidar_ros2_driver/bin'
[2.909s] Level 1:colcon.colcon_core.environment:checking '/home/phufoxy/ydlidar_x3/install/ydlidar_ros2_driver/lib/pkgconfig/ydlidar_ros2_driver.pc'
[2.909s] Level 1:colcon.colcon_core.environment:checking '/home/phufoxy/ydlidar_x3/install/ydlidar_ros2_driver/lib/python3.8/site-packages'
[2.909s] Level 1:colcon.colcon_core.environment:checking '/home/phufoxy/ydlidar_x3/install/ydlidar_ros2_driver/bin'
[2.911s] INFO:colcon.colcon_core.shell:Creating package script '/home/phufoxy/ydlidar_x3/install/ydlidar_ros2_driver/share/ydlidar_ros2_driver/package.ps1'
[2.912s] INFO:colcon.colcon_core.shell:Creating package descriptor '/home/phufoxy/ydlidar_x3/install/ydlidar_ros2_driver/share/ydlidar_ros2_driver/package.dsv'
[2.912s] INFO:colcon.colcon_core.shell:Creating package script '/home/phufoxy/ydlidar_x3/install/ydlidar_ros2_driver/share/ydlidar_ros2_driver/package.sh'
[2.913s] INFO:colcon.colcon_core.shell:Creating package script '/home/phufoxy/ydlidar_x3/install/ydlidar_ros2_driver/share/ydlidar_ros2_driver/package.bash'
[2.913s] INFO:colcon.colcon_core.shell:Creating package script '/home/phufoxy/ydlidar_x3/install/ydlidar_ros2_driver/share/ydlidar_ros2_driver/package.zsh'
[2.914s] Level 1:colcon.colcon_core.environment:create_file_with_runtime_dependencies(/home/phufoxy/ydlidar_x3/install/ydlidar_ros2_driver/share/colcon-core/packages/ydlidar_ros2_driver)
[2.917s] Level 1:colcon.colcon_core.environment:create_environment_scripts_only(openslam_gmapping)
[2.919s] Level 1:colcon.colcon_core.environment:checking '/home/phufoxy/ydlidar_x3/install/openslam_gmapping' for CMake module files
[2.919s] Level 1:colcon.colcon_core.environment:checking '/home/phufoxy/ydlidar_x3/install/openslam_gmapping' for CMake config files
[2.920s] Level 1:colcon.colcon_core.shell:create_environment_hook('openslam_gmapping', 'cmake_prefix_path')
[2.921s] INFO:colcon.colcon_core.shell:Creating environment hook '/home/phufoxy/ydlidar_x3/install/openslam_gmapping/share/openslam_gmapping/hook/cmake_prefix_path.ps1'
[2.922s] INFO:colcon.colcon_core.shell:Creating environment descriptor '/home/phufoxy/ydlidar_x3/install/openslam_gmapping/share/openslam_gmapping/hook/cmake_prefix_path.dsv'
[2.922s] INFO:colcon.colcon_core.shell:Creating environment hook '/home/phufoxy/ydlidar_x3/install/openslam_gmapping/share/openslam_gmapping/hook/cmake_prefix_path.sh'
[2.922s] Level 1:colcon.colcon_core.environment:checking '/home/phufoxy/ydlidar_x3/install/openslam_gmapping/lib'
[2.923s] Level 1:colcon.colcon_core.environment:checking '/home/phufoxy/ydlidar_x3/install/openslam_gmapping/bin'
[2.923s] Level 1:colcon.colcon_core.environment:checking '/home/phufoxy/ydlidar_x3/install/openslam_gmapping/lib/pkgconfig/openslam_gmapping.pc'
[2.923s] Level 1:colcon.colcon_core.environment:checking '/home/phufoxy/ydlidar_x3/install/openslam_gmapping/lib/python3.8/site-packages'
[2.923s] Level 1:colcon.colcon_core.environment:checking '/home/phufoxy/ydlidar_x3/install/openslam_gmapping/bin'
[2.925s] INFO:colcon.colcon_core.shell:Creating package script '/home/phufoxy/ydlidar_x3/install/openslam_gmapping/share/openslam_gmapping/package.ps1'
[2.926s] INFO:colcon.colcon_core.shell:Creating package descriptor '/home/phufoxy/ydlidar_x3/install/openslam_gmapping/share/openslam_gmapping/package.dsv'
[2.926s] INFO:colcon.colcon_core.shell:Creating package script '/home/phufoxy/ydlidar_x3/install/openslam_gmapping/share/openslam_gmapping/package.sh'
[2.926s] INFO:colcon.colcon_core.shell:Creating package script '/home/phufoxy/ydlidar_x3/install/openslam_gmapping/share/openslam_gmapping/package.bash'
[2.927s] INFO:colcon.colcon_core.shell:Creating package script '/home/phufoxy/ydlidar_x3/install/openslam_gmapping/share/openslam_gmapping/package.zsh'
[2.927s] Level 1:colcon.colcon_core.environment:create_file_with_runtime_dependencies(/home/phufoxy/ydlidar_x3/install/openslam_gmapping/share/colcon-core/packages/openslam_gmapping)
[2.928s] INFO:colcon.colcon_ros.task.ament_cmake.build:Building ROS package in '/home/phufoxy/ydlidar_x3/src/slam_gmapping' with build type 'ament_cmake'
[2.928s] INFO:colcon.colcon_cmake.task.cmake.build:Building CMake package in '/home/phufoxy/ydlidar_x3/src/slam_gmapping'
[2.929s] INFO:colcon.colcon_core.shell:Skip shell extension 'powershell' for command environment: Not usable outside of PowerShell
[2.929s] DEBUG:colcon.colcon_core.shell:Skip shell extension 'dsv' for command environment
[2.950s] DEBUG:colcon.colcon_core.event_handler.log_command:Invoking command in '/home/phufoxy/ydlidar_x3/build/slam_gmapping': AMENT_PREFIX_PATH=/home/phufoxy/ydlidar_x3/install/openslam_gmapping:${AMENT_PREFIX_PATH} CMAKE_PREFIX_PATH=/home/phufoxy/ydlidar_x3/install/openslam_gmapping:/opt/ros/foxy LD_LIBRARY_PATH=/home/phufoxy/ydlidar_x3/install/openslam_gmapping/lib:${LD_LIBRARY_PATH} /usr/bin/cmake --build /home/phufoxy/ydlidar_x3/build/slam_gmapping -- -j8 -l8
[3.153s] DEBUG:colcon.colcon_core.event_handler.log_command:Invoked command in '/home/phufoxy/ydlidar_x3/build/slam_gmapping' returned '0': AMENT_PREFIX_PATH=/home/phufoxy/ydlidar_x3/install/openslam_gmapping:${AMENT_PREFIX_PATH} CMAKE_PREFIX_PATH=/home/phufoxy/ydlidar_x3/install/openslam_gmapping:/opt/ros/foxy LD_LIBRARY_PATH=/home/phufoxy/ydlidar_x3/install/openslam_gmapping/lib:${LD_LIBRARY_PATH} /usr/bin/cmake --build /home/phufoxy/ydlidar_x3/build/slam_gmapping -- -j8 -l8
[3.185s] DEBUG:colcon.colcon_core.event_handler.log_command:Invoking command in '/home/phufoxy/ydlidar_x3/build/slam_gmapping': AMENT_PREFIX_PATH=/home/phufoxy/ydlidar_x3/install/openslam_gmapping:${AMENT_PREFIX_PATH} CMAKE_PREFIX_PATH=/home/phufoxy/ydlidar_x3/install/openslam_gmapping:/opt/ros/foxy LD_LIBRARY_PATH=/home/phufoxy/ydlidar_x3/install/openslam_gmapping/lib:${LD_LIBRARY_PATH} /usr/bin/cmake --install /home/phufoxy/ydlidar_x3/build/slam_gmapping
[3.223s] Level 1:colcon.colcon_core.environment:create_environment_scripts_only(slam_gmapping)
[3.227s] Level 1:colcon.colcon_core.environment:checking '/home/phufoxy/ydlidar_x3/install/slam_gmapping' for CMake module files
[3.227s] DEBUG:colcon.colcon_core.event_handler.log_command:Invoked command in '/home/phufoxy/ydlidar_x3/build/slam_gmapping' returned '0': AMENT_PREFIX_PATH=/home/phufoxy/ydlidar_x3/install/openslam_gmapping:${AMENT_PREFIX_PATH} CMAKE_PREFIX_PATH=/home/phufoxy/ydlidar_x3/install/openslam_gmapping:/opt/ros/foxy LD_LIBRARY_PATH=/home/phufoxy/ydlidar_x3/install/openslam_gmapping/lib:${LD_LIBRARY_PATH} /usr/bin/cmake --install /home/phufoxy/ydlidar_x3/build/slam_gmapping
[3.228s] Level 1:colcon.colcon_core.environment:checking '/home/phufoxy/ydlidar_x3/install/slam_gmapping' for CMake config files
[3.228s] Level 1:colcon.colcon_core.shell:create_environment_hook('slam_gmapping', 'cmake_prefix_path')
[3.231s] INFO:colcon.colcon_core.shell:Creating environment hook '/home/phufoxy/ydlidar_x3/install/slam_gmapping/share/slam_gmapping/hook/cmake_prefix_path.ps1'
[3.232s] INFO:colcon.colcon_core.shell:Creating environment descriptor '/home/phufoxy/ydlidar_x3/install/slam_gmapping/share/slam_gmapping/hook/cmake_prefix_path.dsv'
[3.232s] INFO:colcon.colcon_core.shell:Creating environment hook '/home/phufoxy/ydlidar_x3/install/slam_gmapping/share/slam_gmapping/hook/cmake_prefix_path.sh'
[3.233s] Level 1:colcon.colcon_core.environment:checking '/home/phufoxy/ydlidar_x3/install/slam_gmapping/lib'
[3.233s] Level 1:colcon.colcon_core.environment:checking '/home/phufoxy/ydlidar_x3/install/slam_gmapping/bin'
[3.233s] Level 1:colcon.colcon_core.environment:checking '/home/phufoxy/ydlidar_x3/install/slam_gmapping/lib/pkgconfig/slam_gmapping.pc'
[3.233s] Level 1:colcon.colcon_core.environment:checking '/home/phufoxy/ydlidar_x3/install/slam_gmapping/lib/python3.8/site-packages'
[3.234s] Level 1:colcon.colcon_core.environment:checking '/home/phufoxy/ydlidar_x3/install/slam_gmapping/bin'
[3.236s] INFO:colcon.colcon_core.shell:Creating package script '/home/phufoxy/ydlidar_x3/install/slam_gmapping/share/slam_gmapping/package.ps1'
[3.236s] INFO:colcon.colcon_core.shell:Creating package descriptor '/home/phufoxy/ydlidar_x3/install/slam_gmapping/share/slam_gmapping/package.dsv'
[3.237s] INFO:colcon.colcon_core.shell:Creating package script '/home/phufoxy/ydlidar_x3/install/slam_gmapping/share/slam_gmapping/package.sh'
[3.237s] INFO:colcon.colcon_core.shell:Creating package script '/home/phufoxy/ydlidar_x3/install/slam_gmapping/share/slam_gmapping/package.bash'
[3.237s] INFO:colcon.colcon_core.shell:Creating package script '/home/phufoxy/ydlidar_x3/install/slam_gmapping/share/slam_gmapping/package.zsh'
[3.237s] Level 1:colcon.colcon_core.environment:create_file_with_runtime_dependencies(/home/phufoxy/ydlidar_x3/install/slam_gmapping/share/colcon-core/packages/slam_gmapping)
[3.263s] Level 1:colcon.colcon_core.environment:create_environment_scripts_only(slam_gmapping)
[3.266s] Level 1:colcon.colcon_core.environment:checking '/home/phufoxy/ydlidar_x3/install/slam_gmapping' for CMake module files
[3.266s] Level 1:colcon.colcon_core.environment:checking '/home/phufoxy/ydlidar_x3/install/slam_gmapping' for CMake config files
[3.267s] Level 1:colcon.colcon_core.shell:create_environment_hook('slam_gmapping', 'cmake_prefix_path')
[3.269s] INFO:colcon.colcon_core.shell:Creating environment hook '/home/phufoxy/ydlidar_x3/install/slam_gmapping/share/slam_gmapping/hook/cmake_prefix_path.ps1'
[3.269s] INFO:colcon.colcon_core.shell:Creating environment descriptor '/home/phufoxy/ydlidar_x3/install/slam_gmapping/share/slam_gmapping/hook/cmake_prefix_path.dsv'
[3.269s] INFO:colcon.colcon_core.shell:Creating environment hook '/home/phufoxy/ydlidar_x3/install/slam_gmapping/share/slam_gmapping/hook/cmake_prefix_path.sh'
[3.270s] Level 1:colcon.colcon_core.environment:checking '/home/phufoxy/ydlidar_x3/install/slam_gmapping/lib'
[3.270s] Level 1:colcon.colcon_core.environment:checking '/home/phufoxy/ydlidar_x3/install/slam_gmapping/bin'
[3.270s] Level 1:colcon.colcon_core.environment:checking '/home/phufoxy/ydlidar_x3/install/slam_gmapping/lib/pkgconfig/slam_gmapping.pc'
[3.270s] Level 1:colcon.colcon_core.environment:checking '/home/phufoxy/ydlidar_x3/install/slam_gmapping/lib/python3.8/site-packages'
[3.270s] Level 1:colcon.colcon_core.environment:checking '/home/phufoxy/ydlidar_x3/install/slam_gmapping/bin'
[3.272s] INFO:colcon.colcon_core.shell:Creating package script '/home/phufoxy/ydlidar_x3/install/slam_gmapping/share/slam_gmapping/package.ps1'
[3.272s] INFO:colcon.colcon_core.shell:Creating package descriptor '/home/phufoxy/ydlidar_x3/install/slam_gmapping/share/slam_gmapping/package.dsv'
[3.272s] INFO:colcon.colcon_core.shell:Creating package script '/home/phufoxy/ydlidar_x3/install/slam_gmapping/share/slam_gmapping/package.sh'
[3.273s] INFO:colcon.colcon_core.shell:Creating package script '/home/phufoxy/ydlidar_x3/install/slam_gmapping/share/slam_gmapping/package.bash'
[3.273s] INFO:colcon.colcon_core.shell:Creating package script '/home/phufoxy/ydlidar_x3/install/slam_gmapping/share/slam_gmapping/package.zsh'
[3.273s] Level 1:colcon.colcon_core.environment:create_file_with_runtime_dependencies(/home/phufoxy/ydlidar_x3/install/slam_gmapping/share/colcon-core/packages/slam_gmapping)
[3.273s] DEBUG:colcon.colcon_parallel_executor.executor.parallel:closing loop
[3.274s] DEBUG:colcon.colcon_parallel_executor.executor.parallel:loop closed
[3.274s] DEBUG:colcon.colcon_parallel_executor.executor.parallel:run_until_complete finished with '0'
[3.274s] DEBUG:colcon.colcon_core.event_reactor:joining thread
[3.293s] INFO:colcon.colcon_core.plugin_system:Skipping extension 'colcon_notification.desktop_notification.terminal_notifier': Not used on non-Darwin systems
[3.293s] INFO:colcon.colcon_core.plugin_system:Skipping extension 'colcon_notification.desktop_notification.win32': Not used on non-Windows systems
[3.294s] INFO:colcon.colcon_notification.desktop_notification:Sending desktop notification using 'notify2'
[3.345s] DEBUG:colcon.colcon_core.event_reactor:joined thread
[3.348s] INFO:colcon.colcon_core.shell:Creating prefix script '/home/phufoxy/ydlidar_x3/install/local_setup.ps1'
[3.351s] INFO:colcon.colcon_core.shell:Creating prefix util module '/home/phufoxy/ydlidar_x3/install/_local_setup_util_ps1.py'
[3.357s] INFO:colcon.colcon_core.shell:Creating prefix chain script '/home/phufoxy/ydlidar_x3/install/setup.ps1'
[3.360s] INFO:colcon.colcon_core.shell:Creating prefix script '/home/phufoxy/ydlidar_x3/install/local_setup.sh'
[3.361s] INFO:colcon.colcon_core.shell:Creating prefix util module '/home/phufoxy/ydlidar_x3/install/_local_setup_util_sh.py'
[3.362s] INFO:colcon.colcon_core.shell:Creating prefix chain script '/home/phufoxy/ydlidar_x3/install/setup.sh'
[3.365s] INFO:colcon.colcon_core.shell:Creating prefix script '/home/phufoxy/ydlidar_x3/install/local_setup.bash'
[3.367s] INFO:colcon.colcon_core.shell:Creating prefix chain script '/home/phufoxy/ydlidar_x3/install/setup.bash'
[3.370s] INFO:colcon.colcon_core.shell:Creating prefix script '/home/phufoxy/ydlidar_x3/install/local_setup.zsh'
[3.373s] INFO:colcon.colcon_core.shell:Creating prefix chain script '/home/phufoxy/ydlidar_x3/install/setup.zsh'
