[0.011s] Invoking command in '/home/phufoxy/ydlidar_x3/build/slam_gmapping': CMAKE_PREFIX_PATH=/home/phufoxy/ydlidar_x3/install/openslam_gmapping:/home/phufoxy/ydlidar_x3/install/ydlidar_sdk:/home/phufoxy/ydlidar_x3/install/ydlidar_ros2_driver:/home/phufoxy/ydlidar_x3/install/slam_gmapping:/opt/ros/foxy /usr/bin/cmake --build /home/phufoxy/ydlidar_x3/build/slam_gmapping -- -j8 -l8
[0.068s] [100%] Built target slam_gmapping
[0.068s] [100%] Built target transform
[0.078s] Invoked command in '/home/phufoxy/ydlidar_x3/build/slam_gmapping' returned '0': CMAKE_PREFIX_PATH=/home/phufoxy/ydlidar_x3/install/openslam_gmapping:/home/phufoxy/ydlidar_x3/install/ydlidar_sdk:/home/phufoxy/ydlidar_x3/install/ydlidar_ros2_driver:/home/phufoxy/ydlidar_x3/install/slam_gmapping:/opt/ros/foxy /usr/bin/cmake --build /home/phufoxy/ydlidar_x3/build/slam_gmapping -- -j8 -l8
[0.102s] Invoking command in '/home/phufoxy/ydlidar_x3/build/slam_gmapping': CMAKE_PREFIX_PATH=/home/phufoxy/ydlidar_x3/install/openslam_gmapping:/home/phufoxy/ydlidar_x3/install/ydlidar_sdk:/home/phufoxy/ydlidar_x3/install/ydlidar_ros2_driver:/home/phufoxy/ydlidar_x3/install/slam_gmapping:/opt/ros/foxy /usr/bin/cmake --install /home/phufoxy/ydlidar_x3/build/slam_gmapping
[0.109s] -- Install configuration: ""
[0.110s] -- Execute custom install script
[0.110s] -- Up-to-date symlink: /home/phufoxy/ydlidar_x3/install/slam_gmapping/lib/slam_gmapping/slam_gmapping
[0.110s] -- Up-to-date symlink: /home/phufoxy/ydlidar_x3/install/slam_gmapping/lib/slam_gmapping/transform
[0.111s] -- Up-to-date symlink: /home/phufoxy/ydlidar_x3/install/slam_gmapping/share/slam_gmapping/launch/slam_gmapping.launch.py
[0.111s] -- Up-to-date symlink: /home/phufoxy/ydlidar_x3/install/slam_gmapping/share/ament_index/resource_index/package_run_dependencies/slam_gmapping
[0.111s] -- Up-to-date symlink: /home/phufoxy/ydlidar_x3/install/slam_gmapping/share/ament_index/resource_index/parent_prefix_path/slam_gmapping
[0.112s] -- Up-to-date symlink: /home/phufoxy/ydlidar_x3/install/slam_gmapping/share/slam_gmapping/environment/ament_prefix_path.sh
[0.112s] -- Up-to-date symlink: /home/phufoxy/ydlidar_x3/install/slam_gmapping/share/slam_gmapping/environment/ament_prefix_path.dsv
[0.112s] -- Up-to-date symlink: /home/phufoxy/ydlidar_x3/install/slam_gmapping/share/slam_gmapping/environment/path.sh
[0.112s] -- Up-to-date symlink: /home/phufoxy/ydlidar_x3/install/slam_gmapping/share/slam_gmapping/environment/path.dsv
[0.112s] -- Up-to-date symlink: /home/phufoxy/ydlidar_x3/install/slam_gmapping/share/slam_gmapping/local_setup.bash
[0.113s] -- Up-to-date symlink: /home/phufoxy/ydlidar_x3/install/slam_gmapping/share/slam_gmapping/local_setup.sh
[0.113s] -- Up-to-date symlink: /home/phufoxy/ydlidar_x3/install/slam_gmapping/share/slam_gmapping/local_setup.zsh
[0.113s] -- Up-to-date symlink: /home/phufoxy/ydlidar_x3/install/slam_gmapping/share/slam_gmapping/local_setup.dsv
[0.114s] -- Symlinking: /home/phufoxy/ydlidar_x3/install/slam_gmapping/share/slam_gmapping/package.dsv
[0.122s] -- Up-to-date symlink: /home/phufoxy/ydlidar_x3/install/slam_gmapping/share/ament_index/resource_index/packages/slam_gmapping
[0.122s] -- Up-to-date symlink: /home/phufoxy/ydlidar_x3/install/slam_gmapping/share/slam_gmapping/cmake/slam_gmappingConfig.cmake
[0.122s] -- Up-to-date symlink: /home/phufoxy/ydlidar_x3/install/slam_gmapping/share/slam_gmapping/cmake/slam_gmappingConfig-version.cmake
[0.122s] -- Up-to-date symlink: /home/phufoxy/ydlidar_x3/install/slam_gmapping/share/slam_gmapping/package.xml
[0.126s] Invoked command in '/home/phufoxy/ydlidar_x3/build/slam_gmapping' returned '0': CMAKE_PREFIX_PATH=/home/phufoxy/ydlidar_x3/install/openslam_gmapping:/home/phufoxy/ydlidar_x3/install/ydlidar_sdk:/home/phufoxy/ydlidar_x3/install/ydlidar_ros2_driver:/home/phufoxy/ydlidar_x3/install/slam_gmapping:/opt/ros/foxy /usr/bin/cmake --install /home/phufoxy/ydlidar_x3/build/slam_gmapping
