[0.068s] Invoking command in '/home/phufoxy/ydlidar_x3/build/ydlidar_ros2_driver': CMAKE_PREFIX_PATH=/opt/ros/foxy /usr/bin/cmake --build /home/phufoxy/ydlidar_x3/build/ydlidar_ros2_driver -- -j8 -l8
[0.537s] [ 50%] Built target ydlidar_ros2_driver_node
[0.537s] [100%] Built target ydlidar_ros2_driver_client
[0.555s] Invoked command in '/home/phufoxy/ydlidar_x3/build/ydlidar_ros2_driver' returned '0': CMAKE_PREFIX_PATH=/opt/ros/foxy /usr/bin/cmake --build /home/phufoxy/ydlidar_x3/build/ydlidar_ros2_driver -- -j8 -l8
[0.573s] Invoking command in '/home/phufoxy/ydlidar_x3/build/ydlidar_ros2_driver': CMAKE_PREFIX_PATH=/opt/ros/foxy /usr/bin/cmake --install /home/phufoxy/ydlidar_x3/build/ydlidar_ros2_driver
[0.584s] -- Install configuration: ""
[0.588s] -- Execute custom install script
[0.594s] -- Up-to-date symlink: /home/phufoxy/ydlidar_x3/install/ydlidar_ros2_driver/lib/ydlidar_ros2_driver/ydlidar_ros2_driver_node
[0.596s] -- Up-to-date symlink: /home/phufoxy/ydlidar_x3/install/ydlidar_ros2_driver/lib/ydlidar_ros2_driver/ydlidar_ros2_driver_client
[0.599s] -- Up-to-date symlink: /home/phufoxy/ydlidar_x3/install/ydlidar_ros2_driver/share/ydlidar_ros2_driver/launch/__pycache__/ydlidar_launch.cpython-36.pyc
[0.599s] -- Up-to-date symlink: /home/phufoxy/ydlidar_x3/install/ydlidar_ros2_driver/share/ydlidar_ros2_driver/launch/__pycache__/ydlidar_launch_view.cpython-36.pyc
[0.600s] -- Up-to-date symlink: /home/phufoxy/ydlidar_x3/install/ydlidar_ros2_driver/share/ydlidar_ros2_driver/launch/ydlidar.py
[0.601s] -- Up-to-date symlink: /home/phufoxy/ydlidar_x3/install/ydlidar_ros2_driver/share/ydlidar_ros2_driver/launch/ydlidar_launch.py
[0.601s] -- Up-to-date symlink: /home/phufoxy/ydlidar_x3/install/ydlidar_ros2_driver/share/ydlidar_ros2_driver/launch/ydlidar_view_launch.py
[0.605s] -- Up-to-date symlink: /home/phufoxy/ydlidar_x3/install/ydlidar_ros2_driver/share/ydlidar_ros2_driver/params/ydlidar.yaml
[0.607s] -- Up-to-date symlink: /home/phufoxy/ydlidar_x3/install/ydlidar_ros2_driver/share/ydlidar_ros2_driver/startup/initenv.sh
[0.608s] -- Up-to-date symlink: /home/phufoxy/ydlidar_x3/install/ydlidar_ros2_driver/share/ydlidar_ros2_driver/config/ydlidar.rviz
[0.610s] -- Up-to-date symlink: /home/phufoxy/ydlidar_x3/install/ydlidar_ros2_driver/share/ament_index/resource_index/package_run_dependencies/ydlidar_ros2_driver
[0.611s] -- Up-to-date symlink: /home/phufoxy/ydlidar_x3/install/ydlidar_ros2_driver/share/ament_index/resource_index/parent_prefix_path/ydlidar_ros2_driver
[0.611s] -- Up-to-date symlink: /home/phufoxy/ydlidar_x3/install/ydlidar_ros2_driver/share/ydlidar_ros2_driver/environment/ament_prefix_path.sh
[0.612s] -- Up-to-date symlink: /home/phufoxy/ydlidar_x3/install/ydlidar_ros2_driver/share/ydlidar_ros2_driver/environment/ament_prefix_path.dsv
[0.615s] -- Up-to-date symlink: /home/phufoxy/ydlidar_x3/install/ydlidar_ros2_driver/share/ydlidar_ros2_driver/environment/path.sh
[0.616s] -- Up-to-date symlink: /home/phufoxy/ydlidar_x3/install/ydlidar_ros2_driver/share/ydlidar_ros2_driver/environment/path.dsv
[0.616s] -- Up-to-date symlink: /home/phufoxy/ydlidar_x3/install/ydlidar_ros2_driver/share/ydlidar_ros2_driver/local_setup.bash
[0.616s] -- Up-to-date symlink: /home/phufoxy/ydlidar_x3/install/ydlidar_ros2_driver/share/ydlidar_ros2_driver/local_setup.sh
[0.617s] -- Up-to-date symlink: /home/phufoxy/ydlidar_x3/install/ydlidar_ros2_driver/share/ydlidar_ros2_driver/local_setup.zsh
[0.619s] -- Up-to-date symlink: /home/phufoxy/ydlidar_x3/install/ydlidar_ros2_driver/share/ydlidar_ros2_driver/local_setup.dsv
[0.619s] -- Symlinking: /home/phufoxy/ydlidar_x3/install/ydlidar_ros2_driver/share/ydlidar_ros2_driver/package.dsv
[0.628s] -- Up-to-date symlink: /home/phufoxy/ydlidar_x3/install/ydlidar_ros2_driver/share/ament_index/resource_index/packages/ydlidar_ros2_driver
[0.629s] -- Up-to-date symlink: /home/phufoxy/ydlidar_x3/install/ydlidar_ros2_driver/share/ydlidar_ros2_driver/cmake/ydlidar_ros2_driverConfig.cmake
[0.634s] -- Up-to-date symlink: /home/phufoxy/ydlidar_x3/install/ydlidar_ros2_driver/share/ydlidar_ros2_driver/cmake/ydlidar_ros2_driverConfig-version.cmake
[0.637s] -- Up-to-date symlink: /home/phufoxy/ydlidar_x3/install/ydlidar_ros2_driver/share/ydlidar_ros2_driver/package.xml
[0.680s] Invoked command in '/home/phufoxy/ydlidar_x3/build/ydlidar_ros2_driver' returned '0': CMAKE_PREFIX_PATH=/opt/ros/foxy /usr/bin/cmake --install /home/phufoxy/ydlidar_x3/build/ydlidar_ros2_driver
