[1.414s] DEBUG:colcon:Command line arguments: ['/usr/bin/colcon', 'build', '--symlink-install']
[1.414s] DEBUG:colcon:Parsed command line arguments: Namespace(allow_overriding=[], ament_cmake_args=None, base_paths=['.'], build_base='build', catkin_cmake_args=None, catkin_skip_building_tests=False, cmake_args=None, cmake_clean_cache=False, cmake_clean_first=False, cmake_force_configure=False, cmake_target=None, cmake_target_skip_unavailable=False, continue_on_error=False, event_handlers=None, executor='parallel', ignore_user_meta=False, install_base='install', log_base=None, log_level=None, main=<bound method BuildVerb.main of <colcon_core.verb.build.BuildVerb object at 0x7ff27c3d9d00>>, merge_install=False, metas=['./colcon.meta'], packages_above=None, packages_above_and_dependencies=None, packages_above_depth=None, packages_end=None, packages_ignore=None, packages_ignore_regex=None, packages_select=None, packages_select_build_failed=False, packages_select_by_dep=None, packages_select_regex=None, packages_select_test_failures=False, packages_skip=None, packages_skip_build_finished=False, packages_skip_by_dep=None, packages_skip_regex=None, packages_skip_test_passed=False, packages_skip_up_to=None, packages_start=None, packages_up_to=None, packages_up_to_regex=None, parallel_workers=8, paths=None, symlink_install=True, test_result_base=None, verb_extension=<colcon_core.verb.build.BuildVerb object at 0x7ff27c3d9d00>, verb_name='build', verb_parser=<colcon_defaults.argument_parser.defaults.DefaultArgumentsDecorator object at 0x7ff27c3e12b0>)
[1.515s] Level 1:colcon.colcon_core.package_discovery:discover_packages(colcon_meta) check parameters
[1.516s] Level 1:colcon.colcon_core.package_discovery:discover_packages(recursive) check parameters
[1.516s] Level 1:colcon.colcon_core.package_discovery:discover_packages(ignore) check parameters
[1.516s] Level 1:colcon.colcon_core.package_discovery:discover_packages(path) check parameters
[1.516s] Level 1:colcon.colcon_core.package_discovery:discover_packages(colcon_meta) discover
[1.516s] Level 1:colcon.colcon_core.package_discovery:discover_packages(recursive) discover
[1.516s] INFO:colcon.colcon_core.package_discovery:Crawling recursively for packages in '/home/phufoxy/ydlidar_x3'
[1.516s] Level 1:colcon.colcon_core.package_identification:_identify(.) by extensions ['ignore', 'ignore_ament_install']
[1.516s] Level 1:colcon.colcon_core.package_identification:_identify(.) by extension 'ignore'
[1.516s] Level 1:colcon.colcon_core.package_identification:_identify(.) by extension 'ignore_ament_install'
[1.516s] Level 1:colcon.colcon_core.package_identification:_identify(.) by extensions ['colcon_pkg']
[1.516s] Level 1:colcon.colcon_core.package_identification:_identify(.) by extension 'colcon_pkg'
[1.516s] Level 1:colcon.colcon_core.package_identification:_identify(.) by extensions ['colcon_meta']
[1.517s] Level 1:colcon.colcon_core.package_identification:_identify(.) by extension 'colcon_meta'
[1.517s] Level 1:colcon.colcon_core.package_identification:_identify(.) by extensions ['ros']
[1.517s] Level 1:colcon.colcon_core.package_identification:_identify(.) by extension 'ros'
[1.564s] Level 1:colcon.colcon_core.package_identification:_identify(.) by extensions ['cmake', 'python']
[1.565s] Level 1:colcon.colcon_core.package_identification:_identify(.) by extension 'cmake'
[1.565s] Level 1:colcon.colcon_core.package_identification:_identify(.) by extension 'python'
[1.565s] Level 1:colcon.colcon_core.package_identification:_identify(.) by extensions ['python_setup_py']
[1.565s] Level 1:colcon.colcon_core.package_identification:_identify(.) by extension 'python_setup_py'
[1.566s] Level 1:colcon.colcon_core.package_identification:_identify(YDLidar-SDK-master) by extensions ['ignore', 'ignore_ament_install']
[1.566s] Level 1:colcon.colcon_core.package_identification:_identify(YDLidar-SDK-master) by extension 'ignore'
[1.566s] Level 1:colcon.colcon_core.package_identification:_identify(YDLidar-SDK-master) by extension 'ignore_ament_install'
[1.566s] Level 1:colcon.colcon_core.package_identification:_identify(YDLidar-SDK-master) by extensions ['colcon_pkg']
[1.566s] Level 1:colcon.colcon_core.package_identification:_identify(YDLidar-SDK-master) by extension 'colcon_pkg'
[1.566s] Level 1:colcon.colcon_core.package_identification:_identify(YDLidar-SDK-master) by extensions ['colcon_meta']
[1.566s] Level 1:colcon.colcon_core.package_identification:_identify(YDLidar-SDK-master) by extension 'colcon_meta'
[1.566s] Level 1:colcon.colcon_core.package_identification:_identify(YDLidar-SDK-master) by extensions ['ros']
[1.566s] Level 1:colcon.colcon_core.package_identification:_identify(YDLidar-SDK-master) by extension 'ros'
[1.567s] Level 1:colcon.colcon_core.package_identification:_identify(YDLidar-SDK-master) by extensions ['cmake', 'python']
[1.567s] Level 1:colcon.colcon_core.package_identification:_identify(YDLidar-SDK-master) by extension 'cmake'
[1.662s] Level 1:colcon.colcon_core.package_identification:_identify(YDLidar-SDK-master) by extension 'python'
[1.662s] DEBUG:colcon.colcon_core.package_identification:Package 'YDLidar-SDK-master' with type 'cmake' and name 'ydlidar_sdk'
[1.662s] Level 1:colcon.colcon_core.package_identification:_identify(build) by extensions ['ignore', 'ignore_ament_install']
[1.663s] Level 1:colcon.colcon_core.package_identification:_identify(build) by extension 'ignore'
[1.663s] Level 1:colcon.colcon_core.package_identification:_identify(build) ignored
[1.663s] Level 1:colcon.colcon_core.package_identification:_identify(install) by extensions ['ignore', 'ignore_ament_install']
[1.663s] Level 1:colcon.colcon_core.package_identification:_identify(install) by extension 'ignore'
[1.663s] Level 1:colcon.colcon_core.package_identification:_identify(install) ignored
[1.663s] Level 1:colcon.colcon_core.package_identification:_identify(log) by extensions ['ignore', 'ignore_ament_install']
[1.663s] Level 1:colcon.colcon_core.package_identification:_identify(log) by extension 'ignore'
[1.663s] Level 1:colcon.colcon_core.package_identification:_identify(log) ignored
[1.664s] Level 1:colcon.colcon_core.package_identification:_identify(src) by extensions ['ignore', 'ignore_ament_install']
[1.664s] Level 1:colcon.colcon_core.package_identification:_identify(src) by extension 'ignore'
[1.664s] Level 1:colcon.colcon_core.package_identification:_identify(src) by extension 'ignore_ament_install'
[1.664s] Level 1:colcon.colcon_core.package_identification:_identify(src) by extensions ['colcon_pkg']
[1.664s] Level 1:colcon.colcon_core.package_identification:_identify(src) by extension 'colcon_pkg'
[1.664s] Level 1:colcon.colcon_core.package_identification:_identify(src) by extensions ['colcon_meta']
[1.664s] Level 1:colcon.colcon_core.package_identification:_identify(src) by extension 'colcon_meta'
[1.664s] Level 1:colcon.colcon_core.package_identification:_identify(src) by extensions ['ros']
[1.664s] Level 1:colcon.colcon_core.package_identification:_identify(src) by extension 'ros'
[1.664s] Level 1:colcon.colcon_core.package_identification:_identify(src) by extensions ['cmake', 'python']
[1.664s] Level 1:colcon.colcon_core.package_identification:_identify(src) by extension 'cmake'
[1.664s] Level 1:colcon.colcon_core.package_identification:_identify(src) by extension 'python'
[1.665s] Level 1:colcon.colcon_core.package_identification:_identify(src) by extensions ['python_setup_py']
[1.665s] Level 1:colcon.colcon_core.package_identification:_identify(src) by extension 'python_setup_py'
[1.665s] Level 1:colcon.colcon_core.package_identification:_identify(src/openslam_gmapping) by extensions ['ignore', 'ignore_ament_install']
[1.666s] Level 1:colcon.colcon_core.package_identification:_identify(src/openslam_gmapping) by extension 'ignore'
[1.666s] Level 1:colcon.colcon_core.package_identification:_identify(src/openslam_gmapping) by extension 'ignore_ament_install'
[1.666s] Level 1:colcon.colcon_core.package_identification:_identify(src/openslam_gmapping) by extensions ['colcon_pkg']
[1.666s] Level 1:colcon.colcon_core.package_identification:_identify(src/openslam_gmapping) by extension 'colcon_pkg'
[1.666s] Level 1:colcon.colcon_core.package_identification:_identify(src/openslam_gmapping) by extensions ['colcon_meta']
[1.666s] Level 1:colcon.colcon_core.package_identification:_identify(src/openslam_gmapping) by extension 'colcon_meta'
[1.666s] Level 1:colcon.colcon_core.package_identification:_identify(src/openslam_gmapping) by extensions ['ros']
[1.666s] Level 1:colcon.colcon_core.package_identification:_identify(src/openslam_gmapping) by extension 'ros'
[1.670s] DEBUG:colcon.colcon_core.package_identification:Package 'src/openslam_gmapping' with type 'ros.ament_cmake' and name 'openslam_gmapping'
[1.671s] Level 1:colcon.colcon_core.package_identification:_identify(src/slam_gmapping) by extensions ['ignore', 'ignore_ament_install']
[1.671s] Level 1:colcon.colcon_core.package_identification:_identify(src/slam_gmapping) by extension 'ignore'
[1.671s] Level 1:colcon.colcon_core.package_identification:_identify(src/slam_gmapping) by extension 'ignore_ament_install'
[1.671s] Level 1:colcon.colcon_core.package_identification:_identify(src/slam_gmapping) by extensions ['colcon_pkg']
[1.671s] Level 1:colcon.colcon_core.package_identification:_identify(src/slam_gmapping) by extension 'colcon_pkg'
[1.671s] Level 1:colcon.colcon_core.package_identification:_identify(src/slam_gmapping) by extensions ['colcon_meta']
[1.671s] Level 1:colcon.colcon_core.package_identification:_identify(src/slam_gmapping) by extension 'colcon_meta'
[1.671s] Level 1:colcon.colcon_core.package_identification:_identify(src/slam_gmapping) by extensions ['ros']
[1.671s] Level 1:colcon.colcon_core.package_identification:_identify(src/slam_gmapping) by extension 'ros'
[1.674s] DEBUG:colcon.colcon_core.package_identification:Package 'src/slam_gmapping' with type 'ros.ament_cmake' and name 'slam_gmapping'
[1.674s] Level 1:colcon.colcon_core.package_identification:_identify(src/sllidar_ros2) by extensions ['ignore', 'ignore_ament_install']
[1.674s] Level 1:colcon.colcon_core.package_identification:_identify(src/sllidar_ros2) by extension 'ignore'
[1.674s] Level 1:colcon.colcon_core.package_identification:_identify(src/sllidar_ros2) by extension 'ignore_ament_install'
[1.674s] Level 1:colcon.colcon_core.package_identification:_identify(src/sllidar_ros2) by extensions ['colcon_pkg']
[1.674s] Level 1:colcon.colcon_core.package_identification:_identify(src/sllidar_ros2) by extension 'colcon_pkg'
[1.674s] Level 1:colcon.colcon_core.package_identification:_identify(src/sllidar_ros2) by extensions ['colcon_meta']
[1.674s] Level 1:colcon.colcon_core.package_identification:_identify(src/sllidar_ros2) by extension 'colcon_meta'
[1.675s] Level 1:colcon.colcon_core.package_identification:_identify(src/sllidar_ros2) by extensions ['ros']
[1.675s] Level 1:colcon.colcon_core.package_identification:_identify(src/sllidar_ros2) by extension 'ros'
[1.675s] Level 1:colcon.colcon_core.package_identification:_identify(src/sllidar_ros2) by extensions ['cmake', 'python']
[1.675s] Level 1:colcon.colcon_core.package_identification:_identify(src/sllidar_ros2) by extension 'cmake'
[1.675s] Level 1:colcon.colcon_core.package_identification:_identify(src/sllidar_ros2) by extension 'python'
[1.675s] Level 1:colcon.colcon_core.package_identification:_identify(src/sllidar_ros2) by extensions ['python_setup_py']
[1.675s] Level 1:colcon.colcon_core.package_identification:_identify(src/sllidar_ros2) by extension 'python_setup_py'
[1.676s] Level 1:colcon.colcon_core.package_identification:_identify(src/sllidar_ros2/launch) by extensions ['ignore', 'ignore_ament_install']
[1.676s] Level 1:colcon.colcon_core.package_identification:_identify(src/sllidar_ros2/launch) by extension 'ignore'
[1.676s] Level 1:colcon.colcon_core.package_identification:_identify(src/sllidar_ros2/launch) by extension 'ignore_ament_install'
[1.676s] Level 1:colcon.colcon_core.package_identification:_identify(src/sllidar_ros2/launch) by extensions ['colcon_pkg']
[1.676s] Level 1:colcon.colcon_core.package_identification:_identify(src/sllidar_ros2/launch) by extension 'colcon_pkg'
[1.676s] Level 1:colcon.colcon_core.package_identification:_identify(src/sllidar_ros2/launch) by extensions ['colcon_meta']
[1.676s] Level 1:colcon.colcon_core.package_identification:_identify(src/sllidar_ros2/launch) by extension 'colcon_meta'
[1.676s] Level 1:colcon.colcon_core.package_identification:_identify(src/sllidar_ros2/launch) by extensions ['ros']
[1.676s] Level 1:colcon.colcon_core.package_identification:_identify(src/sllidar_ros2/launch) by extension 'ros'
[1.676s] Level 1:colcon.colcon_core.package_identification:_identify(src/sllidar_ros2/launch) by extensions ['cmake', 'python']
[1.676s] Level 1:colcon.colcon_core.package_identification:_identify(src/sllidar_ros2/launch) by extension 'cmake'
[1.676s] Level 1:colcon.colcon_core.package_identification:_identify(src/sllidar_ros2/launch) by extension 'python'
[1.676s] Level 1:colcon.colcon_core.package_identification:_identify(src/sllidar_ros2/launch) by extensions ['python_setup_py']
[1.677s] Level 1:colcon.colcon_core.package_identification:_identify(src/sllidar_ros2/launch) by extension 'python_setup_py'
[1.677s] Level 1:colcon.colcon_core.package_identification:_identify(src/sllidar_ros2/launch/__pycache__) by extensions ['ignore', 'ignore_ament_install']
[1.678s] Level 1:colcon.colcon_core.package_identification:_identify(src/sllidar_ros2/launch/__pycache__) by extension 'ignore'
[1.678s] Level 1:colcon.colcon_core.package_identification:_identify(src/sllidar_ros2/launch/__pycache__) by extension 'ignore_ament_install'
[1.678s] Level 1:colcon.colcon_core.package_identification:_identify(src/sllidar_ros2/launch/__pycache__) by extensions ['colcon_pkg']
[1.678s] Level 1:colcon.colcon_core.package_identification:_identify(src/sllidar_ros2/launch/__pycache__) by extension 'colcon_pkg'
[1.678s] Level 1:colcon.colcon_core.package_identification:_identify(src/sllidar_ros2/launch/__pycache__) by extensions ['colcon_meta']
[1.678s] Level 1:colcon.colcon_core.package_identification:_identify(src/sllidar_ros2/launch/__pycache__) by extension 'colcon_meta'
[1.678s] Level 1:colcon.colcon_core.package_identification:_identify(src/sllidar_ros2/launch/__pycache__) by extensions ['ros']
[1.678s] Level 1:colcon.colcon_core.package_identification:_identify(src/sllidar_ros2/launch/__pycache__) by extension 'ros'
[1.678s] Level 1:colcon.colcon_core.package_identification:_identify(src/sllidar_ros2/launch/__pycache__) by extensions ['cmake', 'python']
[1.678s] Level 1:colcon.colcon_core.package_identification:_identify(src/sllidar_ros2/launch/__pycache__) by extension 'cmake'
[1.678s] Level 1:colcon.colcon_core.package_identification:_identify(src/sllidar_ros2/launch/__pycache__) by extension 'python'
[1.678s] Level 1:colcon.colcon_core.package_identification:_identify(src/sllidar_ros2/launch/__pycache__) by extensions ['python_setup_py']
[1.678s] Level 1:colcon.colcon_core.package_identification:_identify(src/sllidar_ros2/launch/__pycache__) by extension 'python_setup_py'
[1.679s] Level 1:colcon.colcon_core.package_identification:_identify(src/ydlidar_ros2_driver-master) by extensions ['ignore', 'ignore_ament_install']
[1.679s] Level 1:colcon.colcon_core.package_identification:_identify(src/ydlidar_ros2_driver-master) by extension 'ignore'
[1.679s] Level 1:colcon.colcon_core.package_identification:_identify(src/ydlidar_ros2_driver-master) by extension 'ignore_ament_install'
[1.679s] Level 1:colcon.colcon_core.package_identification:_identify(src/ydlidar_ros2_driver-master) by extensions ['colcon_pkg']
[1.679s] Level 1:colcon.colcon_core.package_identification:_identify(src/ydlidar_ros2_driver-master) by extension 'colcon_pkg'
[1.679s] Level 1:colcon.colcon_core.package_identification:_identify(src/ydlidar_ros2_driver-master) by extensions ['colcon_meta']
[1.679s] Level 1:colcon.colcon_core.package_identification:_identify(src/ydlidar_ros2_driver-master) by extension 'colcon_meta'
[1.679s] Level 1:colcon.colcon_core.package_identification:_identify(src/ydlidar_ros2_driver-master) by extensions ['ros']
[1.679s] Level 1:colcon.colcon_core.package_identification:_identify(src/ydlidar_ros2_driver-master) by extension 'ros'
[1.681s] DEBUG:colcon.colcon_core.package_identification:Package 'src/ydlidar_ros2_driver-master' with type 'ros.ament_cmake' and name 'ydlidar_ros2_driver'
[1.681s] Level 1:colcon.colcon_core.package_discovery:discover_packages(recursive) using defaults
[1.681s] Level 1:colcon.colcon_core.package_discovery:discover_packages(ignore) discover
[1.681s] Level 1:colcon.colcon_core.package_discovery:discover_packages(ignore) using defaults
[1.681s] Level 1:colcon.colcon_core.package_discovery:discover_packages(path) discover
[1.681s] Level 1:colcon.colcon_core.package_discovery:discover_packages(path) using defaults
[1.725s] Level 1:colcon.colcon_core.package_discovery:discover_packages(prefix_path) check parameters
[1.725s] Level 1:colcon.colcon_core.package_discovery:discover_packages(prefix_path) discover
[1.733s] DEBUG:colcon.colcon_installed_package_information.package_discovery:Found 1 installed packages in /home/phufoxy/ros2_FxDeliver/install
[1.736s] DEBUG:colcon.colcon_installed_package_information.package_discovery:Found 338 installed packages in /opt/ros/foxy
[1.738s] Level 1:colcon.colcon_core.package_discovery:discover_packages(prefix_path) using defaults
[1.938s] Level 5:colcon.colcon_core.verb:set package 'openslam_gmapping' build argument 'cmake_args' from command line to 'None'
[1.938s] Level 5:colcon.colcon_core.verb:set package 'openslam_gmapping' build argument 'cmake_target' from command line to 'None'
[1.938s] Level 5:colcon.colcon_core.verb:set package 'openslam_gmapping' build argument 'cmake_target_skip_unavailable' from command line to 'False'
[1.938s] Level 5:colcon.colcon_core.verb:set package 'openslam_gmapping' build argument 'cmake_clean_cache' from command line to 'False'
[1.938s] Level 5:colcon.colcon_core.verb:set package 'openslam_gmapping' build argument 'cmake_clean_first' from command line to 'False'
[1.938s] Level 5:colcon.colcon_core.verb:set package 'openslam_gmapping' build argument 'cmake_force_configure' from command line to 'False'
[1.938s] Level 5:colcon.colcon_core.verb:set package 'openslam_gmapping' build argument 'ament_cmake_args' from command line to 'None'
[1.938s] Level 5:colcon.colcon_core.verb:set package 'openslam_gmapping' build argument 'catkin_cmake_args' from command line to 'None'
[1.938s] Level 5:colcon.colcon_core.verb:set package 'openslam_gmapping' build argument 'catkin_skip_building_tests' from command line to 'False'
[1.938s] DEBUG:colcon.colcon_core.verb:Building package 'openslam_gmapping' with the following arguments: {'ament_cmake_args': None, 'build_base': '/home/phufoxy/ydlidar_x3/build/openslam_gmapping', 'catkin_cmake_args': None, 'catkin_skip_building_tests': False, 'cmake_args': None, 'cmake_clean_cache': False, 'cmake_clean_first': False, 'cmake_force_configure': False, 'cmake_target': None, 'cmake_target_skip_unavailable': False, 'install_base': '/home/phufoxy/ydlidar_x3/install/openslam_gmapping', 'merge_install': False, 'path': '/home/phufoxy/ydlidar_x3/src/openslam_gmapping', 'symlink_install': True, 'test_result_base': None}
[1.940s] Level 5:colcon.colcon_core.verb:set package 'ydlidar_ros2_driver' build argument 'cmake_args' from command line to 'None'
[1.940s] Level 5:colcon.colcon_core.verb:set package 'ydlidar_ros2_driver' build argument 'cmake_target' from command line to 'None'
[1.940s] Level 5:colcon.colcon_core.verb:set package 'ydlidar_ros2_driver' build argument 'cmake_target_skip_unavailable' from command line to 'False'
[1.940s] Level 5:colcon.colcon_core.verb:set package 'ydlidar_ros2_driver' build argument 'cmake_clean_cache' from command line to 'False'
[1.940s] Level 5:colcon.colcon_core.verb:set package 'ydlidar_ros2_driver' build argument 'cmake_clean_first' from command line to 'False'
[1.940s] Level 5:colcon.colcon_core.verb:set package 'ydlidar_ros2_driver' build argument 'cmake_force_configure' from command line to 'False'
[1.940s] Level 5:colcon.colcon_core.verb:set package 'ydlidar_ros2_driver' build argument 'ament_cmake_args' from command line to 'None'
[1.940s] Level 5:colcon.colcon_core.verb:set package 'ydlidar_ros2_driver' build argument 'catkin_cmake_args' from command line to 'None'
[1.940s] Level 5:colcon.colcon_core.verb:set package 'ydlidar_ros2_driver' build argument 'catkin_skip_building_tests' from command line to 'False'
[1.940s] DEBUG:colcon.colcon_core.verb:Building package 'ydlidar_ros2_driver' with the following arguments: {'ament_cmake_args': None, 'build_base': '/home/phufoxy/ydlidar_x3/build/ydlidar_ros2_driver', 'catkin_cmake_args': None, 'catkin_skip_building_tests': False, 'cmake_args': None, 'cmake_clean_cache': False, 'cmake_clean_first': False, 'cmake_force_configure': False, 'cmake_target': None, 'cmake_target_skip_unavailable': False, 'install_base': '/home/phufoxy/ydlidar_x3/install/ydlidar_ros2_driver', 'merge_install': False, 'path': '/home/phufoxy/ydlidar_x3/src/ydlidar_ros2_driver-master', 'symlink_install': True, 'test_result_base': None}
[1.941s] Level 5:colcon.colcon_core.verb:set package 'ydlidar_sdk' build argument 'cmake_args' from command line to 'None'
[1.941s] Level 5:colcon.colcon_core.verb:set package 'ydlidar_sdk' build argument 'cmake_target' from command line to 'None'
[1.941s] Level 5:colcon.colcon_core.verb:set package 'ydlidar_sdk' build argument 'cmake_target_skip_unavailable' from command line to 'False'
[1.942s] Level 5:colcon.colcon_core.verb:set package 'ydlidar_sdk' build argument 'cmake_clean_cache' from command line to 'False'
[1.942s] Level 5:colcon.colcon_core.verb:set package 'ydlidar_sdk' build argument 'cmake_clean_first' from command line to 'False'
[1.942s] Level 5:colcon.colcon_core.verb:set package 'ydlidar_sdk' build argument 'cmake_force_configure' from command line to 'False'
[1.942s] Level 5:colcon.colcon_core.verb:set package 'ydlidar_sdk' build argument 'ament_cmake_args' from command line to 'None'
[1.942s] Level 5:colcon.colcon_core.verb:set package 'ydlidar_sdk' build argument 'catkin_cmake_args' from command line to 'None'
[1.942s] Level 5:colcon.colcon_core.verb:set package 'ydlidar_sdk' build argument 'catkin_skip_building_tests' from command line to 'False'
[1.942s] DEBUG:colcon.colcon_core.verb:Building package 'ydlidar_sdk' with the following arguments: {'ament_cmake_args': None, 'build_base': '/home/phufoxy/ydlidar_x3/build/ydlidar_sdk', 'catkin_cmake_args': None, 'catkin_skip_building_tests': False, 'cmake_args': None, 'cmake_clean_cache': False, 'cmake_clean_first': False, 'cmake_force_configure': False, 'cmake_target': None, 'cmake_target_skip_unavailable': False, 'install_base': '/home/phufoxy/ydlidar_x3/install/ydlidar_sdk', 'merge_install': False, 'path': '/home/phufoxy/ydlidar_x3/YDLidar-SDK-master', 'symlink_install': True, 'test_result_base': None}
[1.943s] Level 5:colcon.colcon_core.verb:set package 'slam_gmapping' build argument 'cmake_args' from command line to 'None'
[1.943s] Level 5:colcon.colcon_core.verb:set package 'slam_gmapping' build argument 'cmake_target' from command line to 'None'
[1.943s] Level 5:colcon.colcon_core.verb:set package 'slam_gmapping' build argument 'cmake_target_skip_unavailable' from command line to 'False'
[1.943s] Level 5:colcon.colcon_core.verb:set package 'slam_gmapping' build argument 'cmake_clean_cache' from command line to 'False'
[1.943s] Level 5:colcon.colcon_core.verb:set package 'slam_gmapping' build argument 'cmake_clean_first' from command line to 'False'
[1.943s] Level 5:colcon.colcon_core.verb:set package 'slam_gmapping' build argument 'cmake_force_configure' from command line to 'False'
[1.943s] Level 5:colcon.colcon_core.verb:set package 'slam_gmapping' build argument 'ament_cmake_args' from command line to 'None'
[1.944s] Level 5:colcon.colcon_core.verb:set package 'slam_gmapping' build argument 'catkin_cmake_args' from command line to 'None'
[1.944s] Level 5:colcon.colcon_core.verb:set package 'slam_gmapping' build argument 'catkin_skip_building_tests' from command line to 'False'
[1.944s] DEBUG:colcon.colcon_core.verb:Building package 'slam_gmapping' with the following arguments: {'ament_cmake_args': None, 'build_base': '/home/phufoxy/ydlidar_x3/build/slam_gmapping', 'catkin_cmake_args': None, 'catkin_skip_building_tests': False, 'cmake_args': None, 'cmake_clean_cache': False, 'cmake_clean_first': False, 'cmake_force_configure': False, 'cmake_target': None, 'cmake_target_skip_unavailable': False, 'install_base': '/home/phufoxy/ydlidar_x3/install/slam_gmapping', 'merge_install': False, 'path': '/home/phufoxy/ydlidar_x3/src/slam_gmapping', 'symlink_install': True, 'test_result_base': None}
[1.945s] INFO:colcon.colcon_core.executor:Executing jobs using 'parallel' executor
[1.949s] DEBUG:colcon.colcon_parallel_executor.executor.parallel:run_until_complete
[1.949s] INFO:colcon.colcon_ros.task.ament_cmake.build:Building ROS package in '/home/phufoxy/ydlidar_x3/src/openslam_gmapping' with build type 'ament_cmake'
[1.950s] INFO:colcon.colcon_cmake.task.cmake.build:Building CMake package in '/home/phufoxy/ydlidar_x3/src/openslam_gmapping'
[1.964s] INFO:colcon.colcon_core.plugin_system:Skipping extension 'colcon_core.shell.bat': Not used on non-Windows systems
[1.965s] INFO:colcon.colcon_core.shell:Skip shell extension 'powershell' for command environment: Not usable outside of PowerShell
[1.965s] DEBUG:colcon.colcon_core.shell:Skip shell extension 'dsv' for command environment
[1.974s] INFO:colcon.colcon_ros.task.ament_cmake.build:Building ROS package in '/home/phufoxy/ydlidar_x3/src/ydlidar_ros2_driver-master' with build type 'ament_cmake'
[1.975s] INFO:colcon.colcon_cmake.task.cmake.build:Building CMake package in '/home/phufoxy/ydlidar_x3/src/ydlidar_ros2_driver-master'
[1.977s] INFO:colcon.colcon_core.shell:Skip shell extension 'powershell' for command environment: Not usable outside of PowerShell
[1.977s] DEBUG:colcon.colcon_core.shell:Skip shell extension 'dsv' for command environment
[1.986s] INFO:colcon.colcon_cmake.task.cmake.build:Building CMake package in '/home/phufoxy/ydlidar_x3/YDLidar-SDK-master'
[1.989s] INFO:colcon.colcon_core.shell:Skip shell extension 'powershell' for command environment: Not usable outside of PowerShell
[1.989s] DEBUG:colcon.colcon_core.shell:Skip shell extension 'dsv' for command environment
[2.010s] DEBUG:colcon.colcon_core.event_handler.log_command:Invoking command in '/home/phufoxy/ydlidar_x3/build/openslam_gmapping': CMAKE_PREFIX_PATH=${CMAKE_PREFIX_PATH}:/opt/ros/foxy /usr/bin/cmake --build /home/phufoxy/ydlidar_x3/build/openslam_gmapping -- -j8 -l8
[2.041s] DEBUG:colcon.colcon_core.event_handler.log_command:Invoking command in '/home/phufoxy/ydlidar_x3/build/ydlidar_ros2_driver': CMAKE_PREFIX_PATH=${CMAKE_PREFIX_PATH}:/opt/ros/foxy /usr/bin/cmake --build /home/phufoxy/ydlidar_x3/build/ydlidar_ros2_driver -- -j8 -l8
[2.062s] DEBUG:colcon.colcon_core.event_handler.log_command:Invoking command in '/home/phufoxy/ydlidar_x3/build/ydlidar_sdk': /usr/bin/cmake --build /home/phufoxy/ydlidar_x3/build/ydlidar_sdk -- -j8 -l8
[2.366s] DEBUG:colcon.colcon_core.event_handler.log_command:Invoked command in '/home/phufoxy/ydlidar_x3/build/ydlidar_sdk' returned '0': /usr/bin/cmake --build /home/phufoxy/ydlidar_x3/build/ydlidar_sdk -- -j8 -l8
[2.372s] DEBUG:colcon.colcon_core.event_handler.log_command:Invoked command in '/home/phufoxy/ydlidar_x3/build/ydlidar_ros2_driver' returned '0': CMAKE_PREFIX_PATH=${CMAKE_PREFIX_PATH}:/opt/ros/foxy /usr/bin/cmake --build /home/phufoxy/ydlidar_x3/build/ydlidar_ros2_driver -- -j8 -l8
[2.428s] DEBUG:colcon.colcon_core.event_handler.log_command:Invoking command in '/home/phufoxy/ydlidar_x3/build/ydlidar_ros2_driver': CMAKE_PREFIX_PATH=${CMAKE_PREFIX_PATH}:/opt/ros/foxy /usr/bin/cmake --install /home/phufoxy/ydlidar_x3/build/ydlidar_ros2_driver
[2.432s] DEBUG:colcon.colcon_core.event_handler.log_command:Invoked command in '/home/phufoxy/ydlidar_x3/build/openslam_gmapping' returned '0': CMAKE_PREFIX_PATH=${CMAKE_PREFIX_PATH}:/opt/ros/foxy /usr/bin/cmake --build /home/phufoxy/ydlidar_x3/build/openslam_gmapping -- -j8 -l8
[2.443s] DEBUG:colcon.colcon_core.event_handler.log_command:Invoking command in '/home/phufoxy/ydlidar_x3/build/ydlidar_sdk': /usr/bin/cmake --install /home/phufoxy/ydlidar_x3/build/ydlidar_sdk
[2.485s] Level 1:colcon.colcon_core.environment:create_environment_scripts_only(ydlidar_ros2_driver)
[2.489s] DEBUG:colcon.colcon_core.event_handler.log_command:Invoking command in '/home/phufoxy/ydlidar_x3/build/openslam_gmapping': CMAKE_PREFIX_PATH=${CMAKE_PREFIX_PATH}:/opt/ros/foxy /usr/bin/cmake --install /home/phufoxy/ydlidar_x3/build/openslam_gmapping
[2.494s] DEBUG:colcon.colcon_core.event_handler.log_command:Invoked command in '/home/phufoxy/ydlidar_x3/build/ydlidar_ros2_driver' returned '0': CMAKE_PREFIX_PATH=${CMAKE_PREFIX_PATH}:/opt/ros/foxy /usr/bin/cmake --install /home/phufoxy/ydlidar_x3/build/ydlidar_ros2_driver
[2.507s] Level 1:colcon.colcon_core.environment:checking '/home/phufoxy/ydlidar_x3/install/ydlidar_ros2_driver' for CMake module files
[2.510s] Level 1:colcon.colcon_core.environment:checking '/home/phufoxy/ydlidar_x3/install/ydlidar_ros2_driver' for CMake config files
[2.512s] Level 1:colcon.colcon_core.shell:create_environment_hook('ydlidar_ros2_driver', 'cmake_prefix_path')
[2.514s] INFO:colcon.colcon_core.shell:Creating environment hook '/home/phufoxy/ydlidar_x3/install/ydlidar_ros2_driver/share/ydlidar_ros2_driver/hook/cmake_prefix_path.ps1'
[2.518s] INFO:colcon.colcon_core.shell:Creating environment descriptor '/home/phufoxy/ydlidar_x3/install/ydlidar_ros2_driver/share/ydlidar_ros2_driver/hook/cmake_prefix_path.dsv'
[2.520s] INFO:colcon.colcon_core.shell:Creating environment hook '/home/phufoxy/ydlidar_x3/install/ydlidar_ros2_driver/share/ydlidar_ros2_driver/hook/cmake_prefix_path.sh'
[2.524s] Level 1:colcon.colcon_core.environment:checking '/home/phufoxy/ydlidar_x3/install/ydlidar_ros2_driver/lib'
[2.524s] Level 1:colcon.colcon_core.environment:checking '/home/phufoxy/ydlidar_x3/install/ydlidar_ros2_driver/bin'
[2.525s] Level 1:colcon.colcon_core.environment:checking '/home/phufoxy/ydlidar_x3/install/ydlidar_ros2_driver/lib/pkgconfig/ydlidar_ros2_driver.pc'
[2.525s] Level 1:colcon.colcon_core.environment:checking '/home/phufoxy/ydlidar_x3/install/ydlidar_ros2_driver/lib/python3.8/site-packages'
[2.526s] Level 1:colcon.colcon_core.environment:checking '/home/phufoxy/ydlidar_x3/install/ydlidar_ros2_driver/bin'
[2.528s] INFO:colcon.colcon_core.shell:Creating package script '/home/phufoxy/ydlidar_x3/install/ydlidar_ros2_driver/share/ydlidar_ros2_driver/package.ps1'
[2.530s] INFO:colcon.colcon_core.shell:Creating package descriptor '/home/phufoxy/ydlidar_x3/install/ydlidar_ros2_driver/share/ydlidar_ros2_driver/package.dsv'
[2.531s] INFO:colcon.colcon_core.shell:Creating package script '/home/phufoxy/ydlidar_x3/install/ydlidar_ros2_driver/share/ydlidar_ros2_driver/package.sh'
[2.533s] INFO:colcon.colcon_core.shell:Creating package script '/home/phufoxy/ydlidar_x3/install/ydlidar_ros2_driver/share/ydlidar_ros2_driver/package.bash'
[2.535s] INFO:colcon.colcon_core.shell:Creating package script '/home/phufoxy/ydlidar_x3/install/ydlidar_ros2_driver/share/ydlidar_ros2_driver/package.zsh'
[2.537s] Level 1:colcon.colcon_core.environment:create_file_with_runtime_dependencies(/home/phufoxy/ydlidar_x3/install/ydlidar_ros2_driver/share/colcon-core/packages/ydlidar_ros2_driver)
[2.544s] Level 1:colcon.colcon_core.environment:create_environment_scripts_only(ydlidar_sdk)
[2.547s] Level 1:colcon.colcon_core.environment:checking '/home/phufoxy/ydlidar_x3/install/ydlidar_sdk' for CMake module files
[2.549s] DEBUG:colcon.colcon_core.event_handler.log_command:Invoked command in '/home/phufoxy/ydlidar_x3/build/ydlidar_sdk' returned '0': /usr/bin/cmake --install /home/phufoxy/ydlidar_x3/build/ydlidar_sdk
[2.549s] Level 1:colcon.colcon_core.environment:checking '/home/phufoxy/ydlidar_x3/install/ydlidar_sdk' for CMake config files
[2.551s] Level 1:colcon.colcon_core.shell:create_environment_hook('ydlidar_sdk', 'cmake_prefix_path')
[2.553s] INFO:colcon.colcon_core.shell:Creating environment hook '/home/phufoxy/ydlidar_x3/install/ydlidar_sdk/share/ydlidar_sdk/hook/cmake_prefix_path.ps1'
[2.553s] INFO:colcon.colcon_core.shell:Creating environment descriptor '/home/phufoxy/ydlidar_x3/install/ydlidar_sdk/share/ydlidar_sdk/hook/cmake_prefix_path.dsv'
[2.554s] INFO:colcon.colcon_core.shell:Creating environment hook '/home/phufoxy/ydlidar_x3/install/ydlidar_sdk/share/ydlidar_sdk/hook/cmake_prefix_path.sh'
[2.555s] Level 1:colcon.colcon_core.environment:checking '/home/phufoxy/ydlidar_x3/install/ydlidar_sdk/lib'
[2.555s] Level 1:colcon.colcon_core.environment:checking '/home/phufoxy/ydlidar_x3/install/ydlidar_sdk/bin'
[2.555s] Level 1:colcon.colcon_core.shell:create_environment_hook('ydlidar_sdk', 'path')
[2.557s] INFO:colcon.colcon_core.shell:Creating environment hook '/home/phufoxy/ydlidar_x3/install/ydlidar_sdk/share/ydlidar_sdk/hook/path.ps1'
[2.557s] INFO:colcon.colcon_core.shell:Creating environment descriptor '/home/phufoxy/ydlidar_x3/install/ydlidar_sdk/share/ydlidar_sdk/hook/path.dsv'
[2.557s] INFO:colcon.colcon_core.shell:Creating environment hook '/home/phufoxy/ydlidar_x3/install/ydlidar_sdk/share/ydlidar_sdk/hook/path.sh'
[2.558s] Level 1:colcon.colcon_core.environment:checking '/home/phufoxy/ydlidar_x3/install/ydlidar_sdk/lib/pkgconfig/ydlidar_sdk.pc'
[2.558s] Level 1:colcon.colcon_core.environment:checking '/home/phufoxy/ydlidar_x3/install/ydlidar_sdk/lib/python3.8/site-packages'
[2.559s] Level 1:colcon.colcon_core.environment:checking '/home/phufoxy/ydlidar_x3/install/ydlidar_sdk/bin'
[2.559s] Level 1:colcon.colcon_core.shell:create_environment_hook('ydlidar_sdk', 'pythonscriptspath')
[2.561s] INFO:colcon.colcon_core.shell:Creating environment hook '/home/phufoxy/ydlidar_x3/install/ydlidar_sdk/share/ydlidar_sdk/hook/pythonscriptspath.ps1'
[2.561s] INFO:colcon.colcon_core.shell:Creating environment descriptor '/home/phufoxy/ydlidar_x3/install/ydlidar_sdk/share/ydlidar_sdk/hook/pythonscriptspath.dsv'
[2.562s] INFO:colcon.colcon_core.shell:Creating environment hook '/home/phufoxy/ydlidar_x3/install/ydlidar_sdk/share/ydlidar_sdk/hook/pythonscriptspath.sh'
[2.564s] INFO:colcon.colcon_core.shell:Creating package script '/home/phufoxy/ydlidar_x3/install/ydlidar_sdk/share/ydlidar_sdk/package.ps1'
[2.565s] INFO:colcon.colcon_core.shell:Creating package descriptor '/home/phufoxy/ydlidar_x3/install/ydlidar_sdk/share/ydlidar_sdk/package.dsv'
[2.565s] INFO:colcon.colcon_core.shell:Creating package script '/home/phufoxy/ydlidar_x3/install/ydlidar_sdk/share/ydlidar_sdk/package.sh'
[2.566s] INFO:colcon.colcon_core.shell:Creating package script '/home/phufoxy/ydlidar_x3/install/ydlidar_sdk/share/ydlidar_sdk/package.bash'
[2.566s] INFO:colcon.colcon_core.shell:Creating package script '/home/phufoxy/ydlidar_x3/install/ydlidar_sdk/share/ydlidar_sdk/package.zsh'
[2.567s] Level 1:colcon.colcon_core.environment:create_file_with_runtime_dependencies(/home/phufoxy/ydlidar_x3/install/ydlidar_sdk/share/colcon-core/packages/ydlidar_sdk)
[2.568s] Level 1:colcon.colcon_core.environment:create_environment_scripts_only(openslam_gmapping)
[2.571s] Level 1:colcon.colcon_core.environment:checking '/home/phufoxy/ydlidar_x3/install/openslam_gmapping' for CMake module files
[2.572s] DEBUG:colcon.colcon_core.event_handler.log_command:Invoked command in '/home/phufoxy/ydlidar_x3/build/openslam_gmapping' returned '0': CMAKE_PREFIX_PATH=${CMAKE_PREFIX_PATH}:/opt/ros/foxy /usr/bin/cmake --install /home/phufoxy/ydlidar_x3/build/openslam_gmapping
[2.573s] Level 1:colcon.colcon_core.environment:checking '/home/phufoxy/ydlidar_x3/install/openslam_gmapping' for CMake config files
[2.573s] Level 1:colcon.colcon_core.shell:create_environment_hook('openslam_gmapping', 'cmake_prefix_path')
[2.577s] INFO:colcon.colcon_core.shell:Creating environment hook '/home/phufoxy/ydlidar_x3/install/openslam_gmapping/share/openslam_gmapping/hook/cmake_prefix_path.ps1'
[2.577s] INFO:colcon.colcon_core.shell:Creating environment descriptor '/home/phufoxy/ydlidar_x3/install/openslam_gmapping/share/openslam_gmapping/hook/cmake_prefix_path.dsv'
[2.578s] INFO:colcon.colcon_core.shell:Creating environment hook '/home/phufoxy/ydlidar_x3/install/openslam_gmapping/share/openslam_gmapping/hook/cmake_prefix_path.sh'
[2.579s] Level 1:colcon.colcon_core.environment:checking '/home/phufoxy/ydlidar_x3/install/openslam_gmapping/lib'
[2.579s] Level 1:colcon.colcon_core.environment:checking '/home/phufoxy/ydlidar_x3/install/openslam_gmapping/bin'
[2.579s] Level 1:colcon.colcon_core.environment:checking '/home/phufoxy/ydlidar_x3/install/openslam_gmapping/lib/pkgconfig/openslam_gmapping.pc'
[2.579s] Level 1:colcon.colcon_core.environment:checking '/home/phufoxy/ydlidar_x3/install/openslam_gmapping/lib/python3.8/site-packages'
[2.580s] Level 1:colcon.colcon_core.environment:checking '/home/phufoxy/ydlidar_x3/install/openslam_gmapping/bin'
[2.582s] INFO:colcon.colcon_core.shell:Creating package script '/home/phufoxy/ydlidar_x3/install/openslam_gmapping/share/openslam_gmapping/package.ps1'
[2.582s] INFO:colcon.colcon_core.shell:Creating package descriptor '/home/phufoxy/ydlidar_x3/install/openslam_gmapping/share/openslam_gmapping/package.dsv'
[2.583s] INFO:colcon.colcon_core.shell:Creating package script '/home/phufoxy/ydlidar_x3/install/openslam_gmapping/share/openslam_gmapping/package.sh'
[2.583s] INFO:colcon.colcon_core.shell:Creating package script '/home/phufoxy/ydlidar_x3/install/openslam_gmapping/share/openslam_gmapping/package.bash'
[2.584s] INFO:colcon.colcon_core.shell:Creating package script '/home/phufoxy/ydlidar_x3/install/openslam_gmapping/share/openslam_gmapping/package.zsh'
[2.585s] Level 1:colcon.colcon_core.environment:create_file_with_runtime_dependencies(/home/phufoxy/ydlidar_x3/install/openslam_gmapping/share/colcon-core/packages/openslam_gmapping)
[2.592s] Level 1:colcon.colcon_core.environment:create_environment_scripts_only(ydlidar_ros2_driver)
[2.595s] Level 1:colcon.colcon_core.environment:checking '/home/phufoxy/ydlidar_x3/install/ydlidar_ros2_driver' for CMake module files
[2.595s] Level 1:colcon.colcon_core.environment:checking '/home/phufoxy/ydlidar_x3/install/ydlidar_ros2_driver' for CMake config files
[2.596s] Level 1:colcon.colcon_core.shell:create_environment_hook('ydlidar_ros2_driver', 'cmake_prefix_path')
[2.598s] INFO:colcon.colcon_core.shell:Creating environment hook '/home/phufoxy/ydlidar_x3/install/ydlidar_ros2_driver/share/ydlidar_ros2_driver/hook/cmake_prefix_path.ps1'
[2.598s] INFO:colcon.colcon_core.shell:Creating environment descriptor '/home/phufoxy/ydlidar_x3/install/ydlidar_ros2_driver/share/ydlidar_ros2_driver/hook/cmake_prefix_path.dsv'
[2.599s] INFO:colcon.colcon_core.shell:Creating environment hook '/home/phufoxy/ydlidar_x3/install/ydlidar_ros2_driver/share/ydlidar_ros2_driver/hook/cmake_prefix_path.sh'
[2.600s] Level 1:colcon.colcon_core.environment:checking '/home/phufoxy/ydlidar_x3/install/ydlidar_ros2_driver/lib'
[2.600s] Level 1:colcon.colcon_core.environment:checking '/home/phufoxy/ydlidar_x3/install/ydlidar_ros2_driver/bin'
[2.600s] Level 1:colcon.colcon_core.environment:checking '/home/phufoxy/ydlidar_x3/install/ydlidar_ros2_driver/lib/pkgconfig/ydlidar_ros2_driver.pc'
[2.600s] Level 1:colcon.colcon_core.environment:checking '/home/phufoxy/ydlidar_x3/install/ydlidar_ros2_driver/lib/python3.8/site-packages'
[2.600s] Level 1:colcon.colcon_core.environment:checking '/home/phufoxy/ydlidar_x3/install/ydlidar_ros2_driver/bin'
[2.603s] INFO:colcon.colcon_core.shell:Creating package script '/home/phufoxy/ydlidar_x3/install/ydlidar_ros2_driver/share/ydlidar_ros2_driver/package.ps1'
[2.603s] INFO:colcon.colcon_core.shell:Creating package descriptor '/home/phufoxy/ydlidar_x3/install/ydlidar_ros2_driver/share/ydlidar_ros2_driver/package.dsv'
[2.604s] INFO:colcon.colcon_core.shell:Creating package script '/home/phufoxy/ydlidar_x3/install/ydlidar_ros2_driver/share/ydlidar_ros2_driver/package.sh'
[2.604s] INFO:colcon.colcon_core.shell:Creating package script '/home/phufoxy/ydlidar_x3/install/ydlidar_ros2_driver/share/ydlidar_ros2_driver/package.bash'
[2.605s] INFO:colcon.colcon_core.shell:Creating package script '/home/phufoxy/ydlidar_x3/install/ydlidar_ros2_driver/share/ydlidar_ros2_driver/package.zsh'
[2.605s] Level 1:colcon.colcon_core.environment:create_file_with_runtime_dependencies(/home/phufoxy/ydlidar_x3/install/ydlidar_ros2_driver/share/colcon-core/packages/ydlidar_ros2_driver)
[2.623s] Level 1:colcon.colcon_core.environment:create_environment_scripts_only(openslam_gmapping)
[2.626s] Level 1:colcon.colcon_core.environment:checking '/home/phufoxy/ydlidar_x3/install/openslam_gmapping' for CMake module files
[2.627s] Level 1:colcon.colcon_core.environment:checking '/home/phufoxy/ydlidar_x3/install/openslam_gmapping' for CMake config files
[2.627s] Level 1:colcon.colcon_core.shell:create_environment_hook('openslam_gmapping', 'cmake_prefix_path')
[2.629s] INFO:colcon.colcon_core.shell:Creating environment hook '/home/phufoxy/ydlidar_x3/install/openslam_gmapping/share/openslam_gmapping/hook/cmake_prefix_path.ps1'
[2.629s] INFO:colcon.colcon_core.shell:Creating environment descriptor '/home/phufoxy/ydlidar_x3/install/openslam_gmapping/share/openslam_gmapping/hook/cmake_prefix_path.dsv'
[2.630s] INFO:colcon.colcon_core.shell:Creating environment hook '/home/phufoxy/ydlidar_x3/install/openslam_gmapping/share/openslam_gmapping/hook/cmake_prefix_path.sh'
[2.630s] Level 1:colcon.colcon_core.environment:checking '/home/phufoxy/ydlidar_x3/install/openslam_gmapping/lib'
[2.631s] Level 1:colcon.colcon_core.environment:checking '/home/phufoxy/ydlidar_x3/install/openslam_gmapping/bin'
[2.631s] Level 1:colcon.colcon_core.environment:checking '/home/phufoxy/ydlidar_x3/install/openslam_gmapping/lib/pkgconfig/openslam_gmapping.pc'
[2.631s] Level 1:colcon.colcon_core.environment:checking '/home/phufoxy/ydlidar_x3/install/openslam_gmapping/lib/python3.8/site-packages'
[2.631s] Level 1:colcon.colcon_core.environment:checking '/home/phufoxy/ydlidar_x3/install/openslam_gmapping/bin'
[2.633s] INFO:colcon.colcon_core.shell:Creating package script '/home/phufoxy/ydlidar_x3/install/openslam_gmapping/share/openslam_gmapping/package.ps1'
[2.634s] INFO:colcon.colcon_core.shell:Creating package descriptor '/home/phufoxy/ydlidar_x3/install/openslam_gmapping/share/openslam_gmapping/package.dsv'
[2.634s] INFO:colcon.colcon_core.shell:Creating package script '/home/phufoxy/ydlidar_x3/install/openslam_gmapping/share/openslam_gmapping/package.sh'
[2.635s] INFO:colcon.colcon_core.shell:Creating package script '/home/phufoxy/ydlidar_x3/install/openslam_gmapping/share/openslam_gmapping/package.bash'
[2.636s] INFO:colcon.colcon_core.shell:Creating package script '/home/phufoxy/ydlidar_x3/install/openslam_gmapping/share/openslam_gmapping/package.zsh'
[2.636s] Level 1:colcon.colcon_core.environment:create_file_with_runtime_dependencies(/home/phufoxy/ydlidar_x3/install/openslam_gmapping/share/colcon-core/packages/openslam_gmapping)
[2.637s] INFO:colcon.colcon_ros.task.ament_cmake.build:Building ROS package in '/home/phufoxy/ydlidar_x3/src/slam_gmapping' with build type 'ament_cmake'
[2.637s] INFO:colcon.colcon_cmake.task.cmake.build:Building CMake package in '/home/phufoxy/ydlidar_x3/src/slam_gmapping'
[2.639s] INFO:colcon.colcon_core.shell:Skip shell extension 'powershell' for command environment: Not usable outside of PowerShell
[2.639s] DEBUG:colcon.colcon_core.shell:Skip shell extension 'dsv' for command environment
[2.666s] DEBUG:colcon.colcon_core.event_handler.log_command:Invoking command in '/home/phufoxy/ydlidar_x3/build/slam_gmapping': AMENT_PREFIX_PATH=/home/phufoxy/ydlidar_x3/install/openslam_gmapping:${AMENT_PREFIX_PATH} CMAKE_PREFIX_PATH=/home/phufoxy/ydlidar_x3/install/openslam_gmapping:/home/phufoxy/ros2_FxDeliver/install/articubot_one:/opt/ros/foxy LD_LIBRARY_PATH=/home/phufoxy/ydlidar_x3/install/openslam_gmapping/lib:${LD_LIBRARY_PATH} /usr/bin/cmake --build /home/phufoxy/ydlidar_x3/build/slam_gmapping -- -j8 -l8
[2.827s] DEBUG:colcon.colcon_core.event_handler.log_command:Invoked command in '/home/phufoxy/ydlidar_x3/build/slam_gmapping' returned '0': AMENT_PREFIX_PATH=/home/phufoxy/ydlidar_x3/install/openslam_gmapping:${AMENT_PREFIX_PATH} CMAKE_PREFIX_PATH=/home/phufoxy/ydlidar_x3/install/openslam_gmapping:/home/phufoxy/ros2_FxDeliver/install/articubot_one:/opt/ros/foxy LD_LIBRARY_PATH=/home/phufoxy/ydlidar_x3/install/openslam_gmapping/lib:${LD_LIBRARY_PATH} /usr/bin/cmake --build /home/phufoxy/ydlidar_x3/build/slam_gmapping -- -j8 -l8
[2.868s] DEBUG:colcon.colcon_core.event_handler.log_command:Invoking command in '/home/phufoxy/ydlidar_x3/build/slam_gmapping': AMENT_PREFIX_PATH=/home/phufoxy/ydlidar_x3/install/openslam_gmapping:${AMENT_PREFIX_PATH} CMAKE_PREFIX_PATH=/home/phufoxy/ydlidar_x3/install/openslam_gmapping:/home/phufoxy/ros2_FxDeliver/install/articubot_one:/opt/ros/foxy LD_LIBRARY_PATH=/home/phufoxy/ydlidar_x3/install/openslam_gmapping/lib:${LD_LIBRARY_PATH} /usr/bin/cmake --install /home/phufoxy/ydlidar_x3/build/slam_gmapping
[2.909s] Level 1:colcon.colcon_core.environment:create_environment_scripts_only(slam_gmapping)
[2.913s] Level 1:colcon.colcon_core.environment:checking '/home/phufoxy/ydlidar_x3/install/slam_gmapping' for CMake module files
[2.913s] DEBUG:colcon.colcon_core.event_handler.log_command:Invoked command in '/home/phufoxy/ydlidar_x3/build/slam_gmapping' returned '0': AMENT_PREFIX_PATH=/home/phufoxy/ydlidar_x3/install/openslam_gmapping:${AMENT_PREFIX_PATH} CMAKE_PREFIX_PATH=/home/phufoxy/ydlidar_x3/install/openslam_gmapping:/home/phufoxy/ros2_FxDeliver/install/articubot_one:/opt/ros/foxy LD_LIBRARY_PATH=/home/phufoxy/ydlidar_x3/install/openslam_gmapping/lib:${LD_LIBRARY_PATH} /usr/bin/cmake --install /home/phufoxy/ydlidar_x3/build/slam_gmapping
[2.914s] Level 1:colcon.colcon_core.environment:checking '/home/phufoxy/ydlidar_x3/install/slam_gmapping' for CMake config files
[2.915s] Level 1:colcon.colcon_core.shell:create_environment_hook('slam_gmapping', 'cmake_prefix_path')
[2.917s] INFO:colcon.colcon_core.shell:Creating environment hook '/home/phufoxy/ydlidar_x3/install/slam_gmapping/share/slam_gmapping/hook/cmake_prefix_path.ps1'
[2.918s] INFO:colcon.colcon_core.shell:Creating environment descriptor '/home/phufoxy/ydlidar_x3/install/slam_gmapping/share/slam_gmapping/hook/cmake_prefix_path.dsv'
[2.918s] INFO:colcon.colcon_core.shell:Creating environment hook '/home/phufoxy/ydlidar_x3/install/slam_gmapping/share/slam_gmapping/hook/cmake_prefix_path.sh'
[2.919s] Level 1:colcon.colcon_core.environment:checking '/home/phufoxy/ydlidar_x3/install/slam_gmapping/lib'
[2.919s] Level 1:colcon.colcon_core.environment:checking '/home/phufoxy/ydlidar_x3/install/slam_gmapping/bin'
[2.919s] Level 1:colcon.colcon_core.environment:checking '/home/phufoxy/ydlidar_x3/install/slam_gmapping/lib/pkgconfig/slam_gmapping.pc'
[2.920s] Level 1:colcon.colcon_core.environment:checking '/home/phufoxy/ydlidar_x3/install/slam_gmapping/lib/python3.8/site-packages'
[2.920s] Level 1:colcon.colcon_core.environment:checking '/home/phufoxy/ydlidar_x3/install/slam_gmapping/bin'
[2.922s] INFO:colcon.colcon_core.shell:Creating package script '/home/phufoxy/ydlidar_x3/install/slam_gmapping/share/slam_gmapping/package.ps1'
[2.922s] INFO:colcon.colcon_core.shell:Creating package descriptor '/home/phufoxy/ydlidar_x3/install/slam_gmapping/share/slam_gmapping/package.dsv'
[2.923s] INFO:colcon.colcon_core.shell:Creating package script '/home/phufoxy/ydlidar_x3/install/slam_gmapping/share/slam_gmapping/package.sh'
[2.923s] INFO:colcon.colcon_core.shell:Creating package script '/home/phufoxy/ydlidar_x3/install/slam_gmapping/share/slam_gmapping/package.bash'
[2.924s] INFO:colcon.colcon_core.shell:Creating package script '/home/phufoxy/ydlidar_x3/install/slam_gmapping/share/slam_gmapping/package.zsh'
[2.924s] Level 1:colcon.colcon_core.environment:create_file_with_runtime_dependencies(/home/phufoxy/ydlidar_x3/install/slam_gmapping/share/colcon-core/packages/slam_gmapping)
[2.965s] Level 1:colcon.colcon_core.environment:create_environment_scripts_only(slam_gmapping)
[2.970s] Level 1:colcon.colcon_core.environment:checking '/home/phufoxy/ydlidar_x3/install/slam_gmapping' for CMake module files
[2.971s] Level 1:colcon.colcon_core.environment:checking '/home/phufoxy/ydlidar_x3/install/slam_gmapping' for CMake config files
[2.972s] Level 1:colcon.colcon_core.shell:create_environment_hook('slam_gmapping', 'cmake_prefix_path')
[2.973s] INFO:colcon.colcon_core.shell:Creating environment hook '/home/phufoxy/ydlidar_x3/install/slam_gmapping/share/slam_gmapping/hook/cmake_prefix_path.ps1'
[2.974s] INFO:colcon.colcon_core.shell:Creating environment descriptor '/home/phufoxy/ydlidar_x3/install/slam_gmapping/share/slam_gmapping/hook/cmake_prefix_path.dsv'
[2.975s] INFO:colcon.colcon_core.shell:Creating environment hook '/home/phufoxy/ydlidar_x3/install/slam_gmapping/share/slam_gmapping/hook/cmake_prefix_path.sh'
[2.975s] Level 1:colcon.colcon_core.environment:checking '/home/phufoxy/ydlidar_x3/install/slam_gmapping/lib'
[2.976s] Level 1:colcon.colcon_core.environment:checking '/home/phufoxy/ydlidar_x3/install/slam_gmapping/bin'
[2.976s] Level 1:colcon.colcon_core.environment:checking '/home/phufoxy/ydlidar_x3/install/slam_gmapping/lib/pkgconfig/slam_gmapping.pc'
[2.976s] Level 1:colcon.colcon_core.environment:checking '/home/phufoxy/ydlidar_x3/install/slam_gmapping/lib/python3.8/site-packages'
[2.976s] Level 1:colcon.colcon_core.environment:checking '/home/phufoxy/ydlidar_x3/install/slam_gmapping/bin'
[2.979s] INFO:colcon.colcon_core.shell:Creating package script '/home/phufoxy/ydlidar_x3/install/slam_gmapping/share/slam_gmapping/package.ps1'
[2.979s] INFO:colcon.colcon_core.shell:Creating package descriptor '/home/phufoxy/ydlidar_x3/install/slam_gmapping/share/slam_gmapping/package.dsv'
[2.980s] INFO:colcon.colcon_core.shell:Creating package script '/home/phufoxy/ydlidar_x3/install/slam_gmapping/share/slam_gmapping/package.sh'
[2.981s] INFO:colcon.colcon_core.shell:Creating package script '/home/phufoxy/ydlidar_x3/install/slam_gmapping/share/slam_gmapping/package.bash'
[2.981s] INFO:colcon.colcon_core.shell:Creating package script '/home/phufoxy/ydlidar_x3/install/slam_gmapping/share/slam_gmapping/package.zsh'
[2.982s] Level 1:colcon.colcon_core.environment:create_file_with_runtime_dependencies(/home/phufoxy/ydlidar_x3/install/slam_gmapping/share/colcon-core/packages/slam_gmapping)
[2.982s] DEBUG:colcon.colcon_parallel_executor.executor.parallel:closing loop
[2.983s] DEBUG:colcon.colcon_parallel_executor.executor.parallel:loop closed
[2.983s] DEBUG:colcon.colcon_parallel_executor.executor.parallel:run_until_complete finished with '0'
[2.983s] DEBUG:colcon.colcon_core.event_reactor:joining thread
[2.993s] INFO:colcon.colcon_core.plugin_system:Skipping extension 'colcon_notification.desktop_notification.terminal_notifier': Not used on non-Darwin systems
[2.993s] INFO:colcon.colcon_core.plugin_system:Skipping extension 'colcon_notification.desktop_notification.win32': Not used on non-Windows systems
[2.994s] INFO:colcon.colcon_notification.desktop_notification:Sending desktop notification using 'notify2'
[3.016s] DEBUG:colcon.colcon_core.event_reactor:joined thread
[3.018s] INFO:colcon.colcon_core.shell:Creating prefix script '/home/phufoxy/ydlidar_x3/install/local_setup.ps1'
[3.020s] INFO:colcon.colcon_core.shell:Creating prefix util module '/home/phufoxy/ydlidar_x3/install/_local_setup_util_ps1.py'
[3.023s] INFO:colcon.colcon_core.shell:Creating prefix chain script '/home/phufoxy/ydlidar_x3/install/setup.ps1'
[3.025s] INFO:colcon.colcon_core.shell:Creating prefix script '/home/phufoxy/ydlidar_x3/install/local_setup.sh'
[3.026s] INFO:colcon.colcon_core.shell:Creating prefix util module '/home/phufoxy/ydlidar_x3/install/_local_setup_util_sh.py'
[3.027s] INFO:colcon.colcon_core.shell:Creating prefix chain script '/home/phufoxy/ydlidar_x3/install/setup.sh'
[3.028s] INFO:colcon.colcon_core.shell:Creating prefix script '/home/phufoxy/ydlidar_x3/install/local_setup.bash'
[3.030s] INFO:colcon.colcon_core.shell:Creating prefix chain script '/home/phufoxy/ydlidar_x3/install/setup.bash'
[3.032s] INFO:colcon.colcon_core.shell:Creating prefix script '/home/phufoxy/ydlidar_x3/install/local_setup.zsh'
[3.033s] INFO:colcon.colcon_core.shell:Creating prefix chain script '/home/phufoxy/ydlidar_x3/install/setup.zsh'
