[0.257s] DEBUG:colcon:Command line arguments: ['/usr/bin/colcon', 'build', '--symlink-install']
[0.257s] DEBUG:colcon:Parsed command line arguments: Namespace(allow_overriding=[], ament_cmake_args=None, base_paths=['.'], build_base='build', catkin_cmake_args=None, catkin_skip_building_tests=False, cmake_args=None, cmake_clean_cache=False, cmake_clean_first=False, cmake_force_configure=False, cmake_target=None, cmake_target_skip_unavailable=False, continue_on_error=False, event_handlers=None, executor='parallel', ignore_user_meta=False, install_base='install', log_base=None, log_level=None, main=<bound method BuildVerb.main of <colcon_core.verb.build.BuildVerb object at 0x7f92bfbdd940>>, merge_install=False, metas=['./colcon.meta'], packages_above=None, packages_above_and_dependencies=None, packages_above_depth=None, packages_end=None, packages_ignore=None, packages_ignore_regex=None, packages_select=None, packages_select_build_failed=False, packages_select_by_dep=None, packages_select_regex=None, packages_select_test_failures=False, packages_skip=None, packages_skip_build_finished=False, packages_skip_by_dep=None, packages_skip_regex=None, packages_skip_test_passed=False, packages_skip_up_to=None, packages_start=None, packages_up_to=None, packages_up_to_regex=None, parallel_workers=8, paths=None, symlink_install=True, test_result_base=None, verb_extension=<colcon_core.verb.build.BuildVerb object at 0x7f92bfbdd940>, verb_name='build', verb_parser=<colcon_defaults.argument_parser.defaults.DefaultArgumentsDecorator object at 0x7f92bfbddeb0>)
[0.281s] Level 1:colcon.colcon_core.package_discovery:discover_packages(colcon_meta) check parameters
[0.281s] Level 1:colcon.colcon_core.package_discovery:discover_packages(recursive) check parameters
[0.281s] Level 1:colcon.colcon_core.package_discovery:discover_packages(ignore) check parameters
[0.281s] Level 1:colcon.colcon_core.package_discovery:discover_packages(path) check parameters
[0.281s] Level 1:colcon.colcon_core.package_discovery:discover_packages(colcon_meta) discover
[0.281s] Level 1:colcon.colcon_core.package_discovery:discover_packages(recursive) discover
[0.281s] INFO:colcon.colcon_core.package_discovery:Crawling recursively for packages in '/home/phufoxy/ydlidar_x3'
[0.281s] Level 1:colcon.colcon_core.package_identification:_identify(.) by extensions ['ignore', 'ignore_ament_install']
[0.281s] Level 1:colcon.colcon_core.package_identification:_identify(.) by extension 'ignore'
[0.281s] Level 1:colcon.colcon_core.package_identification:_identify(.) by extension 'ignore_ament_install'
[0.281s] Level 1:colcon.colcon_core.package_identification:_identify(.) by extensions ['colcon_pkg']
[0.281s] Level 1:colcon.colcon_core.package_identification:_identify(.) by extension 'colcon_pkg'
[0.281s] Level 1:colcon.colcon_core.package_identification:_identify(.) by extensions ['colcon_meta']
[0.281s] Level 1:colcon.colcon_core.package_identification:_identify(.) by extension 'colcon_meta'
[0.281s] Level 1:colcon.colcon_core.package_identification:_identify(.) by extensions ['ros']
[0.281s] Level 1:colcon.colcon_core.package_identification:_identify(.) by extension 'ros'
[0.299s] Level 1:colcon.colcon_core.package_identification:_identify(.) by extensions ['cmake', 'python']
[0.299s] Level 1:colcon.colcon_core.package_identification:_identify(.) by extension 'cmake'
[0.299s] Level 1:colcon.colcon_core.package_identification:_identify(.) by extension 'python'
[0.299s] Level 1:colcon.colcon_core.package_identification:_identify(.) by extensions ['python_setup_py']
[0.299s] Level 1:colcon.colcon_core.package_identification:_identify(.) by extension 'python_setup_py'
[0.299s] Level 1:colcon.colcon_core.package_identification:_identify(YDLidar-SDK-master) by extensions ['ignore', 'ignore_ament_install']
[0.299s] Level 1:colcon.colcon_core.package_identification:_identify(YDLidar-SDK-master) by extension 'ignore'
[0.299s] Level 1:colcon.colcon_core.package_identification:_identify(YDLidar-SDK-master) by extension 'ignore_ament_install'
[0.300s] Level 1:colcon.colcon_core.package_identification:_identify(YDLidar-SDK-master) by extensions ['colcon_pkg']
[0.300s] Level 1:colcon.colcon_core.package_identification:_identify(YDLidar-SDK-master) by extension 'colcon_pkg'
[0.300s] Level 1:colcon.colcon_core.package_identification:_identify(YDLidar-SDK-master) by extensions ['colcon_meta']
[0.300s] Level 1:colcon.colcon_core.package_identification:_identify(YDLidar-SDK-master) by extension 'colcon_meta'
[0.300s] Level 1:colcon.colcon_core.package_identification:_identify(YDLidar-SDK-master) by extensions ['ros']
[0.300s] Level 1:colcon.colcon_core.package_identification:_identify(YDLidar-SDK-master) by extension 'ros'
[0.300s] Level 1:colcon.colcon_core.package_identification:_identify(YDLidar-SDK-master) by extensions ['cmake', 'python']
[0.300s] Level 1:colcon.colcon_core.package_identification:_identify(YDLidar-SDK-master) by extension 'cmake'
[0.352s] Level 1:colcon.colcon_core.package_identification:_identify(YDLidar-SDK-master) by extension 'python'
[0.352s] DEBUG:colcon.colcon_core.package_identification:Package 'YDLidar-SDK-master' with type 'cmake' and name 'ydlidar_sdk'
[0.352s] Level 1:colcon.colcon_core.package_identification:_identify(build) by extensions ['ignore', 'ignore_ament_install']
[0.352s] Level 1:colcon.colcon_core.package_identification:_identify(build) by extension 'ignore'
[0.352s] Level 1:colcon.colcon_core.package_identification:_identify(build) ignored
[0.352s] Level 1:colcon.colcon_core.package_identification:_identify(install) by extensions ['ignore', 'ignore_ament_install']
[0.352s] Level 1:colcon.colcon_core.package_identification:_identify(install) by extension 'ignore'
[0.352s] Level 1:colcon.colcon_core.package_identification:_identify(install) ignored
[0.352s] Level 1:colcon.colcon_core.package_identification:_identify(log) by extensions ['ignore', 'ignore_ament_install']
[0.353s] Level 1:colcon.colcon_core.package_identification:_identify(log) by extension 'ignore'
[0.353s] Level 1:colcon.colcon_core.package_identification:_identify(log) ignored
[0.353s] Level 1:colcon.colcon_core.package_identification:_identify(src) by extensions ['ignore', 'ignore_ament_install']
[0.353s] Level 1:colcon.colcon_core.package_identification:_identify(src) by extension 'ignore'
[0.353s] Level 1:colcon.colcon_core.package_identification:_identify(src) by extension 'ignore_ament_install'
[0.353s] Level 1:colcon.colcon_core.package_identification:_identify(src) by extensions ['colcon_pkg']
[0.353s] Level 1:colcon.colcon_core.package_identification:_identify(src) by extension 'colcon_pkg'
[0.353s] Level 1:colcon.colcon_core.package_identification:_identify(src) by extensions ['colcon_meta']
[0.353s] Level 1:colcon.colcon_core.package_identification:_identify(src) by extension 'colcon_meta'
[0.353s] Level 1:colcon.colcon_core.package_identification:_identify(src) by extensions ['ros']
[0.353s] Level 1:colcon.colcon_core.package_identification:_identify(src) by extension 'ros'
[0.353s] Level 1:colcon.colcon_core.package_identification:_identify(src) by extensions ['cmake', 'python']
[0.353s] Level 1:colcon.colcon_core.package_identification:_identify(src) by extension 'cmake'
[0.353s] Level 1:colcon.colcon_core.package_identification:_identify(src) by extension 'python'
[0.353s] Level 1:colcon.colcon_core.package_identification:_identify(src) by extensions ['python_setup_py']
[0.353s] Level 1:colcon.colcon_core.package_identification:_identify(src) by extension 'python_setup_py'
[0.355s] Level 1:colcon.colcon_core.package_identification:_identify(src/openslam_gmapping) by extensions ['ignore', 'ignore_ament_install']
[0.355s] Level 1:colcon.colcon_core.package_identification:_identify(src/openslam_gmapping) by extension 'ignore'
[0.355s] Level 1:colcon.colcon_core.package_identification:_identify(src/openslam_gmapping) by extension 'ignore_ament_install'
[0.355s] Level 1:colcon.colcon_core.package_identification:_identify(src/openslam_gmapping) by extensions ['colcon_pkg']
[0.355s] Level 1:colcon.colcon_core.package_identification:_identify(src/openslam_gmapping) by extension 'colcon_pkg'
[0.355s] Level 1:colcon.colcon_core.package_identification:_identify(src/openslam_gmapping) by extensions ['colcon_meta']
[0.355s] Level 1:colcon.colcon_core.package_identification:_identify(src/openslam_gmapping) by extension 'colcon_meta'
[0.355s] Level 1:colcon.colcon_core.package_identification:_identify(src/openslam_gmapping) by extensions ['ros']
[0.355s] Level 1:colcon.colcon_core.package_identification:_identify(src/openslam_gmapping) by extension 'ros'
[0.358s] DEBUG:colcon.colcon_core.package_identification:Package 'src/openslam_gmapping' with type 'ros.ament_cmake' and name 'openslam_gmapping'
[0.358s] Level 1:colcon.colcon_core.package_identification:_identify(src/slam_gmapping) by extensions ['ignore', 'ignore_ament_install']
[0.358s] Level 1:colcon.colcon_core.package_identification:_identify(src/slam_gmapping) by extension 'ignore'
[0.359s] Level 1:colcon.colcon_core.package_identification:_identify(src/slam_gmapping) by extension 'ignore_ament_install'
[0.359s] Level 1:colcon.colcon_core.package_identification:_identify(src/slam_gmapping) by extensions ['colcon_pkg']
[0.359s] Level 1:colcon.colcon_core.package_identification:_identify(src/slam_gmapping) by extension 'colcon_pkg'
[0.359s] Level 1:colcon.colcon_core.package_identification:_identify(src/slam_gmapping) by extensions ['colcon_meta']
[0.359s] Level 1:colcon.colcon_core.package_identification:_identify(src/slam_gmapping) by extension 'colcon_meta'
[0.359s] Level 1:colcon.colcon_core.package_identification:_identify(src/slam_gmapping) by extensions ['ros']
[0.359s] Level 1:colcon.colcon_core.package_identification:_identify(src/slam_gmapping) by extension 'ros'
[0.360s] DEBUG:colcon.colcon_core.package_identification:Package 'src/slam_gmapping' with type 'ros.ament_cmake' and name 'slam_gmapping'
[0.360s] Level 1:colcon.colcon_core.package_identification:_identify(src/sllidar_ros2) by extensions ['ignore', 'ignore_ament_install']
[0.360s] Level 1:colcon.colcon_core.package_identification:_identify(src/sllidar_ros2) by extension 'ignore'
[0.360s] Level 1:colcon.colcon_core.package_identification:_identify(src/sllidar_ros2) by extension 'ignore_ament_install'
[0.361s] Level 1:colcon.colcon_core.package_identification:_identify(src/sllidar_ros2) by extensions ['colcon_pkg']
[0.361s] Level 1:colcon.colcon_core.package_identification:_identify(src/sllidar_ros2) by extension 'colcon_pkg'
[0.361s] Level 1:colcon.colcon_core.package_identification:_identify(src/sllidar_ros2) by extensions ['colcon_meta']
[0.361s] Level 1:colcon.colcon_core.package_identification:_identify(src/sllidar_ros2) by extension 'colcon_meta'
[0.361s] Level 1:colcon.colcon_core.package_identification:_identify(src/sllidar_ros2) by extensions ['ros']
[0.361s] Level 1:colcon.colcon_core.package_identification:_identify(src/sllidar_ros2) by extension 'ros'
[0.361s] Level 1:colcon.colcon_core.package_identification:_identify(src/sllidar_ros2) by extensions ['cmake', 'python']
[0.361s] Level 1:colcon.colcon_core.package_identification:_identify(src/sllidar_ros2) by extension 'cmake'
[0.361s] Level 1:colcon.colcon_core.package_identification:_identify(src/sllidar_ros2) by extension 'python'
[0.361s] Level 1:colcon.colcon_core.package_identification:_identify(src/sllidar_ros2) by extensions ['python_setup_py']
[0.361s] Level 1:colcon.colcon_core.package_identification:_identify(src/sllidar_ros2) by extension 'python_setup_py'
[0.361s] Level 1:colcon.colcon_core.package_identification:_identify(src/sllidar_ros2/launch) by extensions ['ignore', 'ignore_ament_install']
[0.361s] Level 1:colcon.colcon_core.package_identification:_identify(src/sllidar_ros2/launch) by extension 'ignore'
[0.361s] Level 1:colcon.colcon_core.package_identification:_identify(src/sllidar_ros2/launch) by extension 'ignore_ament_install'
[0.361s] Level 1:colcon.colcon_core.package_identification:_identify(src/sllidar_ros2/launch) by extensions ['colcon_pkg']
[0.361s] Level 1:colcon.colcon_core.package_identification:_identify(src/sllidar_ros2/launch) by extension 'colcon_pkg'
[0.361s] Level 1:colcon.colcon_core.package_identification:_identify(src/sllidar_ros2/launch) by extensions ['colcon_meta']
[0.361s] Level 1:colcon.colcon_core.package_identification:_identify(src/sllidar_ros2/launch) by extension 'colcon_meta'
[0.361s] Level 1:colcon.colcon_core.package_identification:_identify(src/sllidar_ros2/launch) by extensions ['ros']
[0.361s] Level 1:colcon.colcon_core.package_identification:_identify(src/sllidar_ros2/launch) by extension 'ros'
[0.362s] Level 1:colcon.colcon_core.package_identification:_identify(src/sllidar_ros2/launch) by extensions ['cmake', 'python']
[0.362s] Level 1:colcon.colcon_core.package_identification:_identify(src/sllidar_ros2/launch) by extension 'cmake'
[0.362s] Level 1:colcon.colcon_core.package_identification:_identify(src/sllidar_ros2/launch) by extension 'python'
[0.362s] Level 1:colcon.colcon_core.package_identification:_identify(src/sllidar_ros2/launch) by extensions ['python_setup_py']
[0.362s] Level 1:colcon.colcon_core.package_identification:_identify(src/sllidar_ros2/launch) by extension 'python_setup_py'
[0.362s] Level 1:colcon.colcon_core.package_identification:_identify(src/sllidar_ros2/launch/__pycache__) by extensions ['ignore', 'ignore_ament_install']
[0.362s] Level 1:colcon.colcon_core.package_identification:_identify(src/sllidar_ros2/launch/__pycache__) by extension 'ignore'
[0.362s] Level 1:colcon.colcon_core.package_identification:_identify(src/sllidar_ros2/launch/__pycache__) by extension 'ignore_ament_install'
[0.362s] Level 1:colcon.colcon_core.package_identification:_identify(src/sllidar_ros2/launch/__pycache__) by extensions ['colcon_pkg']
[0.362s] Level 1:colcon.colcon_core.package_identification:_identify(src/sllidar_ros2/launch/__pycache__) by extension 'colcon_pkg'
[0.362s] Level 1:colcon.colcon_core.package_identification:_identify(src/sllidar_ros2/launch/__pycache__) by extensions ['colcon_meta']
[0.362s] Level 1:colcon.colcon_core.package_identification:_identify(src/sllidar_ros2/launch/__pycache__) by extension 'colcon_meta'
[0.362s] Level 1:colcon.colcon_core.package_identification:_identify(src/sllidar_ros2/launch/__pycache__) by extensions ['ros']
[0.362s] Level 1:colcon.colcon_core.package_identification:_identify(src/sllidar_ros2/launch/__pycache__) by extension 'ros'
[0.362s] Level 1:colcon.colcon_core.package_identification:_identify(src/sllidar_ros2/launch/__pycache__) by extensions ['cmake', 'python']
[0.362s] Level 1:colcon.colcon_core.package_identification:_identify(src/sllidar_ros2/launch/__pycache__) by extension 'cmake'
[0.362s] Level 1:colcon.colcon_core.package_identification:_identify(src/sllidar_ros2/launch/__pycache__) by extension 'python'
[0.362s] Level 1:colcon.colcon_core.package_identification:_identify(src/sllidar_ros2/launch/__pycache__) by extensions ['python_setup_py']
[0.362s] Level 1:colcon.colcon_core.package_identification:_identify(src/sllidar_ros2/launch/__pycache__) by extension 'python_setup_py'
[0.363s] Level 1:colcon.colcon_core.package_identification:_identify(src/ydlidar_ros2_driver-master) by extensions ['ignore', 'ignore_ament_install']
[0.363s] Level 1:colcon.colcon_core.package_identification:_identify(src/ydlidar_ros2_driver-master) by extension 'ignore'
[0.363s] Level 1:colcon.colcon_core.package_identification:_identify(src/ydlidar_ros2_driver-master) by extension 'ignore_ament_install'
[0.363s] Level 1:colcon.colcon_core.package_identification:_identify(src/ydlidar_ros2_driver-master) by extensions ['colcon_pkg']
[0.363s] Level 1:colcon.colcon_core.package_identification:_identify(src/ydlidar_ros2_driver-master) by extension 'colcon_pkg'
[0.363s] Level 1:colcon.colcon_core.package_identification:_identify(src/ydlidar_ros2_driver-master) by extensions ['colcon_meta']
[0.363s] Level 1:colcon.colcon_core.package_identification:_identify(src/ydlidar_ros2_driver-master) by extension 'colcon_meta'
[0.363s] Level 1:colcon.colcon_core.package_identification:_identify(src/ydlidar_ros2_driver-master) by extensions ['ros']
[0.363s] Level 1:colcon.colcon_core.package_identification:_identify(src/ydlidar_ros2_driver-master) by extension 'ros'
[0.366s] DEBUG:colcon.colcon_core.package_identification:Package 'src/ydlidar_ros2_driver-master' with type 'ros.ament_cmake' and name 'ydlidar_ros2_driver'
[0.366s] Level 1:colcon.colcon_core.package_discovery:discover_packages(recursive) using defaults
[0.366s] Level 1:colcon.colcon_core.package_discovery:discover_packages(ignore) discover
[0.366s] Level 1:colcon.colcon_core.package_discovery:discover_packages(ignore) using defaults
[0.366s] Level 1:colcon.colcon_core.package_discovery:discover_packages(path) discover
[0.366s] Level 1:colcon.colcon_core.package_discovery:discover_packages(path) using defaults
[0.401s] Level 1:colcon.colcon_core.package_discovery:discover_packages(prefix_path) check parameters
[0.401s] Level 1:colcon.colcon_core.package_discovery:discover_packages(prefix_path) discover
[0.404s] DEBUG:colcon.colcon_installed_package_information.package_discovery:Found 1 installed packages in /home/phufoxy/ros2_FxDeliver/install
[0.406s] DEBUG:colcon.colcon_installed_package_information.package_discovery:Found 338 installed packages in /opt/ros/foxy
[0.407s] Level 1:colcon.colcon_core.package_discovery:discover_packages(prefix_path) using defaults
[0.473s] Level 5:colcon.colcon_core.verb:set package 'openslam_gmapping' build argument 'cmake_args' from command line to 'None'
[0.473s] Level 5:colcon.colcon_core.verb:set package 'openslam_gmapping' build argument 'cmake_target' from command line to 'None'
[0.473s] Level 5:colcon.colcon_core.verb:set package 'openslam_gmapping' build argument 'cmake_target_skip_unavailable' from command line to 'False'
[0.473s] Level 5:colcon.colcon_core.verb:set package 'openslam_gmapping' build argument 'cmake_clean_cache' from command line to 'False'
[0.473s] Level 5:colcon.colcon_core.verb:set package 'openslam_gmapping' build argument 'cmake_clean_first' from command line to 'False'
[0.473s] Level 5:colcon.colcon_core.verb:set package 'openslam_gmapping' build argument 'cmake_force_configure' from command line to 'False'
[0.473s] Level 5:colcon.colcon_core.verb:set package 'openslam_gmapping' build argument 'ament_cmake_args' from command line to 'None'
[0.473s] Level 5:colcon.colcon_core.verb:set package 'openslam_gmapping' build argument 'catkin_cmake_args' from command line to 'None'
[0.473s] Level 5:colcon.colcon_core.verb:set package 'openslam_gmapping' build argument 'catkin_skip_building_tests' from command line to 'False'
[0.473s] DEBUG:colcon.colcon_core.verb:Building package 'openslam_gmapping' with the following arguments: {'ament_cmake_args': None, 'build_base': '/home/phufoxy/ydlidar_x3/build/openslam_gmapping', 'catkin_cmake_args': None, 'catkin_skip_building_tests': False, 'cmake_args': None, 'cmake_clean_cache': False, 'cmake_clean_first': False, 'cmake_force_configure': False, 'cmake_target': None, 'cmake_target_skip_unavailable': False, 'install_base': '/home/phufoxy/ydlidar_x3/install/openslam_gmapping', 'merge_install': False, 'path': '/home/phufoxy/ydlidar_x3/src/openslam_gmapping', 'symlink_install': True, 'test_result_base': None}
[0.474s] Level 5:colcon.colcon_core.verb:set package 'ydlidar_ros2_driver' build argument 'cmake_args' from command line to 'None'
[0.474s] Level 5:colcon.colcon_core.verb:set package 'ydlidar_ros2_driver' build argument 'cmake_target' from command line to 'None'
[0.474s] Level 5:colcon.colcon_core.verb:set package 'ydlidar_ros2_driver' build argument 'cmake_target_skip_unavailable' from command line to 'False'
[0.474s] Level 5:colcon.colcon_core.verb:set package 'ydlidar_ros2_driver' build argument 'cmake_clean_cache' from command line to 'False'
[0.474s] Level 5:colcon.colcon_core.verb:set package 'ydlidar_ros2_driver' build argument 'cmake_clean_first' from command line to 'False'
[0.474s] Level 5:colcon.colcon_core.verb:set package 'ydlidar_ros2_driver' build argument 'cmake_force_configure' from command line to 'False'
[0.474s] Level 5:colcon.colcon_core.verb:set package 'ydlidar_ros2_driver' build argument 'ament_cmake_args' from command line to 'None'
[0.474s] Level 5:colcon.colcon_core.verb:set package 'ydlidar_ros2_driver' build argument 'catkin_cmake_args' from command line to 'None'
[0.474s] Level 5:colcon.colcon_core.verb:set package 'ydlidar_ros2_driver' build argument 'catkin_skip_building_tests' from command line to 'False'
[0.474s] DEBUG:colcon.colcon_core.verb:Building package 'ydlidar_ros2_driver' with the following arguments: {'ament_cmake_args': None, 'build_base': '/home/phufoxy/ydlidar_x3/build/ydlidar_ros2_driver', 'catkin_cmake_args': None, 'catkin_skip_building_tests': False, 'cmake_args': None, 'cmake_clean_cache': False, 'cmake_clean_first': False, 'cmake_force_configure': False, 'cmake_target': None, 'cmake_target_skip_unavailable': False, 'install_base': '/home/phufoxy/ydlidar_x3/install/ydlidar_ros2_driver', 'merge_install': False, 'path': '/home/phufoxy/ydlidar_x3/src/ydlidar_ros2_driver-master', 'symlink_install': True, 'test_result_base': None}
[0.475s] Level 5:colcon.colcon_core.verb:set package 'ydlidar_sdk' build argument 'cmake_args' from command line to 'None'
[0.475s] Level 5:colcon.colcon_core.verb:set package 'ydlidar_sdk' build argument 'cmake_target' from command line to 'None'
[0.475s] Level 5:colcon.colcon_core.verb:set package 'ydlidar_sdk' build argument 'cmake_target_skip_unavailable' from command line to 'False'
[0.475s] Level 5:colcon.colcon_core.verb:set package 'ydlidar_sdk' build argument 'cmake_clean_cache' from command line to 'False'
[0.475s] Level 5:colcon.colcon_core.verb:set package 'ydlidar_sdk' build argument 'cmake_clean_first' from command line to 'False'
[0.475s] Level 5:colcon.colcon_core.verb:set package 'ydlidar_sdk' build argument 'cmake_force_configure' from command line to 'False'
[0.475s] Level 5:colcon.colcon_core.verb:set package 'ydlidar_sdk' build argument 'ament_cmake_args' from command line to 'None'
[0.475s] Level 5:colcon.colcon_core.verb:set package 'ydlidar_sdk' build argument 'catkin_cmake_args' from command line to 'None'
[0.475s] Level 5:colcon.colcon_core.verb:set package 'ydlidar_sdk' build argument 'catkin_skip_building_tests' from command line to 'False'
[0.475s] DEBUG:colcon.colcon_core.verb:Building package 'ydlidar_sdk' with the following arguments: {'ament_cmake_args': None, 'build_base': '/home/phufoxy/ydlidar_x3/build/ydlidar_sdk', 'catkin_cmake_args': None, 'catkin_skip_building_tests': False, 'cmake_args': None, 'cmake_clean_cache': False, 'cmake_clean_first': False, 'cmake_force_configure': False, 'cmake_target': None, 'cmake_target_skip_unavailable': False, 'install_base': '/home/phufoxy/ydlidar_x3/install/ydlidar_sdk', 'merge_install': False, 'path': '/home/phufoxy/ydlidar_x3/YDLidar-SDK-master', 'symlink_install': True, 'test_result_base': None}
[0.476s] Level 5:colcon.colcon_core.verb:set package 'slam_gmapping' build argument 'cmake_args' from command line to 'None'
[0.476s] Level 5:colcon.colcon_core.verb:set package 'slam_gmapping' build argument 'cmake_target' from command line to 'None'
[0.476s] Level 5:colcon.colcon_core.verb:set package 'slam_gmapping' build argument 'cmake_target_skip_unavailable' from command line to 'False'
[0.476s] Level 5:colcon.colcon_core.verb:set package 'slam_gmapping' build argument 'cmake_clean_cache' from command line to 'False'
[0.476s] Level 5:colcon.colcon_core.verb:set package 'slam_gmapping' build argument 'cmake_clean_first' from command line to 'False'
[0.476s] Level 5:colcon.colcon_core.verb:set package 'slam_gmapping' build argument 'cmake_force_configure' from command line to 'False'
[0.476s] Level 5:colcon.colcon_core.verb:set package 'slam_gmapping' build argument 'ament_cmake_args' from command line to 'None'
[0.476s] Level 5:colcon.colcon_core.verb:set package 'slam_gmapping' build argument 'catkin_cmake_args' from command line to 'None'
[0.476s] Level 5:colcon.colcon_core.verb:set package 'slam_gmapping' build argument 'catkin_skip_building_tests' from command line to 'False'
[0.476s] DEBUG:colcon.colcon_core.verb:Building package 'slam_gmapping' with the following arguments: {'ament_cmake_args': None, 'build_base': '/home/phufoxy/ydlidar_x3/build/slam_gmapping', 'catkin_cmake_args': None, 'catkin_skip_building_tests': False, 'cmake_args': None, 'cmake_clean_cache': False, 'cmake_clean_first': False, 'cmake_force_configure': False, 'cmake_target': None, 'cmake_target_skip_unavailable': False, 'install_base': '/home/phufoxy/ydlidar_x3/install/slam_gmapping', 'merge_install': False, 'path': '/home/phufoxy/ydlidar_x3/src/slam_gmapping', 'symlink_install': True, 'test_result_base': None}
[0.477s] INFO:colcon.colcon_core.executor:Executing jobs using 'parallel' executor
[0.479s] DEBUG:colcon.colcon_parallel_executor.executor.parallel:run_until_complete
[0.480s] INFO:colcon.colcon_ros.task.ament_cmake.build:Building ROS package in '/home/phufoxy/ydlidar_x3/src/openslam_gmapping' with build type 'ament_cmake'
[0.480s] INFO:colcon.colcon_cmake.task.cmake.build:Building CMake package in '/home/phufoxy/ydlidar_x3/src/openslam_gmapping'
[0.483s] INFO:colcon.colcon_core.plugin_system:Skipping extension 'colcon_core.shell.bat': Not used on non-Windows systems
[0.483s] INFO:colcon.colcon_core.shell:Skip shell extension 'powershell' for command environment: Not usable outside of PowerShell
[0.483s] DEBUG:colcon.colcon_core.shell:Skip shell extension 'dsv' for command environment
[0.490s] INFO:colcon.colcon_ros.task.ament_cmake.build:Building ROS package in '/home/phufoxy/ydlidar_x3/src/ydlidar_ros2_driver-master' with build type 'ament_cmake'
[0.490s] INFO:colcon.colcon_cmake.task.cmake.build:Building CMake package in '/home/phufoxy/ydlidar_x3/src/ydlidar_ros2_driver-master'
[0.492s] INFO:colcon.colcon_core.shell:Skip shell extension 'powershell' for command environment: Not usable outside of PowerShell
[0.492s] DEBUG:colcon.colcon_core.shell:Skip shell extension 'dsv' for command environment
[0.498s] INFO:colcon.colcon_cmake.task.cmake.build:Building CMake package in '/home/phufoxy/ydlidar_x3/YDLidar-SDK-master'
[0.499s] INFO:colcon.colcon_core.shell:Skip shell extension 'powershell' for command environment: Not usable outside of PowerShell
[0.499s] DEBUG:colcon.colcon_core.shell:Skip shell extension 'dsv' for command environment
[0.515s] DEBUG:colcon.colcon_core.event_handler.log_command:Invoking command in '/home/phufoxy/ydlidar_x3/build/openslam_gmapping': CMAKE_PREFIX_PATH=${CMAKE_PREFIX_PATH}:/opt/ros/foxy /usr/bin/cmake --build /home/phufoxy/ydlidar_x3/build/openslam_gmapping -- -j8 -l8
[0.523s] DEBUG:colcon.colcon_core.event_handler.log_command:Invoking command in '/home/phufoxy/ydlidar_x3/build/ydlidar_ros2_driver': CMAKE_PREFIX_PATH=${CMAKE_PREFIX_PATH}:/opt/ros/foxy /usr/bin/cmake --build /home/phufoxy/ydlidar_x3/build/ydlidar_ros2_driver -- -j8 -l8
[0.532s] DEBUG:colcon.colcon_core.event_handler.log_command:Invoking command in '/home/phufoxy/ydlidar_x3/build/ydlidar_sdk': /usr/bin/cmake --build /home/phufoxy/ydlidar_x3/build/ydlidar_sdk -- -j8 -l8
[0.678s] DEBUG:colcon.colcon_core.event_handler.log_command:Invoked command in '/home/phufoxy/ydlidar_x3/build/ydlidar_ros2_driver' returned '0': CMAKE_PREFIX_PATH=${CMAKE_PREFIX_PATH}:/opt/ros/foxy /usr/bin/cmake --build /home/phufoxy/ydlidar_x3/build/ydlidar_ros2_driver -- -j8 -l8
[0.681s] DEBUG:colcon.colcon_core.event_handler.log_command:Invoked command in '/home/phufoxy/ydlidar_x3/build/ydlidar_sdk' returned '0': /usr/bin/cmake --build /home/phufoxy/ydlidar_x3/build/ydlidar_sdk -- -j8 -l8
[0.716s] DEBUG:colcon.colcon_core.event_handler.log_command:Invoking command in '/home/phufoxy/ydlidar_x3/build/ydlidar_ros2_driver': CMAKE_PREFIX_PATH=${CMAKE_PREFIX_PATH}:/opt/ros/foxy /usr/bin/cmake --install /home/phufoxy/ydlidar_x3/build/ydlidar_ros2_driver
[0.719s] DEBUG:colcon.colcon_core.event_handler.log_command:Invoked command in '/home/phufoxy/ydlidar_x3/build/openslam_gmapping' returned '0': CMAKE_PREFIX_PATH=${CMAKE_PREFIX_PATH}:/opt/ros/foxy /usr/bin/cmake --build /home/phufoxy/ydlidar_x3/build/openslam_gmapping -- -j8 -l8
[0.731s] DEBUG:colcon.colcon_core.event_handler.log_command:Invoking command in '/home/phufoxy/ydlidar_x3/build/ydlidar_sdk': /usr/bin/cmake --install /home/phufoxy/ydlidar_x3/build/ydlidar_sdk
[0.757s] Level 1:colcon.colcon_core.environment:create_environment_scripts_only(ydlidar_ros2_driver)
[0.762s] DEBUG:colcon.colcon_core.event_handler.log_command:Invoking command in '/home/phufoxy/ydlidar_x3/build/openslam_gmapping': CMAKE_PREFIX_PATH=${CMAKE_PREFIX_PATH}:/opt/ros/foxy /usr/bin/cmake --install /home/phufoxy/ydlidar_x3/build/openslam_gmapping
[0.765s] DEBUG:colcon.colcon_core.event_handler.log_command:Invoked command in '/home/phufoxy/ydlidar_x3/build/ydlidar_ros2_driver' returned '0': CMAKE_PREFIX_PATH=${CMAKE_PREFIX_PATH}:/opt/ros/foxy /usr/bin/cmake --install /home/phufoxy/ydlidar_x3/build/ydlidar_ros2_driver
[0.770s] Level 1:colcon.colcon_core.environment:checking '/home/phufoxy/ydlidar_x3/install/ydlidar_ros2_driver' for CMake module files
[0.770s] Level 1:colcon.colcon_core.environment:checking '/home/phufoxy/ydlidar_x3/install/ydlidar_ros2_driver' for CMake config files
[0.771s] Level 1:colcon.colcon_core.shell:create_environment_hook('ydlidar_ros2_driver', 'cmake_prefix_path')
[0.773s] INFO:colcon.colcon_core.shell:Creating environment hook '/home/phufoxy/ydlidar_x3/install/ydlidar_ros2_driver/share/ydlidar_ros2_driver/hook/cmake_prefix_path.ps1'
[0.774s] INFO:colcon.colcon_core.shell:Creating environment descriptor '/home/phufoxy/ydlidar_x3/install/ydlidar_ros2_driver/share/ydlidar_ros2_driver/hook/cmake_prefix_path.dsv'
[0.775s] INFO:colcon.colcon_core.shell:Creating environment hook '/home/phufoxy/ydlidar_x3/install/ydlidar_ros2_driver/share/ydlidar_ros2_driver/hook/cmake_prefix_path.sh'
[0.777s] Level 1:colcon.colcon_core.environment:checking '/home/phufoxy/ydlidar_x3/install/ydlidar_ros2_driver/lib'
[0.777s] Level 1:colcon.colcon_core.environment:checking '/home/phufoxy/ydlidar_x3/install/ydlidar_ros2_driver/bin'
[0.777s] Level 1:colcon.colcon_core.environment:checking '/home/phufoxy/ydlidar_x3/install/ydlidar_ros2_driver/lib/pkgconfig/ydlidar_ros2_driver.pc'
[0.778s] Level 1:colcon.colcon_core.environment:checking '/home/phufoxy/ydlidar_x3/install/ydlidar_ros2_driver/lib/python3.8/site-packages'
[0.778s] Level 1:colcon.colcon_core.environment:checking '/home/phufoxy/ydlidar_x3/install/ydlidar_ros2_driver/bin'
[0.780s] INFO:colcon.colcon_core.shell:Creating package script '/home/phufoxy/ydlidar_x3/install/ydlidar_ros2_driver/share/ydlidar_ros2_driver/package.ps1'
[0.782s] INFO:colcon.colcon_core.shell:Creating package descriptor '/home/phufoxy/ydlidar_x3/install/ydlidar_ros2_driver/share/ydlidar_ros2_driver/package.dsv'
[0.783s] INFO:colcon.colcon_core.shell:Creating package script '/home/phufoxy/ydlidar_x3/install/ydlidar_ros2_driver/share/ydlidar_ros2_driver/package.sh'
[0.783s] INFO:colcon.colcon_core.shell:Creating package script '/home/phufoxy/ydlidar_x3/install/ydlidar_ros2_driver/share/ydlidar_ros2_driver/package.bash'
[0.785s] INFO:colcon.colcon_core.shell:Creating package script '/home/phufoxy/ydlidar_x3/install/ydlidar_ros2_driver/share/ydlidar_ros2_driver/package.zsh'
[0.786s] Level 1:colcon.colcon_core.environment:create_file_with_runtime_dependencies(/home/phufoxy/ydlidar_x3/install/ydlidar_ros2_driver/share/colcon-core/packages/ydlidar_ros2_driver)
[0.791s] Level 1:colcon.colcon_core.environment:create_environment_scripts_only(ydlidar_sdk)
[0.795s] Level 1:colcon.colcon_core.environment:checking '/home/phufoxy/ydlidar_x3/install/ydlidar_sdk' for CMake module files
[0.797s] DEBUG:colcon.colcon_core.event_handler.log_command:Invoked command in '/home/phufoxy/ydlidar_x3/build/ydlidar_sdk' returned '0': /usr/bin/cmake --install /home/phufoxy/ydlidar_x3/build/ydlidar_sdk
[0.797s] Level 1:colcon.colcon_core.environment:checking '/home/phufoxy/ydlidar_x3/install/ydlidar_sdk' for CMake config files
[0.798s] Level 1:colcon.colcon_core.shell:create_environment_hook('ydlidar_sdk', 'cmake_prefix_path')
[0.800s] INFO:colcon.colcon_core.shell:Creating environment hook '/home/phufoxy/ydlidar_x3/install/ydlidar_sdk/share/ydlidar_sdk/hook/cmake_prefix_path.ps1'
[0.800s] INFO:colcon.colcon_core.shell:Creating environment descriptor '/home/phufoxy/ydlidar_x3/install/ydlidar_sdk/share/ydlidar_sdk/hook/cmake_prefix_path.dsv'
[0.801s] INFO:colcon.colcon_core.shell:Creating environment hook '/home/phufoxy/ydlidar_x3/install/ydlidar_sdk/share/ydlidar_sdk/hook/cmake_prefix_path.sh'
[0.801s] Level 1:colcon.colcon_core.environment:checking '/home/phufoxy/ydlidar_x3/install/ydlidar_sdk/lib'
[0.801s] Level 1:colcon.colcon_core.environment:checking '/home/phufoxy/ydlidar_x3/install/ydlidar_sdk/bin'
[0.801s] Level 1:colcon.colcon_core.shell:create_environment_hook('ydlidar_sdk', 'path')
[0.802s] INFO:colcon.colcon_core.shell:Creating environment hook '/home/phufoxy/ydlidar_x3/install/ydlidar_sdk/share/ydlidar_sdk/hook/path.ps1'
[0.803s] INFO:colcon.colcon_core.shell:Creating environment descriptor '/home/phufoxy/ydlidar_x3/install/ydlidar_sdk/share/ydlidar_sdk/hook/path.dsv'
[0.803s] INFO:colcon.colcon_core.shell:Creating environment hook '/home/phufoxy/ydlidar_x3/install/ydlidar_sdk/share/ydlidar_sdk/hook/path.sh'
[0.803s] Level 1:colcon.colcon_core.environment:checking '/home/phufoxy/ydlidar_x3/install/ydlidar_sdk/lib/pkgconfig/ydlidar_sdk.pc'
[0.804s] Level 1:colcon.colcon_core.environment:checking '/home/phufoxy/ydlidar_x3/install/ydlidar_sdk/lib/python3.8/site-packages'
[0.804s] Level 1:colcon.colcon_core.environment:checking '/home/phufoxy/ydlidar_x3/install/ydlidar_sdk/bin'
[0.804s] Level 1:colcon.colcon_core.shell:create_environment_hook('ydlidar_sdk', 'pythonscriptspath')
[0.806s] INFO:colcon.colcon_core.shell:Creating environment hook '/home/phufoxy/ydlidar_x3/install/ydlidar_sdk/share/ydlidar_sdk/hook/pythonscriptspath.ps1'
[0.807s] INFO:colcon.colcon_core.shell:Creating environment descriptor '/home/phufoxy/ydlidar_x3/install/ydlidar_sdk/share/ydlidar_sdk/hook/pythonscriptspath.dsv'
[0.807s] INFO:colcon.colcon_core.shell:Creating environment hook '/home/phufoxy/ydlidar_x3/install/ydlidar_sdk/share/ydlidar_sdk/hook/pythonscriptspath.sh'
[0.809s] INFO:colcon.colcon_core.shell:Creating package script '/home/phufoxy/ydlidar_x3/install/ydlidar_sdk/share/ydlidar_sdk/package.ps1'
[0.809s] INFO:colcon.colcon_core.shell:Creating package descriptor '/home/phufoxy/ydlidar_x3/install/ydlidar_sdk/share/ydlidar_sdk/package.dsv'
[0.809s] INFO:colcon.colcon_core.shell:Creating package script '/home/phufoxy/ydlidar_x3/install/ydlidar_sdk/share/ydlidar_sdk/package.sh'
[0.810s] INFO:colcon.colcon_core.shell:Creating package script '/home/phufoxy/ydlidar_x3/install/ydlidar_sdk/share/ydlidar_sdk/package.bash'
[0.810s] INFO:colcon.colcon_core.shell:Creating package script '/home/phufoxy/ydlidar_x3/install/ydlidar_sdk/share/ydlidar_sdk/package.zsh'
[0.810s] Level 1:colcon.colcon_core.environment:create_file_with_runtime_dependencies(/home/phufoxy/ydlidar_x3/install/ydlidar_sdk/share/colcon-core/packages/ydlidar_sdk)
[0.813s] Level 1:colcon.colcon_core.environment:create_environment_scripts_only(ydlidar_ros2_driver)
[0.814s] Level 1:colcon.colcon_core.environment:checking '/home/phufoxy/ydlidar_x3/install/ydlidar_ros2_driver' for CMake module files
[0.815s] Level 1:colcon.colcon_core.environment:checking '/home/phufoxy/ydlidar_x3/install/ydlidar_ros2_driver' for CMake config files
[0.815s] Level 1:colcon.colcon_core.shell:create_environment_hook('ydlidar_ros2_driver', 'cmake_prefix_path')
[0.816s] INFO:colcon.colcon_core.shell:Creating environment hook '/home/phufoxy/ydlidar_x3/install/ydlidar_ros2_driver/share/ydlidar_ros2_driver/hook/cmake_prefix_path.ps1'
[0.817s] INFO:colcon.colcon_core.shell:Creating environment descriptor '/home/phufoxy/ydlidar_x3/install/ydlidar_ros2_driver/share/ydlidar_ros2_driver/hook/cmake_prefix_path.dsv'
[0.817s] INFO:colcon.colcon_core.shell:Creating environment hook '/home/phufoxy/ydlidar_x3/install/ydlidar_ros2_driver/share/ydlidar_ros2_driver/hook/cmake_prefix_path.sh'
[0.817s] Level 1:colcon.colcon_core.environment:checking '/home/phufoxy/ydlidar_x3/install/ydlidar_ros2_driver/lib'
[0.817s] Level 1:colcon.colcon_core.environment:checking '/home/phufoxy/ydlidar_x3/install/ydlidar_ros2_driver/bin'
[0.817s] Level 1:colcon.colcon_core.environment:checking '/home/phufoxy/ydlidar_x3/install/ydlidar_ros2_driver/lib/pkgconfig/ydlidar_ros2_driver.pc'
[0.818s] Level 1:colcon.colcon_core.environment:checking '/home/phufoxy/ydlidar_x3/install/ydlidar_ros2_driver/lib/python3.8/site-packages'
[0.818s] Level 1:colcon.colcon_core.environment:checking '/home/phufoxy/ydlidar_x3/install/ydlidar_ros2_driver/bin'
[0.819s] INFO:colcon.colcon_core.shell:Creating package script '/home/phufoxy/ydlidar_x3/install/ydlidar_ros2_driver/share/ydlidar_ros2_driver/package.ps1'
[0.819s] INFO:colcon.colcon_core.shell:Creating package descriptor '/home/phufoxy/ydlidar_x3/install/ydlidar_ros2_driver/share/ydlidar_ros2_driver/package.dsv'
[0.820s] INFO:colcon.colcon_core.shell:Creating package script '/home/phufoxy/ydlidar_x3/install/ydlidar_ros2_driver/share/ydlidar_ros2_driver/package.sh'
[0.821s] INFO:colcon.colcon_core.shell:Creating package script '/home/phufoxy/ydlidar_x3/install/ydlidar_ros2_driver/share/ydlidar_ros2_driver/package.bash'
[0.821s] INFO:colcon.colcon_core.shell:Creating package script '/home/phufoxy/ydlidar_x3/install/ydlidar_ros2_driver/share/ydlidar_ros2_driver/package.zsh'
[0.822s] Level 1:colcon.colcon_core.environment:create_file_with_runtime_dependencies(/home/phufoxy/ydlidar_x3/install/ydlidar_ros2_driver/share/colcon-core/packages/ydlidar_ros2_driver)
[0.822s] Level 1:colcon.colcon_core.environment:create_environment_scripts_only(openslam_gmapping)
[0.824s] Level 1:colcon.colcon_core.environment:checking '/home/phufoxy/ydlidar_x3/install/openslam_gmapping' for CMake module files
[0.826s] DEBUG:colcon.colcon_core.event_handler.log_command:Invoked command in '/home/phufoxy/ydlidar_x3/build/openslam_gmapping' returned '0': CMAKE_PREFIX_PATH=${CMAKE_PREFIX_PATH}:/opt/ros/foxy /usr/bin/cmake --install /home/phufoxy/ydlidar_x3/build/openslam_gmapping
[0.826s] Level 1:colcon.colcon_core.environment:checking '/home/phufoxy/ydlidar_x3/install/openslam_gmapping' for CMake config files
[0.826s] Level 1:colcon.colcon_core.shell:create_environment_hook('openslam_gmapping', 'cmake_prefix_path')
[0.829s] INFO:colcon.colcon_core.shell:Creating environment hook '/home/phufoxy/ydlidar_x3/install/openslam_gmapping/share/openslam_gmapping/hook/cmake_prefix_path.ps1'
[0.829s] INFO:colcon.colcon_core.shell:Creating environment descriptor '/home/phufoxy/ydlidar_x3/install/openslam_gmapping/share/openslam_gmapping/hook/cmake_prefix_path.dsv'
[0.829s] INFO:colcon.colcon_core.shell:Creating environment hook '/home/phufoxy/ydlidar_x3/install/openslam_gmapping/share/openslam_gmapping/hook/cmake_prefix_path.sh'
[0.830s] Level 1:colcon.colcon_core.environment:checking '/home/phufoxy/ydlidar_x3/install/openslam_gmapping/lib'
[0.830s] Level 1:colcon.colcon_core.environment:checking '/home/phufoxy/ydlidar_x3/install/openslam_gmapping/bin'
[0.830s] Level 1:colcon.colcon_core.environment:checking '/home/phufoxy/ydlidar_x3/install/openslam_gmapping/lib/pkgconfig/openslam_gmapping.pc'
[0.830s] Level 1:colcon.colcon_core.environment:checking '/home/phufoxy/ydlidar_x3/install/openslam_gmapping/lib/python3.8/site-packages'
[0.830s] Level 1:colcon.colcon_core.environment:checking '/home/phufoxy/ydlidar_x3/install/openslam_gmapping/bin'
[0.831s] INFO:colcon.colcon_core.shell:Creating package script '/home/phufoxy/ydlidar_x3/install/openslam_gmapping/share/openslam_gmapping/package.ps1'
[0.832s] INFO:colcon.colcon_core.shell:Creating package descriptor '/home/phufoxy/ydlidar_x3/install/openslam_gmapping/share/openslam_gmapping/package.dsv'
[0.832s] INFO:colcon.colcon_core.shell:Creating package script '/home/phufoxy/ydlidar_x3/install/openslam_gmapping/share/openslam_gmapping/package.sh'
[0.832s] INFO:colcon.colcon_core.shell:Creating package script '/home/phufoxy/ydlidar_x3/install/openslam_gmapping/share/openslam_gmapping/package.bash'
[0.833s] INFO:colcon.colcon_core.shell:Creating package script '/home/phufoxy/ydlidar_x3/install/openslam_gmapping/share/openslam_gmapping/package.zsh'
[0.833s] Level 1:colcon.colcon_core.environment:create_file_with_runtime_dependencies(/home/phufoxy/ydlidar_x3/install/openslam_gmapping/share/colcon-core/packages/openslam_gmapping)
[0.857s] Level 1:colcon.colcon_core.environment:create_environment_scripts_only(openslam_gmapping)
[0.861s] Level 1:colcon.colcon_core.environment:checking '/home/phufoxy/ydlidar_x3/install/openslam_gmapping' for CMake module files
[0.861s] Level 1:colcon.colcon_core.environment:checking '/home/phufoxy/ydlidar_x3/install/openslam_gmapping' for CMake config files
[0.861s] Level 1:colcon.colcon_core.shell:create_environment_hook('openslam_gmapping', 'cmake_prefix_path')
[0.863s] INFO:colcon.colcon_core.shell:Creating environment hook '/home/phufoxy/ydlidar_x3/install/openslam_gmapping/share/openslam_gmapping/hook/cmake_prefix_path.ps1'
[0.863s] INFO:colcon.colcon_core.shell:Creating environment descriptor '/home/phufoxy/ydlidar_x3/install/openslam_gmapping/share/openslam_gmapping/hook/cmake_prefix_path.dsv'
[0.863s] INFO:colcon.colcon_core.shell:Creating environment hook '/home/phufoxy/ydlidar_x3/install/openslam_gmapping/share/openslam_gmapping/hook/cmake_prefix_path.sh'
[0.864s] Level 1:colcon.colcon_core.environment:checking '/home/phufoxy/ydlidar_x3/install/openslam_gmapping/lib'
[0.864s] Level 1:colcon.colcon_core.environment:checking '/home/phufoxy/ydlidar_x3/install/openslam_gmapping/bin'
[0.864s] Level 1:colcon.colcon_core.environment:checking '/home/phufoxy/ydlidar_x3/install/openslam_gmapping/lib/pkgconfig/openslam_gmapping.pc'
[0.865s] Level 1:colcon.colcon_core.environment:checking '/home/phufoxy/ydlidar_x3/install/openslam_gmapping/lib/python3.8/site-packages'
[0.865s] Level 1:colcon.colcon_core.environment:checking '/home/phufoxy/ydlidar_x3/install/openslam_gmapping/bin'
[0.867s] INFO:colcon.colcon_core.shell:Creating package script '/home/phufoxy/ydlidar_x3/install/openslam_gmapping/share/openslam_gmapping/package.ps1'
[0.868s] INFO:colcon.colcon_core.shell:Creating package descriptor '/home/phufoxy/ydlidar_x3/install/openslam_gmapping/share/openslam_gmapping/package.dsv'
[0.868s] INFO:colcon.colcon_core.shell:Creating package script '/home/phufoxy/ydlidar_x3/install/openslam_gmapping/share/openslam_gmapping/package.sh'
[0.869s] INFO:colcon.colcon_core.shell:Creating package script '/home/phufoxy/ydlidar_x3/install/openslam_gmapping/share/openslam_gmapping/package.bash'
[0.869s] INFO:colcon.colcon_core.shell:Creating package script '/home/phufoxy/ydlidar_x3/install/openslam_gmapping/share/openslam_gmapping/package.zsh'
[0.869s] Level 1:colcon.colcon_core.environment:create_file_with_runtime_dependencies(/home/phufoxy/ydlidar_x3/install/openslam_gmapping/share/colcon-core/packages/openslam_gmapping)
[0.870s] INFO:colcon.colcon_ros.task.ament_cmake.build:Building ROS package in '/home/phufoxy/ydlidar_x3/src/slam_gmapping' with build type 'ament_cmake'
[0.870s] INFO:colcon.colcon_cmake.task.cmake.build:Building CMake package in '/home/phufoxy/ydlidar_x3/src/slam_gmapping'
[0.872s] INFO:colcon.colcon_core.shell:Skip shell extension 'powershell' for command environment: Not usable outside of PowerShell
[0.872s] DEBUG:colcon.colcon_core.shell:Skip shell extension 'dsv' for command environment
[0.889s] DEBUG:colcon.colcon_core.event_handler.log_command:Invoking command in '/home/phufoxy/ydlidar_x3/build/slam_gmapping': AMENT_PREFIX_PATH=/home/phufoxy/ydlidar_x3/install/openslam_gmapping:${AMENT_PREFIX_PATH} CMAKE_PREFIX_PATH=/home/phufoxy/ydlidar_x3/install/openslam_gmapping:/home/phufoxy/ros2_FxDeliver/install/articubot_one:/opt/ros/foxy LD_LIBRARY_PATH=/home/phufoxy/ydlidar_x3/install/openslam_gmapping/lib:${LD_LIBRARY_PATH} /usr/bin/cmake --build /home/phufoxy/ydlidar_x3/build/slam_gmapping -- -j8 -l8
[1.048s] DEBUG:colcon.colcon_core.event_handler.log_command:Invoked command in '/home/phufoxy/ydlidar_x3/build/slam_gmapping' returned '0': AMENT_PREFIX_PATH=/home/phufoxy/ydlidar_x3/install/openslam_gmapping:${AMENT_PREFIX_PATH} CMAKE_PREFIX_PATH=/home/phufoxy/ydlidar_x3/install/openslam_gmapping:/home/phufoxy/ros2_FxDeliver/install/articubot_one:/opt/ros/foxy LD_LIBRARY_PATH=/home/phufoxy/ydlidar_x3/install/openslam_gmapping/lib:${LD_LIBRARY_PATH} /usr/bin/cmake --build /home/phufoxy/ydlidar_x3/build/slam_gmapping -- -j8 -l8
[1.071s] DEBUG:colcon.colcon_core.event_handler.log_command:Invoking command in '/home/phufoxy/ydlidar_x3/build/slam_gmapping': AMENT_PREFIX_PATH=/home/phufoxy/ydlidar_x3/install/openslam_gmapping:${AMENT_PREFIX_PATH} CMAKE_PREFIX_PATH=/home/phufoxy/ydlidar_x3/install/openslam_gmapping:/home/phufoxy/ros2_FxDeliver/install/articubot_one:/opt/ros/foxy LD_LIBRARY_PATH=/home/phufoxy/ydlidar_x3/install/openslam_gmapping/lib:${LD_LIBRARY_PATH} /usr/bin/cmake --install /home/phufoxy/ydlidar_x3/build/slam_gmapping
[1.097s] Level 1:colcon.colcon_core.environment:create_environment_scripts_only(slam_gmapping)
[1.099s] Level 1:colcon.colcon_core.environment:checking '/home/phufoxy/ydlidar_x3/install/slam_gmapping' for CMake module files
[1.099s] DEBUG:colcon.colcon_core.event_handler.log_command:Invoked command in '/home/phufoxy/ydlidar_x3/build/slam_gmapping' returned '0': AMENT_PREFIX_PATH=/home/phufoxy/ydlidar_x3/install/openslam_gmapping:${AMENT_PREFIX_PATH} CMAKE_PREFIX_PATH=/home/phufoxy/ydlidar_x3/install/openslam_gmapping:/home/phufoxy/ros2_FxDeliver/install/articubot_one:/opt/ros/foxy LD_LIBRARY_PATH=/home/phufoxy/ydlidar_x3/install/openslam_gmapping/lib:${LD_LIBRARY_PATH} /usr/bin/cmake --install /home/phufoxy/ydlidar_x3/build/slam_gmapping
[1.100s] Level 1:colcon.colcon_core.environment:checking '/home/phufoxy/ydlidar_x3/install/slam_gmapping' for CMake config files
[1.100s] Level 1:colcon.colcon_core.shell:create_environment_hook('slam_gmapping', 'cmake_prefix_path')
[1.101s] INFO:colcon.colcon_core.shell:Creating environment hook '/home/phufoxy/ydlidar_x3/install/slam_gmapping/share/slam_gmapping/hook/cmake_prefix_path.ps1'
[1.102s] INFO:colcon.colcon_core.shell:Creating environment descriptor '/home/phufoxy/ydlidar_x3/install/slam_gmapping/share/slam_gmapping/hook/cmake_prefix_path.dsv'
[1.102s] INFO:colcon.colcon_core.shell:Creating environment hook '/home/phufoxy/ydlidar_x3/install/slam_gmapping/share/slam_gmapping/hook/cmake_prefix_path.sh'
[1.103s] Level 1:colcon.colcon_core.environment:checking '/home/phufoxy/ydlidar_x3/install/slam_gmapping/lib'
[1.103s] Level 1:colcon.colcon_core.environment:checking '/home/phufoxy/ydlidar_x3/install/slam_gmapping/bin'
[1.103s] Level 1:colcon.colcon_core.environment:checking '/home/phufoxy/ydlidar_x3/install/slam_gmapping/lib/pkgconfig/slam_gmapping.pc'
[1.103s] Level 1:colcon.colcon_core.environment:checking '/home/phufoxy/ydlidar_x3/install/slam_gmapping/lib/python3.8/site-packages'
[1.103s] Level 1:colcon.colcon_core.environment:checking '/home/phufoxy/ydlidar_x3/install/slam_gmapping/bin'
[1.104s] INFO:colcon.colcon_core.shell:Creating package script '/home/phufoxy/ydlidar_x3/install/slam_gmapping/share/slam_gmapping/package.ps1'
[1.105s] INFO:colcon.colcon_core.shell:Creating package descriptor '/home/phufoxy/ydlidar_x3/install/slam_gmapping/share/slam_gmapping/package.dsv'
[1.105s] INFO:colcon.colcon_core.shell:Creating package script '/home/phufoxy/ydlidar_x3/install/slam_gmapping/share/slam_gmapping/package.sh'
[1.105s] INFO:colcon.colcon_core.shell:Creating package script '/home/phufoxy/ydlidar_x3/install/slam_gmapping/share/slam_gmapping/package.bash'
[1.105s] INFO:colcon.colcon_core.shell:Creating package script '/home/phufoxy/ydlidar_x3/install/slam_gmapping/share/slam_gmapping/package.zsh'
[1.106s] Level 1:colcon.colcon_core.environment:create_file_with_runtime_dependencies(/home/phufoxy/ydlidar_x3/install/slam_gmapping/share/colcon-core/packages/slam_gmapping)
[1.130s] Level 1:colcon.colcon_core.environment:create_environment_scripts_only(slam_gmapping)
[1.133s] Level 1:colcon.colcon_core.environment:checking '/home/phufoxy/ydlidar_x3/install/slam_gmapping' for CMake module files
[1.134s] Level 1:colcon.colcon_core.environment:checking '/home/phufoxy/ydlidar_x3/install/slam_gmapping' for CMake config files
[1.134s] Level 1:colcon.colcon_core.shell:create_environment_hook('slam_gmapping', 'cmake_prefix_path')
[1.136s] INFO:colcon.colcon_core.shell:Creating environment hook '/home/phufoxy/ydlidar_x3/install/slam_gmapping/share/slam_gmapping/hook/cmake_prefix_path.ps1'
[1.137s] INFO:colcon.colcon_core.shell:Creating environment descriptor '/home/phufoxy/ydlidar_x3/install/slam_gmapping/share/slam_gmapping/hook/cmake_prefix_path.dsv'
[1.137s] INFO:colcon.colcon_core.shell:Creating environment hook '/home/phufoxy/ydlidar_x3/install/slam_gmapping/share/slam_gmapping/hook/cmake_prefix_path.sh'
[1.137s] Level 1:colcon.colcon_core.environment:checking '/home/phufoxy/ydlidar_x3/install/slam_gmapping/lib'
[1.138s] Level 1:colcon.colcon_core.environment:checking '/home/phufoxy/ydlidar_x3/install/slam_gmapping/bin'
[1.138s] Level 1:colcon.colcon_core.environment:checking '/home/phufoxy/ydlidar_x3/install/slam_gmapping/lib/pkgconfig/slam_gmapping.pc'
[1.138s] Level 1:colcon.colcon_core.environment:checking '/home/phufoxy/ydlidar_x3/install/slam_gmapping/lib/python3.8/site-packages'
[1.138s] Level 1:colcon.colcon_core.environment:checking '/home/phufoxy/ydlidar_x3/install/slam_gmapping/bin'
[1.139s] INFO:colcon.colcon_core.shell:Creating package script '/home/phufoxy/ydlidar_x3/install/slam_gmapping/share/slam_gmapping/package.ps1'
[1.140s] INFO:colcon.colcon_core.shell:Creating package descriptor '/home/phufoxy/ydlidar_x3/install/slam_gmapping/share/slam_gmapping/package.dsv'
[1.140s] INFO:colcon.colcon_core.shell:Creating package script '/home/phufoxy/ydlidar_x3/install/slam_gmapping/share/slam_gmapping/package.sh'
[1.141s] INFO:colcon.colcon_core.shell:Creating package script '/home/phufoxy/ydlidar_x3/install/slam_gmapping/share/slam_gmapping/package.bash'
[1.141s] INFO:colcon.colcon_core.shell:Creating package script '/home/phufoxy/ydlidar_x3/install/slam_gmapping/share/slam_gmapping/package.zsh'
[1.142s] Level 1:colcon.colcon_core.environment:create_file_with_runtime_dependencies(/home/phufoxy/ydlidar_x3/install/slam_gmapping/share/colcon-core/packages/slam_gmapping)
[1.142s] DEBUG:colcon.colcon_parallel_executor.executor.parallel:closing loop
[1.142s] DEBUG:colcon.colcon_parallel_executor.executor.parallel:loop closed
[1.142s] DEBUG:colcon.colcon_parallel_executor.executor.parallel:run_until_complete finished with '0'
[1.142s] DEBUG:colcon.colcon_core.event_reactor:joining thread
[1.148s] INFO:colcon.colcon_core.plugin_system:Skipping extension 'colcon_notification.desktop_notification.terminal_notifier': Not used on non-Darwin systems
[1.148s] INFO:colcon.colcon_core.plugin_system:Skipping extension 'colcon_notification.desktop_notification.win32': Not used on non-Windows systems
[1.148s] INFO:colcon.colcon_notification.desktop_notification:Sending desktop notification using 'notify2'
[1.162s] DEBUG:colcon.colcon_core.event_reactor:joined thread
[1.163s] INFO:colcon.colcon_core.shell:Creating prefix script '/home/phufoxy/ydlidar_x3/install/local_setup.ps1'
[1.164s] INFO:colcon.colcon_core.shell:Creating prefix util module '/home/phufoxy/ydlidar_x3/install/_local_setup_util_ps1.py'
[1.166s] INFO:colcon.colcon_core.shell:Creating prefix chain script '/home/phufoxy/ydlidar_x3/install/setup.ps1'
[1.167s] INFO:colcon.colcon_core.shell:Creating prefix script '/home/phufoxy/ydlidar_x3/install/local_setup.sh'
[1.168s] INFO:colcon.colcon_core.shell:Creating prefix util module '/home/phufoxy/ydlidar_x3/install/_local_setup_util_sh.py'
[1.169s] INFO:colcon.colcon_core.shell:Creating prefix chain script '/home/phufoxy/ydlidar_x3/install/setup.sh'
[1.170s] INFO:colcon.colcon_core.shell:Creating prefix script '/home/phufoxy/ydlidar_x3/install/local_setup.bash'
[1.171s] INFO:colcon.colcon_core.shell:Creating prefix chain script '/home/phufoxy/ydlidar_x3/install/setup.bash'
[1.172s] INFO:colcon.colcon_core.shell:Creating prefix script '/home/phufoxy/ydlidar_x3/install/local_setup.zsh'
[1.173s] INFO:colcon.colcon_core.shell:Creating prefix chain script '/home/phufoxy/ydlidar_x3/install/setup.zsh'
