[0.256s] DEBUG:colcon:Command line arguments: ['/usr/bin/colcon', 'build', '--symlink-install']
[0.256s] DEBUG:colcon:Parsed command line arguments: Namespace(allow_overriding=[], ament_cmake_args=None, base_paths=['.'], build_base='build', catkin_cmake_args=None, catkin_skip_building_tests=False, cmake_args=None, cmake_clean_cache=False, cmake_clean_first=False, cmake_force_configure=False, cmake_target=None, cmake_target_skip_unavailable=False, continue_on_error=False, event_handlers=None, executor='parallel', ignore_user_meta=False, install_base='install', log_base=None, log_level=None, main=<bound method BuildVerb.main of <colcon_core.verb.build.BuildVerb object at 0x7f7305ace700>>, merge_install=False, metas=['./colcon.meta'], packages_above=None, packages_above_and_dependencies=None, packages_above_depth=None, packages_end=None, packages_ignore=None, packages_ignore_regex=None, packages_select=None, packages_select_build_failed=False, packages_select_by_dep=None, packages_select_regex=None, packages_select_test_failures=False, packages_skip=None, packages_skip_build_finished=False, packages_skip_by_dep=None, packages_skip_regex=None, packages_skip_test_passed=False, packages_skip_up_to=None, packages_start=None, packages_up_to=None, packages_up_to_regex=None, parallel_workers=8, paths=None, symlink_install=True, test_result_base=None, verb_extension=<colcon_core.verb.build.BuildVerb object at 0x7f7305ace700>, verb_name='build', verb_parser=<colcon_defaults.argument_parser.defaults.DefaultArgumentsDecorator object at 0x7f7305acec40>)
[0.279s] Level 1:colcon.colcon_core.package_discovery:discover_packages(colcon_meta) check parameters
[0.279s] Level 1:colcon.colcon_core.package_discovery:discover_packages(recursive) check parameters
[0.279s] Level 1:colcon.colcon_core.package_discovery:discover_packages(ignore) check parameters
[0.279s] Level 1:colcon.colcon_core.package_discovery:discover_packages(path) check parameters
[0.279s] Level 1:colcon.colcon_core.package_discovery:discover_packages(colcon_meta) discover
[0.279s] Level 1:colcon.colcon_core.package_discovery:discover_packages(recursive) discover
[0.279s] INFO:colcon.colcon_core.package_discovery:Crawling recursively for packages in '/home/phufoxy/ydlidar_x3'
[0.279s] Level 1:colcon.colcon_core.package_identification:_identify(.) by extensions ['ignore', 'ignore_ament_install']
[0.279s] Level 1:colcon.colcon_core.package_identification:_identify(.) by extension 'ignore'
[0.279s] Level 1:colcon.colcon_core.package_identification:_identify(.) by extension 'ignore_ament_install'
[0.279s] Level 1:colcon.colcon_core.package_identification:_identify(.) by extensions ['colcon_pkg']
[0.279s] Level 1:colcon.colcon_core.package_identification:_identify(.) by extension 'colcon_pkg'
[0.279s] Level 1:colcon.colcon_core.package_identification:_identify(.) by extensions ['colcon_meta']
[0.279s] Level 1:colcon.colcon_core.package_identification:_identify(.) by extension 'colcon_meta'
[0.279s] Level 1:colcon.colcon_core.package_identification:_identify(.) by extensions ['ros']
[0.279s] Level 1:colcon.colcon_core.package_identification:_identify(.) by extension 'ros'
[0.295s] Level 1:colcon.colcon_core.package_identification:_identify(.) by extensions ['cmake', 'python']
[0.295s] Level 1:colcon.colcon_core.package_identification:_identify(.) by extension 'cmake'
[0.295s] Level 1:colcon.colcon_core.package_identification:_identify(.) by extension 'python'
[0.295s] Level 1:colcon.colcon_core.package_identification:_identify(.) by extensions ['python_setup_py']
[0.295s] Level 1:colcon.colcon_core.package_identification:_identify(.) by extension 'python_setup_py'
[0.295s] Level 1:colcon.colcon_core.package_identification:_identify(YDLidar-SDK-master) by extensions ['ignore', 'ignore_ament_install']
[0.295s] Level 1:colcon.colcon_core.package_identification:_identify(YDLidar-SDK-master) by extension 'ignore'
[0.295s] Level 1:colcon.colcon_core.package_identification:_identify(YDLidar-SDK-master) by extension 'ignore_ament_install'
[0.295s] Level 1:colcon.colcon_core.package_identification:_identify(YDLidar-SDK-master) by extensions ['colcon_pkg']
[0.295s] Level 1:colcon.colcon_core.package_identification:_identify(YDLidar-SDK-master) by extension 'colcon_pkg'
[0.295s] Level 1:colcon.colcon_core.package_identification:_identify(YDLidar-SDK-master) by extensions ['colcon_meta']
[0.295s] Level 1:colcon.colcon_core.package_identification:_identify(YDLidar-SDK-master) by extension 'colcon_meta'
[0.295s] Level 1:colcon.colcon_core.package_identification:_identify(YDLidar-SDK-master) by extensions ['ros']
[0.295s] Level 1:colcon.colcon_core.package_identification:_identify(YDLidar-SDK-master) by extension 'ros'
[0.295s] Level 1:colcon.colcon_core.package_identification:_identify(YDLidar-SDK-master) by extensions ['cmake', 'python']
[0.295s] Level 1:colcon.colcon_core.package_identification:_identify(YDLidar-SDK-master) by extension 'cmake'
[0.310s] Level 1:colcon.colcon_core.package_identification:_identify(YDLidar-SDK-master) by extension 'python'
[0.310s] DEBUG:colcon.colcon_core.package_identification:Package 'YDLidar-SDK-master' with type 'cmake' and name 'ydlidar_sdk'
[0.310s] Level 1:colcon.colcon_core.package_identification:_identify(build) by extensions ['ignore', 'ignore_ament_install']
[0.310s] Level 1:colcon.colcon_core.package_identification:_identify(build) by extension 'ignore'
[0.310s] Level 1:colcon.colcon_core.package_identification:_identify(build) ignored
[0.310s] Level 1:colcon.colcon_core.package_identification:_identify(install) by extensions ['ignore', 'ignore_ament_install']
[0.310s] Level 1:colcon.colcon_core.package_identification:_identify(install) by extension 'ignore'
[0.310s] Level 1:colcon.colcon_core.package_identification:_identify(install) ignored
[0.310s] Level 1:colcon.colcon_core.package_identification:_identify(log) by extensions ['ignore', 'ignore_ament_install']
[0.310s] Level 1:colcon.colcon_core.package_identification:_identify(log) by extension 'ignore'
[0.310s] Level 1:colcon.colcon_core.package_identification:_identify(log) ignored
[0.310s] Level 1:colcon.colcon_core.package_identification:_identify(src) by extensions ['ignore', 'ignore_ament_install']
[0.310s] Level 1:colcon.colcon_core.package_identification:_identify(src) by extension 'ignore'
[0.311s] Level 1:colcon.colcon_core.package_identification:_identify(src) by extension 'ignore_ament_install'
[0.311s] Level 1:colcon.colcon_core.package_identification:_identify(src) by extensions ['colcon_pkg']
[0.311s] Level 1:colcon.colcon_core.package_identification:_identify(src) by extension 'colcon_pkg'
[0.311s] Level 1:colcon.colcon_core.package_identification:_identify(src) by extensions ['colcon_meta']
[0.311s] Level 1:colcon.colcon_core.package_identification:_identify(src) by extension 'colcon_meta'
[0.311s] Level 1:colcon.colcon_core.package_identification:_identify(src) by extensions ['ros']
[0.311s] Level 1:colcon.colcon_core.package_identification:_identify(src) by extension 'ros'
[0.311s] Level 1:colcon.colcon_core.package_identification:_identify(src) by extensions ['cmake', 'python']
[0.311s] Level 1:colcon.colcon_core.package_identification:_identify(src) by extension 'cmake'
[0.311s] Level 1:colcon.colcon_core.package_identification:_identify(src) by extension 'python'
[0.311s] Level 1:colcon.colcon_core.package_identification:_identify(src) by extensions ['python_setup_py']
[0.311s] Level 1:colcon.colcon_core.package_identification:_identify(src) by extension 'python_setup_py'
[0.311s] Level 1:colcon.colcon_core.package_identification:_identify(src/openslam_gmapping) by extensions ['ignore', 'ignore_ament_install']
[0.311s] Level 1:colcon.colcon_core.package_identification:_identify(src/openslam_gmapping) by extension 'ignore'
[0.311s] Level 1:colcon.colcon_core.package_identification:_identify(src/openslam_gmapping) by extension 'ignore_ament_install'
[0.311s] Level 1:colcon.colcon_core.package_identification:_identify(src/openslam_gmapping) by extensions ['colcon_pkg']
[0.311s] Level 1:colcon.colcon_core.package_identification:_identify(src/openslam_gmapping) by extension 'colcon_pkg'
[0.311s] Level 1:colcon.colcon_core.package_identification:_identify(src/openslam_gmapping) by extensions ['colcon_meta']
[0.311s] Level 1:colcon.colcon_core.package_identification:_identify(src/openslam_gmapping) by extension 'colcon_meta'
[0.311s] Level 1:colcon.colcon_core.package_identification:_identify(src/openslam_gmapping) by extensions ['ros']
[0.311s] Level 1:colcon.colcon_core.package_identification:_identify(src/openslam_gmapping) by extension 'ros'
[0.313s] DEBUG:colcon.colcon_core.package_identification:Package 'src/openslam_gmapping' with type 'ros.ament_cmake' and name 'openslam_gmapping'
[0.313s] Level 1:colcon.colcon_core.package_identification:_identify(src/slam_gmapping) by extensions ['ignore', 'ignore_ament_install']
[0.314s] Level 1:colcon.colcon_core.package_identification:_identify(src/slam_gmapping) by extension 'ignore'
[0.314s] Level 1:colcon.colcon_core.package_identification:_identify(src/slam_gmapping) by extension 'ignore_ament_install'
[0.314s] Level 1:colcon.colcon_core.package_identification:_identify(src/slam_gmapping) by extensions ['colcon_pkg']
[0.314s] Level 1:colcon.colcon_core.package_identification:_identify(src/slam_gmapping) by extension 'colcon_pkg'
[0.314s] Level 1:colcon.colcon_core.package_identification:_identify(src/slam_gmapping) by extensions ['colcon_meta']
[0.314s] Level 1:colcon.colcon_core.package_identification:_identify(src/slam_gmapping) by extension 'colcon_meta'
[0.314s] Level 1:colcon.colcon_core.package_identification:_identify(src/slam_gmapping) by extensions ['ros']
[0.314s] Level 1:colcon.colcon_core.package_identification:_identify(src/slam_gmapping) by extension 'ros'
[0.315s] DEBUG:colcon.colcon_core.package_identification:Package 'src/slam_gmapping' with type 'ros.ament_cmake' and name 'slam_gmapping'
[0.315s] Level 1:colcon.colcon_core.package_identification:_identify(src/sllidar_ros2) by extensions ['ignore', 'ignore_ament_install']
[0.315s] Level 1:colcon.colcon_core.package_identification:_identify(src/sllidar_ros2) by extension 'ignore'
[0.315s] Level 1:colcon.colcon_core.package_identification:_identify(src/sllidar_ros2) by extension 'ignore_ament_install'
[0.315s] Level 1:colcon.colcon_core.package_identification:_identify(src/sllidar_ros2) by extensions ['colcon_pkg']
[0.315s] Level 1:colcon.colcon_core.package_identification:_identify(src/sllidar_ros2) by extension 'colcon_pkg'
[0.315s] Level 1:colcon.colcon_core.package_identification:_identify(src/sllidar_ros2) by extensions ['colcon_meta']
[0.315s] Level 1:colcon.colcon_core.package_identification:_identify(src/sllidar_ros2) by extension 'colcon_meta'
[0.315s] Level 1:colcon.colcon_core.package_identification:_identify(src/sllidar_ros2) by extensions ['ros']
[0.315s] Level 1:colcon.colcon_core.package_identification:_identify(src/sllidar_ros2) by extension 'ros'
[0.315s] Level 1:colcon.colcon_core.package_identification:_identify(src/sllidar_ros2) by extensions ['cmake', 'python']
[0.315s] Level 1:colcon.colcon_core.package_identification:_identify(src/sllidar_ros2) by extension 'cmake'
[0.315s] Level 1:colcon.colcon_core.package_identification:_identify(src/sllidar_ros2) by extension 'python'
[0.315s] Level 1:colcon.colcon_core.package_identification:_identify(src/sllidar_ros2) by extensions ['python_setup_py']
[0.315s] Level 1:colcon.colcon_core.package_identification:_identify(src/sllidar_ros2) by extension 'python_setup_py'
[0.316s] Level 1:colcon.colcon_core.package_identification:_identify(src/sllidar_ros2/launch) by extensions ['ignore', 'ignore_ament_install']
[0.316s] Level 1:colcon.colcon_core.package_identification:_identify(src/sllidar_ros2/launch) by extension 'ignore'
[0.316s] Level 1:colcon.colcon_core.package_identification:_identify(src/sllidar_ros2/launch) by extension 'ignore_ament_install'
[0.316s] Level 1:colcon.colcon_core.package_identification:_identify(src/sllidar_ros2/launch) by extensions ['colcon_pkg']
[0.316s] Level 1:colcon.colcon_core.package_identification:_identify(src/sllidar_ros2/launch) by extension 'colcon_pkg'
[0.316s] Level 1:colcon.colcon_core.package_identification:_identify(src/sllidar_ros2/launch) by extensions ['colcon_meta']
[0.316s] Level 1:colcon.colcon_core.package_identification:_identify(src/sllidar_ros2/launch) by extension 'colcon_meta'
[0.316s] Level 1:colcon.colcon_core.package_identification:_identify(src/sllidar_ros2/launch) by extensions ['ros']
[0.316s] Level 1:colcon.colcon_core.package_identification:_identify(src/sllidar_ros2/launch) by extension 'ros'
[0.316s] Level 1:colcon.colcon_core.package_identification:_identify(src/sllidar_ros2/launch) by extensions ['cmake', 'python']
[0.316s] Level 1:colcon.colcon_core.package_identification:_identify(src/sllidar_ros2/launch) by extension 'cmake'
[0.316s] Level 1:colcon.colcon_core.package_identification:_identify(src/sllidar_ros2/launch) by extension 'python'
[0.316s] Level 1:colcon.colcon_core.package_identification:_identify(src/sllidar_ros2/launch) by extensions ['python_setup_py']
[0.316s] Level 1:colcon.colcon_core.package_identification:_identify(src/sllidar_ros2/launch) by extension 'python_setup_py'
[0.316s] Level 1:colcon.colcon_core.package_identification:_identify(src/sllidar_ros2/launch/__pycache__) by extensions ['ignore', 'ignore_ament_install']
[0.316s] Level 1:colcon.colcon_core.package_identification:_identify(src/sllidar_ros2/launch/__pycache__) by extension 'ignore'
[0.316s] Level 1:colcon.colcon_core.package_identification:_identify(src/sllidar_ros2/launch/__pycache__) by extension 'ignore_ament_install'
[0.316s] Level 1:colcon.colcon_core.package_identification:_identify(src/sllidar_ros2/launch/__pycache__) by extensions ['colcon_pkg']
[0.316s] Level 1:colcon.colcon_core.package_identification:_identify(src/sllidar_ros2/launch/__pycache__) by extension 'colcon_pkg'
[0.316s] Level 1:colcon.colcon_core.package_identification:_identify(src/sllidar_ros2/launch/__pycache__) by extensions ['colcon_meta']
[0.316s] Level 1:colcon.colcon_core.package_identification:_identify(src/sllidar_ros2/launch/__pycache__) by extension 'colcon_meta'
[0.316s] Level 1:colcon.colcon_core.package_identification:_identify(src/sllidar_ros2/launch/__pycache__) by extensions ['ros']
[0.316s] Level 1:colcon.colcon_core.package_identification:_identify(src/sllidar_ros2/launch/__pycache__) by extension 'ros'
[0.317s] Level 1:colcon.colcon_core.package_identification:_identify(src/sllidar_ros2/launch/__pycache__) by extensions ['cmake', 'python']
[0.317s] Level 1:colcon.colcon_core.package_identification:_identify(src/sllidar_ros2/launch/__pycache__) by extension 'cmake'
[0.317s] Level 1:colcon.colcon_core.package_identification:_identify(src/sllidar_ros2/launch/__pycache__) by extension 'python'
[0.317s] Level 1:colcon.colcon_core.package_identification:_identify(src/sllidar_ros2/launch/__pycache__) by extensions ['python_setup_py']
[0.317s] Level 1:colcon.colcon_core.package_identification:_identify(src/sllidar_ros2/launch/__pycache__) by extension 'python_setup_py'
[0.317s] Level 1:colcon.colcon_core.package_identification:_identify(src/ydlidar_ros2_driver-master) by extensions ['ignore', 'ignore_ament_install']
[0.317s] Level 1:colcon.colcon_core.package_identification:_identify(src/ydlidar_ros2_driver-master) by extension 'ignore'
[0.317s] Level 1:colcon.colcon_core.package_identification:_identify(src/ydlidar_ros2_driver-master) by extension 'ignore_ament_install'
[0.317s] Level 1:colcon.colcon_core.package_identification:_identify(src/ydlidar_ros2_driver-master) by extensions ['colcon_pkg']
[0.317s] Level 1:colcon.colcon_core.package_identification:_identify(src/ydlidar_ros2_driver-master) by extension 'colcon_pkg'
[0.317s] Level 1:colcon.colcon_core.package_identification:_identify(src/ydlidar_ros2_driver-master) by extensions ['colcon_meta']
[0.317s] Level 1:colcon.colcon_core.package_identification:_identify(src/ydlidar_ros2_driver-master) by extension 'colcon_meta'
[0.317s] Level 1:colcon.colcon_core.package_identification:_identify(src/ydlidar_ros2_driver-master) by extensions ['ros']
[0.317s] Level 1:colcon.colcon_core.package_identification:_identify(src/ydlidar_ros2_driver-master) by extension 'ros'
[0.318s] DEBUG:colcon.colcon_core.package_identification:Package 'src/ydlidar_ros2_driver-master' with type 'ros.ament_cmake' and name 'ydlidar_ros2_driver'
[0.318s] Level 1:colcon.colcon_core.package_discovery:discover_packages(recursive) using defaults
[0.318s] Level 1:colcon.colcon_core.package_discovery:discover_packages(ignore) discover
[0.318s] Level 1:colcon.colcon_core.package_discovery:discover_packages(ignore) using defaults
[0.318s] Level 1:colcon.colcon_core.package_discovery:discover_packages(path) discover
[0.318s] Level 1:colcon.colcon_core.package_discovery:discover_packages(path) using defaults
[0.334s] Level 1:colcon.colcon_core.package_discovery:discover_packages(prefix_path) check parameters
[0.334s] Level 1:colcon.colcon_core.package_discovery:discover_packages(prefix_path) discover
[0.335s] WARNING:colcon.colcon_ros.prefix_path.ament:The path '/home/phufoxy/ydlidar_x3/install/ydlidar_ros2_driver' in the environment variable AMENT_PREFIX_PATH doesn't exist
[0.335s] WARNING:colcon.colcon_ros.prefix_path.ament:The path '/home/phufoxy/ydlidar_x3/install/slam_gmapping' in the environment variable AMENT_PREFIX_PATH doesn't exist
[0.335s] WARNING:colcon.colcon_ros.prefix_path.ament:The path '/home/phufoxy/ydlidar_x3/install/openslam_gmapping' in the environment variable AMENT_PREFIX_PATH doesn't exist
[0.335s] WARNING:colcon.colcon_ros.prefix_path.catkin:The path '/home/phufoxy/ydlidar_x3/install/ydlidar_sdk' in the environment variable CMAKE_PREFIX_PATH doesn't exist
[0.335s] WARNING:colcon.colcon_ros.prefix_path.catkin:The path '/home/phufoxy/ydlidar_x3/install/ydlidar_ros2_driver' in the environment variable CMAKE_PREFIX_PATH doesn't exist
[0.335s] WARNING:colcon.colcon_ros.prefix_path.catkin:The path '/home/phufoxy/ydlidar_x3/install/slam_gmapping' in the environment variable CMAKE_PREFIX_PATH doesn't exist
[0.335s] WARNING:colcon.colcon_ros.prefix_path.catkin:The path '/home/phufoxy/ydlidar_x3/install/openslam_gmapping' in the environment variable CMAKE_PREFIX_PATH doesn't exist
[0.336s] DEBUG:colcon.colcon_installed_package_information.package_discovery:Found 0 installed packages in /home/phufoxy/ydlidar_x3/install
[0.338s] DEBUG:colcon.colcon_installed_package_information.package_discovery:Found 256 installed packages in /opt/ros/foxy
[0.339s] Level 1:colcon.colcon_core.package_discovery:discover_packages(prefix_path) using defaults
[0.398s] Level 5:colcon.colcon_core.verb:set package 'openslam_gmapping' build argument 'cmake_args' from command line to 'None'
[0.398s] Level 5:colcon.colcon_core.verb:set package 'openslam_gmapping' build argument 'cmake_target' from command line to 'None'
[0.399s] Level 5:colcon.colcon_core.verb:set package 'openslam_gmapping' build argument 'cmake_target_skip_unavailable' from command line to 'False'
[0.399s] Level 5:colcon.colcon_core.verb:set package 'openslam_gmapping' build argument 'cmake_clean_cache' from command line to 'False'
[0.399s] Level 5:colcon.colcon_core.verb:set package 'openslam_gmapping' build argument 'cmake_clean_first' from command line to 'False'
[0.399s] Level 5:colcon.colcon_core.verb:set package 'openslam_gmapping' build argument 'cmake_force_configure' from command line to 'False'
[0.399s] Level 5:colcon.colcon_core.verb:set package 'openslam_gmapping' build argument 'ament_cmake_args' from command line to 'None'
[0.399s] Level 5:colcon.colcon_core.verb:set package 'openslam_gmapping' build argument 'catkin_cmake_args' from command line to 'None'
[0.399s] Level 5:colcon.colcon_core.verb:set package 'openslam_gmapping' build argument 'catkin_skip_building_tests' from command line to 'False'
[0.399s] DEBUG:colcon.colcon_core.verb:Building package 'openslam_gmapping' with the following arguments: {'ament_cmake_args': None, 'build_base': '/home/phufoxy/ydlidar_x3/build/openslam_gmapping', 'catkin_cmake_args': None, 'catkin_skip_building_tests': False, 'cmake_args': None, 'cmake_clean_cache': False, 'cmake_clean_first': False, 'cmake_force_configure': False, 'cmake_target': None, 'cmake_target_skip_unavailable': False, 'install_base': '/home/phufoxy/ydlidar_x3/install/openslam_gmapping', 'merge_install': False, 'path': '/home/phufoxy/ydlidar_x3/src/openslam_gmapping', 'symlink_install': True, 'test_result_base': None}
[0.400s] Level 5:colcon.colcon_core.verb:set package 'ydlidar_ros2_driver' build argument 'cmake_args' from command line to 'None'
[0.400s] Level 5:colcon.colcon_core.verb:set package 'ydlidar_ros2_driver' build argument 'cmake_target' from command line to 'None'
[0.400s] Level 5:colcon.colcon_core.verb:set package 'ydlidar_ros2_driver' build argument 'cmake_target_skip_unavailable' from command line to 'False'
[0.400s] Level 5:colcon.colcon_core.verb:set package 'ydlidar_ros2_driver' build argument 'cmake_clean_cache' from command line to 'False'
[0.400s] Level 5:colcon.colcon_core.verb:set package 'ydlidar_ros2_driver' build argument 'cmake_clean_first' from command line to 'False'
[0.400s] Level 5:colcon.colcon_core.verb:set package 'ydlidar_ros2_driver' build argument 'cmake_force_configure' from command line to 'False'
[0.400s] Level 5:colcon.colcon_core.verb:set package 'ydlidar_ros2_driver' build argument 'ament_cmake_args' from command line to 'None'
[0.400s] Level 5:colcon.colcon_core.verb:set package 'ydlidar_ros2_driver' build argument 'catkin_cmake_args' from command line to 'None'
[0.400s] Level 5:colcon.colcon_core.verb:set package 'ydlidar_ros2_driver' build argument 'catkin_skip_building_tests' from command line to 'False'
[0.400s] DEBUG:colcon.colcon_core.verb:Building package 'ydlidar_ros2_driver' with the following arguments: {'ament_cmake_args': None, 'build_base': '/home/phufoxy/ydlidar_x3/build/ydlidar_ros2_driver', 'catkin_cmake_args': None, 'catkin_skip_building_tests': False, 'cmake_args': None, 'cmake_clean_cache': False, 'cmake_clean_first': False, 'cmake_force_configure': False, 'cmake_target': None, 'cmake_target_skip_unavailable': False, 'install_base': '/home/phufoxy/ydlidar_x3/install/ydlidar_ros2_driver', 'merge_install': False, 'path': '/home/phufoxy/ydlidar_x3/src/ydlidar_ros2_driver-master', 'symlink_install': True, 'test_result_base': None}
[0.400s] Level 5:colcon.colcon_core.verb:set package 'ydlidar_sdk' build argument 'cmake_args' from command line to 'None'
[0.401s] Level 5:colcon.colcon_core.verb:set package 'ydlidar_sdk' build argument 'cmake_target' from command line to 'None'
[0.401s] Level 5:colcon.colcon_core.verb:set package 'ydlidar_sdk' build argument 'cmake_target_skip_unavailable' from command line to 'False'
[0.401s] Level 5:colcon.colcon_core.verb:set package 'ydlidar_sdk' build argument 'cmake_clean_cache' from command line to 'False'
[0.401s] Level 5:colcon.colcon_core.verb:set package 'ydlidar_sdk' build argument 'cmake_clean_first' from command line to 'False'
[0.401s] Level 5:colcon.colcon_core.verb:set package 'ydlidar_sdk' build argument 'cmake_force_configure' from command line to 'False'
[0.401s] Level 5:colcon.colcon_core.verb:set package 'ydlidar_sdk' build argument 'ament_cmake_args' from command line to 'None'
[0.401s] Level 5:colcon.colcon_core.verb:set package 'ydlidar_sdk' build argument 'catkin_cmake_args' from command line to 'None'
[0.401s] Level 5:colcon.colcon_core.verb:set package 'ydlidar_sdk' build argument 'catkin_skip_building_tests' from command line to 'False'
[0.401s] DEBUG:colcon.colcon_core.verb:Building package 'ydlidar_sdk' with the following arguments: {'ament_cmake_args': None, 'build_base': '/home/phufoxy/ydlidar_x3/build/ydlidar_sdk', 'catkin_cmake_args': None, 'catkin_skip_building_tests': False, 'cmake_args': None, 'cmake_clean_cache': False, 'cmake_clean_first': False, 'cmake_force_configure': False, 'cmake_target': None, 'cmake_target_skip_unavailable': False, 'install_base': '/home/phufoxy/ydlidar_x3/install/ydlidar_sdk', 'merge_install': False, 'path': '/home/phufoxy/ydlidar_x3/YDLidar-SDK-master', 'symlink_install': True, 'test_result_base': None}
[0.402s] Level 5:colcon.colcon_core.verb:set package 'slam_gmapping' build argument 'cmake_args' from command line to 'None'
[0.402s] Level 5:colcon.colcon_core.verb:set package 'slam_gmapping' build argument 'cmake_target' from command line to 'None'
[0.402s] Level 5:colcon.colcon_core.verb:set package 'slam_gmapping' build argument 'cmake_target_skip_unavailable' from command line to 'False'
[0.402s] Level 5:colcon.colcon_core.verb:set package 'slam_gmapping' build argument 'cmake_clean_cache' from command line to 'False'
[0.402s] Level 5:colcon.colcon_core.verb:set package 'slam_gmapping' build argument 'cmake_clean_first' from command line to 'False'
[0.402s] Level 5:colcon.colcon_core.verb:set package 'slam_gmapping' build argument 'cmake_force_configure' from command line to 'False'
[0.402s] Level 5:colcon.colcon_core.verb:set package 'slam_gmapping' build argument 'ament_cmake_args' from command line to 'None'
[0.402s] Level 5:colcon.colcon_core.verb:set package 'slam_gmapping' build argument 'catkin_cmake_args' from command line to 'None'
[0.402s] Level 5:colcon.colcon_core.verb:set package 'slam_gmapping' build argument 'catkin_skip_building_tests' from command line to 'False'
[0.402s] DEBUG:colcon.colcon_core.verb:Building package 'slam_gmapping' with the following arguments: {'ament_cmake_args': None, 'build_base': '/home/phufoxy/ydlidar_x3/build/slam_gmapping', 'catkin_cmake_args': None, 'catkin_skip_building_tests': False, 'cmake_args': None, 'cmake_clean_cache': False, 'cmake_clean_first': False, 'cmake_force_configure': False, 'cmake_target': None, 'cmake_target_skip_unavailable': False, 'install_base': '/home/phufoxy/ydlidar_x3/install/slam_gmapping', 'merge_install': False, 'path': '/home/phufoxy/ydlidar_x3/src/slam_gmapping', 'symlink_install': True, 'test_result_base': None}
[0.402s] INFO:colcon.colcon_core.executor:Executing jobs using 'parallel' executor
[0.405s] DEBUG:colcon.colcon_parallel_executor.executor.parallel:run_until_complete
[0.405s] INFO:colcon.colcon_ros.task.ament_cmake.build:Building ROS package in '/home/phufoxy/ydlidar_x3/src/openslam_gmapping' with build type 'ament_cmake'
[0.405s] INFO:colcon.colcon_cmake.task.cmake.build:Building CMake package in '/home/phufoxy/ydlidar_x3/src/openslam_gmapping'
[0.409s] INFO:colcon.colcon_core.plugin_system:Skipping extension 'colcon_core.shell.bat': Not used on non-Windows systems
[0.409s] INFO:colcon.colcon_core.shell:Skip shell extension 'powershell' for command environment: Not usable outside of PowerShell
[0.409s] DEBUG:colcon.colcon_core.shell:Skip shell extension 'dsv' for command environment
[0.414s] INFO:colcon.colcon_ros.task.ament_cmake.build:Building ROS package in '/home/phufoxy/ydlidar_x3/src/ydlidar_ros2_driver-master' with build type 'ament_cmake'
[0.414s] INFO:colcon.colcon_cmake.task.cmake.build:Building CMake package in '/home/phufoxy/ydlidar_x3/src/ydlidar_ros2_driver-master'
[0.415s] INFO:colcon.colcon_core.shell:Skip shell extension 'powershell' for command environment: Not usable outside of PowerShell
[0.416s] DEBUG:colcon.colcon_core.shell:Skip shell extension 'dsv' for command environment
[0.421s] INFO:colcon.colcon_cmake.task.cmake.build:Building CMake package in '/home/phufoxy/ydlidar_x3/YDLidar-SDK-master'
[0.423s] INFO:colcon.colcon_core.shell:Skip shell extension 'powershell' for command environment: Not usable outside of PowerShell
[0.423s] DEBUG:colcon.colcon_core.shell:Skip shell extension 'dsv' for command environment
[0.433s] DEBUG:colcon.colcon_core.event_handler.log_command:Invoking command in '/home/phufoxy/ydlidar_x3/build/openslam_gmapping': CMAKE_PREFIX_PATH=${CMAKE_PREFIX_PATH}:/opt/ros/foxy /usr/bin/cmake /home/phufoxy/ydlidar_x3/src/openslam_gmapping -DAMENT_CMAKE_SYMLINK_INSTALL=1 -DCMAKE_INSTALL_PREFIX=/home/phufoxy/ydlidar_x3/install/openslam_gmapping
[0.440s] DEBUG:colcon.colcon_core.event_handler.log_command:Invoking command in '/home/phufoxy/ydlidar_x3/build/ydlidar_ros2_driver': CMAKE_PREFIX_PATH=${CMAKE_PREFIX_PATH}:/opt/ros/foxy /usr/bin/cmake /home/phufoxy/ydlidar_x3/src/ydlidar_ros2_driver-master -DAMENT_CMAKE_SYMLINK_INSTALL=1 -DCMAKE_INSTALL_PREFIX=/home/phufoxy/ydlidar_x3/install/ydlidar_ros2_driver
[0.445s] DEBUG:colcon.colcon_core.event_handler.log_command:Invoking command in '/home/phufoxy/ydlidar_x3/build/ydlidar_sdk': /usr/bin/cmake /home/phufoxy/ydlidar_x3/YDLidar-SDK-master -DCMAKE_INSTALL_PREFIX=/home/phufoxy/ydlidar_x3/install/ydlidar_sdk
[1.138s] DEBUG:colcon.colcon_core.event_handler.log_command:Invoked command in '/home/phufoxy/ydlidar_x3/build/openslam_gmapping' returned '0': CMAKE_PREFIX_PATH=${CMAKE_PREFIX_PATH}:/opt/ros/foxy /usr/bin/cmake /home/phufoxy/ydlidar_x3/src/openslam_gmapping -DAMENT_CMAKE_SYMLINK_INSTALL=1 -DCMAKE_INSTALL_PREFIX=/home/phufoxy/ydlidar_x3/install/openslam_gmapping
[1.142s] DEBUG:colcon.colcon_core.event_handler.log_command:Invoking command in '/home/phufoxy/ydlidar_x3/build/openslam_gmapping': CMAKE_PREFIX_PATH=${CMAKE_PREFIX_PATH}:/opt/ros/foxy /usr/bin/cmake --build /home/phufoxy/ydlidar_x3/build/openslam_gmapping -- -j8 -l8
[1.266s] DEBUG:colcon.colcon_core.event_handler.log_command:Invoked command in '/home/phufoxy/ydlidar_x3/build/ydlidar_sdk' returned '0': /usr/bin/cmake /home/phufoxy/ydlidar_x3/YDLidar-SDK-master -DCMAKE_INSTALL_PREFIX=/home/phufoxy/ydlidar_x3/install/ydlidar_sdk
[1.269s] DEBUG:colcon.colcon_core.event_handler.log_command:Invoking command in '/home/phufoxy/ydlidar_x3/build/ydlidar_sdk': /usr/bin/cmake --build /home/phufoxy/ydlidar_x3/build/ydlidar_sdk -- -j8 -l8
[3.260s] DEBUG:colcon.colcon_core.event_handler.log_command:Invoked command in '/home/phufoxy/ydlidar_x3/build/ydlidar_ros2_driver' returned '0': CMAKE_PREFIX_PATH=${CMAKE_PREFIX_PATH}:/opt/ros/foxy /usr/bin/cmake /home/phufoxy/ydlidar_x3/src/ydlidar_ros2_driver-master -DAMENT_CMAKE_SYMLINK_INSTALL=1 -DCMAKE_INSTALL_PREFIX=/home/phufoxy/ydlidar_x3/install/ydlidar_ros2_driver
[3.261s] DEBUG:colcon.colcon_core.event_handler.log_command:Invoking command in '/home/phufoxy/ydlidar_x3/build/ydlidar_ros2_driver': CMAKE_PREFIX_PATH=${CMAKE_PREFIX_PATH}:/opt/ros/foxy /usr/bin/cmake --build /home/phufoxy/ydlidar_x3/build/ydlidar_ros2_driver -- -j8 -l8
[4.442s] DEBUG:colcon.colcon_core.event_handler.log_command:Invoked command in '/home/phufoxy/ydlidar_x3/build/ydlidar_sdk' returned '0': /usr/bin/cmake --build /home/phufoxy/ydlidar_x3/build/ydlidar_sdk -- -j8 -l8
[4.499s] DEBUG:colcon.colcon_core.event_handler.log_command:Invoking command in '/home/phufoxy/ydlidar_x3/build/ydlidar_sdk': /usr/bin/cmake --install /home/phufoxy/ydlidar_x3/build/ydlidar_sdk
[4.616s] Level 1:colcon.colcon_core.environment:create_environment_scripts_only(ydlidar_sdk)
[4.617s] DEBUG:colcon.colcon_core.event_handler.log_command:Invoked command in '/home/phufoxy/ydlidar_x3/build/ydlidar_sdk' returned '0': /usr/bin/cmake --install /home/phufoxy/ydlidar_x3/build/ydlidar_sdk
[4.625s] Level 1:colcon.colcon_core.environment:checking '/home/phufoxy/ydlidar_x3/install/ydlidar_sdk' for CMake module files
[4.626s] Level 1:colcon.colcon_core.environment:checking '/home/phufoxy/ydlidar_x3/install/ydlidar_sdk' for CMake config files
[4.626s] Level 1:colcon.colcon_core.shell:create_environment_hook('ydlidar_sdk', 'cmake_prefix_path')
[4.629s] INFO:colcon.colcon_core.shell:Creating environment hook '/home/phufoxy/ydlidar_x3/install/ydlidar_sdk/share/ydlidar_sdk/hook/cmake_prefix_path.ps1'
[4.630s] INFO:colcon.colcon_core.shell:Creating environment descriptor '/home/phufoxy/ydlidar_x3/install/ydlidar_sdk/share/ydlidar_sdk/hook/cmake_prefix_path.dsv'
[4.630s] INFO:colcon.colcon_core.shell:Creating environment hook '/home/phufoxy/ydlidar_x3/install/ydlidar_sdk/share/ydlidar_sdk/hook/cmake_prefix_path.sh'
[4.632s] Level 1:colcon.colcon_core.environment:checking '/home/phufoxy/ydlidar_x3/install/ydlidar_sdk/lib'
[4.632s] Level 1:colcon.colcon_core.environment:checking '/home/phufoxy/ydlidar_x3/install/ydlidar_sdk/bin'
[4.632s] Level 1:colcon.colcon_core.shell:create_environment_hook('ydlidar_sdk', 'path')
[4.634s] INFO:colcon.colcon_core.shell:Creating environment hook '/home/phufoxy/ydlidar_x3/install/ydlidar_sdk/share/ydlidar_sdk/hook/path.ps1'
[4.635s] INFO:colcon.colcon_core.shell:Creating environment descriptor '/home/phufoxy/ydlidar_x3/install/ydlidar_sdk/share/ydlidar_sdk/hook/path.dsv'
[4.635s] INFO:colcon.colcon_core.shell:Creating environment hook '/home/phufoxy/ydlidar_x3/install/ydlidar_sdk/share/ydlidar_sdk/hook/path.sh'
[4.635s] Level 1:colcon.colcon_core.environment:checking '/home/phufoxy/ydlidar_x3/install/ydlidar_sdk/lib/pkgconfig/ydlidar_sdk.pc'
[4.636s] Level 1:colcon.colcon_core.environment:checking '/home/phufoxy/ydlidar_x3/install/ydlidar_sdk/lib/python3.8/site-packages'
[4.636s] Level 1:colcon.colcon_core.environment:checking '/home/phufoxy/ydlidar_x3/install/ydlidar_sdk/bin'
[4.636s] Level 1:colcon.colcon_core.shell:create_environment_hook('ydlidar_sdk', 'pythonscriptspath')
[4.639s] INFO:colcon.colcon_core.shell:Creating environment hook '/home/phufoxy/ydlidar_x3/install/ydlidar_sdk/share/ydlidar_sdk/hook/pythonscriptspath.ps1'
[4.639s] INFO:colcon.colcon_core.shell:Creating environment descriptor '/home/phufoxy/ydlidar_x3/install/ydlidar_sdk/share/ydlidar_sdk/hook/pythonscriptspath.dsv'
[4.640s] INFO:colcon.colcon_core.shell:Creating environment hook '/home/phufoxy/ydlidar_x3/install/ydlidar_sdk/share/ydlidar_sdk/hook/pythonscriptspath.sh'
[4.642s] INFO:colcon.colcon_core.shell:Creating package script '/home/phufoxy/ydlidar_x3/install/ydlidar_sdk/share/ydlidar_sdk/package.ps1'
[4.644s] INFO:colcon.colcon_core.shell:Creating package descriptor '/home/phufoxy/ydlidar_x3/install/ydlidar_sdk/share/ydlidar_sdk/package.dsv'
[4.645s] INFO:colcon.colcon_core.shell:Creating package script '/home/phufoxy/ydlidar_x3/install/ydlidar_sdk/share/ydlidar_sdk/package.sh'
[4.646s] INFO:colcon.colcon_core.shell:Creating package script '/home/phufoxy/ydlidar_x3/install/ydlidar_sdk/share/ydlidar_sdk/package.bash'
[4.647s] INFO:colcon.colcon_core.shell:Creating package script '/home/phufoxy/ydlidar_x3/install/ydlidar_sdk/share/ydlidar_sdk/package.zsh'
[4.647s] Level 1:colcon.colcon_core.environment:create_file_with_runtime_dependencies(/home/phufoxy/ydlidar_x3/install/ydlidar_sdk/share/colcon-core/packages/ydlidar_sdk)
[6.070s] DEBUG:colcon.colcon_core.event_handler.log_command:Invoked command in '/home/phufoxy/ydlidar_x3/build/openslam_gmapping' returned '0': CMAKE_PREFIX_PATH=${CMAKE_PREFIX_PATH}:/opt/ros/foxy /usr/bin/cmake --build /home/phufoxy/ydlidar_x3/build/openslam_gmapping -- -j8 -l8
[6.095s] DEBUG:colcon.colcon_core.event_handler.log_command:Invoking command in '/home/phufoxy/ydlidar_x3/build/openslam_gmapping': CMAKE_PREFIX_PATH=${CMAKE_PREFIX_PATH}:/opt/ros/foxy /usr/bin/cmake --install /home/phufoxy/ydlidar_x3/build/openslam_gmapping
[6.532s] Level 1:colcon.colcon_core.environment:create_environment_scripts_only(openslam_gmapping)
[6.536s] Level 1:colcon.colcon_core.environment:checking '/home/phufoxy/ydlidar_x3/install/openslam_gmapping' for CMake module files
[6.536s] DEBUG:colcon.colcon_core.event_handler.log_command:Invoked command in '/home/phufoxy/ydlidar_x3/build/openslam_gmapping' returned '0': CMAKE_PREFIX_PATH=${CMAKE_PREFIX_PATH}:/opt/ros/foxy /usr/bin/cmake --install /home/phufoxy/ydlidar_x3/build/openslam_gmapping
[6.537s] Level 1:colcon.colcon_core.environment:checking '/home/phufoxy/ydlidar_x3/install/openslam_gmapping' for CMake config files
[6.537s] Level 1:colcon.colcon_core.shell:create_environment_hook('openslam_gmapping', 'cmake_prefix_path')
[6.539s] INFO:colcon.colcon_core.shell:Creating environment hook '/home/phufoxy/ydlidar_x3/install/openslam_gmapping/share/openslam_gmapping/hook/cmake_prefix_path.ps1'
[6.540s] INFO:colcon.colcon_core.shell:Creating environment descriptor '/home/phufoxy/ydlidar_x3/install/openslam_gmapping/share/openslam_gmapping/hook/cmake_prefix_path.dsv'
[6.540s] INFO:colcon.colcon_core.shell:Creating environment hook '/home/phufoxy/ydlidar_x3/install/openslam_gmapping/share/openslam_gmapping/hook/cmake_prefix_path.sh'
[6.541s] Level 1:colcon.colcon_core.environment:checking '/home/phufoxy/ydlidar_x3/install/openslam_gmapping/lib'
[6.541s] Level 1:colcon.colcon_core.environment:checking '/home/phufoxy/ydlidar_x3/install/openslam_gmapping/bin'
[6.541s] Level 1:colcon.colcon_core.environment:checking '/home/phufoxy/ydlidar_x3/install/openslam_gmapping/lib/pkgconfig/openslam_gmapping.pc'
[6.542s] Level 1:colcon.colcon_core.environment:checking '/home/phufoxy/ydlidar_x3/install/openslam_gmapping/lib/python3.8/site-packages'
[6.542s] Level 1:colcon.colcon_core.environment:checking '/home/phufoxy/ydlidar_x3/install/openslam_gmapping/bin'
[6.544s] INFO:colcon.colcon_core.shell:Creating package script '/home/phufoxy/ydlidar_x3/install/openslam_gmapping/share/openslam_gmapping/package.ps1'
[6.545s] INFO:colcon.colcon_core.shell:Creating package descriptor '/home/phufoxy/ydlidar_x3/install/openslam_gmapping/share/openslam_gmapping/package.dsv'
[6.545s] INFO:colcon.colcon_core.shell:Creating package script '/home/phufoxy/ydlidar_x3/install/openslam_gmapping/share/openslam_gmapping/package.sh'
[6.546s] INFO:colcon.colcon_core.shell:Creating package script '/home/phufoxy/ydlidar_x3/install/openslam_gmapping/share/openslam_gmapping/package.bash'
[6.546s] INFO:colcon.colcon_core.shell:Creating package script '/home/phufoxy/ydlidar_x3/install/openslam_gmapping/share/openslam_gmapping/package.zsh'
[6.546s] Level 1:colcon.colcon_core.environment:create_file_with_runtime_dependencies(/home/phufoxy/ydlidar_x3/install/openslam_gmapping/share/colcon-core/packages/openslam_gmapping)
[6.570s] Level 1:colcon.colcon_core.environment:create_environment_scripts_only(openslam_gmapping)
[6.572s] Level 1:colcon.colcon_core.environment:checking '/home/phufoxy/ydlidar_x3/install/openslam_gmapping' for CMake module files
[6.573s] Level 1:colcon.colcon_core.environment:checking '/home/phufoxy/ydlidar_x3/install/openslam_gmapping' for CMake config files
[6.573s] Level 1:colcon.colcon_core.shell:create_environment_hook('openslam_gmapping', 'cmake_prefix_path')
[6.574s] INFO:colcon.colcon_core.shell:Creating environment hook '/home/phufoxy/ydlidar_x3/install/openslam_gmapping/share/openslam_gmapping/hook/cmake_prefix_path.ps1'
[6.574s] INFO:colcon.colcon_core.shell:Creating environment descriptor '/home/phufoxy/ydlidar_x3/install/openslam_gmapping/share/openslam_gmapping/hook/cmake_prefix_path.dsv'
[6.575s] INFO:colcon.colcon_core.shell:Creating environment hook '/home/phufoxy/ydlidar_x3/install/openslam_gmapping/share/openslam_gmapping/hook/cmake_prefix_path.sh'
[6.575s] Level 1:colcon.colcon_core.environment:checking '/home/phufoxy/ydlidar_x3/install/openslam_gmapping/lib'
[6.575s] Level 1:colcon.colcon_core.environment:checking '/home/phufoxy/ydlidar_x3/install/openslam_gmapping/bin'
[6.575s] Level 1:colcon.colcon_core.environment:checking '/home/phufoxy/ydlidar_x3/install/openslam_gmapping/lib/pkgconfig/openslam_gmapping.pc'
[6.576s] Level 1:colcon.colcon_core.environment:checking '/home/phufoxy/ydlidar_x3/install/openslam_gmapping/lib/python3.8/site-packages'
[6.576s] Level 1:colcon.colcon_core.environment:checking '/home/phufoxy/ydlidar_x3/install/openslam_gmapping/bin'
[6.577s] INFO:colcon.colcon_core.shell:Creating package script '/home/phufoxy/ydlidar_x3/install/openslam_gmapping/share/openslam_gmapping/package.ps1'
[6.577s] INFO:colcon.colcon_core.shell:Creating package descriptor '/home/phufoxy/ydlidar_x3/install/openslam_gmapping/share/openslam_gmapping/package.dsv'
[6.578s] INFO:colcon.colcon_core.shell:Creating package script '/home/phufoxy/ydlidar_x3/install/openslam_gmapping/share/openslam_gmapping/package.sh'
[6.578s] INFO:colcon.colcon_core.shell:Creating package script '/home/phufoxy/ydlidar_x3/install/openslam_gmapping/share/openslam_gmapping/package.bash'
[6.579s] INFO:colcon.colcon_core.shell:Creating package script '/home/phufoxy/ydlidar_x3/install/openslam_gmapping/share/openslam_gmapping/package.zsh'
[6.579s] Level 1:colcon.colcon_core.environment:create_file_with_runtime_dependencies(/home/phufoxy/ydlidar_x3/install/openslam_gmapping/share/colcon-core/packages/openslam_gmapping)
[6.579s] INFO:colcon.colcon_ros.task.ament_cmake.build:Building ROS package in '/home/phufoxy/ydlidar_x3/src/slam_gmapping' with build type 'ament_cmake'
[6.579s] INFO:colcon.colcon_cmake.task.cmake.build:Building CMake package in '/home/phufoxy/ydlidar_x3/src/slam_gmapping'
[6.580s] INFO:colcon.colcon_core.shell:Skip shell extension 'powershell' for command environment: Not usable outside of PowerShell
[6.581s] DEBUG:colcon.colcon_core.shell:Skip shell extension 'dsv' for command environment
[6.593s] DEBUG:colcon.colcon_core.event_handler.log_command:Invoking command in '/home/phufoxy/ydlidar_x3/build/slam_gmapping': CMAKE_PREFIX_PATH=/home/phufoxy/ydlidar_x3/install/openslam_gmapping:/home/phufoxy/ydlidar_x3/install/ydlidar_sdk:/home/phufoxy/ydlidar_x3/install/ydlidar_ros2_driver:/home/phufoxy/ydlidar_x3/install/slam_gmapping:/opt/ros/foxy /usr/bin/cmake /home/phufoxy/ydlidar_x3/src/slam_gmapping -DAMENT_CMAKE_SYMLINK_INSTALL=1 -DCMAKE_INSTALL_PREFIX=/home/phufoxy/ydlidar_x3/install/slam_gmapping
[8.215s] DEBUG:colcon.colcon_core.event_handler.log_command:Invoked command in '/home/phufoxy/ydlidar_x3/build/ydlidar_ros2_driver' returned '0': CMAKE_PREFIX_PATH=${CMAKE_PREFIX_PATH}:/opt/ros/foxy /usr/bin/cmake --build /home/phufoxy/ydlidar_x3/build/ydlidar_ros2_driver -- -j8 -l8
[8.239s] DEBUG:colcon.colcon_core.event_handler.log_command:Invoking command in '/home/phufoxy/ydlidar_x3/build/ydlidar_ros2_driver': CMAKE_PREFIX_PATH=${CMAKE_PREFIX_PATH}:/opt/ros/foxy /usr/bin/cmake --install /home/phufoxy/ydlidar_x3/build/ydlidar_ros2_driver
[8.451s] Level 1:colcon.colcon_core.environment:create_environment_scripts_only(ydlidar_ros2_driver)
[8.453s] Level 1:colcon.colcon_core.environment:checking '/home/phufoxy/ydlidar_x3/install/ydlidar_ros2_driver' for CMake module files
[8.454s] DEBUG:colcon.colcon_core.event_handler.log_command:Invoked command in '/home/phufoxy/ydlidar_x3/build/ydlidar_ros2_driver' returned '0': CMAKE_PREFIX_PATH=${CMAKE_PREFIX_PATH}:/opt/ros/foxy /usr/bin/cmake --install /home/phufoxy/ydlidar_x3/build/ydlidar_ros2_driver
[8.455s] Level 1:colcon.colcon_core.environment:checking '/home/phufoxy/ydlidar_x3/install/ydlidar_ros2_driver' for CMake config files
[8.455s] Level 1:colcon.colcon_core.shell:create_environment_hook('ydlidar_ros2_driver', 'cmake_prefix_path')
[8.456s] INFO:colcon.colcon_core.shell:Creating environment hook '/home/phufoxy/ydlidar_x3/install/ydlidar_ros2_driver/share/ydlidar_ros2_driver/hook/cmake_prefix_path.ps1'
[8.456s] INFO:colcon.colcon_core.shell:Creating environment descriptor '/home/phufoxy/ydlidar_x3/install/ydlidar_ros2_driver/share/ydlidar_ros2_driver/hook/cmake_prefix_path.dsv'
[8.457s] INFO:colcon.colcon_core.shell:Creating environment hook '/home/phufoxy/ydlidar_x3/install/ydlidar_ros2_driver/share/ydlidar_ros2_driver/hook/cmake_prefix_path.sh'
[8.457s] Level 1:colcon.colcon_core.environment:checking '/home/phufoxy/ydlidar_x3/install/ydlidar_ros2_driver/lib'
[8.457s] Level 1:colcon.colcon_core.environment:checking '/home/phufoxy/ydlidar_x3/install/ydlidar_ros2_driver/bin'
[8.457s] Level 1:colcon.colcon_core.environment:checking '/home/phufoxy/ydlidar_x3/install/ydlidar_ros2_driver/lib/pkgconfig/ydlidar_ros2_driver.pc'
[8.457s] Level 1:colcon.colcon_core.environment:checking '/home/phufoxy/ydlidar_x3/install/ydlidar_ros2_driver/lib/python3.8/site-packages'
[8.458s] Level 1:colcon.colcon_core.environment:checking '/home/phufoxy/ydlidar_x3/install/ydlidar_ros2_driver/bin'
[8.459s] INFO:colcon.colcon_core.shell:Creating package script '/home/phufoxy/ydlidar_x3/install/ydlidar_ros2_driver/share/ydlidar_ros2_driver/package.ps1'
[8.459s] INFO:colcon.colcon_core.shell:Creating package descriptor '/home/phufoxy/ydlidar_x3/install/ydlidar_ros2_driver/share/ydlidar_ros2_driver/package.dsv'
[8.459s] INFO:colcon.colcon_core.shell:Creating package script '/home/phufoxy/ydlidar_x3/install/ydlidar_ros2_driver/share/ydlidar_ros2_driver/package.sh'
[8.460s] INFO:colcon.colcon_core.shell:Creating package script '/home/phufoxy/ydlidar_x3/install/ydlidar_ros2_driver/share/ydlidar_ros2_driver/package.bash'
[8.460s] INFO:colcon.colcon_core.shell:Creating package script '/home/phufoxy/ydlidar_x3/install/ydlidar_ros2_driver/share/ydlidar_ros2_driver/package.zsh'
[8.460s] Level 1:colcon.colcon_core.environment:create_file_with_runtime_dependencies(/home/phufoxy/ydlidar_x3/install/ydlidar_ros2_driver/share/colcon-core/packages/ydlidar_ros2_driver)
[8.484s] Level 1:colcon.colcon_core.environment:create_environment_scripts_only(ydlidar_ros2_driver)
[8.486s] Level 1:colcon.colcon_core.environment:checking '/home/phufoxy/ydlidar_x3/install/ydlidar_ros2_driver' for CMake module files
[8.487s] Level 1:colcon.colcon_core.environment:checking '/home/phufoxy/ydlidar_x3/install/ydlidar_ros2_driver' for CMake config files
[8.487s] Level 1:colcon.colcon_core.shell:create_environment_hook('ydlidar_ros2_driver', 'cmake_prefix_path')
[8.488s] INFO:colcon.colcon_core.shell:Creating environment hook '/home/phufoxy/ydlidar_x3/install/ydlidar_ros2_driver/share/ydlidar_ros2_driver/hook/cmake_prefix_path.ps1'
[8.488s] INFO:colcon.colcon_core.shell:Creating environment descriptor '/home/phufoxy/ydlidar_x3/install/ydlidar_ros2_driver/share/ydlidar_ros2_driver/hook/cmake_prefix_path.dsv'
[8.489s] INFO:colcon.colcon_core.shell:Creating environment hook '/home/phufoxy/ydlidar_x3/install/ydlidar_ros2_driver/share/ydlidar_ros2_driver/hook/cmake_prefix_path.sh'
[8.489s] Level 1:colcon.colcon_core.environment:checking '/home/phufoxy/ydlidar_x3/install/ydlidar_ros2_driver/lib'
[8.489s] Level 1:colcon.colcon_core.environment:checking '/home/phufoxy/ydlidar_x3/install/ydlidar_ros2_driver/bin'
[8.489s] Level 1:colcon.colcon_core.environment:checking '/home/phufoxy/ydlidar_x3/install/ydlidar_ros2_driver/lib/pkgconfig/ydlidar_ros2_driver.pc'
[8.489s] Level 1:colcon.colcon_core.environment:checking '/home/phufoxy/ydlidar_x3/install/ydlidar_ros2_driver/lib/python3.8/site-packages'
[8.490s] Level 1:colcon.colcon_core.environment:checking '/home/phufoxy/ydlidar_x3/install/ydlidar_ros2_driver/bin'
[8.491s] INFO:colcon.colcon_core.shell:Creating package script '/home/phufoxy/ydlidar_x3/install/ydlidar_ros2_driver/share/ydlidar_ros2_driver/package.ps1'
[8.491s] INFO:colcon.colcon_core.shell:Creating package descriptor '/home/phufoxy/ydlidar_x3/install/ydlidar_ros2_driver/share/ydlidar_ros2_driver/package.dsv'
[8.491s] INFO:colcon.colcon_core.shell:Creating package script '/home/phufoxy/ydlidar_x3/install/ydlidar_ros2_driver/share/ydlidar_ros2_driver/package.sh'
[8.492s] INFO:colcon.colcon_core.shell:Creating package script '/home/phufoxy/ydlidar_x3/install/ydlidar_ros2_driver/share/ydlidar_ros2_driver/package.bash'
[8.492s] INFO:colcon.colcon_core.shell:Creating package script '/home/phufoxy/ydlidar_x3/install/ydlidar_ros2_driver/share/ydlidar_ros2_driver/package.zsh'
[8.492s] Level 1:colcon.colcon_core.environment:create_file_with_runtime_dependencies(/home/phufoxy/ydlidar_x3/install/ydlidar_ros2_driver/share/colcon-core/packages/ydlidar_ros2_driver)
[8.609s] DEBUG:colcon.colcon_core.event_handler.log_command:Invoked command in '/home/phufoxy/ydlidar_x3/build/slam_gmapping' returned '0': CMAKE_PREFIX_PATH=/home/phufoxy/ydlidar_x3/install/openslam_gmapping:/home/phufoxy/ydlidar_x3/install/ydlidar_sdk:/home/phufoxy/ydlidar_x3/install/ydlidar_ros2_driver:/home/phufoxy/ydlidar_x3/install/slam_gmapping:/opt/ros/foxy /usr/bin/cmake /home/phufoxy/ydlidar_x3/src/slam_gmapping -DAMENT_CMAKE_SYMLINK_INSTALL=1 -DCMAKE_INSTALL_PREFIX=/home/phufoxy/ydlidar_x3/install/slam_gmapping
[8.612s] DEBUG:colcon.colcon_core.event_handler.log_command:Invoking command in '/home/phufoxy/ydlidar_x3/build/slam_gmapping': CMAKE_PREFIX_PATH=/home/phufoxy/ydlidar_x3/install/openslam_gmapping:/home/phufoxy/ydlidar_x3/install/ydlidar_sdk:/home/phufoxy/ydlidar_x3/install/ydlidar_ros2_driver:/home/phufoxy/ydlidar_x3/install/slam_gmapping:/opt/ros/foxy /usr/bin/cmake --build /home/phufoxy/ydlidar_x3/build/slam_gmapping -- -j8 -l8
[15.917s] DEBUG:colcon.colcon_core.event_handler.log_command:Invoked command in '/home/phufoxy/ydlidar_x3/build/slam_gmapping' returned '0': CMAKE_PREFIX_PATH=/home/phufoxy/ydlidar_x3/install/openslam_gmapping:/home/phufoxy/ydlidar_x3/install/ydlidar_sdk:/home/phufoxy/ydlidar_x3/install/ydlidar_ros2_driver:/home/phufoxy/ydlidar_x3/install/slam_gmapping:/opt/ros/foxy /usr/bin/cmake --build /home/phufoxy/ydlidar_x3/build/slam_gmapping -- -j8 -l8
[15.942s] DEBUG:colcon.colcon_core.event_handler.log_command:Invoking command in '/home/phufoxy/ydlidar_x3/build/slam_gmapping': CMAKE_PREFIX_PATH=/home/phufoxy/ydlidar_x3/install/openslam_gmapping:/home/phufoxy/ydlidar_x3/install/ydlidar_sdk:/home/phufoxy/ydlidar_x3/install/ydlidar_ros2_driver:/home/phufoxy/ydlidar_x3/install/slam_gmapping:/opt/ros/foxy /usr/bin/cmake --install /home/phufoxy/ydlidar_x3/build/slam_gmapping
[16.092s] Level 1:colcon.colcon_core.environment:create_environment_scripts_only(slam_gmapping)
[16.094s] Level 1:colcon.colcon_core.environment:checking '/home/phufoxy/ydlidar_x3/install/slam_gmapping' for CMake module files
[16.095s] DEBUG:colcon.colcon_core.event_handler.log_command:Invoked command in '/home/phufoxy/ydlidar_x3/build/slam_gmapping' returned '0': CMAKE_PREFIX_PATH=/home/phufoxy/ydlidar_x3/install/openslam_gmapping:/home/phufoxy/ydlidar_x3/install/ydlidar_sdk:/home/phufoxy/ydlidar_x3/install/ydlidar_ros2_driver:/home/phufoxy/ydlidar_x3/install/slam_gmapping:/opt/ros/foxy /usr/bin/cmake --install /home/phufoxy/ydlidar_x3/build/slam_gmapping
[16.095s] Level 1:colcon.colcon_core.environment:checking '/home/phufoxy/ydlidar_x3/install/slam_gmapping' for CMake config files
[16.095s] Level 1:colcon.colcon_core.shell:create_environment_hook('slam_gmapping', 'cmake_prefix_path')
[16.097s] INFO:colcon.colcon_core.shell:Creating environment hook '/home/phufoxy/ydlidar_x3/install/slam_gmapping/share/slam_gmapping/hook/cmake_prefix_path.ps1'
[16.097s] INFO:colcon.colcon_core.shell:Creating environment descriptor '/home/phufoxy/ydlidar_x3/install/slam_gmapping/share/slam_gmapping/hook/cmake_prefix_path.dsv'
[16.097s] INFO:colcon.colcon_core.shell:Creating environment hook '/home/phufoxy/ydlidar_x3/install/slam_gmapping/share/slam_gmapping/hook/cmake_prefix_path.sh'
[16.098s] Level 1:colcon.colcon_core.environment:checking '/home/phufoxy/ydlidar_x3/install/slam_gmapping/lib'
[16.098s] Level 1:colcon.colcon_core.environment:checking '/home/phufoxy/ydlidar_x3/install/slam_gmapping/bin'
[16.098s] Level 1:colcon.colcon_core.environment:checking '/home/phufoxy/ydlidar_x3/install/slam_gmapping/lib/pkgconfig/slam_gmapping.pc'
[16.098s] Level 1:colcon.colcon_core.environment:checking '/home/phufoxy/ydlidar_x3/install/slam_gmapping/lib/python3.8/site-packages'
[16.098s] Level 1:colcon.colcon_core.environment:checking '/home/phufoxy/ydlidar_x3/install/slam_gmapping/bin'
[16.099s] INFO:colcon.colcon_core.shell:Creating package script '/home/phufoxy/ydlidar_x3/install/slam_gmapping/share/slam_gmapping/package.ps1'
[16.100s] INFO:colcon.colcon_core.shell:Creating package descriptor '/home/phufoxy/ydlidar_x3/install/slam_gmapping/share/slam_gmapping/package.dsv'
[16.100s] INFO:colcon.colcon_core.shell:Creating package script '/home/phufoxy/ydlidar_x3/install/slam_gmapping/share/slam_gmapping/package.sh'
[16.100s] INFO:colcon.colcon_core.shell:Creating package script '/home/phufoxy/ydlidar_x3/install/slam_gmapping/share/slam_gmapping/package.bash'
[16.100s] INFO:colcon.colcon_core.shell:Creating package script '/home/phufoxy/ydlidar_x3/install/slam_gmapping/share/slam_gmapping/package.zsh'
[16.101s] Level 1:colcon.colcon_core.environment:create_file_with_runtime_dependencies(/home/phufoxy/ydlidar_x3/install/slam_gmapping/share/colcon-core/packages/slam_gmapping)
[16.124s] Level 1:colcon.colcon_core.environment:create_environment_scripts_only(slam_gmapping)
[16.126s] Level 1:colcon.colcon_core.environment:checking '/home/phufoxy/ydlidar_x3/install/slam_gmapping' for CMake module files
[16.126s] Level 1:colcon.colcon_core.environment:checking '/home/phufoxy/ydlidar_x3/install/slam_gmapping' for CMake config files
[16.126s] Level 1:colcon.colcon_core.shell:create_environment_hook('slam_gmapping', 'cmake_prefix_path')
[16.128s] INFO:colcon.colcon_core.shell:Creating environment hook '/home/phufoxy/ydlidar_x3/install/slam_gmapping/share/slam_gmapping/hook/cmake_prefix_path.ps1'
[16.128s] INFO:colcon.colcon_core.shell:Creating environment descriptor '/home/phufoxy/ydlidar_x3/install/slam_gmapping/share/slam_gmapping/hook/cmake_prefix_path.dsv'
[16.128s] INFO:colcon.colcon_core.shell:Creating environment hook '/home/phufoxy/ydlidar_x3/install/slam_gmapping/share/slam_gmapping/hook/cmake_prefix_path.sh'
[16.129s] Level 1:colcon.colcon_core.environment:checking '/home/phufoxy/ydlidar_x3/install/slam_gmapping/lib'
[16.129s] Level 1:colcon.colcon_core.environment:checking '/home/phufoxy/ydlidar_x3/install/slam_gmapping/bin'
[16.129s] Level 1:colcon.colcon_core.environment:checking '/home/phufoxy/ydlidar_x3/install/slam_gmapping/lib/pkgconfig/slam_gmapping.pc'
[16.129s] Level 1:colcon.colcon_core.environment:checking '/home/phufoxy/ydlidar_x3/install/slam_gmapping/lib/python3.8/site-packages'
[16.129s] Level 1:colcon.colcon_core.environment:checking '/home/phufoxy/ydlidar_x3/install/slam_gmapping/bin'
[16.131s] INFO:colcon.colcon_core.shell:Creating package script '/home/phufoxy/ydlidar_x3/install/slam_gmapping/share/slam_gmapping/package.ps1'
[16.131s] INFO:colcon.colcon_core.shell:Creating package descriptor '/home/phufoxy/ydlidar_x3/install/slam_gmapping/share/slam_gmapping/package.dsv'
[16.131s] INFO:colcon.colcon_core.shell:Creating package script '/home/phufoxy/ydlidar_x3/install/slam_gmapping/share/slam_gmapping/package.sh'
[16.132s] INFO:colcon.colcon_core.shell:Creating package script '/home/phufoxy/ydlidar_x3/install/slam_gmapping/share/slam_gmapping/package.bash'
[16.132s] INFO:colcon.colcon_core.shell:Creating package script '/home/phufoxy/ydlidar_x3/install/slam_gmapping/share/slam_gmapping/package.zsh'
[16.132s] Level 1:colcon.colcon_core.environment:create_file_with_runtime_dependencies(/home/phufoxy/ydlidar_x3/install/slam_gmapping/share/colcon-core/packages/slam_gmapping)
[16.133s] DEBUG:colcon.colcon_parallel_executor.executor.parallel:closing loop
[16.133s] DEBUG:colcon.colcon_parallel_executor.executor.parallel:loop closed
[16.133s] DEBUG:colcon.colcon_parallel_executor.executor.parallel:run_until_complete finished with '0'
[16.134s] DEBUG:colcon.colcon_core.event_reactor:joining thread
[16.139s] INFO:colcon.colcon_core.plugin_system:Skipping extension 'colcon_notification.desktop_notification.terminal_notifier': Not used on non-Darwin systems
[16.139s] INFO:colcon.colcon_core.plugin_system:Skipping extension 'colcon_notification.desktop_notification.win32': Not used on non-Windows systems
[16.139s] INFO:colcon.colcon_notification.desktop_notification:Sending desktop notification using 'notify2'
[16.153s] DEBUG:colcon.colcon_core.event_reactor:joined thread
[16.156s] INFO:colcon.colcon_core.shell:Creating prefix script '/home/phufoxy/ydlidar_x3/install/local_setup.ps1'
[16.157s] INFO:colcon.colcon_core.shell:Creating prefix util module '/home/phufoxy/ydlidar_x3/install/_local_setup_util_ps1.py'
[16.159s] INFO:colcon.colcon_core.shell:Creating prefix chain script '/home/phufoxy/ydlidar_x3/install/setup.ps1'
[16.161s] INFO:colcon.colcon_core.shell:Creating prefix script '/home/phufoxy/ydlidar_x3/install/local_setup.sh'
[16.161s] INFO:colcon.colcon_core.shell:Creating prefix util module '/home/phufoxy/ydlidar_x3/install/_local_setup_util_sh.py'
[16.162s] INFO:colcon.colcon_core.shell:Creating prefix chain script '/home/phufoxy/ydlidar_x3/install/setup.sh'
[16.164s] INFO:colcon.colcon_core.shell:Creating prefix script '/home/phufoxy/ydlidar_x3/install/local_setup.bash'
[16.164s] INFO:colcon.colcon_core.shell:Creating prefix chain script '/home/phufoxy/ydlidar_x3/install/setup.bash'
[16.166s] INFO:colcon.colcon_core.shell:Creating prefix script '/home/phufoxy/ydlidar_x3/install/local_setup.zsh'
[16.166s] INFO:colcon.colcon_core.shell:Creating prefix chain script '/home/phufoxy/ydlidar_x3/install/setup.zsh'
